<?xml version="1.0" encoding="UTF-8"?>
<robot generator="Robot 7.2.2 (Python 3.11.0 on win32)" generated="2025-05-03T02:16:16.857956" rpa="false" schemaversion="5">
<suite id="s1" name="Self Heal" source="C:\Users\Microsoft\Desktop\Bits\SEM4\Self_Heal.robot">
<kw name="Suite_Setup_Keyword" owner="Self_Heaaling_Moniker" type="SETUP">
<kw name="Set Screenshot Directory" owner="SeleniumLibrary">
<arg>C:\\Users\\Microsoft\\Desktop\\Bits\\SEM4\\Screenshots</arg>
<doc>Sets the directory for captured screenshots.</doc>
<status status="PASS" start="2025-05-03T02:16:25.964444" elapsed="0.000000"/>
</kw>
<kw name="Create Dictionary" owner="BuiltIn">
<msg time="2025-05-03T02:16:25.964444" level="INFO">${re_run_flag} = {}</msg>
<var>${re_run_flag}</var>
<doc>Creates and returns a dictionary based on the given ``items``.</doc>
<status status="PASS" start="2025-05-03T02:16:25.964444" elapsed="0.000000"/>
</kw>
<kw name="Set Global Variable" owner="BuiltIn">
<msg time="2025-05-03T02:16:25.964444" level="INFO">${re_run_flag} = {}</msg>
<arg>${re_run_flag}</arg>
<doc>Makes a variable available globally in all tests and suites.</doc>
<status status="PASS" start="2025-05-03T02:16:25.964444" elapsed="0.000000"/>
</kw>
<status status="PASS" start="2025-05-03T02:16:25.964444" elapsed="0.000000"/>
</kw>
<test id="s1-t1" name="Test4 - Verify Course Details" line="30">
<kw name="Open URL" owner="Bits_Site_keyword" type="SETUP">
<kw name="Open Browser" owner="SeleniumLibrary">
<msg time="2025-05-03T02:16:25.964444" level="INFO">Opening browser 'Chrome' to base url 'file:///C:/Users/Microsoft/Desktop/Bits/Website/index.html'.</msg>
<arg>${URL}</arg>
<arg>${browser}</arg>
<arg>options=add_experimental_option("detach",True)</arg>
<doc>Opens a new browser instance to the optional ``url``.</doc>
<status status="PASS" start="2025-05-03T02:16:25.964444" elapsed="2.088014"/>
</kw>
<kw name="Maximize Browser Window" owner="SeleniumLibrary">
<doc>Maximizes current browser window.</doc>
<status status="PASS" start="2025-05-03T02:16:28.053457" elapsed="0.096234"/>
</kw>
<arg>${URL}</arg>
<arg>Chrome</arg>
<status status="PASS" start="2025-05-03T02:16:25.964444" elapsed="2.185247"/>
</kw>
<kw name="Validate Course Deatils" owner="Bits_Site_keyword">
<kw name="Click Element" owner="SeleniumLibrary">
<msg time="2025-05-03T02:16:28.149691" level="INFO">Clicking element '//a[@id="courses"]'.</msg>
<arg>${course_button}</arg>
<doc>Click the element identified by ``locator``.</doc>
<status status="PASS" start="2025-05-03T02:16:28.149691" elapsed="0.558224"/>
</kw>
<kw name="Save Current Run Web Source" owner="Self_Heaaling_Moniker">
<kw name="Get Title" owner="SeleniumLibrary">
<msg time="2025-05-03T02:16:28.722870" level="INFO">${Page_title} = Courses - BITS Pilani</msg>
<var>${Page_title}</var>
<doc>Returns the title of the current page.</doc>
<status status="PASS" start="2025-05-03T02:16:28.710871" elapsed="0.011999"/>
</kw>
<kw name="Get Source" owner="SeleniumLibrary">
<msg time="2025-05-03T02:16:28.728867" level="INFO">${Page_Source} = &lt;html lang="en"&gt;&lt;head&gt;
    &lt;meta charset="UTF-8"&gt;
    &lt;meta name="viewport" content="width=device-width, initial-scale=1.0"&gt;
    &lt;title&gt;Courses - BITS Pilani&lt;/title&gt;
    &lt;link rel="stylesheet" href="s...</msg>
<var>${Page_Source}</var>
<doc>Returns the entire HTML source of the current page or frame.</doc>
<status status="PASS" start="2025-05-03T02:16:28.723879" elapsed="0.004988"/>
</kw>
<kw name="Create File" owner="OperatingSystem">
<msg time="2025-05-03T02:16:28.728867" level="INFO" html="true">Created file '&lt;a href="file://C:\Users\Microsoft\Desktop\Bits\SEM4\Current_logs\Courses - BITS Pilani.txt"&gt;C:\Users\Microsoft\Desktop\Bits\SEM4\Current_logs\Courses - BITS Pilani.txt&lt;/a&gt;'.</msg>
<arg>C:\\Users\\Microsoft\\Desktop\\Bits\\SEM4\\Current_logs\\${Page_title}.txt</arg>
<arg>${Page_Source}</arg>
<doc>Creates a file with the given content and encoding.</doc>
<status status="PASS" start="2025-05-03T02:16:28.728867" elapsed="0.000000"/>
</kw>
<status status="PASS" start="2025-05-03T02:16:28.707915" elapsed="0.020952"/>
</kw>
<kw name="Validate Sections" owner="Bits_Site_keyword">
<kw name="Save Current Run Web Source" owner="Self_Heaaling_Moniker">
<kw name="Get Title" owner="SeleniumLibrary">
<msg time="2025-05-03T02:16:28.737983" level="INFO">${Page_title} = Courses - BITS Pilani</msg>
<var>${Page_title}</var>
<doc>Returns the title of the current page.</doc>
<status status="PASS" start="2025-05-03T02:16:28.728867" elapsed="0.009116"/>
</kw>
<kw name="Get Source" owner="SeleniumLibrary">
<msg time="2025-05-03T02:16:28.746047" level="INFO">${Page_Source} = &lt;html lang="en"&gt;&lt;head&gt;
    &lt;meta charset="UTF-8"&gt;
    &lt;meta name="viewport" content="width=device-width, initial-scale=1.0"&gt;
    &lt;title&gt;Courses - BITS Pilani&lt;/title&gt;
    &lt;link rel="stylesheet" href="s...</msg>
<var>${Page_Source}</var>
<doc>Returns the entire HTML source of the current page or frame.</doc>
<status status="PASS" start="2025-05-03T02:16:28.737983" elapsed="0.008064"/>
</kw>
<kw name="Create File" owner="OperatingSystem">
<msg time="2025-05-03T02:16:28.748082" level="INFO" html="true">Created file '&lt;a href="file://C:\Users\Microsoft\Desktop\Bits\SEM4\Current_logs\Courses - BITS Pilani.txt"&gt;C:\Users\Microsoft\Desktop\Bits\SEM4\Current_logs\Courses - BITS Pilani.txt&lt;/a&gt;'.</msg>
<arg>C:\\Users\\Microsoft\\Desktop\\Bits\\SEM4\\Current_logs\\${Page_title}.txt</arg>
<arg>${Page_Source}</arg>
<doc>Creates a file with the given content and encoding.</doc>
<status status="PASS" start="2025-05-03T02:16:28.746047" elapsed="0.002035"/>
</kw>
<status status="PASS" start="2025-05-03T02:16:28.728867" elapsed="0.019215"/>
</kw>
<kw name="Get text and Return" owner="Bits_Site_keyword">
<kw name="Save Current Run Web Source" owner="Self_Heaaling_Moniker">
<kw name="Get Title" owner="SeleniumLibrary">
<msg time="2025-05-03T02:16:28.756108" level="INFO">${Page_title} = Courses - BITS Pilani</msg>
<var>${Page_title}</var>
<doc>Returns the title of the current page.</doc>
<status status="PASS" start="2025-05-03T02:16:28.748082" elapsed="0.010074"/>
</kw>
<kw name="Get Source" owner="SeleniumLibrary">
<msg time="2025-05-03T02:16:28.769210" level="INFO">${Page_Source} = &lt;html lang="en"&gt;&lt;head&gt;
    &lt;meta charset="UTF-8"&gt;
    &lt;meta name="viewport" content="width=device-width, initial-scale=1.0"&gt;
    &lt;title&gt;Courses - BITS Pilani&lt;/title&gt;
    &lt;link rel="stylesheet" href="s...</msg>
<var>${Page_Source}</var>
<doc>Returns the entire HTML source of the current page or frame.</doc>
<status status="PASS" start="2025-05-03T02:16:28.758156" elapsed="0.011054"/>
</kw>
<kw name="Create File" owner="OperatingSystem">
<msg time="2025-05-03T02:16:28.772210" level="INFO" html="true">Created file '&lt;a href="file://C:\Users\Microsoft\Desktop\Bits\SEM4\Current_logs\Courses - BITS Pilani.txt"&gt;C:\Users\Microsoft\Desktop\Bits\SEM4\Current_logs\Courses - BITS Pilani.txt&lt;/a&gt;'.</msg>
<arg>C:\\Users\\Microsoft\\Desktop\\Bits\\SEM4\\Current_logs\\${Page_title}.txt</arg>
<arg>${Page_Source}</arg>
<doc>Creates a file with the given content and encoding.</doc>
<status status="PASS" start="2025-05-03T02:16:28.769210" elapsed="0.003000"/>
</kw>
<status status="PASS" start="2025-05-03T02:16:28.748082" elapsed="0.024128"/>
</kw>
<kw name="Get Text" owner="SeleniumLibrary">
<msg time="2025-05-03T02:16:28.855528" level="INFO">${text} = 💻 B.Tech in Computer Science &amp; Engineering
Learn cutting-edge technologies like **AI, Machine Learning, Cloud Computing, and Cybersecurity**.</msg>
<var>${text}</var>
<arg>${display_field_Xpath}</arg>
<doc>Returns the text value of the element identified by ``locator``.</doc>
<status status="PASS" start="2025-05-03T02:16:28.772210" elapsed="0.084319"/>
</kw>
<return>
<value>${text}</value>
<status status="PASS" start="2025-05-03T02:16:28.856529" elapsed="0.000000"/>
</return>
<msg time="2025-05-03T02:16:28.856529" level="INFO">${Section_deatils} = 💻 B.Tech in Computer Science &amp; Engineering
Learn cutting-edge technologies like **AI, Machine Learning, Cloud Computing, and Cybersecurity**.</msg>
<var>${Section_deatils}</var>
<arg>${Section_Xpath}</arg>
<status status="PASS" start="2025-05-03T02:16:28.748082" elapsed="0.108447"/>
</kw>
<kw name="Get your string to List" owner="Bits_Site_keyword">
<kw name="Save Current Run Web Source" owner="Self_Heaaling_Moniker">
<kw name="Get Title" owner="SeleniumLibrary">
<msg time="2025-05-03T02:16:28.865132" level="INFO">${Page_title} = Courses - BITS Pilani</msg>
<var>${Page_title}</var>
<doc>Returns the title of the current page.</doc>
<status status="PASS" start="2025-05-03T02:16:28.857527" elapsed="0.007605"/>
</kw>
<kw name="Get Source" owner="SeleniumLibrary">
<msg time="2025-05-03T02:16:28.869130" level="INFO">${Page_Source} = &lt;html lang="en"&gt;&lt;head&gt;
    &lt;meta charset="UTF-8"&gt;
    &lt;meta name="viewport" content="width=device-width, initial-scale=1.0"&gt;
    &lt;title&gt;Courses - BITS Pilani&lt;/title&gt;
    &lt;link rel="stylesheet" href="s...</msg>
<var>${Page_Source}</var>
<doc>Returns the entire HTML source of the current page or frame.</doc>
<status status="PASS" start="2025-05-03T02:16:28.866133" elapsed="0.002997"/>
</kw>
<kw name="Create File" owner="OperatingSystem">
<msg time="2025-05-03T02:16:28.871133" level="INFO" html="true">Created file '&lt;a href="file://C:\Users\Microsoft\Desktop\Bits\SEM4\Current_logs\Courses - BITS Pilani.txt"&gt;C:\Users\Microsoft\Desktop\Bits\SEM4\Current_logs\Courses - BITS Pilani.txt&lt;/a&gt;'.</msg>
<arg>C:\\Users\\Microsoft\\Desktop\\Bits\\SEM4\\Current_logs\\${Page_title}.txt</arg>
<arg>${Page_Source}</arg>
<doc>Creates a file with the given content and encoding.</doc>
<status status="PASS" start="2025-05-03T02:16:28.870129" elapsed="0.001004"/>
</kw>
<status status="PASS" start="2025-05-03T02:16:28.857527" elapsed="0.013606"/>
</kw>
<kw name="Split String" owner="String">
<msg time="2025-05-03T02:16:28.872130" level="INFO">${string_list} = ['💻 B.Tech in Computer Science &amp; Engineering', 'Learn cutting-edge technologies like **AI, Machine Learning, Cloud Computing, and Cybersecurity**.']</msg>
<var>${string_list}</var>
<arg>${string}</arg>
<arg>\n</arg>
<doc>Splits the ``string`` using ``separator`` as a delimiter string.</doc>
<status status="PASS" start="2025-05-03T02:16:28.871133" elapsed="0.000997"/>
</kw>
<return>
<value>${string_list}</value>
<status status="PASS" start="2025-05-03T02:16:28.872130" elapsed="0.000000"/>
</return>
<msg time="2025-05-03T02:16:28.872130" level="INFO">${Section_list} = ['💻 B.Tech in Computer Science &amp; Engineering', 'Learn cutting-edge technologies like **AI, Machine Learning, Cloud Computing, and Cybersecurity**.']</msg>
<var>${Section_list}</var>
<arg>${Section_deatils}</arg>
<status status="PASS" start="2025-05-03T02:16:28.857527" elapsed="0.014603"/>
</kw>
<kw name="Get your string to List" owner="Bits_Site_keyword">
<kw name="Save Current Run Web Source" owner="Self_Heaaling_Moniker">
<kw name="Get Title" owner="SeleniumLibrary">
<msg time="2025-05-03T02:16:28.878179" level="INFO">${Page_title} = Courses - BITS Pilani</msg>
<var>${Page_title}</var>
<doc>Returns the title of the current page.</doc>
<status status="PASS" start="2025-05-03T02:16:28.873128" elapsed="0.005051"/>
</kw>
<kw name="Get Source" owner="SeleniumLibrary">
<msg time="2025-05-03T02:16:28.878179" level="INFO">${Page_Source} = &lt;html lang="en"&gt;&lt;head&gt;
    &lt;meta charset="UTF-8"&gt;
    &lt;meta name="viewport" content="width=device-width, initial-scale=1.0"&gt;
    &lt;title&gt;Courses - BITS Pilani&lt;/title&gt;
    &lt;link rel="stylesheet" href="s...</msg>
<var>${Page_Source}</var>
<doc>Returns the entire HTML source of the current page or frame.</doc>
<status status="PASS" start="2025-05-03T02:16:28.878179" elapsed="0.000000"/>
</kw>
<kw name="Create File" owner="OperatingSystem">
<msg time="2025-05-03T02:16:28.878179" level="INFO" html="true">Created file '&lt;a href="file://C:\Users\Microsoft\Desktop\Bits\SEM4\Current_logs\Courses - BITS Pilani.txt"&gt;C:\Users\Microsoft\Desktop\Bits\SEM4\Current_logs\Courses - BITS Pilani.txt&lt;/a&gt;'.</msg>
<arg>C:\\Users\\Microsoft\\Desktop\\Bits\\SEM4\\Current_logs\\${Page_title}.txt</arg>
<arg>${Page_Source}</arg>
<doc>Creates a file with the given content and encoding.</doc>
<status status="PASS" start="2025-05-03T02:16:28.878179" elapsed="0.000000"/>
</kw>
<status status="PASS" start="2025-05-03T02:16:28.873128" elapsed="0.005051"/>
</kw>
<kw name="Split String" owner="String">
<msg time="2025-05-03T02:16:28.878179" level="INFO">${string_list} = ['💻 B.Tech in Computer Science &amp; Engineering', 'Learn cutting-edge technologies like **AI, Machine Learning, Cloud Computing, and Cybersecurity**.']</msg>
<var>${string_list}</var>
<arg>${string}</arg>
<arg>\n</arg>
<doc>Splits the ``string`` using ``separator`` as a delimiter string.</doc>
<status status="PASS" start="2025-05-03T02:16:28.878179" elapsed="0.000000"/>
</kw>
<return>
<value>${string_list}</value>
<status status="PASS" start="2025-05-03T02:16:28.878179" elapsed="0.000000"/>
</return>
<msg time="2025-05-03T02:16:28.878179" level="INFO">${validation_list} = ['💻 B.Tech in Computer Science &amp; Engineering', 'Learn cutting-edge technologies like **AI, Machine Learning, Cloud Computing, and Cybersecurity**.']</msg>
<var>${validation_list}</var>
<arg>${Validate_Section}</arg>
<status status="PASS" start="2025-05-03T02:16:28.872130" elapsed="0.006049"/>
</kw>
<kw name="Lists Should Be Equal" owner="Collections">
<arg>${Section_list}</arg>
<arg>${validation_list}</arg>
<doc>Fails if given lists are unequal.</doc>
<status status="PASS" start="2025-05-03T02:16:28.878179" elapsed="0.000000"/>
</kw>
<arg>${cs_info_xpath}</arg>
<arg>💻 B.Tech in Computer Science &amp; Engineering\nLearn cutting-edge technologies like **AI, Machine Learning, Cloud Computing, and Cybersecurity**.</arg>
<status status="PASS" start="2025-05-03T02:16:28.728867" elapsed="0.149312"/>
</kw>
<kw name="Validate Sections" owner="Bits_Site_keyword">
<kw name="Save Current Run Web Source" owner="Self_Heaaling_Moniker">
<kw name="Get Title" owner="SeleniumLibrary">
<msg time="2025-05-03T02:16:28.878179" level="INFO">${Page_title} = Courses - BITS Pilani</msg>
<var>${Page_title}</var>
<doc>Returns the title of the current page.</doc>
<status status="PASS" start="2025-05-03T02:16:28.878179" elapsed="0.000000"/>
</kw>
<kw name="Get Source" owner="SeleniumLibrary">
<msg time="2025-05-03T02:16:28.878179" level="INFO">${Page_Source} = &lt;html lang="en"&gt;&lt;head&gt;
    &lt;meta charset="UTF-8"&gt;
    &lt;meta name="viewport" content="width=device-width, initial-scale=1.0"&gt;
    &lt;title&gt;Courses - BITS Pilani&lt;/title&gt;
    &lt;link rel="stylesheet" href="s...</msg>
<var>${Page_Source}</var>
<doc>Returns the entire HTML source of the current page or frame.</doc>
<status status="PASS" start="2025-05-03T02:16:28.878179" elapsed="0.000000"/>
</kw>
<kw name="Create File" owner="OperatingSystem">
<msg time="2025-05-03T02:16:28.893813" level="INFO" html="true">Created file '&lt;a href="file://C:\Users\Microsoft\Desktop\Bits\SEM4\Current_logs\Courses - BITS Pilani.txt"&gt;C:\Users\Microsoft\Desktop\Bits\SEM4\Current_logs\Courses - BITS Pilani.txt&lt;/a&gt;'.</msg>
<arg>C:\\Users\\Microsoft\\Desktop\\Bits\\SEM4\\Current_logs\\${Page_title}.txt</arg>
<arg>${Page_Source}</arg>
<doc>Creates a file with the given content and encoding.</doc>
<status status="PASS" start="2025-05-03T02:16:28.878179" elapsed="0.015634"/>
</kw>
<status status="PASS" start="2025-05-03T02:16:28.878179" elapsed="0.015634"/>
</kw>
<kw name="Get text and Return" owner="Bits_Site_keyword">
<kw name="Save Current Run Web Source" owner="Self_Heaaling_Moniker">
<kw name="Get Title" owner="SeleniumLibrary">
<msg time="2025-05-03T02:16:28.893813" level="INFO">${Page_title} = Courses - BITS Pilani</msg>
<var>${Page_title}</var>
<doc>Returns the title of the current page.</doc>
<status status="PASS" start="2025-05-03T02:16:28.893813" elapsed="0.000000"/>
</kw>
<kw name="Get Source" owner="SeleniumLibrary">
<msg time="2025-05-03T02:16:28.893813" level="INFO">${Page_Source} = &lt;html lang="en"&gt;&lt;head&gt;
    &lt;meta charset="UTF-8"&gt;
    &lt;meta name="viewport" content="width=device-width, initial-scale=1.0"&gt;
    &lt;title&gt;Courses - BITS Pilani&lt;/title&gt;
    &lt;link rel="stylesheet" href="s...</msg>
<var>${Page_Source}</var>
<doc>Returns the entire HTML source of the current page or frame.</doc>
<status status="PASS" start="2025-05-03T02:16:28.893813" elapsed="0.000000"/>
</kw>
<kw name="Create File" owner="OperatingSystem">
<msg time="2025-05-03T02:16:28.893813" level="INFO" html="true">Created file '&lt;a href="file://C:\Users\Microsoft\Desktop\Bits\SEM4\Current_logs\Courses - BITS Pilani.txt"&gt;C:\Users\Microsoft\Desktop\Bits\SEM4\Current_logs\Courses - BITS Pilani.txt&lt;/a&gt;'.</msg>
<arg>C:\\Users\\Microsoft\\Desktop\\Bits\\SEM4\\Current_logs\\${Page_title}.txt</arg>
<arg>${Page_Source}</arg>
<doc>Creates a file with the given content and encoding.</doc>
<status status="PASS" start="2025-05-03T02:16:28.893813" elapsed="0.000000"/>
</kw>
<status status="PASS" start="2025-05-03T02:16:28.893813" elapsed="0.000000"/>
</kw>
<kw name="Get Text" owner="SeleniumLibrary">
<msg time="2025-05-03T02:16:28.909440" level="INFO">${text} = 📡 B.Tech in Electronics &amp; Communication Engineering
Specialize in **VLSI Design, Embedded Systems, and IoT** for a career in **semiconductors and telecommunications**.</msg>
<var>${text}</var>
<arg>${display_field_Xpath}</arg>
<doc>Returns the text value of the element identified by ``locator``.</doc>
<status status="PASS" start="2025-05-03T02:16:28.893813" elapsed="0.015627"/>
</kw>
<return>
<value>${text}</value>
<status status="PASS" start="2025-05-03T02:16:28.909440" elapsed="0.000000"/>
</return>
<msg time="2025-05-03T02:16:28.909440" level="INFO">${Section_deatils} = 📡 B.Tech in Electronics &amp; Communication Engineering
Specialize in **VLSI Design, Embedded Systems, and IoT** for a career in **semiconductors and telecommunications**.</msg>
<var>${Section_deatils}</var>
<arg>${Section_Xpath}</arg>
<status status="PASS" start="2025-05-03T02:16:28.893813" elapsed="0.015627"/>
</kw>
<kw name="Get your string to List" owner="Bits_Site_keyword">
<kw name="Save Current Run Web Source" owner="Self_Heaaling_Moniker">
<kw name="Get Title" owner="SeleniumLibrary">
<msg time="2025-05-03T02:16:28.925064" level="INFO">${Page_title} = Courses - BITS Pilani</msg>
<var>${Page_title}</var>
<doc>Returns the title of the current page.</doc>
<status status="PASS" start="2025-05-03T02:16:28.925064" elapsed="0.000000"/>
</kw>
<kw name="Get Source" owner="SeleniumLibrary">
<msg time="2025-05-03T02:16:28.925064" level="INFO">${Page_Source} = &lt;html lang="en"&gt;&lt;head&gt;
    &lt;meta charset="UTF-8"&gt;
    &lt;meta name="viewport" content="width=device-width, initial-scale=1.0"&gt;
    &lt;title&gt;Courses - BITS Pilani&lt;/title&gt;
    &lt;link rel="stylesheet" href="s...</msg>
<var>${Page_Source}</var>
<doc>Returns the entire HTML source of the current page or frame.</doc>
<status status="PASS" start="2025-05-03T02:16:28.925064" elapsed="0.000000"/>
</kw>
<kw name="Create File" owner="OperatingSystem">
<msg time="2025-05-03T02:16:28.925064" level="INFO" html="true">Created file '&lt;a href="file://C:\Users\Microsoft\Desktop\Bits\SEM4\Current_logs\Courses - BITS Pilani.txt"&gt;C:\Users\Microsoft\Desktop\Bits\SEM4\Current_logs\Courses - BITS Pilani.txt&lt;/a&gt;'.</msg>
<arg>C:\\Users\\Microsoft\\Desktop\\Bits\\SEM4\\Current_logs\\${Page_title}.txt</arg>
<arg>${Page_Source}</arg>
<doc>Creates a file with the given content and encoding.</doc>
<status status="PASS" start="2025-05-03T02:16:28.925064" elapsed="0.000000"/>
</kw>
<status status="PASS" start="2025-05-03T02:16:28.925064" elapsed="0.000000"/>
</kw>
<kw name="Split String" owner="String">
<msg time="2025-05-03T02:16:28.925064" level="INFO">${string_list} = ['📡 B.Tech in Electronics &amp; Communication Engineering', 'Specialize in **VLSI Design, Embedded Systems, and IoT** for a career in **semiconductors and telecommunications**.']</msg>
<var>${string_list}</var>
<arg>${string}</arg>
<arg>\n</arg>
<doc>Splits the ``string`` using ``separator`` as a delimiter string.</doc>
<status status="PASS" start="2025-05-03T02:16:28.925064" elapsed="0.000000"/>
</kw>
<return>
<value>${string_list}</value>
<status status="PASS" start="2025-05-03T02:16:28.925064" elapsed="0.000000"/>
</return>
<msg time="2025-05-03T02:16:28.925064" level="INFO">${Section_list} = ['📡 B.Tech in Electronics &amp; Communication Engineering', 'Specialize in **VLSI Design, Embedded Systems, and IoT** for a career in **semiconductors and telecommunications**.']</msg>
<var>${Section_list}</var>
<arg>${Section_deatils}</arg>
<status status="PASS" start="2025-05-03T02:16:28.909440" elapsed="0.015624"/>
</kw>
<kw name="Get your string to List" owner="Bits_Site_keyword">
<kw name="Save Current Run Web Source" owner="Self_Heaaling_Moniker">
<kw name="Get Title" owner="SeleniumLibrary">
<msg time="2025-05-03T02:16:28.940686" level="INFO">${Page_title} = Courses - BITS Pilani</msg>
<var>${Page_title}</var>
<doc>Returns the title of the current page.</doc>
<status status="PASS" start="2025-05-03T02:16:28.925064" elapsed="0.015622"/>
</kw>
<kw name="Get Source" owner="SeleniumLibrary">
<msg time="2025-05-03T02:16:28.940686" level="INFO">${Page_Source} = &lt;html lang="en"&gt;&lt;head&gt;
    &lt;meta charset="UTF-8"&gt;
    &lt;meta name="viewport" content="width=device-width, initial-scale=1.0"&gt;
    &lt;title&gt;Courses - BITS Pilani&lt;/title&gt;
    &lt;link rel="stylesheet" href="s...</msg>
<var>${Page_Source}</var>
<doc>Returns the entire HTML source of the current page or frame.</doc>
<status status="PASS" start="2025-05-03T02:16:28.940686" elapsed="0.000000"/>
</kw>
<kw name="Create File" owner="OperatingSystem">
<msg time="2025-05-03T02:16:28.940686" level="INFO" html="true">Created file '&lt;a href="file://C:\Users\Microsoft\Desktop\Bits\SEM4\Current_logs\Courses - BITS Pilani.txt"&gt;C:\Users\Microsoft\Desktop\Bits\SEM4\Current_logs\Courses - BITS Pilani.txt&lt;/a&gt;'.</msg>
<arg>C:\\Users\\Microsoft\\Desktop\\Bits\\SEM4\\Current_logs\\${Page_title}.txt</arg>
<arg>${Page_Source}</arg>
<doc>Creates a file with the given content and encoding.</doc>
<status status="PASS" start="2025-05-03T02:16:28.940686" elapsed="0.000000"/>
</kw>
<status status="PASS" start="2025-05-03T02:16:28.925064" elapsed="0.015622"/>
</kw>
<kw name="Split String" owner="String">
<msg time="2025-05-03T02:16:28.940686" level="INFO">${string_list} = ['📡 B.Tech in Electronics &amp; Communication Engineering', 'Specialize in **VLSI Design, Embedded Systems, and IoT** for a career in **semiconductors and telecommunications**.']</msg>
<var>${string_list}</var>
<arg>${string}</arg>
<arg>\n</arg>
<doc>Splits the ``string`` using ``separator`` as a delimiter string.</doc>
<status status="PASS" start="2025-05-03T02:16:28.940686" elapsed="0.000000"/>
</kw>
<return>
<value>${string_list}</value>
<status status="PASS" start="2025-05-03T02:16:28.940686" elapsed="0.000000"/>
</return>
<msg time="2025-05-03T02:16:28.940686" level="INFO">${validation_list} = ['📡 B.Tech in Electronics &amp; Communication Engineering', 'Specialize in **VLSI Design, Embedded Systems, and IoT** for a career in **semiconductors and telecommunications**.']</msg>
<var>${validation_list}</var>
<arg>${Validate_Section}</arg>
<status status="PASS" start="2025-05-03T02:16:28.925064" elapsed="0.015622"/>
</kw>
<kw name="Lists Should Be Equal" owner="Collections">
<arg>${Section_list}</arg>
<arg>${validation_list}</arg>
<doc>Fails if given lists are unequal.</doc>
<status status="PASS" start="2025-05-03T02:16:28.940686" elapsed="0.000000"/>
</kw>
<arg>${ECE_info_xpath}</arg>
<arg>📡 B.Tech in Electronics &amp; Communication Engineering\nSpecialize in **VLSI Design, Embedded Systems, and IoT** for a career in **semiconductors and telecommunications**.</arg>
<status status="PASS" start="2025-05-03T02:16:28.878179" elapsed="0.062507"/>
</kw>
<kw name="Validate Sections" owner="Bits_Site_keyword">
<kw name="Save Current Run Web Source" owner="Self_Heaaling_Moniker">
<kw name="Get Title" owner="SeleniumLibrary">
<msg time="2025-05-03T02:16:28.940686" level="INFO">${Page_title} = Courses - BITS Pilani</msg>
<var>${Page_title}</var>
<doc>Returns the title of the current page.</doc>
<status status="PASS" start="2025-05-03T02:16:28.940686" elapsed="0.000000"/>
</kw>
<kw name="Get Source" owner="SeleniumLibrary">
<msg time="2025-05-03T02:16:28.956318" level="INFO">${Page_Source} = &lt;html lang="en"&gt;&lt;head&gt;
    &lt;meta charset="UTF-8"&gt;
    &lt;meta name="viewport" content="width=device-width, initial-scale=1.0"&gt;
    &lt;title&gt;Courses - BITS Pilani&lt;/title&gt;
    &lt;link rel="stylesheet" href="s...</msg>
<var>${Page_Source}</var>
<doc>Returns the entire HTML source of the current page or frame.</doc>
<status status="PASS" start="2025-05-03T02:16:28.940686" elapsed="0.015632"/>
</kw>
<kw name="Create File" owner="OperatingSystem">
<msg time="2025-05-03T02:16:28.956318" level="INFO" html="true">Created file '&lt;a href="file://C:\Users\Microsoft\Desktop\Bits\SEM4\Current_logs\Courses - BITS Pilani.txt"&gt;C:\Users\Microsoft\Desktop\Bits\SEM4\Current_logs\Courses - BITS Pilani.txt&lt;/a&gt;'.</msg>
<arg>C:\\Users\\Microsoft\\Desktop\\Bits\\SEM4\\Current_logs\\${Page_title}.txt</arg>
<arg>${Page_Source}</arg>
<doc>Creates a file with the given content and encoding.</doc>
<status status="PASS" start="2025-05-03T02:16:28.956318" elapsed="0.000000"/>
</kw>
<status status="PASS" start="2025-05-03T02:16:28.940686" elapsed="0.015632"/>
</kw>
<kw name="Get text and Return" owner="Bits_Site_keyword">
<kw name="Save Current Run Web Source" owner="Self_Heaaling_Moniker">
<kw name="Get Title" owner="SeleniumLibrary">
<msg time="2025-05-03T02:16:28.956318" level="INFO">${Page_title} = Courses - BITS Pilani</msg>
<var>${Page_title}</var>
<doc>Returns the title of the current page.</doc>
<status status="PASS" start="2025-05-03T02:16:28.956318" elapsed="0.000000"/>
</kw>
<kw name="Get Source" owner="SeleniumLibrary">
<msg time="2025-05-03T02:16:28.956318" level="INFO">${Page_Source} = &lt;html lang="en"&gt;&lt;head&gt;
    &lt;meta charset="UTF-8"&gt;
    &lt;meta name="viewport" content="width=device-width, initial-scale=1.0"&gt;
    &lt;title&gt;Courses - BITS Pilani&lt;/title&gt;
    &lt;link rel="stylesheet" href="s...</msg>
<var>${Page_Source}</var>
<doc>Returns the entire HTML source of the current page or frame.</doc>
<status status="PASS" start="2025-05-03T02:16:28.956318" elapsed="0.000000"/>
</kw>
<kw name="Create File" owner="OperatingSystem">
<msg time="2025-05-03T02:16:28.956318" level="INFO" html="true">Created file '&lt;a href="file://C:\Users\Microsoft\Desktop\Bits\SEM4\Current_logs\Courses - BITS Pilani.txt"&gt;C:\Users\Microsoft\Desktop\Bits\SEM4\Current_logs\Courses - BITS Pilani.txt&lt;/a&gt;'.</msg>
<arg>C:\\Users\\Microsoft\\Desktop\\Bits\\SEM4\\Current_logs\\${Page_title}.txt</arg>
<arg>${Page_Source}</arg>
<doc>Creates a file with the given content and encoding.</doc>
<status status="PASS" start="2025-05-03T02:16:28.956318" elapsed="0.000000"/>
</kw>
<status status="PASS" start="2025-05-03T02:16:28.956318" elapsed="0.015621"/>
</kw>
<kw name="Get Text" owner="SeleniumLibrary">
<msg time="2025-05-03T02:16:28.994091" level="INFO">${text} = ⚙️ B.Tech in Mechanical Engineering
Master **robotics, automotive engineering, and product design** with industry-relevant projects.</msg>
<var>${text}</var>
<arg>${display_field_Xpath}</arg>
<doc>Returns the text value of the element identified by ``locator``.</doc>
<status status="PASS" start="2025-05-03T02:16:28.971939" elapsed="0.022152"/>
</kw>
<return>
<value>${text}</value>
<status status="PASS" start="2025-05-03T02:16:28.994091" elapsed="0.000000"/>
</return>
<msg time="2025-05-03T02:16:28.994091" level="INFO">${Section_deatils} = ⚙️ B.Tech in Mechanical Engineering
Master **robotics, automotive engineering, and product design** with industry-relevant projects.</msg>
<var>${Section_deatils}</var>
<arg>${Section_Xpath}</arg>
<status status="PASS" start="2025-05-03T02:16:28.956318" elapsed="0.037773"/>
</kw>
<kw name="Get your string to List" owner="Bits_Site_keyword">
<kw name="Save Current Run Web Source" owner="Self_Heaaling_Moniker">
<kw name="Get Title" owner="SeleniumLibrary">
<msg time="2025-05-03T02:16:28.994091" level="INFO">${Page_title} = Courses - BITS Pilani</msg>
<var>${Page_title}</var>
<doc>Returns the title of the current page.</doc>
<status status="PASS" start="2025-05-03T02:16:28.994091" elapsed="0.000000"/>
</kw>
<kw name="Get Source" owner="SeleniumLibrary">
<msg time="2025-05-03T02:16:28.994091" level="INFO">${Page_Source} = &lt;html lang="en"&gt;&lt;head&gt;
    &lt;meta charset="UTF-8"&gt;
    &lt;meta name="viewport" content="width=device-width, initial-scale=1.0"&gt;
    &lt;title&gt;Courses - BITS Pilani&lt;/title&gt;
    &lt;link rel="stylesheet" href="s...</msg>
<var>${Page_Source}</var>
<doc>Returns the entire HTML source of the current page or frame.</doc>
<status status="PASS" start="2025-05-03T02:16:28.994091" elapsed="0.000000"/>
</kw>
<kw name="Create File" owner="OperatingSystem">
<msg time="2025-05-03T02:16:28.994091" level="INFO" html="true">Created file '&lt;a href="file://C:\Users\Microsoft\Desktop\Bits\SEM4\Current_logs\Courses - BITS Pilani.txt"&gt;C:\Users\Microsoft\Desktop\Bits\SEM4\Current_logs\Courses - BITS Pilani.txt&lt;/a&gt;'.</msg>
<arg>C:\\Users\\Microsoft\\Desktop\\Bits\\SEM4\\Current_logs\\${Page_title}.txt</arg>
<arg>${Page_Source}</arg>
<doc>Creates a file with the given content and encoding.</doc>
<status status="PASS" start="2025-05-03T02:16:28.994091" elapsed="0.000000"/>
</kw>
<status status="PASS" start="2025-05-03T02:16:28.994091" elapsed="0.000000"/>
</kw>
<kw name="Split String" owner="String">
<msg time="2025-05-03T02:16:28.994091" level="INFO">${string_list} = ['⚙️ B.Tech in Mechanical Engineering', 'Master **robotics, automotive engineering, and product design** with industry-relevant projects.']</msg>
<var>${string_list}</var>
<arg>${string}</arg>
<arg>\n</arg>
<doc>Splits the ``string`` using ``separator`` as a delimiter string.</doc>
<status status="PASS" start="2025-05-03T02:16:28.994091" elapsed="0.000000"/>
</kw>
<return>
<value>${string_list}</value>
<status status="PASS" start="2025-05-03T02:16:28.994091" elapsed="0.000000"/>
</return>
<msg time="2025-05-03T02:16:28.994091" level="INFO">${Section_list} = ['⚙️ B.Tech in Mechanical Engineering', 'Master **robotics, automotive engineering, and product design** with industry-relevant projects.']</msg>
<var>${Section_list}</var>
<arg>${Section_deatils}</arg>
<status status="PASS" start="2025-05-03T02:16:28.994091" elapsed="0.000000"/>
</kw>
<kw name="Get your string to List" owner="Bits_Site_keyword">
<kw name="Save Current Run Web Source" owner="Self_Heaaling_Moniker">
<kw name="Get Title" owner="SeleniumLibrary">
<msg time="2025-05-03T02:16:29.009720" level="INFO">${Page_title} = Courses - BITS Pilani</msg>
<var>${Page_title}</var>
<doc>Returns the title of the current page.</doc>
<status status="PASS" start="2025-05-03T02:16:29.009720" elapsed="0.000000"/>
</kw>
<kw name="Get Source" owner="SeleniumLibrary">
<msg time="2025-05-03T02:16:29.009720" level="INFO">${Page_Source} = &lt;html lang="en"&gt;&lt;head&gt;
    &lt;meta charset="UTF-8"&gt;
    &lt;meta name="viewport" content="width=device-width, initial-scale=1.0"&gt;
    &lt;title&gt;Courses - BITS Pilani&lt;/title&gt;
    &lt;link rel="stylesheet" href="s...</msg>
<var>${Page_Source}</var>
<doc>Returns the entire HTML source of the current page or frame.</doc>
<status status="PASS" start="2025-05-03T02:16:29.009720" elapsed="0.000000"/>
</kw>
<kw name="Create File" owner="OperatingSystem">
<msg time="2025-05-03T02:16:29.009720" level="INFO" html="true">Created file '&lt;a href="file://C:\Users\Microsoft\Desktop\Bits\SEM4\Current_logs\Courses - BITS Pilani.txt"&gt;C:\Users\Microsoft\Desktop\Bits\SEM4\Current_logs\Courses - BITS Pilani.txt&lt;/a&gt;'.</msg>
<arg>C:\\Users\\Microsoft\\Desktop\\Bits\\SEM4\\Current_logs\\${Page_title}.txt</arg>
<arg>${Page_Source}</arg>
<doc>Creates a file with the given content and encoding.</doc>
<status status="PASS" start="2025-05-03T02:16:29.009720" elapsed="0.000000"/>
</kw>
<status status="PASS" start="2025-05-03T02:16:28.994091" elapsed="0.015629"/>
</kw>
<kw name="Split String" owner="String">
<msg time="2025-05-03T02:16:29.009720" level="INFO">${string_list} = ['⚙️ B.Tech in Mechanical Engineering', 'Master **robotics, automotive engineering, and product design** with industry-relevant projects.']</msg>
<var>${string_list}</var>
<arg>${string}</arg>
<arg>\n</arg>
<doc>Splits the ``string`` using ``separator`` as a delimiter string.</doc>
<status status="PASS" start="2025-05-03T02:16:29.009720" elapsed="0.000000"/>
</kw>
<return>
<value>${string_list}</value>
<status status="PASS" start="2025-05-03T02:16:29.009720" elapsed="0.000000"/>
</return>
<msg time="2025-05-03T02:16:29.009720" level="INFO">${validation_list} = ['⚙️ B.Tech in Mechanical Engineering', 'Master **robotics, automotive engineering, and product design** with industry-relevant projects.']</msg>
<var>${validation_list}</var>
<arg>${Validate_Section}</arg>
<status status="PASS" start="2025-05-03T02:16:28.994091" elapsed="0.015629"/>
</kw>
<kw name="Lists Should Be Equal" owner="Collections">
<arg>${Section_list}</arg>
<arg>${validation_list}</arg>
<doc>Fails if given lists are unequal.</doc>
<status status="PASS" start="2025-05-03T02:16:29.009720" elapsed="0.000000"/>
</kw>
<arg>${ME_info_xpath}</arg>
<arg>⚙️ B.Tech in Mechanical Engineering\nMaster **robotics, automotive engineering, and product design** with industry-relevant projects.</arg>
<status status="PASS" start="2025-05-03T02:16:28.940686" elapsed="0.069034"/>
</kw>
<kw name="Validate Sections" owner="Bits_Site_keyword">
<kw name="Save Current Run Web Source" owner="Self_Heaaling_Moniker">
<kw name="Get Title" owner="SeleniumLibrary">
<msg time="2025-05-03T02:16:29.025342" level="INFO">${Page_title} = Courses - BITS Pilani</msg>
<var>${Page_title}</var>
<doc>Returns the title of the current page.</doc>
<status status="PASS" start="2025-05-03T02:16:29.025342" elapsed="0.000000"/>
</kw>
<kw name="Get Source" owner="SeleniumLibrary">
<msg time="2025-05-03T02:16:29.025342" level="INFO">${Page_Source} = &lt;html lang="en"&gt;&lt;head&gt;
    &lt;meta charset="UTF-8"&gt;
    &lt;meta name="viewport" content="width=device-width, initial-scale=1.0"&gt;
    &lt;title&gt;Courses - BITS Pilani&lt;/title&gt;
    &lt;link rel="stylesheet" href="s...</msg>
<var>${Page_Source}</var>
<doc>Returns the entire HTML source of the current page or frame.</doc>
<status status="PASS" start="2025-05-03T02:16:29.025342" elapsed="0.000000"/>
</kw>
<kw name="Create File" owner="OperatingSystem">
<msg time="2025-05-03T02:16:29.025342" level="INFO" html="true">Created file '&lt;a href="file://C:\Users\Microsoft\Desktop\Bits\SEM4\Current_logs\Courses - BITS Pilani.txt"&gt;C:\Users\Microsoft\Desktop\Bits\SEM4\Current_logs\Courses - BITS Pilani.txt&lt;/a&gt;'.</msg>
<arg>C:\\Users\\Microsoft\\Desktop\\Bits\\SEM4\\Current_logs\\${Page_title}.txt</arg>
<arg>${Page_Source}</arg>
<doc>Creates a file with the given content and encoding.</doc>
<status status="PASS" start="2025-05-03T02:16:29.025342" elapsed="0.000000"/>
</kw>
<status status="PASS" start="2025-05-03T02:16:29.009720" elapsed="0.015622"/>
</kw>
<kw name="Get text and Return" owner="Bits_Site_keyword">
<kw name="Save Current Run Web Source" owner="Self_Heaaling_Moniker">
<kw name="Get Title" owner="SeleniumLibrary">
<msg time="2025-05-03T02:16:29.040967" level="INFO">${Page_title} = Courses - BITS Pilani</msg>
<var>${Page_title}</var>
<doc>Returns the title of the current page.</doc>
<status status="PASS" start="2025-05-03T02:16:29.025342" elapsed="0.015625"/>
</kw>
<kw name="Get Source" owner="SeleniumLibrary">
<msg time="2025-05-03T02:16:29.040967" level="INFO">${Page_Source} = &lt;html lang="en"&gt;&lt;head&gt;
    &lt;meta charset="UTF-8"&gt;
    &lt;meta name="viewport" content="width=device-width, initial-scale=1.0"&gt;
    &lt;title&gt;Courses - BITS Pilani&lt;/title&gt;
    &lt;link rel="stylesheet" href="s...</msg>
<var>${Page_Source}</var>
<doc>Returns the entire HTML source of the current page or frame.</doc>
<status status="PASS" start="2025-05-03T02:16:29.040967" elapsed="0.000000"/>
</kw>
<kw name="Create File" owner="OperatingSystem">
<msg time="2025-05-03T02:16:29.040967" level="INFO" html="true">Created file '&lt;a href="file://C:\Users\Microsoft\Desktop\Bits\SEM4\Current_logs\Courses - BITS Pilani.txt"&gt;C:\Users\Microsoft\Desktop\Bits\SEM4\Current_logs\Courses - BITS Pilani.txt&lt;/a&gt;'.</msg>
<arg>C:\\Users\\Microsoft\\Desktop\\Bits\\SEM4\\Current_logs\\${Page_title}.txt</arg>
<arg>${Page_Source}</arg>
<doc>Creates a file with the given content and encoding.</doc>
<status status="PASS" start="2025-05-03T02:16:29.040967" elapsed="0.000000"/>
</kw>
<status status="PASS" start="2025-05-03T02:16:29.025342" elapsed="0.015625"/>
</kw>
<kw name="Get Text" owner="SeleniumLibrary">
<msg time="2025-05-03T02:16:29.056590" level="INFO">${text} = 🏗️ B.Tech in Civil Engineering
Gain expertise in **structural engineering, smart cities, and sustainable construction**.</msg>
<var>${text}</var>
<arg>${display_field_Xpath}</arg>
<doc>Returns the text value of the element identified by ``locator``.</doc>
<status status="PASS" start="2025-05-03T02:16:29.040967" elapsed="0.015623"/>
</kw>
<return>
<value>${text}</value>
<status status="PASS" start="2025-05-03T02:16:29.056590" elapsed="0.015628"/>
</return>
<msg time="2025-05-03T02:16:29.072218" level="INFO">${Section_deatils} = 🏗️ B.Tech in Civil Engineering
Gain expertise in **structural engineering, smart cities, and sustainable construction**.</msg>
<var>${Section_deatils}</var>
<arg>${Section_Xpath}</arg>
<status status="PASS" start="2025-05-03T02:16:29.025342" elapsed="0.046876"/>
</kw>
<kw name="Get your string to List" owner="Bits_Site_keyword">
<kw name="Save Current Run Web Source" owner="Self_Heaaling_Moniker">
<kw name="Get Title" owner="SeleniumLibrary">
<msg time="2025-05-03T02:16:29.078737" level="INFO">${Page_title} = Courses - BITS Pilani</msg>
<var>${Page_title}</var>
<doc>Returns the title of the current page.</doc>
<status status="PASS" start="2025-05-03T02:16:29.072218" elapsed="0.006519"/>
</kw>
<kw name="Get Source" owner="SeleniumLibrary">
<msg time="2025-05-03T02:16:29.078737" level="INFO">${Page_Source} = &lt;html lang="en"&gt;&lt;head&gt;
    &lt;meta charset="UTF-8"&gt;
    &lt;meta name="viewport" content="width=device-width, initial-scale=1.0"&gt;
    &lt;title&gt;Courses - BITS Pilani&lt;/title&gt;
    &lt;link rel="stylesheet" href="s...</msg>
<var>${Page_Source}</var>
<doc>Returns the entire HTML source of the current page or frame.</doc>
<status status="PASS" start="2025-05-03T02:16:29.078737" elapsed="0.000000"/>
</kw>
<kw name="Create File" owner="OperatingSystem">
<msg time="2025-05-03T02:16:29.078737" level="INFO" html="true">Created file '&lt;a href="file://C:\Users\Microsoft\Desktop\Bits\SEM4\Current_logs\Courses - BITS Pilani.txt"&gt;C:\Users\Microsoft\Desktop\Bits\SEM4\Current_logs\Courses - BITS Pilani.txt&lt;/a&gt;'.</msg>
<arg>C:\\Users\\Microsoft\\Desktop\\Bits\\SEM4\\Current_logs\\${Page_title}.txt</arg>
<arg>${Page_Source}</arg>
<doc>Creates a file with the given content and encoding.</doc>
<status status="PASS" start="2025-05-03T02:16:29.078737" elapsed="0.000000"/>
</kw>
<status status="PASS" start="2025-05-03T02:16:29.072218" elapsed="0.006519"/>
</kw>
<kw name="Split String" owner="String">
<msg time="2025-05-03T02:16:29.078737" level="INFO">${string_list} = ['🏗️ B.Tech in Civil Engineering', 'Gain expertise in **structural engineering, smart cities, and sustainable construction**.']</msg>
<var>${string_list}</var>
<arg>${string}</arg>
<arg>\n</arg>
<doc>Splits the ``string`` using ``separator`` as a delimiter string.</doc>
<status status="PASS" start="2025-05-03T02:16:29.078737" elapsed="0.000000"/>
</kw>
<return>
<value>${string_list}</value>
<status status="PASS" start="2025-05-03T02:16:29.078737" elapsed="0.000000"/>
</return>
<msg time="2025-05-03T02:16:29.078737" level="INFO">${Section_list} = ['🏗️ B.Tech in Civil Engineering', 'Gain expertise in **structural engineering, smart cities, and sustainable construction**.']</msg>
<var>${Section_list}</var>
<arg>${Section_deatils}</arg>
<status status="PASS" start="2025-05-03T02:16:29.072218" elapsed="0.006519"/>
</kw>
<kw name="Get your string to List" owner="Bits_Site_keyword">
<kw name="Save Current Run Web Source" owner="Self_Heaaling_Moniker">
<kw name="Get Title" owner="SeleniumLibrary">
<msg time="2025-05-03T02:16:29.094388" level="INFO">${Page_title} = Courses - BITS Pilani</msg>
<var>${Page_title}</var>
<doc>Returns the title of the current page.</doc>
<status status="PASS" start="2025-05-03T02:16:29.078737" elapsed="0.015651"/>
</kw>
<kw name="Get Source" owner="SeleniumLibrary">
<msg time="2025-05-03T02:16:29.094388" level="INFO">${Page_Source} = &lt;html lang="en"&gt;&lt;head&gt;
    &lt;meta charset="UTF-8"&gt;
    &lt;meta name="viewport" content="width=device-width, initial-scale=1.0"&gt;
    &lt;title&gt;Courses - BITS Pilani&lt;/title&gt;
    &lt;link rel="stylesheet" href="s...</msg>
<var>${Page_Source}</var>
<doc>Returns the entire HTML source of the current page or frame.</doc>
<status status="PASS" start="2025-05-03T02:16:29.094388" elapsed="0.000000"/>
</kw>
<kw name="Create File" owner="OperatingSystem">
<msg time="2025-05-03T02:16:29.094388" level="INFO" html="true">Created file '&lt;a href="file://C:\Users\Microsoft\Desktop\Bits\SEM4\Current_logs\Courses - BITS Pilani.txt"&gt;C:\Users\Microsoft\Desktop\Bits\SEM4\Current_logs\Courses - BITS Pilani.txt&lt;/a&gt;'.</msg>
<arg>C:\\Users\\Microsoft\\Desktop\\Bits\\SEM4\\Current_logs\\${Page_title}.txt</arg>
<arg>${Page_Source}</arg>
<doc>Creates a file with the given content and encoding.</doc>
<status status="PASS" start="2025-05-03T02:16:29.094388" elapsed="0.000000"/>
</kw>
<status status="PASS" start="2025-05-03T02:16:29.078737" elapsed="0.015651"/>
</kw>
<kw name="Split String" owner="String">
<msg time="2025-05-03T02:16:29.094388" level="INFO">${string_list} = ['🏗️ B.Tech in Civil Engineering', 'Gain expertise in **structural engineering, smart cities, and sustainable construction**.']</msg>
<var>${string_list}</var>
<arg>${string}</arg>
<arg>\n</arg>
<doc>Splits the ``string`` using ``separator`` as a delimiter string.</doc>
<status status="PASS" start="2025-05-03T02:16:29.094388" elapsed="0.000000"/>
</kw>
<return>
<value>${string_list}</value>
<status status="PASS" start="2025-05-03T02:16:29.094388" elapsed="0.000000"/>
</return>
<msg time="2025-05-03T02:16:29.094388" level="INFO">${validation_list} = ['🏗️ B.Tech in Civil Engineering', 'Gain expertise in **structural engineering, smart cities, and sustainable construction**.']</msg>
<var>${validation_list}</var>
<arg>${Validate_Section}</arg>
<status status="PASS" start="2025-05-03T02:16:29.078737" elapsed="0.015651"/>
</kw>
<kw name="Lists Should Be Equal" owner="Collections">
<arg>${Section_list}</arg>
<arg>${validation_list}</arg>
<doc>Fails if given lists are unequal.</doc>
<status status="PASS" start="2025-05-03T02:16:29.094388" elapsed="0.000000"/>
</kw>
<arg>${CE_info_xpath}</arg>
<arg>🏗️ B.Tech in Civil Engineering\nGain expertise in **structural engineering, smart cities, and sustainable construction**.</arg>
<status status="PASS" start="2025-05-03T02:16:29.009720" elapsed="0.084668"/>
</kw>
<kw name="Validate Sections" owner="Bits_Site_keyword">
<kw name="Save Current Run Web Source" owner="Self_Heaaling_Moniker">
<kw name="Get Title" owner="SeleniumLibrary">
<msg time="2025-05-03T02:16:29.110000" level="INFO">${Page_title} = Courses - BITS Pilani</msg>
<var>${Page_title}</var>
<doc>Returns the title of the current page.</doc>
<status status="PASS" start="2025-05-03T02:16:29.094388" elapsed="0.015612"/>
</kw>
<kw name="Get Source" owner="SeleniumLibrary">
<msg time="2025-05-03T02:16:29.110000" level="INFO">${Page_Source} = &lt;html lang="en"&gt;&lt;head&gt;
    &lt;meta charset="UTF-8"&gt;
    &lt;meta name="viewport" content="width=device-width, initial-scale=1.0"&gt;
    &lt;title&gt;Courses - BITS Pilani&lt;/title&gt;
    &lt;link rel="stylesheet" href="s...</msg>
<var>${Page_Source}</var>
<doc>Returns the entire HTML source of the current page or frame.</doc>
<status status="PASS" start="2025-05-03T02:16:29.110000" elapsed="0.000000"/>
</kw>
<kw name="Create File" owner="OperatingSystem">
<msg time="2025-05-03T02:16:29.110000" level="INFO" html="true">Created file '&lt;a href="file://C:\Users\Microsoft\Desktop\Bits\SEM4\Current_logs\Courses - BITS Pilani.txt"&gt;C:\Users\Microsoft\Desktop\Bits\SEM4\Current_logs\Courses - BITS Pilani.txt&lt;/a&gt;'.</msg>
<arg>C:\\Users\\Microsoft\\Desktop\\Bits\\SEM4\\Current_logs\\${Page_title}.txt</arg>
<arg>${Page_Source}</arg>
<doc>Creates a file with the given content and encoding.</doc>
<status status="PASS" start="2025-05-03T02:16:29.110000" elapsed="0.000000"/>
</kw>
<status status="PASS" start="2025-05-03T02:16:29.094388" elapsed="0.015612"/>
</kw>
<kw name="Get text and Return" owner="Bits_Site_keyword">
<kw name="Save Current Run Web Source" owner="Self_Heaaling_Moniker">
<kw name="Get Title" owner="SeleniumLibrary">
<msg time="2025-05-03T02:16:29.110000" level="INFO">${Page_title} = Courses - BITS Pilani</msg>
<var>${Page_title}</var>
<doc>Returns the title of the current page.</doc>
<status status="PASS" start="2025-05-03T02:16:29.110000" elapsed="0.000000"/>
</kw>
<kw name="Get Source" owner="SeleniumLibrary">
<msg time="2025-05-03T02:16:29.125625" level="INFO">${Page_Source} = &lt;html lang="en"&gt;&lt;head&gt;
    &lt;meta charset="UTF-8"&gt;
    &lt;meta name="viewport" content="width=device-width, initial-scale=1.0"&gt;
    &lt;title&gt;Courses - BITS Pilani&lt;/title&gt;
    &lt;link rel="stylesheet" href="s...</msg>
<var>${Page_Source}</var>
<doc>Returns the entire HTML source of the current page or frame.</doc>
<status status="PASS" start="2025-05-03T02:16:29.110000" elapsed="0.015625"/>
</kw>
<kw name="Create File" owner="OperatingSystem">
<msg time="2025-05-03T02:16:29.125625" level="INFO" html="true">Created file '&lt;a href="file://C:\Users\Microsoft\Desktop\Bits\SEM4\Current_logs\Courses - BITS Pilani.txt"&gt;C:\Users\Microsoft\Desktop\Bits\SEM4\Current_logs\Courses - BITS Pilani.txt&lt;/a&gt;'.</msg>
<arg>C:\\Users\\Microsoft\\Desktop\\Bits\\SEM4\\Current_logs\\${Page_title}.txt</arg>
<arg>${Page_Source}</arg>
<doc>Creates a file with the given content and encoding.</doc>
<status status="PASS" start="2025-05-03T02:16:29.125625" elapsed="0.000000"/>
</kw>
<status status="PASS" start="2025-05-03T02:16:29.110000" elapsed="0.015625"/>
</kw>
<kw name="Get Text" owner="SeleniumLibrary">
<msg time="2025-05-03T02:16:29.141250" level="INFO">${text} = 🔬 M.Sc. in Physics
Deep dive into **Quantum Mechanics, Nanotechnology, and Astrophysics** with research-driven learning.</msg>
<var>${text}</var>
<arg>${display_field_Xpath}</arg>
<doc>Returns the text value of the element identified by ``locator``.</doc>
<status status="PASS" start="2025-05-03T02:16:29.125625" elapsed="0.015625"/>
</kw>
<return>
<value>${text}</value>
<status status="PASS" start="2025-05-03T02:16:29.141250" elapsed="0.000000"/>
</return>
<msg time="2025-05-03T02:16:29.141250" level="INFO">${Section_deatils} = 🔬 M.Sc. in Physics
Deep dive into **Quantum Mechanics, Nanotechnology, and Astrophysics** with research-driven learning.</msg>
<var>${Section_deatils}</var>
<arg>${Section_Xpath}</arg>
<status status="PASS" start="2025-05-03T02:16:29.110000" elapsed="0.031250"/>
</kw>
<kw name="Get your string to List" owner="Bits_Site_keyword">
<kw name="Save Current Run Web Source" owner="Self_Heaaling_Moniker">
<kw name="Get Title" owner="SeleniumLibrary">
<msg time="2025-05-03T02:16:29.156875" level="INFO">${Page_title} = Courses - BITS Pilani</msg>
<var>${Page_title}</var>
<doc>Returns the title of the current page.</doc>
<status status="PASS" start="2025-05-03T02:16:29.141250" elapsed="0.015625"/>
</kw>
<kw name="Get Source" owner="SeleniumLibrary">
<msg time="2025-05-03T02:16:29.156875" level="INFO">${Page_Source} = &lt;html lang="en"&gt;&lt;head&gt;
    &lt;meta charset="UTF-8"&gt;
    &lt;meta name="viewport" content="width=device-width, initial-scale=1.0"&gt;
    &lt;title&gt;Courses - BITS Pilani&lt;/title&gt;
    &lt;link rel="stylesheet" href="s...</msg>
<var>${Page_Source}</var>
<doc>Returns the entire HTML source of the current page or frame.</doc>
<status status="PASS" start="2025-05-03T02:16:29.156875" elapsed="0.000000"/>
</kw>
<kw name="Create File" owner="OperatingSystem">
<msg time="2025-05-03T02:16:29.156875" level="INFO" html="true">Created file '&lt;a href="file://C:\Users\Microsoft\Desktop\Bits\SEM4\Current_logs\Courses - BITS Pilani.txt"&gt;C:\Users\Microsoft\Desktop\Bits\SEM4\Current_logs\Courses - BITS Pilani.txt&lt;/a&gt;'.</msg>
<arg>C:\\Users\\Microsoft\\Desktop\\Bits\\SEM4\\Current_logs\\${Page_title}.txt</arg>
<arg>${Page_Source}</arg>
<doc>Creates a file with the given content and encoding.</doc>
<status status="PASS" start="2025-05-03T02:16:29.156875" elapsed="0.000000"/>
</kw>
<status status="PASS" start="2025-05-03T02:16:29.141250" elapsed="0.015625"/>
</kw>
<kw name="Split String" owner="String">
<msg time="2025-05-03T02:16:29.156875" level="INFO">${string_list} = ['🔬 M.Sc. in Physics', 'Deep dive into **Quantum Mechanics, Nanotechnology, and Astrophysics** with research-driven learning.']</msg>
<var>${string_list}</var>
<arg>${string}</arg>
<arg>\n</arg>
<doc>Splits the ``string`` using ``separator`` as a delimiter string.</doc>
<status status="PASS" start="2025-05-03T02:16:29.156875" elapsed="0.000000"/>
</kw>
<return>
<value>${string_list}</value>
<status status="PASS" start="2025-05-03T02:16:29.156875" elapsed="0.000000"/>
</return>
<msg time="2025-05-03T02:16:29.156875" level="INFO">${Section_list} = ['🔬 M.Sc. in Physics', 'Deep dive into **Quantum Mechanics, Nanotechnology, and Astrophysics** with research-driven learning.']</msg>
<var>${Section_list}</var>
<arg>${Section_deatils}</arg>
<status status="PASS" start="2025-05-03T02:16:29.141250" elapsed="0.015625"/>
</kw>
<kw name="Get your string to List" owner="Bits_Site_keyword">
<kw name="Save Current Run Web Source" owner="Self_Heaaling_Moniker">
<kw name="Get Title" owner="SeleniumLibrary">
<msg time="2025-05-03T02:16:29.172499" level="INFO">${Page_title} = Courses - BITS Pilani</msg>
<var>${Page_title}</var>
<doc>Returns the title of the current page.</doc>
<status status="PASS" start="2025-05-03T02:16:29.156875" elapsed="0.015624"/>
</kw>
<kw name="Get Source" owner="SeleniumLibrary">
<msg time="2025-05-03T02:16:29.172499" level="INFO">${Page_Source} = &lt;html lang="en"&gt;&lt;head&gt;
    &lt;meta charset="UTF-8"&gt;
    &lt;meta name="viewport" content="width=device-width, initial-scale=1.0"&gt;
    &lt;title&gt;Courses - BITS Pilani&lt;/title&gt;
    &lt;link rel="stylesheet" href="s...</msg>
<var>${Page_Source}</var>
<doc>Returns the entire HTML source of the current page or frame.</doc>
<status status="PASS" start="2025-05-03T02:16:29.172499" elapsed="0.000000"/>
</kw>
<kw name="Create File" owner="OperatingSystem">
<msg time="2025-05-03T02:16:29.179008" level="INFO" html="true">Created file '&lt;a href="file://C:\Users\Microsoft\Desktop\Bits\SEM4\Current_logs\Courses - BITS Pilani.txt"&gt;C:\Users\Microsoft\Desktop\Bits\SEM4\Current_logs\Courses - BITS Pilani.txt&lt;/a&gt;'.</msg>
<arg>C:\\Users\\Microsoft\\Desktop\\Bits\\SEM4\\Current_logs\\${Page_title}.txt</arg>
<arg>${Page_Source}</arg>
<doc>Creates a file with the given content and encoding.</doc>
<status status="PASS" start="2025-05-03T02:16:29.172499" elapsed="0.006509"/>
</kw>
<status status="PASS" start="2025-05-03T02:16:29.156875" elapsed="0.022133"/>
</kw>
<kw name="Split String" owner="String">
<msg time="2025-05-03T02:16:29.179008" level="INFO">${string_list} = ['🔬 M.Sc. in Physics', 'Deep dive into **Quantum Mechanics, Nanotechnology, and Astrophysics** with research-driven learning.']</msg>
<var>${string_list}</var>
<arg>${string}</arg>
<arg>\n</arg>
<doc>Splits the ``string`` using ``separator`` as a delimiter string.</doc>
<status status="PASS" start="2025-05-03T02:16:29.179008" elapsed="0.000000"/>
</kw>
<return>
<value>${string_list}</value>
<status status="PASS" start="2025-05-03T02:16:29.179008" elapsed="0.000000"/>
</return>
<msg time="2025-05-03T02:16:29.179008" level="INFO">${validation_list} = ['🔬 M.Sc. in Physics', 'Deep dive into **Quantum Mechanics, Nanotechnology, and Astrophysics** with research-driven learning.']</msg>
<var>${validation_list}</var>
<arg>${Validate_Section}</arg>
<status status="PASS" start="2025-05-03T02:16:29.156875" elapsed="0.022133"/>
</kw>
<kw name="Lists Should Be Equal" owner="Collections">
<arg>${Section_list}</arg>
<arg>${validation_list}</arg>
<doc>Fails if given lists are unequal.</doc>
<status status="PASS" start="2025-05-03T02:16:29.179008" elapsed="0.000000"/>
</kw>
<arg>${Qntum_info_xpath}</arg>
<arg>🔬 M.Sc. in Physics\nDeep dive into **Quantum Mechanics, Nanotechnology, and Astrophysics** with research-driven learning.</arg>
<status status="PASS" start="2025-05-03T02:16:29.094388" elapsed="0.084620"/>
</kw>
<kw name="Validate Sections" owner="Bits_Site_keyword">
<kw name="Save Current Run Web Source" owner="Self_Heaaling_Moniker">
<kw name="Get Title" owner="SeleniumLibrary">
<msg time="2025-05-03T02:16:29.179008" level="INFO">${Page_title} = Courses - BITS Pilani</msg>
<var>${Page_title}</var>
<doc>Returns the title of the current page.</doc>
<status status="PASS" start="2025-05-03T02:16:29.179008" elapsed="0.000000"/>
</kw>
<kw name="Get Source" owner="SeleniumLibrary">
<msg time="2025-05-03T02:16:29.179008" level="INFO">${Page_Source} = &lt;html lang="en"&gt;&lt;head&gt;
    &lt;meta charset="UTF-8"&gt;
    &lt;meta name="viewport" content="width=device-width, initial-scale=1.0"&gt;
    &lt;title&gt;Courses - BITS Pilani&lt;/title&gt;
    &lt;link rel="stylesheet" href="s...</msg>
<var>${Page_Source}</var>
<doc>Returns the entire HTML source of the current page or frame.</doc>
<status status="PASS" start="2025-05-03T02:16:29.179008" elapsed="0.000000"/>
</kw>
<kw name="Create File" owner="OperatingSystem">
<msg time="2025-05-03T02:16:29.179008" level="INFO" html="true">Created file '&lt;a href="file://C:\Users\Microsoft\Desktop\Bits\SEM4\Current_logs\Courses - BITS Pilani.txt"&gt;C:\Users\Microsoft\Desktop\Bits\SEM4\Current_logs\Courses - BITS Pilani.txt&lt;/a&gt;'.</msg>
<arg>C:\\Users\\Microsoft\\Desktop\\Bits\\SEM4\\Current_logs\\${Page_title}.txt</arg>
<arg>${Page_Source}</arg>
<doc>Creates a file with the given content and encoding.</doc>
<status status="PASS" start="2025-05-03T02:16:29.179008" elapsed="0.000000"/>
</kw>
<status status="PASS" start="2025-05-03T02:16:29.179008" elapsed="0.000000"/>
</kw>
<kw name="Get text and Return" owner="Bits_Site_keyword">
<kw name="Save Current Run Web Source" owner="Self_Heaaling_Moniker">
<kw name="Get Title" owner="SeleniumLibrary">
<msg time="2025-05-03T02:16:29.194646" level="INFO">${Page_title} = Courses - BITS Pilani</msg>
<var>${Page_title}</var>
<doc>Returns the title of the current page.</doc>
<status status="PASS" start="2025-05-03T02:16:29.179008" elapsed="0.015638"/>
</kw>
<kw name="Get Source" owner="SeleniumLibrary">
<msg time="2025-05-03T02:16:29.194646" level="INFO">${Page_Source} = &lt;html lang="en"&gt;&lt;head&gt;
    &lt;meta charset="UTF-8"&gt;
    &lt;meta name="viewport" content="width=device-width, initial-scale=1.0"&gt;
    &lt;title&gt;Courses - BITS Pilani&lt;/title&gt;
    &lt;link rel="stylesheet" href="s...</msg>
<var>${Page_Source}</var>
<doc>Returns the entire HTML source of the current page or frame.</doc>
<status status="PASS" start="2025-05-03T02:16:29.194646" elapsed="0.000000"/>
</kw>
<kw name="Create File" owner="OperatingSystem">
<msg time="2025-05-03T02:16:29.194646" level="INFO" html="true">Created file '&lt;a href="file://C:\Users\Microsoft\Desktop\Bits\SEM4\Current_logs\Courses - BITS Pilani.txt"&gt;C:\Users\Microsoft\Desktop\Bits\SEM4\Current_logs\Courses - BITS Pilani.txt&lt;/a&gt;'.</msg>
<arg>C:\\Users\\Microsoft\\Desktop\\Bits\\SEM4\\Current_logs\\${Page_title}.txt</arg>
<arg>${Page_Source}</arg>
<doc>Creates a file with the given content and encoding.</doc>
<status status="PASS" start="2025-05-03T02:16:29.194646" elapsed="0.000000"/>
</kw>
<status status="PASS" start="2025-05-03T02:16:29.179008" elapsed="0.015638"/>
</kw>
<kw name="Get Text" owner="SeleniumLibrary">
<msg time="2025-05-03T02:16:29.210271" level="INFO">${text} = 📊 M.Sc. in Data Science &amp; Analytics
Specialize in **Big Data, Machine Learning, and Artificial Intelligence** with real-world applications.</msg>
<var>${text}</var>
<arg>${display_field_Xpath}</arg>
<doc>Returns the text value of the element identified by ``locator``.</doc>
<status status="PASS" start="2025-05-03T02:16:29.194646" elapsed="0.015625"/>
</kw>
<return>
<value>${text}</value>
<status status="PASS" start="2025-05-03T02:16:29.210271" elapsed="0.000000"/>
</return>
<msg time="2025-05-03T02:16:29.210271" level="INFO">${Section_deatils} = 📊 M.Sc. in Data Science &amp; Analytics
Specialize in **Big Data, Machine Learning, and Artificial Intelligence** with real-world applications.</msg>
<var>${Section_deatils}</var>
<arg>${Section_Xpath}</arg>
<status status="PASS" start="2025-05-03T02:16:29.179008" elapsed="0.031263"/>
</kw>
<kw name="Get your string to List" owner="Bits_Site_keyword">
<kw name="Save Current Run Web Source" owner="Self_Heaaling_Moniker">
<kw name="Get Title" owner="SeleniumLibrary">
<msg time="2025-05-03T02:16:29.210271" level="INFO">${Page_title} = Courses - BITS Pilani</msg>
<var>${Page_title}</var>
<doc>Returns the title of the current page.</doc>
<status status="PASS" start="2025-05-03T02:16:29.210271" elapsed="0.000000"/>
</kw>
<kw name="Get Source" owner="SeleniumLibrary">
<msg time="2025-05-03T02:16:29.225895" level="INFO">${Page_Source} = &lt;html lang="en"&gt;&lt;head&gt;
    &lt;meta charset="UTF-8"&gt;
    &lt;meta name="viewport" content="width=device-width, initial-scale=1.0"&gt;
    &lt;title&gt;Courses - BITS Pilani&lt;/title&gt;
    &lt;link rel="stylesheet" href="s...</msg>
<var>${Page_Source}</var>
<doc>Returns the entire HTML source of the current page or frame.</doc>
<status status="PASS" start="2025-05-03T02:16:29.210271" elapsed="0.015624"/>
</kw>
<kw name="Create File" owner="OperatingSystem">
<msg time="2025-05-03T02:16:29.225895" level="INFO" html="true">Created file '&lt;a href="file://C:\Users\Microsoft\Desktop\Bits\SEM4\Current_logs\Courses - BITS Pilani.txt"&gt;C:\Users\Microsoft\Desktop\Bits\SEM4\Current_logs\Courses - BITS Pilani.txt&lt;/a&gt;'.</msg>
<arg>C:\\Users\\Microsoft\\Desktop\\Bits\\SEM4\\Current_logs\\${Page_title}.txt</arg>
<arg>${Page_Source}</arg>
<doc>Creates a file with the given content and encoding.</doc>
<status status="PASS" start="2025-05-03T02:16:29.225895" elapsed="0.000000"/>
</kw>
<status status="PASS" start="2025-05-03T02:16:29.210271" elapsed="0.015624"/>
</kw>
<kw name="Split String" owner="String">
<msg time="2025-05-03T02:16:29.225895" level="INFO">${string_list} = ['📊 M.Sc. in Data Science &amp; Analytics', 'Specialize in **Big Data, Machine Learning, and Artificial Intelligence** with real-world applications.']</msg>
<var>${string_list}</var>
<arg>${string}</arg>
<arg>\n</arg>
<doc>Splits the ``string`` using ``separator`` as a delimiter string.</doc>
<status status="PASS" start="2025-05-03T02:16:29.225895" elapsed="0.000000"/>
</kw>
<return>
<value>${string_list}</value>
<status status="PASS" start="2025-05-03T02:16:29.225895" elapsed="0.000000"/>
</return>
<msg time="2025-05-03T02:16:29.225895" level="INFO">${Section_list} = ['📊 M.Sc. in Data Science &amp; Analytics', 'Specialize in **Big Data, Machine Learning, and Artificial Intelligence** with real-world applications.']</msg>
<var>${Section_list}</var>
<arg>${Section_deatils}</arg>
<status status="PASS" start="2025-05-03T02:16:29.210271" elapsed="0.015624"/>
</kw>
<kw name="Get your string to List" owner="Bits_Site_keyword">
<kw name="Save Current Run Web Source" owner="Self_Heaaling_Moniker">
<kw name="Get Title" owner="SeleniumLibrary">
<msg time="2025-05-03T02:16:29.225895" level="INFO">${Page_title} = Courses - BITS Pilani</msg>
<var>${Page_title}</var>
<doc>Returns the title of the current page.</doc>
<status status="PASS" start="2025-05-03T02:16:29.225895" elapsed="0.000000"/>
</kw>
<kw name="Get Source" owner="SeleniumLibrary">
<msg time="2025-05-03T02:16:29.225895" level="INFO">${Page_Source} = &lt;html lang="en"&gt;&lt;head&gt;
    &lt;meta charset="UTF-8"&gt;
    &lt;meta name="viewport" content="width=device-width, initial-scale=1.0"&gt;
    &lt;title&gt;Courses - BITS Pilani&lt;/title&gt;
    &lt;link rel="stylesheet" href="s...</msg>
<var>${Page_Source}</var>
<doc>Returns the entire HTML source of the current page or frame.</doc>
<status status="PASS" start="2025-05-03T02:16:29.225895" elapsed="0.000000"/>
</kw>
<kw name="Create File" owner="OperatingSystem">
<msg time="2025-05-03T02:16:29.225895" level="INFO" html="true">Created file '&lt;a href="file://C:\Users\Microsoft\Desktop\Bits\SEM4\Current_logs\Courses - BITS Pilani.txt"&gt;C:\Users\Microsoft\Desktop\Bits\SEM4\Current_logs\Courses - BITS Pilani.txt&lt;/a&gt;'.</msg>
<arg>C:\\Users\\Microsoft\\Desktop\\Bits\\SEM4\\Current_logs\\${Page_title}.txt</arg>
<arg>${Page_Source}</arg>
<doc>Creates a file with the given content and encoding.</doc>
<status status="PASS" start="2025-05-03T02:16:29.225895" elapsed="0.000000"/>
</kw>
<status status="PASS" start="2025-05-03T02:16:29.225895" elapsed="0.000000"/>
</kw>
<kw name="Split String" owner="String">
<msg time="2025-05-03T02:16:29.225895" level="INFO">${string_list} = ['📊 M.Sc. in Data Science &amp; Analytics', 'Specialize in **Big Data, Machine Learning, and Artificial Intelligence** with real-world applications.']</msg>
<var>${string_list}</var>
<arg>${string}</arg>
<arg>\n</arg>
<doc>Splits the ``string`` using ``separator`` as a delimiter string.</doc>
<status status="PASS" start="2025-05-03T02:16:29.225895" elapsed="0.000000"/>
</kw>
<return>
<value>${string_list}</value>
<status status="PASS" start="2025-05-03T02:16:29.225895" elapsed="0.000000"/>
</return>
<msg time="2025-05-03T02:16:29.225895" level="INFO">${validation_list} = ['📊 M.Sc. in Data Science &amp; Analytics', 'Specialize in **Big Data, Machine Learning, and Artificial Intelligence** with real-world applications.']</msg>
<var>${validation_list}</var>
<arg>${Validate_Section}</arg>
<status status="PASS" start="2025-05-03T02:16:29.225895" elapsed="0.000000"/>
</kw>
<kw name="Lists Should Be Equal" owner="Collections">
<arg>${Section_list}</arg>
<arg>${validation_list}</arg>
<doc>Fails if given lists are unequal.</doc>
<status status="PASS" start="2025-05-03T02:16:29.225895" elapsed="0.000000"/>
</kw>
<arg>${DSA_info_xpath}</arg>
<arg>📊 M.Sc. in Data Science &amp; Analytics\nSpecialize in **Big Data, Machine Learning, and Artificial Intelligence** with real-world applications.</arg>
<status status="PASS" start="2025-05-03T02:16:29.179008" elapsed="0.046887"/>
</kw>
<kw name="Validate Sections" owner="Bits_Site_keyword">
<kw name="Save Current Run Web Source" owner="Self_Heaaling_Moniker">
<kw name="Get Title" owner="SeleniumLibrary">
<msg time="2025-05-03T02:16:29.241521" level="INFO">${Page_title} = Courses - BITS Pilani</msg>
<var>${Page_title}</var>
<doc>Returns the title of the current page.</doc>
<status status="PASS" start="2025-05-03T02:16:29.225895" elapsed="0.015626"/>
</kw>
<kw name="Get Source" owner="SeleniumLibrary">
<msg time="2025-05-03T02:16:29.241521" level="INFO">${Page_Source} = &lt;html lang="en"&gt;&lt;head&gt;
    &lt;meta charset="UTF-8"&gt;
    &lt;meta name="viewport" content="width=device-width, initial-scale=1.0"&gt;
    &lt;title&gt;Courses - BITS Pilani&lt;/title&gt;
    &lt;link rel="stylesheet" href="s...</msg>
<var>${Page_Source}</var>
<doc>Returns the entire HTML source of the current page or frame.</doc>
<status status="PASS" start="2025-05-03T02:16:29.241521" elapsed="0.000000"/>
</kw>
<kw name="Create File" owner="OperatingSystem">
<msg time="2025-05-03T02:16:29.241521" level="INFO" html="true">Created file '&lt;a href="file://C:\Users\Microsoft\Desktop\Bits\SEM4\Current_logs\Courses - BITS Pilani.txt"&gt;C:\Users\Microsoft\Desktop\Bits\SEM4\Current_logs\Courses - BITS Pilani.txt&lt;/a&gt;'.</msg>
<arg>C:\\Users\\Microsoft\\Desktop\\Bits\\SEM4\\Current_logs\\${Page_title}.txt</arg>
<arg>${Page_Source}</arg>
<doc>Creates a file with the given content and encoding.</doc>
<status status="PASS" start="2025-05-03T02:16:29.241521" elapsed="0.000000"/>
</kw>
<status status="PASS" start="2025-05-03T02:16:29.225895" elapsed="0.015626"/>
</kw>
<kw name="Get text and Return" owner="Bits_Site_keyword">
<kw name="Save Current Run Web Source" owner="Self_Heaaling_Moniker">
<kw name="Get Title" owner="SeleniumLibrary">
<msg time="2025-05-03T02:16:29.241521" level="INFO">${Page_title} = Courses - BITS Pilani</msg>
<var>${Page_title}</var>
<doc>Returns the title of the current page.</doc>
<status status="PASS" start="2025-05-03T02:16:29.241521" elapsed="0.000000"/>
</kw>
<kw name="Get Source" owner="SeleniumLibrary">
<msg time="2025-05-03T02:16:29.257144" level="INFO">${Page_Source} = &lt;html lang="en"&gt;&lt;head&gt;
    &lt;meta charset="UTF-8"&gt;
    &lt;meta name="viewport" content="width=device-width, initial-scale=1.0"&gt;
    &lt;title&gt;Courses - BITS Pilani&lt;/title&gt;
    &lt;link rel="stylesheet" href="s...</msg>
<var>${Page_Source}</var>
<doc>Returns the entire HTML source of the current page or frame.</doc>
<status status="PASS" start="2025-05-03T02:16:29.241521" elapsed="0.015623"/>
</kw>
<kw name="Create File" owner="OperatingSystem">
<msg time="2025-05-03T02:16:29.257144" level="INFO" html="true">Created file '&lt;a href="file://C:\Users\Microsoft\Desktop\Bits\SEM4\Current_logs\Courses - BITS Pilani.txt"&gt;C:\Users\Microsoft\Desktop\Bits\SEM4\Current_logs\Courses - BITS Pilani.txt&lt;/a&gt;'.</msg>
<arg>C:\\Users\\Microsoft\\Desktop\\Bits\\SEM4\\Current_logs\\${Page_title}.txt</arg>
<arg>${Page_Source}</arg>
<doc>Creates a file with the given content and encoding.</doc>
<status status="PASS" start="2025-05-03T02:16:29.257144" elapsed="0.000000"/>
</kw>
<status status="PASS" start="2025-05-03T02:16:29.241521" elapsed="0.015623"/>
</kw>
<kw name="Get Text" owner="SeleniumLibrary">
<msg time="2025-05-03T02:16:29.272771" level="INFO">${text} = 🖥️ MBA in Digital Business Management
Learn **Digital Marketing, E-commerce, and AI-driven business strategies**.</msg>
<var>${text}</var>
<arg>${display_field_Xpath}</arg>
<doc>Returns the text value of the element identified by ``locator``.</doc>
<status status="PASS" start="2025-05-03T02:16:29.257144" elapsed="0.015627"/>
</kw>
<return>
<value>${text}</value>
<status status="PASS" start="2025-05-03T02:16:29.272771" elapsed="0.000000"/>
</return>
<msg time="2025-05-03T02:16:29.272771" level="INFO">${Section_deatils} = 🖥️ MBA in Digital Business Management
Learn **Digital Marketing, E-commerce, and AI-driven business strategies**.</msg>
<var>${Section_deatils}</var>
<arg>${Section_Xpath}</arg>
<status status="PASS" start="2025-05-03T02:16:29.241521" elapsed="0.031250"/>
</kw>
<kw name="Get your string to List" owner="Bits_Site_keyword">
<kw name="Save Current Run Web Source" owner="Self_Heaaling_Moniker">
<kw name="Get Title" owner="SeleniumLibrary">
<msg time="2025-05-03T02:16:29.279281" level="INFO">${Page_title} = Courses - BITS Pilani</msg>
<var>${Page_title}</var>
<doc>Returns the title of the current page.</doc>
<status status="PASS" start="2025-05-03T02:16:29.272771" elapsed="0.006510"/>
</kw>
<kw name="Get Source" owner="SeleniumLibrary">
<msg time="2025-05-03T02:16:29.279281" level="INFO">${Page_Source} = &lt;html lang="en"&gt;&lt;head&gt;
    &lt;meta charset="UTF-8"&gt;
    &lt;meta name="viewport" content="width=device-width, initial-scale=1.0"&gt;
    &lt;title&gt;Courses - BITS Pilani&lt;/title&gt;
    &lt;link rel="stylesheet" href="s...</msg>
<var>${Page_Source}</var>
<doc>Returns the entire HTML source of the current page or frame.</doc>
<status status="PASS" start="2025-05-03T02:16:29.279281" elapsed="0.000000"/>
</kw>
<kw name="Create File" owner="OperatingSystem">
<msg time="2025-05-03T02:16:29.279281" level="INFO" html="true">Created file '&lt;a href="file://C:\Users\Microsoft\Desktop\Bits\SEM4\Current_logs\Courses - BITS Pilani.txt"&gt;C:\Users\Microsoft\Desktop\Bits\SEM4\Current_logs\Courses - BITS Pilani.txt&lt;/a&gt;'.</msg>
<arg>C:\\Users\\Microsoft\\Desktop\\Bits\\SEM4\\Current_logs\\${Page_title}.txt</arg>
<arg>${Page_Source}</arg>
<doc>Creates a file with the given content and encoding.</doc>
<status status="PASS" start="2025-05-03T02:16:29.279281" elapsed="0.000000"/>
</kw>
<status status="PASS" start="2025-05-03T02:16:29.272771" elapsed="0.006510"/>
</kw>
<kw name="Split String" owner="String">
<msg time="2025-05-03T02:16:29.279281" level="INFO">${string_list} = ['🖥️ MBA in Digital Business Management', 'Learn **Digital Marketing, E-commerce, and AI-driven business strategies**.']</msg>
<var>${string_list}</var>
<arg>${string}</arg>
<arg>\n</arg>
<doc>Splits the ``string`` using ``separator`` as a delimiter string.</doc>
<status status="PASS" start="2025-05-03T02:16:29.279281" elapsed="0.000000"/>
</kw>
<return>
<value>${string_list}</value>
<status status="PASS" start="2025-05-03T02:16:29.279281" elapsed="0.000000"/>
</return>
<msg time="2025-05-03T02:16:29.279281" level="INFO">${Section_list} = ['🖥️ MBA in Digital Business Management', 'Learn **Digital Marketing, E-commerce, and AI-driven business strategies**.']</msg>
<var>${Section_list}</var>
<arg>${Section_deatils}</arg>
<status status="PASS" start="2025-05-03T02:16:29.272771" elapsed="0.006510"/>
</kw>
<kw name="Get your string to List" owner="Bits_Site_keyword">
<kw name="Save Current Run Web Source" owner="Self_Heaaling_Moniker">
<kw name="Get Title" owner="SeleniumLibrary">
<msg time="2025-05-03T02:16:29.279281" level="INFO">${Page_title} = Courses - BITS Pilani</msg>
<var>${Page_title}</var>
<doc>Returns the title of the current page.</doc>
<status status="PASS" start="2025-05-03T02:16:29.279281" elapsed="0.000000"/>
</kw>
<kw name="Get Source" owner="SeleniumLibrary">
<msg time="2025-05-03T02:16:29.294917" level="INFO">${Page_Source} = &lt;html lang="en"&gt;&lt;head&gt;
    &lt;meta charset="UTF-8"&gt;
    &lt;meta name="viewport" content="width=device-width, initial-scale=1.0"&gt;
    &lt;title&gt;Courses - BITS Pilani&lt;/title&gt;
    &lt;link rel="stylesheet" href="s...</msg>
<var>${Page_Source}</var>
<doc>Returns the entire HTML source of the current page or frame.</doc>
<status status="PASS" start="2025-05-03T02:16:29.279281" elapsed="0.015636"/>
</kw>
<kw name="Create File" owner="OperatingSystem">
<msg time="2025-05-03T02:16:29.294917" level="INFO" html="true">Created file '&lt;a href="file://C:\Users\Microsoft\Desktop\Bits\SEM4\Current_logs\Courses - BITS Pilani.txt"&gt;C:\Users\Microsoft\Desktop\Bits\SEM4\Current_logs\Courses - BITS Pilani.txt&lt;/a&gt;'.</msg>
<arg>C:\\Users\\Microsoft\\Desktop\\Bits\\SEM4\\Current_logs\\${Page_title}.txt</arg>
<arg>${Page_Source}</arg>
<doc>Creates a file with the given content and encoding.</doc>
<status status="PASS" start="2025-05-03T02:16:29.294917" elapsed="0.000000"/>
</kw>
<status status="PASS" start="2025-05-03T02:16:29.279281" elapsed="0.015636"/>
</kw>
<kw name="Split String" owner="String">
<msg time="2025-05-03T02:16:29.294917" level="INFO">${string_list} = ['🖥️ MBA in Digital Business Management', 'Learn **Digital Marketing, E-commerce, and AI-driven business strategies**.']</msg>
<var>${string_list}</var>
<arg>${string}</arg>
<arg>\n</arg>
<doc>Splits the ``string`` using ``separator`` as a delimiter string.</doc>
<status status="PASS" start="2025-05-03T02:16:29.294917" elapsed="0.000000"/>
</kw>
<return>
<value>${string_list}</value>
<status status="PASS" start="2025-05-03T02:16:29.294917" elapsed="0.000000"/>
</return>
<msg time="2025-05-03T02:16:29.294917" level="INFO">${validation_list} = ['🖥️ MBA in Digital Business Management', 'Learn **Digital Marketing, E-commerce, and AI-driven business strategies**.']</msg>
<var>${validation_list}</var>
<arg>${Validate_Section}</arg>
<status status="PASS" start="2025-05-03T02:16:29.279281" elapsed="0.015636"/>
</kw>
<kw name="Lists Should Be Equal" owner="Collections">
<arg>${Section_list}</arg>
<arg>${validation_list}</arg>
<doc>Fails if given lists are unequal.</doc>
<status status="PASS" start="2025-05-03T02:16:29.294917" elapsed="0.000000"/>
</kw>
<arg>${DBM_info_xpath}</arg>
<arg>🖥️ MBA in Digital Business Management\nLearn **Digital Marketing, E-commerce, and AI-driven business strategies**.</arg>
<status status="PASS" start="2025-05-03T02:16:29.225895" elapsed="0.069022"/>
</kw>
<kw name="Validate Sections" owner="Bits_Site_keyword">
<kw name="Save Current Run Web Source" owner="Self_Heaaling_Moniker">
<kw name="Get Title" owner="SeleniumLibrary">
<msg time="2025-05-03T02:16:29.294917" level="INFO">${Page_title} = Courses - BITS Pilani</msg>
<var>${Page_title}</var>
<doc>Returns the title of the current page.</doc>
<status status="PASS" start="2025-05-03T02:16:29.294917" elapsed="0.000000"/>
</kw>
<kw name="Get Source" owner="SeleniumLibrary">
<msg time="2025-05-03T02:16:29.294917" level="INFO">${Page_Source} = &lt;html lang="en"&gt;&lt;head&gt;
    &lt;meta charset="UTF-8"&gt;
    &lt;meta name="viewport" content="width=device-width, initial-scale=1.0"&gt;
    &lt;title&gt;Courses - BITS Pilani&lt;/title&gt;
    &lt;link rel="stylesheet" href="s...</msg>
<var>${Page_Source}</var>
<doc>Returns the entire HTML source of the current page or frame.</doc>
<status status="PASS" start="2025-05-03T02:16:29.294917" elapsed="0.000000"/>
</kw>
<kw name="Create File" owner="OperatingSystem">
<msg time="2025-05-03T02:16:29.294917" level="INFO" html="true">Created file '&lt;a href="file://C:\Users\Microsoft\Desktop\Bits\SEM4\Current_logs\Courses - BITS Pilani.txt"&gt;C:\Users\Microsoft\Desktop\Bits\SEM4\Current_logs\Courses - BITS Pilani.txt&lt;/a&gt;'.</msg>
<arg>C:\\Users\\Microsoft\\Desktop\\Bits\\SEM4\\Current_logs\\${Page_title}.txt</arg>
<arg>${Page_Source}</arg>
<doc>Creates a file with the given content and encoding.</doc>
<status status="PASS" start="2025-05-03T02:16:29.294917" elapsed="0.000000"/>
</kw>
<status status="PASS" start="2025-05-03T02:16:29.294917" elapsed="0.000000"/>
</kw>
<kw name="Get text and Return" owner="Bits_Site_keyword">
<kw name="Save Current Run Web Source" owner="Self_Heaaling_Moniker">
<kw name="Get Title" owner="SeleniumLibrary">
<msg time="2025-05-03T02:16:29.310543" level="INFO">${Page_title} = Courses - BITS Pilani</msg>
<var>${Page_title}</var>
<doc>Returns the title of the current page.</doc>
<status status="PASS" start="2025-05-03T02:16:29.310543" elapsed="0.000000"/>
</kw>
<kw name="Get Source" owner="SeleniumLibrary">
<msg time="2025-05-03T02:16:29.310543" level="INFO">${Page_Source} = &lt;html lang="en"&gt;&lt;head&gt;
    &lt;meta charset="UTF-8"&gt;
    &lt;meta name="viewport" content="width=device-width, initial-scale=1.0"&gt;
    &lt;title&gt;Courses - BITS Pilani&lt;/title&gt;
    &lt;link rel="stylesheet" href="s...</msg>
<var>${Page_Source}</var>
<doc>Returns the entire HTML source of the current page or frame.</doc>
<status status="PASS" start="2025-05-03T02:16:29.310543" elapsed="0.000000"/>
</kw>
<kw name="Create File" owner="OperatingSystem">
<msg time="2025-05-03T02:16:29.310543" level="INFO" html="true">Created file '&lt;a href="file://C:\Users\Microsoft\Desktop\Bits\SEM4\Current_logs\Courses - BITS Pilani.txt"&gt;C:\Users\Microsoft\Desktop\Bits\SEM4\Current_logs\Courses - BITS Pilani.txt&lt;/a&gt;'.</msg>
<arg>C:\\Users\\Microsoft\\Desktop\\Bits\\SEM4\\Current_logs\\${Page_title}.txt</arg>
<arg>${Page_Source}</arg>
<doc>Creates a file with the given content and encoding.</doc>
<status status="PASS" start="2025-05-03T02:16:29.310543" elapsed="0.000000"/>
</kw>
<status status="PASS" start="2025-05-03T02:16:29.310543" elapsed="0.000000"/>
</kw>
<kw name="Get Text" owner="SeleniumLibrary">
<msg time="2025-05-03T02:16:29.714649" level="INFO" html="true">&lt;/td&gt;&lt;/tr&gt;&lt;tr&gt;&lt;td colspan="3"&gt;&lt;a href="../../../Screenshots/selenium-screenshot-21.png"&gt;&lt;img src="../../../Screenshots/selenium-screenshot-21.png" width="800px"&gt;&lt;/a&gt;</msg>
<msg time="2025-05-03T02:16:29.715686" level="FAIL">Element with locator '//div[@id="bio_info_id"]' not found.</msg>
<var>${text}</var>
<arg>${display_field_Xpath}</arg>
<doc>Returns the text value of the element identified by ``locator``.</doc>
<status status="FAIL" start="2025-05-03T02:16:29.310543" elapsed="0.410796">Element with locator '//div[@id="bio_info_id"]' not found.</status>
</kw>
<return>
<value>${text}</value>
<status status="NOT RUN" start="2025-05-03T02:16:29.721339" elapsed="0.000000"/>
</return>
<var>${Section_deatils}</var>
<arg>${Section_Xpath}</arg>
<status status="FAIL" start="2025-05-03T02:16:29.294917" elapsed="0.426422">Element with locator '//div[@id="bio_info_id"]' not found.</status>
</kw>
<kw name="Get your string to List" owner="Bits_Site_keyword">
<var>${Section_list}</var>
<arg>${Section_deatils}</arg>
<status status="NOT RUN" start="2025-05-03T02:16:29.721339" elapsed="0.000000"/>
</kw>
<kw name="Get your string to List" owner="Bits_Site_keyword">
<var>${validation_list}</var>
<arg>${Validate_Section}</arg>
<status status="NOT RUN" start="2025-05-03T02:16:29.721339" elapsed="0.000000"/>
</kw>
<kw name="Lists Should Be Equal" owner="Collections">
<arg>${Section_list}</arg>
<arg>${validation_list}</arg>
<doc>Fails if given lists are unequal.</doc>
[...]
<msg time="2025-05-03T02:16:29.734612" level="INFO">${variable_Name} = ${bio_info_xpath}</msg>
<msg time="2025-05-03T02:16:29.734612" level="INFO">${path} = //div[@id="bio_info_id"]</msg>
<var>${variable_Name}</var>
<var>${path}</var>
<arg>C:\\Users\\Microsoft\\Desktop\\Bits\\SEM4</arg>
<arg>${TEST MESSAGE}</arg>
<status status="PASS" start="2025-05-03T02:16:29.733613" elapsed="0.000999"/>
</kw>
<kw name="Run Keyword And Return Status" owner="BuiltIn">
<kw name="Dictionary Should Contain Key" owner="Collections">
<msg time="2025-05-03T02:16:29.736614" level="FAIL">Dictionary does not contain key '${bio_info_xpath}_//div[@id="bio_info_id"]'.</msg>
<arg>${re_run_flag}</arg>
<arg>${variable_Name}_${path}</arg>
<doc>Fails if ``key`` is not found from ``dictionary``.</doc>
<status status="FAIL" start="2025-05-03T02:16:29.734612" elapsed="0.002002">Dictionary does not contain key '${bio_info_xpath}_//div[@id="bio_info_id"]'.</status>
</kw>
<msg time="2025-05-03T02:16:29.736614" level="INFO">${status} = False</msg>
<var>${status}</var>
<arg>Dictionary Should Contain Key</arg>
<arg>${re_run_flag}</arg>
<arg>${variable_Name}_${path}</arg>
<doc>Runs the given keyword with given arguments and returns the status as a Boolean value.</doc>
<status status="PASS" start="2025-05-03T02:16:29.734612" elapsed="0.002002"/>
</kw>
<kw name="Log To Console" owner="BuiltIn">
<arg>${status}</arg>
<doc>Logs the given message to the console.</doc>
<status status="PASS" start="2025-05-03T02:16:29.736614" elapsed="0.000997"/>
</kw>
<if>
<branch type="IF" condition="${status}==True">
<kw name="Get From Dictionary" owner="Collections">
<var>${value}</var>
<arg>${re_run_flag}</arg>
<arg>${variable_Name}_${path}</arg>
<doc>Returns a value from the given ``dictionary`` based on the given ``key``.</doc>
<status status="NOT RUN" start="2025-05-03T02:16:29.738607" elapsed="0.000000"/>
</kw>
<kw name="Log To Console" owner="BuiltIn">
<arg>old:${value}</arg>
<doc>Logs the given message to the console.</doc>
<status status="NOT RUN" start="2025-05-03T02:16:29.738607" elapsed="0.000000"/>
</kw>
<if>
<branch type="IF" condition="'${value}'&gt;='2'">
<kw name="Log To Console" owner="BuiltIn">
<arg>out:${value}</arg>
<doc>Logs the given message to the console.</doc>
<status status="NOT RUN" start="2025-05-03T02:16:29.739606" elapsed="0.000000"/>
</kw>
<kw name="Return From Keyword" owner="BuiltIn">
<arg>${True}</arg>
<doc>Returns from the enclosing user keyword.</doc>
<status status="NOT RUN" start="2025-05-03T02:16:29.739606" elapsed="0.000000"/>
</kw>
<status status="NOT RUN" start="2025-05-03T02:16:29.738607" elapsed="0.000999"/>
</branch>
<branch type="ELSE">
<kw name="Evaluate" owner="BuiltIn">
<var>${value}</var>
<arg>${value} + 1</arg>
<doc>Evaluates the given expression in Python and returns the result.</doc>
<status status="NOT RUN" start="2025-05-03T02:16:29.739606" elapsed="0.000000"/>
</kw>
<kw name="Log To Console" owner="BuiltIn">
<arg>new:${value}</arg>
<doc>Logs the given message to the console.</doc>
<status status="NOT RUN" start="2025-05-03T02:16:29.739606" elapsed="0.000000"/>
</kw>
<kw name="Set To Dictionary" owner="Collections">
<arg>${re_run_flag}</arg>
<arg>${variable_Name}_${path}</arg>
<arg>${value}</arg>
<doc>Adds the given ``key_value_pairs`` and/or ``items`` to the ``dictionary``.</doc>
<status status="NOT RUN" start="2025-05-03T02:16:29.739606" elapsed="0.000000"/>
</kw>
<kw name="Return From Keyword" owner="BuiltIn">
<arg>${False}</arg>
<doc>Returns from the enclosing user keyword.</doc>
<status status="NOT RUN" start="2025-05-03T02:16:29.740606" elapsed="0.000000"/>
</kw>
<status status="NOT RUN" start="2025-05-03T02:16:29.739606" elapsed="0.001000"/>
</branch>
<status status="NOT RUN" start="2025-05-03T02:16:29.738607" elapsed="0.001999"/>
</if>
<status status="NOT RUN" start="2025-05-03T02:16:29.737611" elapsed="0.002995"/>
</branch>
<branch type="ELSE">
<kw name="Set Variable" owner="BuiltIn">
<msg time="2025-05-03T02:16:29.740606" level="INFO">${count} = 1</msg>
<var>${count}</var>
<arg>1</arg>
<doc>Returns the given values which can then be assigned to a variables.</doc>
<status status="PASS" start="2025-05-03T02:16:29.740606" elapsed="0.000000"/>
</kw>
<kw name="Log To Console" owner="BuiltIn">
<arg>extremenew:${count}</arg>
<doc>Logs the given message to the console.</doc>
<status status="PASS" start="2025-05-03T02:16:29.740606" elapsed="0.001000"/>
</kw>
<kw name="Set To Dictionary" owner="Collections">
<arg>${re_run_flag}</arg>
<arg>${variable_Name}_${path}</arg>
<arg>${count}</arg>
<doc>Adds the given ``key_value_pairs`` and/or ``items`` to the ``dictionary``.</doc>
<status status="PASS" start="2025-05-03T02:16:29.741606" elapsed="0.000000"/>
</kw>
<kw name="Return From Keyword" owner="BuiltIn">
<msg time="2025-05-03T02:16:29.741606" level="INFO">Returning from the enclosing user keyword.</msg>
<arg>${False}</arg>
<doc>Returns from the enclosing user keyword.</doc>
<status status="PASS" start="2025-05-03T02:16:29.741606" elapsed="0.000000"/>
</kw>
<status status="PASS" start="2025-05-03T02:16:29.740606" elapsed="0.001000"/>
</branch>
<status status="PASS" start="2025-05-03T02:16:29.737611" elapsed="0.003995"/>
</if>
<msg time="2025-05-03T02:16:29.742608" level="INFO">${status} = False</msg>
<var>${status}</var>
<arg>${xpath_condition}</arg>
<status status="PASS" start="2025-05-03T02:16:29.732616" elapsed="0.009992"/>
</kw>
<kw name="Log" owner="BuiltIn">
<msg time="2025-05-03T02:16:29.742608" level="INFO">False</msg>
<arg>${status}</arg>
<doc>Logs the given message with the given level.</doc>
<status status="PASS" start="2025-05-03T02:16:29.742608" elapsed="0.000000"/>
</kw>
<if>
<branch type="IF" condition="${status} == ${False}">
<kw name="Get Title" owner="SeleniumLibrary">
<msg time="2025-05-03T02:16:29.744661" level="INFO">${Page_title} = Courses - BITS Pilani</msg>
<var>${Page_title}</var>
<doc>Returns the title of the current page.</doc>
<status status="PASS" start="2025-05-03T02:16:29.742608" elapsed="0.002053"/>
</kw>
<kw name="Close Browser" owner="SeleniumLibrary">
<doc>Closes the current browser.</doc>
<status status="PASS" start="2025-05-03T02:16:29.744661" elapsed="2.211967"/>
</kw>
<kw name="Get New Xpath and Update" owner="Self_Heaaling_Moniker">
<kw name="Extract Xpath Info" owner="Self_Heaaling_py">
<msg time="2025-05-03T02:16:31.959971" level="INFO">${xpath_condition} = id="bio_info_id"</msg>
<var>${xpath_condition}</var>
<arg>${TEST MESSAGE}</arg>
<status status="PASS" start="2025-05-03T02:16:31.959971" elapsed="0.000000"/>
</kw>
<kw name="Find Lines" owner="Self_Heaaling_py">
<msg time="2025-05-03T02:16:31.959971" level="INFO">${Changes_Tag_Line} = &lt;div id="bio_info_id" class="update-box"&gt;</msg>
<var>${Changes_Tag_Line}</var>
<arg>C:\\Users\\Microsoft\\Desktop\\Bits\\SEM4\\Passed_Logs\\${File_Name}.txt</arg>
<arg>${xpath_condition}</arg>
<status status="PASS" start="2025-05-03T02:16:31.959971" elapsed="0.000000"/>
</kw>
<kw name="Log" owner="BuiltIn">
<msg time="2025-05-03T02:16:31.959971" level="INFO">&lt;div id="bio_info_id" class="update-box"&gt;</msg>
<arg>${Changes_Tag_Line}</arg>
<doc>Logs the given message with the given level.</doc>
<status status="PASS" start="2025-05-03T02:16:31.959971" elapsed="0.000000"/>
</kw>
<kw name="Find Most Similar Line Sbert" owner="Self_Heaaling_py">
<msg time="2025-05-03T02:16:31.978726" level="INFO">Use pytorch device_name: cpu</msg>
<msg time="2025-05-03T02:16:31.978726" level="INFO">Load pretrained SentenceTransformer: all-MiniLM-L6-v2</msg>
<msg time="2025-05-03T02:16:37.542257" level="INFO">Batches:   0%|          | 0/3 [00:00&lt;?, ?it/s]Batches:  33%|###3      | 1/3 [00:00&lt;00:00,  2.65it/s]Batches:  67%|######6   | 2/3 [00:00&lt;00:00,  4.11it/s]Batches: 100%|##########| 3/3 [00:00&lt;00:00,  5.29it/s]</msg>
<msg time="2025-05-03T02:16:37.542257" level="INFO">${Similarity_And_Check} = ['&lt;div id="bio_info_id1" class="update-box"&gt;', 97.7556586265564]</msg>
<var>${Similarity_And_Check}</var>
<arg>${Changes_Tag_Line}</arg>
<arg>C:\\Users\\Microsoft\\Desktop\\Bits\\SEM4\\Current_logs\\${File_Name}.txt</arg>
<status status="PASS" start="2025-05-03T02:16:31.959971" elapsed="5.582286"/>
</kw>
<kw name="Log" owner="BuiltIn">
<msg time="2025-05-03T02:16:37.550349" level="INFO">['&lt;div id="bio_info_id1" class="update-box"&gt;', 97.7556586265564]</msg>
<arg>${Similarity_And_Check}</arg>
<doc>Logs the given message with the given level.</doc>
<status status="PASS" start="2025-05-03T02:16:37.550349" elapsed="0.000000"/>
</kw>
<kw name="Log" owner="BuiltIn">
<msg time="2025-05-03T02:16:37.552413" level="INFO">&lt;div id="bio_info_id1" class="update-box"&gt;</msg>
<arg>${Similarity_And_Check[0]}</arg>
<doc>Logs the given message with the given level.</doc>
<status status="PASS" start="2025-05-03T02:16:37.550349" elapsed="0.002064"/>
</kw>
<kw name="Log" owner="BuiltIn">
<msg time="2025-05-03T02:16:37.552413" level="INFO">97.7556586265564</msg>
<arg>${Similarity_And_Check[1]}</arg>
<doc>Logs the given message with the given level.</doc>
<status status="PASS" start="2025-05-03T02:16:37.552413" elapsed="0.000000"/>
</kw>
<if>
<branch type="IF" condition="${Similarity_And_Check[1]}&lt;= 95">
<kw name="Get Desired Change Path" owner="Self_Heaaling_Moniker">
<var>${Desired_Xpath}</var>
<arg>${Changes_Tag_Line}</arg>
<arg>${File_Name}</arg>
<status status="NOT RUN" start="2025-05-03T02:16:37.552413" elapsed="0.000000"/>
</kw>
<status status="NOT RUN" start="2025-05-03T02:16:37.552413" elapsed="0.000000"/>
</branch>
<branch type="ELSE">
<kw name="Generate Xpath" owner="Self_Heaaling_py">
<msg time="2025-05-03T02:16:37.552413" level="INFO">${Desired_Xpath} = //div[@id='bio_info_id1' and @class='update-box']</msg>
<var>${Desired_Xpath}</var>
<arg>${Similarity_And_Check[0]}</arg>
<status status="PASS" start="2025-05-03T02:16:37.552413" elapsed="0.000000"/>
</kw>
<kw name="Get Regexp Matches" owner="String">
<msg time="2025-05-03T02:16:37.552413" level="INFO">${Current_Xpath} = ['//div[@id="bio_info_id"]']</msg>
<var>${Current_Xpath}</var>
<arg>${TEST MESSAGE}</arg>
<arg>(//.*?])</arg>
<doc>Returns a list of all non-overlapping matches in the given string.</doc>
<status status="PASS" start="2025-05-03T02:16:37.552413" elapsed="0.000000"/>
</kw>
<kw name="Set Test Variable" owner="BuiltIn">
<msg time="2025-05-03T02:16:37.552413" level="INFO">${Desired_Xpath} = //div[@id='bio_info_id1' and @class='update-box']</msg>
<arg>${Desired_Xpath}</arg>
<doc>Makes a variable available everywhere within the scope of the current test.</doc>
<status status="PASS" start="2025-05-03T02:16:37.552413" elapsed="0.000000"/>
</kw>
<kw name="Find And Replace Text" owner="Self_Heaaling_py">
<msg time="2025-05-03T02:16:37.582776" level="INFO">re.compile('(\\${\\w+}\\s+)//div\\[@id="bio_info_id"\\]')
Updated file: C:\Users\Microsoft\Desktop\Bits\SEM4\Bits_Site_Variable.robot</msg>
<arg>C:\\Users\\Microsoft\\Desktop\\Bits\\SEM4</arg>
<arg>${Current_Xpath[0]}</arg>
<arg>${Desired_Xpath}</arg>
<status status="PASS" start="2025-05-03T02:16:37.560518" elapsed="0.022258"/>
</kw>
<status status="PASS" start="2025-05-03T02:16:37.552413" elapsed="0.030363"/>
</branch>
<status status="PASS" start="2025-05-03T02:16:37.552413" elapsed="0.030363"/>
</if>
<arg>${Page_title}</arg>
<arg>${TEST MESSAGE}</arg>
<status status="PASS" start="2025-05-03T02:16:31.958888" elapsed="5.623888"/>
</kw>
<kw name="Log To Console" owner="BuiltIn">
<arg>Re-Running Test Case...: Updated Xpath ${xpath_condition} to ${Desired_Xpath}</arg>
<doc>Logs the given message to the console.</doc>
<status status="PASS" start="2025-05-03T02:16:37.582776" elapsed="0.000000"/>
</kw>
<kw name="Get Current Date" owner="DateTime">
<msg time="2025-05-03T02:16:37.582776" level="INFO">${timestamp} = 2025_05_03_02_16_37</msg>
<var>${timestamp}</var>
<arg>result_format=%Y_%m_%d_%H_%M_%S</arg>
<doc>Returns current local or UTC time with an optional increment.</doc>
<status status="PASS" start="2025-05-03T02:16:37.582776" elapsed="0.000000"/>
</kw>
<kw name="Set Variable" owner="BuiltIn">
<msg time="2025-05-03T02:16:37.582776" level="INFO">${log_folder} = Re_Run_logs/2025_05_03_02_16_37/Test4 - Verify Course Details</msg>
<var>${log_folder}</var>
<arg>Re_Run_logs/${timestamp}/${TEST_NAME}</arg>
<doc>Returns the given values which can then be assigned to a variables.</doc>
<status status="PASS" start="2025-05-03T02:16:37.582776" elapsed="0.000000"/>
</kw>
<kw name="Create Directory" owner="OperatingSystem">
<msg time="2025-05-03T02:16:37.582776" level="INFO" html="true">Created directory '&lt;a href="file://C:\Users\Microsoft\Desktop\Bits\SEM4\Re_Run_logs\2025_05_03_02_16_37\Test4 - Verify Course Details"&gt;C:\Users\Microsoft\Desktop\Bits\SEM4\Re_Run_logs\2025_05_03_02_16_37\Test4 - Verify Course Details&lt;/a&gt;'.</msg>
<arg>${log_folder}</arg>
<doc>Creates the specified directory.</doc>
<status status="PASS" start="2025-05-03T02:16:37.582776" elapsed="0.008043"/>
</kw>
<kw name="Get Current Running File" owner="Self_Heaaling_Moniker">
<kw name="Get Variable Value" owner="BuiltIn">
<msg time="2025-05-03T02:16:37.590819" level="INFO">${path} = C:\Users\Microsoft\Desktop\Bits\SEM4\Self_Heal.robot</msg>
<var>${path}</var>
<arg>${SUITE SOURCE}</arg>
<doc>Returns variable value or ``default`` if the variable does not exist.</doc>
<status status="PASS" start="2025-05-03T02:16:37.590819" elapsed="0.000000"/>
</kw>
<kw name="Split String From Right" owner="String">
<msg time="2025-05-03T02:16:37.592881" level="INFO">${filename} = ['C:\\Users\\Microsoft\\Desktop\\Bits\\SEM4', 'Self_Heal.robot']</msg>
<var>${filename}</var>
<arg>${path}</arg>
<arg>\\</arg>
<arg>1</arg>
<doc>Splits the ``string`` using ``separator`` starting from right.</doc>
<status status="PASS" start="2025-05-03T02:16:37.592881" elapsed="0.000000"/>
</kw>
<return>
<value>${filename[1]}</value>
<status status="PASS" start="2025-05-03T02:16:37.592881" elapsed="0.000000"/>
</return>
<msg time="2025-05-03T02:16:37.592881" level="INFO">${current_Suite} = Self_Heal.robot</msg>
<var>${current_Suite}</var>
<status status="PASS" start="2025-05-03T02:16:37.590819" elapsed="0.002062"/>
</kw>
<kw name="Run Process" owner="Process">
<msg time="2025-05-03T02:16:37.592881" level="INFO">Starting process:
robot --test "Test4 - Verify Course Details" --outputdir "Re_Run_logs/2025_05_03_02_16_37/Test4 - Verify Course Details" Self_Heal.robot</msg>
<msg time="2025-05-03T02:16:37.602959" level="INFO">Waiting for process to complete.</msg>
<msg time="2025-05-03T02:16:58.326346" level="INFO">Process completed.</msg>
<msg time="2025-05-03T02:16:58.326346" level="INFO">${result} = &lt;result object with rc 0&gt;</msg>
<var>${result}</var>
<arg>robot</arg>
<arg>--test</arg>
<arg>${TEST_NAME}</arg>
<arg>--outputdir</arg>
<arg>${log_folder}</arg>
<arg>${current_Suite}</arg>
<arg>shell=True</arg>
<doc>Runs a process and waits for it to complete.</doc>
<status status="PASS" start="2025-05-03T02:16:37.592881" elapsed="20.733465"/>
</kw>
<kw name="Log" owner="BuiltIn">
<msg time="2025-05-03T02:16:58.326346" level="INFO">==============================================================================
Self Heal                                                                     
==============================================================================
Test4 - Verify Course Details                                         | PASS |
------------------------------------------------------------------------------
Self Heal                                                             | PASS |
1 test, 1 passed, 0 failed
==============================================================================
Output:  C:\Users\Microsoft\Desktop\Bits\SEM4\Re_Run_logs\2025_05_03_02_16_37\Test4 - Verify Course Details\output.xml
Log:     C:\Users\Microsoft\Desktop\Bits\SEM4\Re_Run_logs\2025_05_03_02_16_37\Test4 - Verify Course Details\log.html
Report:  C:\Users\Microsoft\Desktop\Bits\SEM4\Re_Run_logs\2025_05_03_02_16_37\Test4 - Verify Course Details\report.html</msg>
<arg>${result.stdout}</arg>
<doc>Logs the given message with the given level.</doc>
<status status="PASS" start="2025-05-03T02:16:58.326346" elapsed="0.000000"/>
</kw>
<kw name="Run Keyword If" owner="BuiltIn">
<kw name="Pass Execution" owner="BuiltIn">
<msg time="2025-05-03T02:16:58.326346" level="INFO">Execution passed with message:
Test case Passed Check Re-Run Logs....</msg>
<arg>Test case Passed Check Re-Run Logs....</arg>
<doc>Skips rest of the current test, setup, or teardown with PASS status.</doc>
<status status="PASS" start="2025-05-03T02:16:58.326346" elapsed="0.015624">Test case Passed Check Re-Run Logs....</status>
</kw>
<arg>${result.rc} == 0</arg>
<arg>Pass Execution</arg>
<arg>Test case Passed Check Re-Run Logs....</arg>
<arg>ELSE</arg>
<arg>Log</arg>
<arg>Potienial Error Found After Re-Run</arg>
<doc>Runs the given keyword with the given arguments, if ``condition`` is true.</doc>
<status status="PASS" start="2025-05-03T02:16:58.326346" elapsed="0.015624">Test case Passed Check Re-Run Logs....</status>
</kw>
<status status="PASS" start="2025-05-03T02:16:29.742608" elapsed="28.599362">Test case Passed Check Re-Run Logs....</status>
</branch>
<branch type="ELSE">
<kw name="Fail" owner="BuiltIn">
<arg>Manuel Intervention Required.</arg>
<doc>Fails the test with the given message and optionally alters its tags.</doc>
<status status="NOT RUN" start="2025-05-03T02:16:58.341970" elapsed="0.000000"/>
</kw>
<status status="NOT RUN" start="2025-05-03T02:16:58.341970" elapsed="0.000000"/>
</branch>
<status status="PASS" start="2025-05-03T02:16:29.742608" elapsed="28.599362">Test case Passed Check Re-Run Logs....</status>
</if>
<status status="PASS" start="2025-05-03T02:16:29.730615" elapsed="28.611355">Test case Passed Check Re-Run Logs....</status>
</branch>
<branch type="ELSE">
<kw name="Fail" owner="BuiltIn">
<arg>Potienial Error Found</arg>
<doc>Fails the test with the given message and optionally alters its tags.</doc>
<status status="NOT RUN" start="2025-05-03T02:16:58.341970" elapsed="0.000000"/>
</kw>
<status status="NOT RUN" start="2025-05-03T02:16:58.341970" elapsed="0.000000"/>
</branch>
<status status="PASS" start="2025-05-03T02:16:29.730615" elapsed="28.611355">Test case Passed Check Re-Run Logs....</status>
</if>
<status status="PASS" start="2025-05-03T02:16:29.723380" elapsed="28.618590">Test case Passed Check Re-Run Logs....</status>
</kw>
<arg>'${TEST STATUS}' == 'FAIL'</arg>
<arg>Failed Teardown</arg>
<doc>Runs the given keyword with the given arguments, if ``condition`` is true.</doc>
<status status="PASS" start="2025-05-03T02:16:29.723380" elapsed="28.618590">Test case Passed Check Re-Run Logs....</status>
</kw>
<arg>Run Keyword If</arg>
<arg>'${TEST STATUS}' == 'PASS'</arg>
<arg>Passed Teardown</arg>
<arg>AND</arg>
<arg>Run Keyword If</arg>
<arg>'${TEST STATUS}' == 'FAIL'</arg>
<arg>Failed Teardown</arg>
<doc>Executes all the given keywords in a sequence.</doc>
<status status="PASS" start="2025-05-03T02:16:29.722385" elapsed="28.619585">Test case Passed Check Re-Run Logs....</status>
</kw>
<status status="FAIL" start="2025-05-03T02:16:25.964444" elapsed="32.377526">Test case Passed Check Re-Run Logs....</status>
</test>
<status status="FAIL" start="2025-05-03T02:16:16.869138" elapsed="41.472832"/>
</suite>
<statistics>
<total>
<stat pass="0" fail="1" skip="0">All Tests</stat>
</total>
<tag>
</tag>
<suite>
<stat name="Self Heal" id="s1" pass="0" fail="1" skip="0">Self Heal</stat>
</suite>
</statistics>
<errors>
</errors>
</robot>
