<?xml version="1.0" encoding="UTF-8"?>
<robot generator="Robot 7.2.2 (Python 3.11.0 on win32)" generated="2025-05-03T21:50:49.307319" rpa="false" schemaversion="5">
<suite id="s1" name="Self Heal" source="C:\Users\Microsoft\Desktop\Bits\SEM4\Self_Heal.robot">
<kw name="Suite_Setup_Keyword" owner="Self_Heaaling_Moniker" type="SETUP">
<kw name="Set Screenshot Directory" owner="SeleniumLibrary">
<arg>C:\\Users\\Microsoft\\Desktop\\Bits\\SEM4\\Screenshots</arg>
<doc>Sets the directory for captured screenshots.</doc>
<status status="PASS" start="2025-05-03T21:50:58.590917" elapsed="0.000000"/>
</kw>
<status status="PASS" start="2025-05-03T21:50:58.590917" elapsed="0.000000"/>
</kw>
<test id="s1-t1" name="Test1 - Verify Home Page Details" line="13">
<kw name="Run Keywords" owner="BuiltIn" type="SETUP">
<kw name="Test_setup_keyword" owner="Self_Heaaling_Moniker">
<kw name="Get Current Date" owner="DateTime">
<msg time="2025-05-03T21:50:58.590917" level="INFO">${timestamp} = 2025_05_03_21_50_58</msg>
<var>${timestamp}</var>
<arg>result_format=%Y_%m_%d_%H_%M_%S</arg>
<doc>Returns current local or UTC time with an optional increment.</doc>
<status status="PASS" start="2025-05-03T21:50:58.590917" elapsed="0.000000"/>
</kw>
<if>
<branch type="IF" condition="'${IS_RERUN}' == 'False'">
<kw name="Create File" owner="OperatingSystem">
<msg time="2025-05-03T21:50:58.590917" level="INFO" html="true">Created file '&lt;a href="file://C:\Users\Microsoft\Desktop\Bits\SEM4\validator.txt"&gt;C:\Users\Microsoft\Desktop\Bits\SEM4\validator.txt&lt;/a&gt;'.</msg>
<arg>${validator_file}</arg>
<arg>${timestamp}${\n}</arg>
<doc>Creates a file with the given content and encoding.</doc>
<status status="PASS" start="2025-05-03T21:50:58.590917" elapsed="0.000000"/>
</kw>
<kw name="Create Dictionary" owner="BuiltIn">
<msg time="2025-05-03T21:50:58.590917" level="INFO">${re_run_flag} = {}</msg>
<var>${re_run_flag}</var>
<doc>Creates and returns a dictionary based on the given ``items``.</doc>
<status status="PASS" start="2025-05-03T21:50:58.590917" elapsed="0.000000"/>
</kw>
<kw name="Append To File" owner="OperatingSystem">
<msg time="2025-05-03T21:50:58.590917" level="INFO" html="true">Appended to file '&lt;a href="file://C:\Users\Microsoft\Desktop\Bits\SEM4\validator.txt"&gt;C:\Users\Microsoft\Desktop\Bits\SEM4\validator.txt&lt;/a&gt;'.</msg>
<arg>${validator_file}</arg>
<arg>${re_run_flag}${\n}</arg>
<doc>Appends the given content to the specified file.</doc>
<status status="PASS" start="2025-05-03T21:50:58.590917" elapsed="0.000000"/>
</kw>
<kw name="Create List" owner="BuiltIn">
<msg time="2025-05-03T21:50:58.590917" level="INFO">${console_list} = []</msg>
<var>${console_list}</var>
<doc>Returns a list containing given items.</doc>
<status status="PASS" start="2025-05-03T21:50:58.590917" elapsed="0.000000"/>
</kw>
<kw name="Append To File" owner="OperatingSystem">
<msg time="2025-05-03T21:50:58.590917" level="INFO" html="true">Appended to file '&lt;a href="file://C:\Users\Microsoft\Desktop\Bits\SEM4\validator.txt"&gt;C:\Users\Microsoft\Desktop\Bits\SEM4\validator.txt&lt;/a&gt;'.</msg>
<arg>${validator_file}</arg>
<arg>${console_list}${\n}</arg>
<doc>Appends the given content to the specified file.</doc>
<status status="PASS" start="2025-05-03T21:50:58.590917" elapsed="0.000000"/>
</kw>
<kw name="Create File" owner="OperatingSystem">
<msg time="2025-05-03T21:50:58.606505" level="INFO" html="true">Created file '&lt;a href="file://C:\Users\Microsoft\Desktop\Bits\SEM4\log_to_console_text.txt"&gt;C:\Users\Microsoft\Desktop\Bits\SEM4\log_to_console_text.txt&lt;/a&gt;'.</msg>
<arg>${log to console File}</arg>
<doc>Creates a file with the given content and encoding.</doc>
<status status="PASS" start="2025-05-03T21:50:58.590917" elapsed="0.015588"/>
</kw>
<status status="PASS" start="2025-05-03T21:50:58.590917" elapsed="0.015588"/>
</branch>
<status status="PASS" start="2025-05-03T21:50:58.590917" elapsed="0.015588"/>
</if>
<status status="PASS" start="2025-05-03T21:50:58.590917" elapsed="0.015588"/>
</kw>
<kw name="Open URL" owner="Bits_Site_keyword">
<kw name="Evaluate" owner="BuiltIn">
<msg time="2025-05-03T21:50:58.608239" level="INFO">${options} = &lt;selenium.webdriver.chrome.options.Options object at 0x000001EC640E7AD0&gt;</msg>
<var>${options}</var>
<arg>sys.modules['selenium.webdriver'].ChromeOptions()</arg>
<arg>sys, selenium.webdriver</arg>
<doc>Evaluates the given expression in Python and returns the result.</doc>
<status status="PASS" start="2025-05-03T21:50:58.608239" elapsed="0.000000"/>
</kw>
<kw name="Create List" owner="BuiltIn">
<msg time="2025-05-03T21:50:58.609250" level="INFO">${switches} = ['enable-logging']</msg>
<var>${switches}</var>
<arg>enable-logging</arg>
<doc>Returns a list containing given items.</doc>
<status status="PASS" start="2025-05-03T21:50:58.609250" elapsed="0.000000"/>
</kw>
<kw name="Call Method" owner="BuiltIn">
<arg>${options}</arg>
<arg>add_experimental_option</arg>
<arg>excludeSwitches</arg>
<arg>${switches}</arg>
<doc>Calls the named method of the given object with the provided arguments.</doc>
<status status="PASS" start="2025-05-03T21:50:58.609250" elapsed="0.000808"/>
</kw>
<kw name="Call Method" owner="BuiltIn">
<arg>${options}</arg>
<arg>add_experimental_option</arg>
<arg>detach</arg>
<arg>${True}</arg>
<doc>Calls the named method of the given object with the provided arguments.</doc>
<status status="PASS" start="2025-05-03T21:50:58.610106" elapsed="0.000000"/>
</kw>
<kw name="Open Browser" owner="SeleniumLibrary">
<msg time="2025-05-03T21:50:58.611383" level="INFO">Opening browser 'Chrome' to base url 'file:///C:/Users/Microsoft/Desktop/Bits/Website/index.html'.</msg>
<arg>${URL}</arg>
<arg>${browser}</arg>
<arg>options=${options}</arg>
<doc>Opens a new browser instance to the optional ``url``.</doc>
<status status="PASS" start="2025-05-03T21:50:58.610106" elapsed="2.246566"/>
</kw>
<kw name="Maximize Browser Window" owner="SeleniumLibrary">
<doc>Maximizes current browser window.</doc>
<status status="PASS" start="2025-05-03T21:51:00.856672" elapsed="0.068927"/>
</kw>
<arg>${URL}</arg>
<arg>Chrome</arg>
<status status="PASS" start="2025-05-03T21:50:58.606505" elapsed="2.319094"/>
</kw>
<arg>Test_setup_keyword</arg>
<arg>AND</arg>
<arg>Open URL</arg>
<arg>${URL}</arg>
<arg>Chrome</arg>
<doc>Executes all the given keywords in a sequence.</doc>
<status status="PASS" start="2025-05-03T21:50:58.590917" elapsed="2.334682"/>
</kw>
<kw name="Validate Home Page Details" owner="Bits_Site_keyword">
<kw name="Save Current Run Web Source" owner="Self_Heaaling_Moniker">
<kw name="Get Title" owner="SeleniumLibrary">
<msg time="2025-05-03T21:51:00.954918" level="INFO">${Page_title} = Home - BITS Pilani</msg>
<var>${Page_title}</var>
<doc>Returns the title of the current page.</doc>
<status status="PASS" start="2025-05-03T21:51:00.935710" elapsed="0.019208"/>
</kw>
<kw name="Get Source" owner="SeleniumLibrary">
<msg time="2025-05-03T21:51:00.958991" level="INFO">${Page_Source} = &lt;html lang="en"&gt;&lt;head&gt;
    &lt;meta charset="UTF-8"&gt;
    &lt;meta name="viewport" content="width=device-width, initial-scale=1.0"&gt;
    &lt;title&gt;Home - BITS Pilani&lt;/title&gt;
    &lt;link rel="stylesheet" href="styl...</msg>
<var>${Page_Source}</var>
<doc>Returns the entire HTML source of the current page or frame.</doc>
<status status="PASS" start="2025-05-03T21:51:00.954918" elapsed="0.004073"/>
</kw>
<kw name="Create File" owner="OperatingSystem">
<msg time="2025-05-03T21:51:00.962979" level="INFO" html="true">Created file '&lt;a href="file://C:\Users\Microsoft\Desktop\Bits\SEM4\Current_logs\Home - BITS Pilani.txt"&gt;C:\Users\Microsoft\Desktop\Bits\SEM4\Current_logs\Home - BITS Pilani.txt&lt;/a&gt;'.</msg>
<arg>C:\\Users\\Microsoft\\Desktop\\Bits\\SEM4\\Current_logs\\${Page_title}.txt</arg>
<arg>${Page_Source}</arg>
<doc>Creates a file with the given content and encoding.</doc>
<status status="PASS" start="2025-05-03T21:51:00.958991" elapsed="0.005411"/>
</kw>
<status status="PASS" start="2025-05-03T21:51:00.929669" elapsed="0.035755"/>
</kw>
<kw name="Validate Text On Home Page" owner="Bits_Site_keyword">
<kw name="Save Current Run Web Source" owner="Self_Heaaling_Moniker">
<kw name="Get Title" owner="SeleniumLibrary">
<msg time="2025-05-03T21:51:00.988685" level="INFO">${Page_title} = Home - BITS Pilani</msg>
<var>${Page_title}</var>
<doc>Returns the title of the current page.</doc>
<status status="PASS" start="2025-05-03T21:51:00.970404" elapsed="0.018281"/>
</kw>
<kw name="Get Source" owner="SeleniumLibrary">
<msg time="2025-05-03T21:51:00.998901" level="INFO">${Page_Source} = &lt;html lang="en"&gt;&lt;head&gt;
    &lt;meta charset="UTF-8"&gt;
    &lt;meta name="viewport" content="width=device-width, initial-scale=1.0"&gt;
    &lt;title&gt;Home - BITS Pilani&lt;/title&gt;
    &lt;link rel="stylesheet" href="styl...</msg>
<var>${Page_Source}</var>
<doc>Returns the entire HTML source of the current page or frame.</doc>
<status status="PASS" start="2025-05-03T21:51:00.988685" elapsed="0.010216"/>
</kw>
<kw name="Create File" owner="OperatingSystem">
<msg time="2025-05-03T21:51:00.998901" level="INFO" html="true">Created file '&lt;a href="file://C:\Users\Microsoft\Desktop\Bits\SEM4\Current_logs\Home - BITS Pilani.txt"&gt;C:\Users\Microsoft\Desktop\Bits\SEM4\Current_logs\Home - BITS Pilani.txt&lt;/a&gt;'.</msg>
<arg>C:\\Users\\Microsoft\\Desktop\\Bits\\SEM4\\Current_logs\\${Page_title}.txt</arg>
<arg>${Page_Source}</arg>
<doc>Creates a file with the given content and encoding.</doc>
<status status="PASS" start="2025-05-03T21:51:00.998901" elapsed="0.000000"/>
</kw>
<status status="PASS" start="2025-05-03T21:51:00.969401" elapsed="0.029500"/>
</kw>
<kw name="Scroll Element Into View" owner="SeleniumLibrary">
<arg>${Validation_Path}</arg>
<doc>Scrolls the element identified by ``locator`` into view.</doc>
<status status="PASS" start="2025-05-03T21:51:00.998901" elapsed="0.360569"/>
</kw>
<kw name="Get Text" owner="SeleniumLibrary">
<msg time="2025-05-03T21:51:01.412837" level="INFO">${validate_Text} = Birla Institute of Technology and Science (BITS Pilani) is a premier institute in India, excelling in education, research, and innovation since 1964.</msg>
<var>${validate_Text}</var>
<arg>${Validation_Path}</arg>
<doc>Returns the text value of the element identified by ``locator``.</doc>
<status status="PASS" start="2025-05-03T21:51:01.359470" elapsed="0.053367"/>
</kw>
<kw name="Should Be Equal As Strings" owner="BuiltIn">
<arg>${validate_Text}</arg>
<arg>${From_Validate_text}</arg>
<doc>Fails if objects are unequal after converting them to strings.</doc>
<status status="PASS" start="2025-05-03T21:51:01.428485" elapsed="0.000000"/>
</kw>
<arg>${about_bits_info_xpath}</arg>
<arg>${about_bits_text}</arg>
<status status="PASS" start="2025-05-03T21:51:00.967414" elapsed="0.461071"/>
</kw>
<kw name="Validate Text On Home Page" owner="Bits_Site_keyword">
<kw name="Save Current Run Web Source" owner="Self_Heaaling_Moniker">
<kw name="Get Title" owner="SeleniumLibrary">
<msg time="2025-05-03T21:51:01.444111" level="INFO">${Page_title} = Home - BITS Pilani</msg>
<var>${Page_title}</var>
<doc>Returns the title of the current page.</doc>
<status status="PASS" start="2025-05-03T21:51:01.428485" elapsed="0.015626"/>
</kw>
<kw name="Get Source" owner="SeleniumLibrary">
<msg time="2025-05-03T21:51:01.444111" level="INFO">${Page_Source} = &lt;html lang="en"&gt;&lt;head&gt;
    &lt;meta charset="UTF-8"&gt;
    &lt;meta name="viewport" content="width=device-width, initial-scale=1.0"&gt;
    &lt;title&gt;Home - BITS Pilani&lt;/title&gt;
    &lt;link rel="stylesheet" href="styl...</msg>
<var>${Page_Source}</var>
<doc>Returns the entire HTML source of the current page or frame.</doc>
<status status="PASS" start="2025-05-03T21:51:01.444111" elapsed="0.000000"/>
</kw>
<kw name="Create File" owner="OperatingSystem">
<msg time="2025-05-03T21:51:01.459737" level="INFO" html="true">Created file '&lt;a href="file://C:\Users\Microsoft\Desktop\Bits\SEM4\Current_logs\Home - BITS Pilani.txt"&gt;C:\Users\Microsoft\Desktop\Bits\SEM4\Current_logs\Home - BITS Pilani.txt&lt;/a&gt;'.</msg>
<arg>C:\\Users\\Microsoft\\Desktop\\Bits\\SEM4\\Current_logs\\${Page_title}.txt</arg>
<arg>${Page_Source}</arg>
<doc>Creates a file with the given content and encoding.</doc>
<status status="PASS" start="2025-05-03T21:51:01.444111" elapsed="0.015626"/>
</kw>
<status status="PASS" start="2025-05-03T21:51:01.428485" elapsed="0.031252"/>
</kw>
<kw name="Scroll Element Into View" owner="SeleniumLibrary">
<arg>${Validation_Path}</arg>
<doc>Scrolls the element identified by ``locator`` into view.</doc>
<status status="PASS" start="2025-05-03T21:51:01.459737" elapsed="0.332155"/>
</kw>
<kw name="Get Text" owner="SeleniumLibrary">
<msg time="2025-05-03T21:51:01.845086" level="INFO">${validate_Text} = ✅ Ranked among India’s top private universities</msg>
<var>${validate_Text}</var>
<arg>${Validation_Path}</arg>
<doc>Returns the text value of the element identified by ``locator``.</doc>
<status status="PASS" start="2025-05-03T21:51:01.791892" elapsed="0.053194"/>
</kw>
<kw name="Should Be Equal As Strings" owner="BuiltIn">
<arg>${validate_Text}</arg>
<arg>${From_Validate_text}</arg>
<doc>Fails if objects are unequal after converting them to strings.</doc>
<status status="PASS" start="2025-05-03T21:51:01.845086" elapsed="0.000000"/>
</kw>
<arg>${Choose_Bits_reason1_xpath}</arg>
<arg>${Choose_Bits_reason1}</arg>
<status status="PASS" start="2025-05-03T21:51:01.428485" elapsed="0.416601"/>
</kw>
<kw name="Validate Text On Home Page" owner="Bits_Site_keyword">
<kw name="Save Current Run Web Source" owner="Self_Heaaling_Moniker">
<kw name="Get Title" owner="SeleniumLibrary">
<msg time="2025-05-03T21:51:01.860698" level="INFO">${Page_title} = Home - BITS Pilani</msg>
<var>${Page_title}</var>
<doc>Returns the title of the current page.</doc>
<status status="PASS" start="2025-05-03T21:51:01.845086" elapsed="0.015612"/>
</kw>
<kw name="Get Source" owner="SeleniumLibrary">
<msg time="2025-05-03T21:51:01.860698" level="INFO">${Page_Source} = &lt;html lang="en"&gt;&lt;head&gt;
    &lt;meta charset="UTF-8"&gt;
    &lt;meta name="viewport" content="width=device-width, initial-scale=1.0"&gt;
    &lt;title&gt;Home - BITS Pilani&lt;/title&gt;
    &lt;link rel="stylesheet" href="styl...</msg>
<var>${Page_Source}</var>
<doc>Returns the entire HTML source of the current page or frame.</doc>
<status status="PASS" start="2025-05-03T21:51:01.860698" elapsed="0.000000"/>
</kw>
<kw name="Create File" owner="OperatingSystem">
<msg time="2025-05-03T21:51:01.860698" level="INFO" html="true">Created file '&lt;a href="file://C:\Users\Microsoft\Desktop\Bits\SEM4\Current_logs\Home - BITS Pilani.txt"&gt;C:\Users\Microsoft\Desktop\Bits\SEM4\Current_logs\Home - BITS Pilani.txt&lt;/a&gt;'.</msg>
<arg>C:\\Users\\Microsoft\\Desktop\\Bits\\SEM4\\Current_logs\\${Page_title}.txt</arg>
<arg>${Page_Source}</arg>
<doc>Creates a file with the given content and encoding.</doc>
<status status="PASS" start="2025-05-03T21:51:01.860698" elapsed="0.000000"/>
</kw>
<status status="PASS" start="2025-05-03T21:51:01.845086" elapsed="0.015612"/>
</kw>
<kw name="Scroll Element Into View" owner="SeleniumLibrary">
<arg>${Validation_Path}</arg>
<doc>Scrolls the element identified by ``locator`` into view.</doc>
<status status="PASS" start="2025-05-03T21:51:01.860698" elapsed="0.291282"/>
</kw>
<kw name="Get Text" owner="SeleniumLibrary">
<msg time="2025-05-03T21:51:02.183217" level="INFO">${validate_Text} = ✅ Flexible academic structure with research opportunities</msg>
<var>${validate_Text}</var>
<arg>${Validation_Path}</arg>
<doc>Returns the text value of the element identified by ``locator``.</doc>
<status status="PASS" start="2025-05-03T21:51:02.151980" elapsed="0.031237"/>
</kw>
<kw name="Should Be Equal As Strings" owner="BuiltIn">
<arg>${validate_Text}</arg>
<arg>${From_Validate_text}</arg>
<doc>Fails if objects are unequal after converting them to strings.</doc>
<status status="PASS" start="2025-05-03T21:51:02.183217" elapsed="0.000000"/>
</kw>
<arg>${Choose_Bits_reason2_xpath}</arg>
<arg>${Choose_Bits_reason2}</arg>
<status status="PASS" start="2025-05-03T21:51:01.845086" elapsed="0.338131"/>
</kw>
<kw name="Validate Text On Home Page" owner="Bits_Site_keyword">
<kw name="Save Current Run Web Source" owner="Self_Heaaling_Moniker">
<kw name="Get Title" owner="SeleniumLibrary">
<msg time="2025-05-03T21:51:02.183217" level="INFO">${Page_title} = Home - BITS Pilani</msg>
<var>${Page_title}</var>
<doc>Returns the title of the current page.</doc>
<status status="PASS" start="2025-05-03T21:51:02.183217" elapsed="0.000000"/>
</kw>
<kw name="Get Source" owner="SeleniumLibrary">
<msg time="2025-05-03T21:51:02.198800" level="INFO">${Page_Source} = &lt;html lang="en"&gt;&lt;head&gt;
    &lt;meta charset="UTF-8"&gt;
    &lt;meta name="viewport" content="width=device-width, initial-scale=1.0"&gt;
    &lt;title&gt;Home - BITS Pilani&lt;/title&gt;
    &lt;link rel="stylesheet" href="styl...</msg>
<var>${Page_Source}</var>
<doc>Returns the entire HTML source of the current page or frame.</doc>
<status status="PASS" start="2025-05-03T21:51:02.183217" elapsed="0.015583"/>
</kw>
<kw name="Create File" owner="OperatingSystem">
<msg time="2025-05-03T21:51:02.198800" level="INFO" html="true">Created file '&lt;a href="file://C:\Users\Microsoft\Desktop\Bits\SEM4\Current_logs\Home - BITS Pilani.txt"&gt;C:\Users\Microsoft\Desktop\Bits\SEM4\Current_logs\Home - BITS Pilani.txt&lt;/a&gt;'.</msg>
<arg>C:\\Users\\Microsoft\\Desktop\\Bits\\SEM4\\Current_logs\\${Page_title}.txt</arg>
<arg>${Page_Source}</arg>
<doc>Creates a file with the given content and encoding.</doc>
<status status="PASS" start="2025-05-03T21:51:02.198800" elapsed="0.000000"/>
</kw>
<status status="PASS" start="2025-05-03T21:51:02.183217" elapsed="0.015583"/>
</kw>
<kw name="Scroll Element Into View" owner="SeleniumLibrary">
<arg>${Validation_Path}</arg>
<doc>Scrolls the element identified by ``locator`` into view.</doc>
<status status="PASS" start="2025-05-03T21:51:02.198800" elapsed="0.295477"/>
</kw>
<kw name="Get Text" owner="SeleniumLibrary">
<msg time="2025-05-03T21:51:02.531788" level="INFO">${validate_Text} = ✅ Industry collaborations with Google, Microsoft, Tesla</msg>
<var>${validate_Text}</var>
<arg>${Validation_Path}</arg>
<doc>Returns the text value of the element identified by ``locator``.</doc>
<status status="PASS" start="2025-05-03T21:51:02.494277" elapsed="0.037511"/>
</kw>
<kw name="Should Be Equal As Strings" owner="BuiltIn">
<arg>${validate_Text}</arg>
<arg>${From_Validate_text}</arg>
<doc>Fails if objects are unequal after converting them to strings.</doc>
<status status="PASS" start="2025-05-03T21:51:02.531788" elapsed="0.000000"/>
</kw>
<arg>${Choose_Bits_reason3_xpath}</arg>
<arg>${Choose_Bits_reason3}</arg>
<status status="PASS" start="2025-05-03T21:51:02.183217" elapsed="0.348571"/>
</kw>
<kw name="Validate Text On Home Page" owner="Bits_Site_keyword">
<kw name="Save Current Run Web Source" owner="Self_Heaaling_Moniker">
<kw name="Get Title" owner="SeleniumLibrary">
<msg time="2025-05-03T21:51:02.547408" level="INFO">${Page_title} = Home - BITS Pilani</msg>
<var>${Page_title}</var>
<doc>Returns the title of the current page.</doc>
<status status="PASS" start="2025-05-03T21:51:02.531788" elapsed="0.015620"/>
</kw>
<kw name="Get Source" owner="SeleniumLibrary">
<msg time="2025-05-03T21:51:02.547408" level="INFO">${Page_Source} = &lt;html lang="en"&gt;&lt;head&gt;
    &lt;meta charset="UTF-8"&gt;
    &lt;meta name="viewport" content="width=device-width, initial-scale=1.0"&gt;
    &lt;title&gt;Home - BITS Pilani&lt;/title&gt;
    &lt;link rel="stylesheet" href="styl...</msg>
<var>${Page_Source}</var>
<doc>Returns the entire HTML source of the current page or frame.</doc>
<status status="PASS" start="2025-05-03T21:51:02.547408" elapsed="0.000000"/>
</kw>
<kw name="Create File" owner="OperatingSystem">
<msg time="2025-05-03T21:51:02.547408" level="INFO" html="true">Created file '&lt;a href="file://C:\Users\Microsoft\Desktop\Bits\SEM4\Current_logs\Home - BITS Pilani.txt"&gt;C:\Users\Microsoft\Desktop\Bits\SEM4\Current_logs\Home - BITS Pilani.txt&lt;/a&gt;'.</msg>
<arg>C:\\Users\\Microsoft\\Desktop\\Bits\\SEM4\\Current_logs\\${Page_title}.txt</arg>
<arg>${Page_Source}</arg>
<doc>Creates a file with the given content and encoding.</doc>
<status status="PASS" start="2025-05-03T21:51:02.547408" elapsed="0.000000"/>
</kw>
<status status="PASS" start="2025-05-03T21:51:02.531788" elapsed="0.015620"/>
</kw>
<kw name="Scroll Element Into View" owner="SeleniumLibrary">
<arg>${Validation_Path}</arg>
<doc>Scrolls the element identified by ``locator`` into view.</doc>
<status status="PASS" start="2025-05-03T21:51:02.547408" elapsed="0.284776"/>
</kw>
<kw name="Get Text" owner="SeleniumLibrary">
<msg time="2025-05-03T21:51:02.847809" level="INFO">${validate_Text} = ✅ 50,000+ Global Alumni Network</msg>
<var>${validate_Text}</var>
<arg>${Validation_Path}</arg>
<doc>Returns the text value of the element identified by ``locator``.</doc>
<status status="PASS" start="2025-05-03T21:51:02.832184" elapsed="0.015625"/>
</kw>
<kw name="Should Be Equal As Strings" owner="BuiltIn">
<arg>${validate_Text}</arg>
<arg>${From_Validate_text}</arg>
<doc>Fails if objects are unequal after converting them to strings.</doc>
<status status="PASS" start="2025-05-03T21:51:02.847809" elapsed="0.000000"/>
</kw>
<arg>${Choose_Bits_reason4_xpath}</arg>
<arg>${Choose_Bits_reason4}</arg>
<status status="PASS" start="2025-05-03T21:51:02.531788" elapsed="0.316021"/>
</kw>
<kw name="Validate Text On Home Page" owner="Bits_Site_keyword">
<kw name="Save Current Run Web Source" owner="Self_Heaaling_Moniker">
<kw name="Get Title" owner="SeleniumLibrary">
<msg time="2025-05-03T21:51:02.863431" level="INFO">${Page_title} = Home - BITS Pilani</msg>
<var>${Page_title}</var>
<doc>Returns the title of the current page.</doc>
<status status="PASS" start="2025-05-03T21:51:02.847809" elapsed="0.015622"/>
</kw>
<kw name="Get Source" owner="SeleniumLibrary">
<msg time="2025-05-03T21:51:02.863431" level="INFO">${Page_Source} = &lt;html lang="en"&gt;&lt;head&gt;
    &lt;meta charset="UTF-8"&gt;
    &lt;meta name="viewport" content="width=device-width, initial-scale=1.0"&gt;
    &lt;title&gt;Home - BITS Pilani&lt;/title&gt;
    &lt;link rel="stylesheet" href="styl...</msg>
<var>${Page_Source}</var>
<doc>Returns the entire HTML source of the current page or frame.</doc>
<status status="PASS" start="2025-05-03T21:51:02.863431" elapsed="0.000000"/>
</kw>
<kw name="Create File" owner="OperatingSystem">
<msg time="2025-05-03T21:51:02.863431" level="INFO" html="true">Created file '&lt;a href="file://C:\Users\Microsoft\Desktop\Bits\SEM4\Current_logs\Home - BITS Pilani.txt"&gt;C:\Users\Microsoft\Desktop\Bits\SEM4\Current_logs\Home - BITS Pilani.txt&lt;/a&gt;'.</msg>
<arg>C:\\Users\\Microsoft\\Desktop\\Bits\\SEM4\\Current_logs\\${Page_title}.txt</arg>
<arg>${Page_Source}</arg>
<doc>Creates a file with the given content and encoding.</doc>
<status status="PASS" start="2025-05-03T21:51:02.863431" elapsed="0.000000"/>
</kw>
<status status="PASS" start="2025-05-03T21:51:02.847809" elapsed="0.015622"/>
</kw>
<kw name="Scroll Element Into View" owner="SeleniumLibrary">
<arg>${Validation_Path}</arg>
<doc>Scrolls the element identified by ``locator`` into view.</doc>
<status status="PASS" start="2025-05-03T21:51:02.863431" elapsed="0.316930"/>
</kw>
<kw name="Get Text" owner="SeleniumLibrary">
<msg time="2025-05-03T21:51:03.195990" level="INFO">${validate_Text} = 📍 Pilani (Main Campus)</msg>
<var>${validate_Text}</var>
<arg>${Validation_Path}</arg>
<doc>Returns the text value of the element identified by ``locator``.</doc>
<status status="PASS" start="2025-05-03T21:51:03.180361" elapsed="0.015629"/>
</kw>
<kw name="Should Be Equal As Strings" owner="BuiltIn">
<arg>${validate_Text}</arg>
<arg>${From_Validate_text}</arg>
<doc>Fails if objects are unequal after converting them to strings.</doc>
<status status="PASS" start="2025-05-03T21:51:03.195990" elapsed="0.000000"/>
</kw>
<arg>${campus1_xpath}</arg>
<arg>${campus1_text}</arg>
<status status="PASS" start="2025-05-03T21:51:02.847809" elapsed="0.348181"/>
</kw>
<kw name="Validate Text On Home Page" owner="Bits_Site_keyword">
<kw name="Save Current Run Web Source" owner="Self_Heaaling_Moniker">
<kw name="Get Title" owner="SeleniumLibrary">
<msg time="2025-05-03T21:51:03.195990" level="INFO">${Page_title} = Home - BITS Pilani</msg>
<var>${Page_title}</var>
<doc>Returns the title of the current page.</doc>
<status status="PASS" start="2025-05-03T21:51:03.195990" elapsed="0.000000"/>
</kw>
<kw name="Get Source" owner="SeleniumLibrary">
<msg time="2025-05-03T21:51:03.195990" level="INFO">${Page_Source} = &lt;html lang="en"&gt;&lt;head&gt;
    &lt;meta charset="UTF-8"&gt;
    &lt;meta name="viewport" content="width=device-width, initial-scale=1.0"&gt;
    &lt;title&gt;Home - BITS Pilani&lt;/title&gt;
    &lt;link rel="stylesheet" href="styl...</msg>
<var>${Page_Source}</var>
<doc>Returns the entire HTML source of the current page or frame.</doc>
<status status="PASS" start="2025-05-03T21:51:03.195990" elapsed="0.000000"/>
</kw>
<kw name="Create File" owner="OperatingSystem">
<msg time="2025-05-03T21:51:03.195990" level="INFO" html="true">Created file '&lt;a href="file://C:\Users\Microsoft\Desktop\Bits\SEM4\Current_logs\Home - BITS Pilani.txt"&gt;C:\Users\Microsoft\Desktop\Bits\SEM4\Current_logs\Home - BITS Pilani.txt&lt;/a&gt;'.</msg>
<arg>C:\\Users\\Microsoft\\Desktop\\Bits\\SEM4\\Current_logs\\${Page_title}.txt</arg>
<arg>${Page_Source}</arg>
<doc>Creates a file with the given content and encoding.</doc>
<status status="PASS" start="2025-05-03T21:51:03.195990" elapsed="0.000000"/>
</kw>
<status status="PASS" start="2025-05-03T21:51:03.195990" elapsed="0.000000"/>
</kw>
<kw name="Scroll Element Into View" owner="SeleniumLibrary">
<arg>${Validation_Path}</arg>
<doc>Scrolls the element identified by ``locator`` into view.</doc>
<status status="PASS" start="2025-05-03T21:51:03.195990" elapsed="0.285863"/>
</kw>
<kw name="Get Text" owner="SeleniumLibrary">
<msg time="2025-05-03T21:51:03.535332" level="INFO">${validate_Text} = 📍 Goa Campus</msg>
<var>${validate_Text}</var>
<arg>${Validation_Path}</arg>
<doc>Returns the text value of the element identified by ``locator``.</doc>
<status status="PASS" start="2025-05-03T21:51:03.481853" elapsed="0.053479"/>
</kw>
<kw name="Should Be Equal As Strings" owner="BuiltIn">
<arg>${validate_Text}</arg>
<arg>${From_Validate_text}</arg>
<doc>Fails if objects are unequal after converting them to strings.</doc>
<status status="PASS" start="2025-05-03T21:51:03.535332" elapsed="0.000000"/>
</kw>
<arg>${campus2_xpath}</arg>
<arg>${campus2_text}</arg>
<status status="PASS" start="2025-05-03T21:51:03.195990" elapsed="0.339342"/>
</kw>
<kw name="Validate Text On Home Page" owner="Bits_Site_keyword">
<kw name="Save Current Run Web Source" owner="Self_Heaaling_Moniker">
<kw name="Get Title" owner="SeleniumLibrary">
<msg time="2025-05-03T21:51:03.550938" level="INFO">${Page_title} = Home - BITS Pilani</msg>
<var>${Page_title}</var>
<doc>Returns the title of the current page.</doc>
<status status="PASS" start="2025-05-03T21:51:03.550938" elapsed="0.000000"/>
</kw>
<kw name="Get Source" owner="SeleniumLibrary">
<msg time="2025-05-03T21:51:03.550938" level="INFO">${Page_Source} = &lt;html lang="en"&gt;&lt;head&gt;
    &lt;meta charset="UTF-8"&gt;
    &lt;meta name="viewport" content="width=device-width, initial-scale=1.0"&gt;
    &lt;title&gt;Home - BITS Pilani&lt;/title&gt;
    &lt;link rel="stylesheet" href="styl...</msg>
<var>${Page_Source}</var>
<doc>Returns the entire HTML source of the current page or frame.</doc>
<status status="PASS" start="2025-05-03T21:51:03.550938" elapsed="0.000000"/>
</kw>
<kw name="Create File" owner="OperatingSystem">
<msg time="2025-05-03T21:51:03.550938" level="INFO" html="true">Created file '&lt;a href="file://C:\Users\Microsoft\Desktop\Bits\SEM4\Current_logs\Home - BITS Pilani.txt"&gt;C:\Users\Microsoft\Desktop\Bits\SEM4\Current_logs\Home - BITS Pilani.txt&lt;/a&gt;'.</msg>
<arg>C:\\Users\\Microsoft\\Desktop\\Bits\\SEM4\\Current_logs\\${Page_title}.txt</arg>
<arg>${Page_Source}</arg>
<doc>Creates a file with the given content and encoding.</doc>
<status status="PASS" start="2025-05-03T21:51:03.550938" elapsed="0.000000"/>
</kw>
<status status="PASS" start="2025-05-03T21:51:03.535332" elapsed="0.015606"/>
</kw>
<kw name="Scroll Element Into View" owner="SeleniumLibrary">
<arg>${Validation_Path}</arg>
<doc>Scrolls the element identified by ``locator`` into view.</doc>
<status status="PASS" start="2025-05-03T21:51:03.566562" elapsed="0.285136"/>
</kw>
<kw name="Get Text" owner="SeleniumLibrary">
<msg time="2025-05-03T21:51:03.898519" level="INFO">${validate_Text} = 📍 Hyderabad Campus</msg>
<var>${validate_Text}</var>
<arg>${Validation_Path}</arg>
<doc>Returns the text value of the element identified by ``locator``.</doc>
<status status="PASS" start="2025-05-03T21:51:03.851698" elapsed="0.046821"/>
</kw>
<kw name="Should Be Equal As Strings" owner="BuiltIn">
<arg>${validate_Text}</arg>
<arg>${From_Validate_text}</arg>
<doc>Fails if objects are unequal after converting them to strings.</doc>
<status status="PASS" start="2025-05-03T21:51:03.898519" elapsed="0.000000"/>
</kw>
<arg>${campus3_xpath}</arg>
<arg>${campus3_text}</arg>
<status status="PASS" start="2025-05-03T21:51:03.535332" elapsed="0.363187"/>
</kw>
<kw name="Validate Text On Home Page" owner="Bits_Site_keyword">
<kw name="Save Current Run Web Source" owner="Self_Heaaling_Moniker">
<kw name="Get Title" owner="SeleniumLibrary">
<msg time="2025-05-03T21:51:03.920725" level="INFO">${Page_title} = Home - BITS Pilani</msg>
<var>${Page_title}</var>
<doc>Returns the title of the current page.</doc>
<status status="PASS" start="2025-05-03T21:51:03.914188" elapsed="0.006537"/>
</kw>
<kw name="Get Source" owner="SeleniumLibrary">
<msg time="2025-05-03T21:51:03.920725" level="INFO">${Page_Source} = &lt;html lang="en"&gt;&lt;head&gt;
    &lt;meta charset="UTF-8"&gt;
    &lt;meta name="viewport" content="width=device-width, initial-scale=1.0"&gt;
    &lt;title&gt;Home - BITS Pilani&lt;/title&gt;
    &lt;link rel="stylesheet" href="styl...</msg>
<var>${Page_Source}</var>
<doc>Returns the entire HTML source of the current page or frame.</doc>
<status status="PASS" start="2025-05-03T21:51:03.920725" elapsed="0.000000"/>
</kw>
<kw name="Create File" owner="OperatingSystem">
<msg time="2025-05-03T21:51:03.920725" level="INFO" html="true">Created file '&lt;a href="file://C:\Users\Microsoft\Desktop\Bits\SEM4\Current_logs\Home - BITS Pilani.txt"&gt;C:\Users\Microsoft\Desktop\Bits\SEM4\Current_logs\Home - BITS Pilani.txt&lt;/a&gt;'.</msg>
<arg>C:\\Users\\Microsoft\\Desktop\\Bits\\SEM4\\Current_logs\\${Page_title}.txt</arg>
<arg>${Page_Source}</arg>
<doc>Creates a file with the given content and encoding.</doc>
<status status="PASS" start="2025-05-03T21:51:03.920725" elapsed="0.000000"/>
</kw>
<status status="PASS" start="2025-05-03T21:51:03.914188" elapsed="0.006537"/>
</kw>
<kw name="Scroll Element Into View" owner="SeleniumLibrary">
<arg>${Validation_Path}</arg>
<doc>Scrolls the element identified by ``locator`` into view.</doc>
<status status="PASS" start="2025-05-03T21:51:03.920725" elapsed="0.294213"/>
</kw>
<kw name="Get Text" owner="SeleniumLibrary">
<msg time="2025-05-03T21:51:04.236606" level="INFO">${validate_Text} = 📍 Dubai Campus</msg>
<var>${validate_Text}</var>
<arg>${Validation_Path}</arg>
<doc>Returns the text value of the element identified by ``locator``.</doc>
<status status="PASS" start="2025-05-03T21:51:04.214938" elapsed="0.021668"/>
</kw>
<kw name="Should Be Equal As Strings" owner="BuiltIn">
<arg>${validate_Text}</arg>
<arg>${From_Validate_text}</arg>
<doc>Fails if objects are unequal after converting them to strings.</doc>
<status status="PASS" start="2025-05-03T21:51:04.236606" elapsed="0.000000"/>
</kw>
<arg>${campus4_xpath}</arg>
<arg>${campus4_text}</arg>
<status status="PASS" start="2025-05-03T21:51:03.914188" elapsed="0.322418"/>
</kw>
<kw name="Validate Text On Home Page" owner="Bits_Site_keyword">
<kw name="Save Current Run Web Source" owner="Self_Heaaling_Moniker">
<kw name="Get Title" owner="SeleniumLibrary">
<msg time="2025-05-03T21:51:04.252237" level="INFO">${Page_title} = Home - BITS Pilani</msg>
<var>${Page_title}</var>
<doc>Returns the title of the current page.</doc>
<status status="PASS" start="2025-05-03T21:51:04.252237" elapsed="0.000000"/>
</kw>
<kw name="Get Source" owner="SeleniumLibrary">
<msg time="2025-05-03T21:51:04.267851" level="INFO">${Page_Source} = &lt;html lang="en"&gt;&lt;head&gt;
    &lt;meta charset="UTF-8"&gt;
    &lt;meta name="viewport" content="width=device-width, initial-scale=1.0"&gt;
    &lt;title&gt;Home - BITS Pilani&lt;/title&gt;
    &lt;link rel="stylesheet" href="styl...</msg>
<var>${Page_Source}</var>
<doc>Returns the entire HTML source of the current page or frame.</doc>
<status status="PASS" start="2025-05-03T21:51:04.252237" elapsed="0.015614"/>
</kw>
<kw name="Create File" owner="OperatingSystem">
<msg time="2025-05-03T21:51:04.267851" level="INFO" html="true">Created file '&lt;a href="file://C:\Users\Microsoft\Desktop\Bits\SEM4\Current_logs\Home - BITS Pilani.txt"&gt;C:\Users\Microsoft\Desktop\Bits\SEM4\Current_logs\Home - BITS Pilani.txt&lt;/a&gt;'.</msg>
<arg>C:\\Users\\Microsoft\\Desktop\\Bits\\SEM4\\Current_logs\\${Page_title}.txt</arg>
<arg>${Page_Source}</arg>
<doc>Creates a file with the given content and encoding.</doc>
<status status="PASS" start="2025-05-03T21:51:04.267851" elapsed="0.000000"/>
</kw>
<status status="PASS" start="2025-05-03T21:51:04.236606" elapsed="0.031245"/>
</kw>
<kw name="Scroll Element Into View" owner="SeleniumLibrary">
<arg>${Validation_Path}</arg>
<doc>Scrolls the element identified by ``locator`` into view.</doc>
<status status="PASS" start="2025-05-03T21:51:04.267851" elapsed="0.300696"/>
</kw>
<kw name="Get Text" owner="SeleniumLibrary">
<msg time="2025-05-03T21:51:04.599765" level="INFO">${validate_Text} = BITS Pilani offers Undergraduate, Postgraduate, and Ph.D. programs in engineering, management, and research.</msg>
<var>${validate_Text}</var>
<arg>${Validation_Path}</arg>
<doc>Returns the text value of the element identified by ``locator``.</doc>
<status status="PASS" start="2025-05-03T21:51:04.568547" elapsed="0.031218"/>
</kw>
<kw name="Should Be Equal As Strings" owner="BuiltIn">
<arg>${validate_Text}</arg>
<arg>${From_Validate_text}</arg>
<doc>Fails if objects are unequal after converting them to strings.</doc>
<status status="PASS" start="2025-05-03T21:51:04.599765" elapsed="0.000000"/>
</kw>
<arg>${academic_info_xpath}</arg>
<arg>${academic_info_text}</arg>
<status status="PASS" start="2025-05-03T21:51:04.236606" elapsed="0.363159"/>
</kw>
<kw name="Validate Text On Home Page" owner="Bits_Site_keyword">
<kw name="Save Current Run Web Source" owner="Self_Heaaling_Moniker">
<kw name="Get Title" owner="SeleniumLibrary">
<msg time="2025-05-03T21:51:04.599765" level="INFO">${Page_title} = Home - BITS Pilani</msg>
<var>${Page_title}</var>
<doc>Returns the title of the current page.</doc>
<status status="PASS" start="2025-05-03T21:51:04.599765" elapsed="0.000000"/>
</kw>
<kw name="Get Source" owner="SeleniumLibrary">
<msg time="2025-05-03T21:51:04.599765" level="INFO">${Page_Source} = &lt;html lang="en"&gt;&lt;head&gt;
    &lt;meta charset="UTF-8"&gt;
    &lt;meta name="viewport" content="width=device-width, initial-scale=1.0"&gt;
    &lt;title&gt;Home - BITS Pilani&lt;/title&gt;
    &lt;link rel="stylesheet" href="styl...</msg>
<var>${Page_Source}</var>
<doc>Returns the entire HTML source of the current page or frame.</doc>
<status status="PASS" start="2025-05-03T21:51:04.599765" elapsed="0.000000"/>
</kw>
<kw name="Create File" owner="OperatingSystem">
<msg time="2025-05-03T21:51:04.599765" level="INFO" html="true">Created file '&lt;a href="file://C:\Users\Microsoft\Desktop\Bits\SEM4\Current_logs\Home - BITS Pilani.txt"&gt;C:\Users\Microsoft\Desktop\Bits\SEM4\Current_logs\Home - BITS Pilani.txt&lt;/a&gt;'.</msg>
<arg>C:\\Users\\Microsoft\\Desktop\\Bits\\SEM4\\Current_logs\\${Page_title}.txt</arg>
<arg>${Page_Source}</arg>
<doc>Creates a file with the given content and encoding.</doc>
<status status="PASS" start="2025-05-03T21:51:04.599765" elapsed="0.000000"/>
</kw>
<status status="PASS" start="2025-05-03T21:51:04.599765" elapsed="0.000000"/>
</kw>
<kw name="Scroll Element Into View" owner="SeleniumLibrary">
<arg>${Validation_Path}</arg>
<doc>Scrolls the element identified by ``locator`` into view.</doc>
<status status="PASS" start="2025-05-03T21:51:04.599765" elapsed="0.301453"/>
</kw>
<kw name="Get Text" owner="SeleniumLibrary">
<msg time="2025-05-03T21:51:04.954592" level="INFO">${validate_Text} = Our students are placed in top companies like Google, Microsoft, Amazon, Tesla, and many more.</msg>
<var>${validate_Text}</var>
<arg>${Validation_Path}</arg>
<doc>Returns the text value of the element identified by ``locator``.</doc>
<status status="PASS" start="2025-05-03T21:51:04.901218" elapsed="0.053374"/>
</kw>
<kw name="Should Be Equal As Strings" owner="BuiltIn">
<arg>${validate_Text}</arg>
<arg>${From_Validate_text}</arg>
<doc>Fails if objects are unequal after converting them to strings.</doc>
<status status="PASS" start="2025-05-03T21:51:04.954592" elapsed="0.000000"/>
</kw>
<arg>${placement_info_xpath}</arg>
<arg>${placement_info_text}</arg>
<status status="PASS" start="2025-05-03T21:51:04.599765" elapsed="0.354827"/>
</kw>
<status status="PASS" start="2025-05-03T21:51:00.929669" elapsed="4.024923"/>
</kw>
<kw name="Run Keywords" owner="BuiltIn" type="TEARDOWN">
<kw name="Run Keyword If" owner="BuiltIn">
<kw name="Passed Teardown" owner="Self_Heaaling_Moniker">
<kw name="Get Title" owner="SeleniumLibrary">
<msg time="2025-05-03T21:51:04.970174" level="INFO">${Page_title} = Home - BITS Pilani</msg>
<var>${Page_title}</var>
<doc>Returns the title of the current page.</doc>
<status status="PASS" start="2025-05-03T21:51:04.970174" elapsed="0.000000"/>
</kw>
<kw name="Copy Files" owner="OperatingSystem">
<msg time="2025-05-03T21:51:04.987721" level="INFO" html="true">Copied file from '&lt;a href="file://C:\Users\Microsoft\Desktop\Bits\SEM4\Current_logs\Home - BITS Pilani.txt"&gt;C:\Users\Microsoft\Desktop\Bits\SEM4\Current_logs\Home - BITS Pilani.txt&lt;/a&gt;' to '&lt;a href="file://C:\Users\Microsoft\Desktop\Bits\SEM4\Passed_Logs\Home - BITS Pilani.txt"&gt;C:\Users\Microsoft\Desktop\Bits\SEM4\Passed_Logs\Home - BITS Pilani.txt&lt;/a&gt;'.</msg>
<arg>C:\\Users\\Microsoft\\Desktop\\Bits\\SEM4\\Current_logs\\${Page_title}.txt</arg>
<arg>C:\\Users\\Microsoft\\Desktop\\Bits\\SEM4\\Passed_Logs</arg>
<doc>Copies specified files to the target directory.</doc>
<status status="PASS" start="2025-05-03T21:51:04.970174" elapsed="0.017547"/>
</kw>
<kw name="Close Browser" owner="SeleniumLibrary">
<doc>Closes the current browser.</doc>
<status status="PASS" start="2025-05-03T21:51:04.988728" elapsed="2.328250"/>
</kw>
<status status="PASS" start="2025-05-03T21:51:04.954592" elapsed="2.362386"/>
</kw>
<arg>'${TEST STATUS}' == 'PASS'</arg>
<arg>Passed Teardown</arg>
<doc>Runs the given keyword with the given arguments, if ``condition`` is true.</doc>
<status status="PASS" start="2025-05-03T21:51:04.954592" elapsed="2.362386"/>
</kw>
<kw name="Run Keyword If" owner="BuiltIn">
<arg>'${TEST STATUS}' == 'FAIL'</arg>
<arg>run keywords</arg>
<arg>Failed Teardown</arg>
<doc>Runs the given keyword with the given arguments, if ``condition`` is true.</doc>
<status status="PASS" start="2025-05-03T21:51:07.316978" elapsed="0.000000"/>
</kw>
<kw name="Print File Lines One By One" owner="Self_Heaaling_Moniker">
<kw name="Get File" owner="OperatingSystem">
<msg time="2025-05-03T21:51:07.316978" level="INFO" html="true">Getting file '&lt;a href="file://C:\Users\Microsoft\Desktop\Bits\SEM4\log_to_console_text.txt"&gt;C:\Users\Microsoft\Desktop\Bits\SEM4\log_to_console_text.txt&lt;/a&gt;'.</msg>
<msg time="2025-05-03T21:51:07.316978" level="INFO">${content} = </msg>
<var>${content}</var>
<arg>${FILE_PATH}</arg>
<doc>Returns the contents of a specified file.</doc>
<status status="PASS" start="2025-05-03T21:51:07.316978" elapsed="0.000000"/>
</kw>
<kw name="Split To Lines" owner="String">
<msg time="2025-05-03T21:51:07.316978" level="INFO">0 lines returned</msg>
<msg time="2025-05-03T21:51:07.316978" level="INFO">${lines} = []</msg>
<var>${lines}</var>
<arg>${content}</arg>
<doc>Splits the given string to lines.</doc>
<status status="PASS" start="2025-05-03T21:51:07.316978" elapsed="0.000000"/>
</kw>
<kw name="Get Length" owner="BuiltIn">
<msg time="2025-05-03T21:51:07.316978" level="INFO">Length is 0.</msg>
<msg time="2025-05-03T21:51:07.316978" level="INFO">${length} = 0</msg>
<var>${length}</var>
<arg>${lines}</arg>
<doc>Returns and logs the length of the given item as an integer.</doc>
<status status="PASS" start="2025-05-03T21:51:07.316978" elapsed="0.000000"/>
</kw>
<if>
<branch type="IF" condition="${length} == 0">
<kw name="Log" owner="BuiltIn">
<msg time="2025-05-03T21:51:07.316978" level="INFO">No content to print</msg>
<arg>No content to print</arg>
<doc>Logs the given message with the given level.</doc>
<status status="PASS" start="2025-05-03T21:51:07.316978" elapsed="0.000000"/>
</kw>
<status status="PASS" start="2025-05-03T21:51:07.316978" elapsed="0.000000"/>
</branch>
<branch type="ELSE">
<for flavor="IN">
<iter>
<kw name="Log To Console" owner="BuiltIn">
<arg>${line}</arg>
<doc>Logs the given message to the console.</doc>
<status status="NOT RUN" start="2025-05-03T21:51:07.316978" elapsed="0.000000"/>
</kw>
<var name="${line}"/>
<status status="NOT RUN" start="2025-05-03T21:51:07.316978" elapsed="0.000000"/>
</iter>
<var>${line}</var>
<value>@{lines}</value>
<status status="NOT RUN" start="2025-05-03T21:51:07.316978" elapsed="0.000000"/>
</for>
<status status="NOT RUN" start="2025-05-03T21:51:07.316978" elapsed="0.000000"/>
</branch>
<status status="PASS" start="2025-05-03T21:51:07.316978" elapsed="0.000000"/>
</if>
<arg>${log to console File}</arg>
<status status="PASS" start="2025-05-03T21:51:07.316978" elapsed="0.000000"/>
</kw>
<arg>Run Keyword If</arg>
<arg>'${TEST STATUS}' == 'PASS'</arg>
<arg>Passed Teardown</arg>
<arg>AND</arg>
<arg>Run Keyword If</arg>
<arg>'${TEST STATUS}' == 'FAIL'</arg>
<arg>run keywords</arg>
<arg>Failed Teardown</arg>
<arg>AND</arg>
<arg>Print File Lines One By One</arg>
<arg>${log to console File}</arg>
<doc>Executes all the given keywords in a sequence.</doc>
<status status="PASS" start="2025-05-03T21:51:04.954592" elapsed="2.362386"/>
</kw>
<status status="PASS" start="2025-05-03T21:50:58.590917" elapsed="8.726061"/>
</test>
<test id="s1-t2" name="Test2 - Verify If User Is Able To Fill Student Info And Validate It" line="19">
<kw name="Run Keywords" owner="BuiltIn" type="SETUP">
<kw name="Test_setup_keyword" owner="Self_Heaaling_Moniker">
<kw name="Get Current Date" owner="DateTime">
<msg time="2025-05-03T21:51:07.316978" level="INFO">${timestamp} = 2025_05_03_21_51_07</msg>
<var>${timestamp}</var>
<arg>result_format=%Y_%m_%d_%H_%M_%S</arg>
<doc>Returns current local or UTC time with an optional increment.</doc>
<status status="PASS" start="2025-05-03T21:51:07.316978" elapsed="0.000000"/>
</kw>
<if>
<branch type="IF" condition="'${IS_RERUN}' == 'False'">
<kw name="Create File" owner="OperatingSystem">
<msg time="2025-05-03T21:51:07.316978" level="INFO" html="true">Created file '&lt;a href="file://C:\Users\Microsoft\Desktop\Bits\SEM4\validator.txt"&gt;C:\Users\Microsoft\Desktop\Bits\SEM4\validator.txt&lt;/a&gt;'.</msg>
<arg>${validator_file}</arg>
<arg>${timestamp}${\n}</arg>
<doc>Creates a file with the given content and encoding.</doc>
<status status="PASS" start="2025-05-03T21:51:07.316978" elapsed="0.000000"/>
</kw>
<kw name="Create Dictionary" owner="BuiltIn">
<msg time="2025-05-03T21:51:07.332244" level="INFO">${re_run_flag} = {}</msg>
<var>${re_run_flag}</var>
<doc>Creates and returns a dictionary based on the given ``items``.</doc>
<status status="PASS" start="2025-05-03T21:51:07.316978" elapsed="0.015266"/>
</kw>
<kw name="Append To File" owner="OperatingSystem">
<msg time="2025-05-03T21:51:07.332244" level="INFO" html="true">Appended to file '&lt;a href="file://C:\Users\Microsoft\Desktop\Bits\SEM4\validator.txt"&gt;C:\Users\Microsoft\Desktop\Bits\SEM4\validator.txt&lt;/a&gt;'.</msg>
<arg>${validator_file}</arg>
<arg>${re_run_flag}${\n}</arg>
<doc>Appends the given content to the specified file.</doc>
<status status="PASS" start="2025-05-03T21:51:07.332244" elapsed="0.000000"/>
</kw>
<kw name="Create List" owner="BuiltIn">
<msg time="2025-05-03T21:51:07.332244" level="INFO">${console_list} = []</msg>
<var>${console_list}</var>
<doc>Returns a list containing given items.</doc>
<status status="PASS" start="2025-05-03T21:51:07.332244" elapsed="0.000000"/>
</kw>
<kw name="Append To File" owner="OperatingSystem">
<msg time="2025-05-03T21:51:07.337952" level="INFO" html="true">Appended to file '&lt;a href="file://C:\Users\Microsoft\Desktop\Bits\SEM4\validator.txt"&gt;C:\Users\Microsoft\Desktop\Bits\SEM4\validator.txt&lt;/a&gt;'.</msg>
<arg>${validator_file}</arg>
<arg>${console_list}${\n}</arg>
<doc>Appends the given content to the specified file.</doc>
<status status="PASS" start="2025-05-03T21:51:07.332244" elapsed="0.005708"/>
</kw>
<kw name="Create File" owner="OperatingSystem">
<msg time="2025-05-03T21:51:07.340900" level="INFO" html="true">Created file '&lt;a href="file://C:\Users\Microsoft\Desktop\Bits\SEM4\log_to_console_text.txt"&gt;C:\Users\Microsoft\Desktop\Bits\SEM4\log_to_console_text.txt&lt;/a&gt;'.</msg>
<arg>${log to console File}</arg>
<doc>Creates a file with the given content and encoding.</doc>
<status status="PASS" start="2025-05-03T21:51:07.338901" elapsed="0.001999"/>
</kw>
<status status="PASS" start="2025-05-03T21:51:07.316978" elapsed="0.024924"/>
</branch>
<status status="PASS" start="2025-05-03T21:51:07.316978" elapsed="0.024924"/>
</if>
<status status="PASS" start="2025-05-03T21:51:07.316978" elapsed="0.024924"/>
</kw>
<kw name="Open URL" owner="Bits_Site_keyword">
<kw name="Evaluate" owner="BuiltIn">
<msg time="2025-05-03T21:51:07.344812" level="INFO">${options} = &lt;selenium.webdriver.chrome.options.Options object at 0x000001EC644C7050&gt;</msg>
<var>${options}</var>
<arg>sys.modules['selenium.webdriver'].ChromeOptions()</arg>
<arg>sys, selenium.webdriver</arg>
<doc>Evaluates the given expression in Python and returns the result.</doc>
<status status="PASS" start="2025-05-03T21:51:07.343909" elapsed="0.000903"/>
</kw>
<kw name="Create List" owner="BuiltIn">
<msg time="2025-05-03T21:51:07.345818" level="INFO">${switches} = ['enable-logging']</msg>
<var>${switches}</var>
<arg>enable-logging</arg>
<doc>Returns a list containing given items.</doc>
<status status="PASS" start="2025-05-03T21:51:07.344812" elapsed="0.001006"/>
</kw>
<kw name="Call Method" owner="BuiltIn">
<arg>${options}</arg>
<arg>add_experimental_option</arg>
<arg>excludeSwitches</arg>
<arg>${switches}</arg>
<doc>Calls the named method of the given object with the provided arguments.</doc>
<status status="PASS" start="2025-05-03T21:51:07.345818" elapsed="0.001004"/>
</kw>
<kw name="Call Method" owner="BuiltIn">
<arg>${options}</arg>
<arg>add_experimental_option</arg>
<arg>detach</arg>
<arg>${True}</arg>
<doc>Calls the named method of the given object with the provided arguments.</doc>
<status status="PASS" start="2025-05-03T21:51:07.346822" elapsed="0.000000"/>
</kw>
<kw name="Open Browser" owner="SeleniumLibrary">
<msg time="2025-05-03T21:51:07.347819" level="INFO">Opening browser 'Chrome' to base url 'file:///C:/Users/Microsoft/Desktop/Bits/Website/index.html'.</msg>
<arg>${URL}</arg>
<arg>${browser}</arg>
<arg>options=${options}</arg>
<doc>Opens a new browser instance to the optional ``url``.</doc>
<status status="PASS" start="2025-05-03T21:51:07.346822" elapsed="2.169265"/>
</kw>
<kw name="Maximize Browser Window" owner="SeleniumLibrary">
<doc>Maximizes current browser window.</doc>
<status status="PASS" start="2025-05-03T21:51:09.516087" elapsed="0.050717"/>
</kw>
<arg>${URL}</arg>
<arg>Chrome</arg>
<status status="PASS" start="2025-05-03T21:51:07.342904" elapsed="2.223900"/>
</kw>
<arg>Test_setup_keyword</arg>
<arg>AND</arg>
<arg>Open URL</arg>
<arg>${URL}</arg>
<arg>Chrome</arg>
<doc>Executes all the given keywords in a sequence.</doc>
<status status="PASS" start="2025-05-03T21:51:07.316978" elapsed="2.249826"/>
</kw>
<kw name="Fill Student From" owner="Bits_Site_keyword">
<kw name="Click Element" owner="SeleniumLibrary">
<msg time="2025-05-03T21:51:09.566804" level="INFO">Clicking element '//li/a[@id='Form']'.</msg>
<arg>${student_Form_Button}</arg>
<doc>Click the element identified by ``locator``.</doc>
<status status="PASS" start="2025-05-03T21:51:09.566804" elapsed="0.275230"/>
</kw>
<kw name="Save Current Run Web Source" owner="Self_Heaaling_Moniker">
<kw name="Get Title" owner="SeleniumLibrary">
<msg time="2025-05-03T21:51:09.853691" level="INFO">${Page_title} = Student Form - BITS Pilani</msg>
<var>${Page_title}</var>
<doc>Returns the title of the current page.</doc>
<status status="PASS" start="2025-05-03T21:51:09.846034" elapsed="0.007657"/>
</kw>
<kw name="Get Source" owner="SeleniumLibrary">
<msg time="2025-05-03T21:51:09.860225" level="INFO">${Page_Source} = &lt;html lang="en"&gt;&lt;head&gt;
    &lt;meta charset="UTF-8"&gt;
    &lt;meta name="viewport" content="width=device-width, initial-scale=1.0"&gt;
    &lt;title&gt;Student Form - BITS Pilani&lt;/title&gt;
    &lt;link rel="stylesheet" hr...</msg>
<var>${Page_Source}</var>
<doc>Returns the entire HTML source of the current page or frame.</doc>
<status status="PASS" start="2025-05-03T21:51:09.853691" elapsed="0.006534"/>
</kw>
<kw name="Create File" owner="OperatingSystem">
<msg time="2025-05-03T21:51:09.862294" level="INFO" html="true">Created file '&lt;a href="file://C:\Users\Microsoft\Desktop\Bits\SEM4\Current_logs\Student Form - BITS Pilani.txt"&gt;C:\Users\Microsoft\Desktop\Bits\SEM4\Current_logs\Student Form - BITS Pilani.txt&lt;/a&gt;'.</msg>
<arg>C:\\Users\\Microsoft\\Desktop\\Bits\\SEM4\\Current_logs\\${Page_title}.txt</arg>
<arg>${Page_Source}</arg>
<doc>Creates a file with the given content and encoding.</doc>
<status status="PASS" start="2025-05-03T21:51:09.860225" elapsed="0.002069"/>
</kw>
<status status="PASS" start="2025-05-03T21:51:09.843035" elapsed="0.019259"/>
</kw>
<kw name="Input Text" owner="SeleniumLibrary">
<msg time="2025-05-03T21:51:09.862294" level="INFO">Typing text 'Kamakshi' into text field '//input[@id='fullName']'.</msg>
<arg>${Name_Xpath}</arg>
<arg>Kamakshi</arg>
<doc>Types the given ``text`` into the text field identified by ``locator``.</doc>
<status status="PASS" start="2025-05-03T21:51:09.862294" elapsed="0.171758"/>
</kw>
<kw name="Input Text" owner="SeleniumLibrary">
<msg time="2025-05-03T21:51:10.034052" level="INFO">Typing text '02-07-1997' into text field '//input[@id='dob']'.</msg>
<arg>${DOB_Xpath}</arg>
<arg>02-07-1997</arg>
<doc>Types the given ``text`` into the text field identified by ``locator``.</doc>
<status status="PASS" start="2025-05-03T21:51:10.034052" elapsed="0.098742"/>
</kw>
<kw name="Select from dropdown" owner="Bits_Site_keyword">
<kw name="Select From List By Value" owner="SeleniumLibrary">
<msg time="2025-05-03T21:51:10.132794" level="INFO">Selecting options from selection list '//select[@id='gender']' by value female.</msg>
<arg>${dropdown_Xpath}</arg>
<arg>${Select_from_dropdown}</arg>
<doc>Selects options from selection list ``locator`` by ``values``.</doc>
<status status="PASS" start="2025-05-03T21:51:10.132794" elapsed="0.125636"/>
</kw>
<arg>${gender_Xpath}</arg>
<arg>female</arg>
<status status="PASS" start="2025-05-03T21:51:10.132794" elapsed="0.125636"/>
</kw>
<kw name="Input Text" owner="SeleniumLibrary">
<msg time="2025-05-03T21:51:10.258430" level="INFO">Typing text '2023mt932170@gmail.com' into text field '//input[@id='email']'.</msg>
<arg>${email_Xpath}</arg>
<arg>2023mt932170@gmail.com</arg>
<doc>Types the given ``text`` into the text field identified by ``locator``.</doc>
<status status="PASS" start="2025-05-03T21:51:10.258430" elapsed="0.104777"/>
</kw>
<kw name="Input Text" owner="SeleniumLibrary">
<msg time="2025-05-03T21:51:10.363207" level="INFO">Typing text '9811286701' into text field '//input[@id='phone']'.</msg>
<arg>${phone_xpath}</arg>
<arg>9811286701</arg>
<doc>Types the given ``text`` into the text field identified by ``locator``.</doc>
<status status="PASS" start="2025-05-03T21:51:10.363207" elapsed="0.093223"/>
</kw>
<kw name="Select from dropdown" owner="Bits_Site_keyword">
<kw name="Select From List By Value" owner="SeleniumLibrary">
<msg time="2025-05-03T21:51:10.456430" level="INFO">Selecting options from selection list '//select[@id='department']' by value Computer Science.</msg>
<arg>${dropdown_Xpath}</arg>
<arg>${Select_from_dropdown}</arg>
<doc>Selects options from selection list ``locator`` by ``values``.</doc>
<status status="PASS" start="2025-05-03T21:51:10.456430" elapsed="0.065626"/>
</kw>
<arg>${Department_Xpath}</arg>
<arg>Computer Science</arg>
<status status="PASS" start="2025-05-03T21:51:10.456430" elapsed="0.065626"/>
</kw>
<kw name="Input Text" owner="SeleniumLibrary">
<msg time="2025-05-03T21:51:10.522056" level="INFO">Typing text 'Rohini sector -9' into text field '//textarea[@id='address']'.</msg>
<arg>${address_xpath}</arg>
<arg>Rohini sector -9</arg>
<doc>Types the given ``text`` into the text field identified by ``locator``.</doc>
<status status="PASS" start="2025-05-03T21:51:10.522056" elapsed="0.099757"/>
</kw>
<kw name="Input Text" owner="SeleniumLibrary">
<msg time="2025-05-03T21:51:10.621813" level="INFO">Typing text '235mt57654' into text field '//input[@id='studentID']'.</msg>
<arg>${Student_ID_Xpath}</arg>
<arg>235mt57654</arg>
<doc>Types the given ``text`` into the text field identified by ``locator``.</doc>
<status status="PASS" start="2025-05-03T21:51:10.621813" elapsed="0.087051"/>
</kw>
<kw name="Click Element" owner="SeleniumLibrary">
<msg time="2025-05-03T21:51:10.708864" level="INFO">Clicking element '//input[@id='sports']'.</msg>
<arg>${Sports_Xpath}</arg>
<doc>Click the element identified by ``locator``.</doc>
<status status="PASS" start="2025-05-03T21:51:10.708864" elapsed="0.067057"/>
</kw>
<kw name="Click Element" owner="SeleniumLibrary">
<msg time="2025-05-03T21:51:10.775921" level="INFO">Clicking element '//input[@id='music']'.</msg>
<arg>${Music_Xpath}</arg>
<doc>Click the element identified by ``locator``.</doc>
<status status="PASS" start="2025-05-03T21:51:10.775921" elapsed="0.061340"/>
</kw>
<kw name="Click Element" owner="SeleniumLibrary">
<msg time="2025-05-03T21:51:10.837261" level="INFO">Clicking element '//input[@type='submit']'.</msg>
<arg>${Register_Button}</arg>
<doc>Click the element identified by ``locator``.</doc>
<status status="PASS" start="2025-05-03T21:51:10.837261" elapsed="0.093318"/>
</kw>
<kw name="Handle Alert" owner="SeleniumLibrary">
<msg time="2025-05-03T21:51:10.931581" level="INFO">HANDLE::&lt;class 'NoneType'&gt;::None</msg>
<arg>action=ACCEPT</arg>
<doc>Handles the current alert and returns its message.</doc>
<status status="PASS" start="2025-05-03T21:51:10.930579" elapsed="0.007233"/>
</kw>
<status status="PASS" start="2025-05-03T21:51:09.566804" elapsed="1.371008"/>
</kw>
<kw name="Validate Form Details" owner="Bits_Site_keyword">
<kw name="Click Element" owner="SeleniumLibrary">
<msg time="2025-05-03T21:51:10.942486" level="INFO">Clicking element '//a[@id='details']'.</msg>
<arg>${student_detail_button}</arg>
<doc>Click the element identified by ``locator``.</doc>
<status status="PASS" start="2025-05-03T21:51:10.942486" elapsed="0.155199"/>
</kw>
<kw name="Save Current Run Web Source" owner="Self_Heaaling_Moniker">
<kw name="Get Title" owner="SeleniumLibrary">
<msg time="2025-05-03T21:51:11.110914" level="INFO">${Page_title} = Student Details - BITS Pilani</msg>
<var>${Page_title}</var>
<doc>Returns the title of the current page.</doc>
<status status="PASS" start="2025-05-03T21:51:11.097685" elapsed="0.013229"/>
</kw>
<kw name="Get Source" owner="SeleniumLibrary">
<msg time="2025-05-03T21:51:11.116932" level="INFO">${Page_Source} = &lt;html lang="en"&gt;&lt;head&gt;
    &lt;meta charset="UTF-8"&gt;
    &lt;meta name="viewport" content="width=device-width, initial-scale=1.0"&gt;
    &lt;title&gt;Student Details - BITS Pilani&lt;/title&gt;
    &lt;link rel="stylesheet"...</msg>
<var>${Page_Source}</var>
<doc>Returns the entire HTML source of the current page or frame.</doc>
<status status="PASS" start="2025-05-03T21:51:11.110914" elapsed="0.006018"/>
</kw>
<kw name="Create File" owner="OperatingSystem">
<msg time="2025-05-03T21:51:11.124965" level="INFO" html="true">Created file '&lt;a href="file://C:\Users\Microsoft\Desktop\Bits\SEM4\Current_logs\Student Details - BITS Pilani.txt"&gt;C:\Users\Microsoft\Desktop\Bits\SEM4\Current_logs\Student Details - BITS Pilani.txt&lt;/a&gt;'.</msg>
<arg>C:\\Users\\Microsoft\\Desktop\\Bits\\SEM4\\Current_logs\\${Page_title}.txt</arg>
<arg>${Page_Source}</arg>
<doc>Creates a file with the given content and encoding.</doc>
<status status="PASS" start="2025-05-03T21:51:11.116932" elapsed="0.008033"/>
</kw>
<status status="PASS" start="2025-05-03T21:51:11.097685" elapsed="0.027280"/>
</kw>
<kw name="Get text and Return" owner="Bits_Site_keyword">
<kw name="Save Current Run Web Source" owner="Self_Heaaling_Moniker">
<kw name="Get Title" owner="SeleniumLibrary">
<msg time="2025-05-03T21:51:11.129517" level="INFO">${Page_title} = Student Details - BITS Pilani</msg>
<var>${Page_title}</var>
<doc>Returns the title of the current page.</doc>
<status status="PASS" start="2025-05-03T21:51:11.126964" elapsed="0.002553"/>
</kw>
<kw name="Get Source" owner="SeleniumLibrary">
<msg time="2025-05-03T21:51:11.140566" level="INFO">${Page_Source} = &lt;html lang="en"&gt;&lt;head&gt;
    &lt;meta charset="UTF-8"&gt;
    &lt;meta name="viewport" content="width=device-width, initial-scale=1.0"&gt;
    &lt;title&gt;Student Details - BITS Pilani&lt;/title&gt;
    &lt;link rel="stylesheet"...</msg>
<var>${Page_Source}</var>
<doc>Returns the entire HTML source of the current page or frame.</doc>
<status status="PASS" start="2025-05-03T21:51:11.129517" elapsed="0.011049"/>
</kw>
<kw name="Create File" owner="OperatingSystem">
<msg time="2025-05-03T21:51:11.140566" level="INFO" html="true">Created file '&lt;a href="file://C:\Users\Microsoft\Desktop\Bits\SEM4\Current_logs\Student Details - BITS Pilani.txt"&gt;C:\Users\Microsoft\Desktop\Bits\SEM4\Current_logs\Student Details - BITS Pilani.txt&lt;/a&gt;'.</msg>
<arg>C:\\Users\\Microsoft\\Desktop\\Bits\\SEM4\\Current_logs\\${Page_title}.txt</arg>
<arg>${Page_Source}</arg>
<doc>Creates a file with the given content and encoding.</doc>
<status status="PASS" start="2025-05-03T21:51:11.140566" elapsed="0.000000"/>
</kw>
<status status="PASS" start="2025-05-03T21:51:11.126964" elapsed="0.013602"/>
</kw>
<kw name="Get Text" owner="SeleniumLibrary">
<msg time="2025-05-03T21:51:11.188000" level="INFO">${text} = 235mt57654</msg>
<var>${text}</var>
<arg>${display_field_Xpath}</arg>
<doc>Returns the text value of the element identified by ``locator``.</doc>
<status status="PASS" start="2025-05-03T21:51:11.140566" elapsed="0.047434"/>
</kw>
<return>
<value>${text}</value>
<status status="PASS" start="2025-05-03T21:51:11.188000" elapsed="0.000000"/>
</return>
<msg time="2025-05-03T21:51:11.188000" level="INFO">${Student_id} = 235mt57654</msg>
<var>${Student_id}</var>
<arg>${studentiddisplay_Xpath}</arg>
<status status="PASS" start="2025-05-03T21:51:11.125973" elapsed="0.062027"/>
</kw>
<kw name="Should Be Equal As Strings" owner="BuiltIn">
<arg>${Student_id}</arg>
<arg>235mt57654</arg>
<doc>Fails if objects are unequal after converting them to strings.</doc>
<status status="PASS" start="2025-05-03T21:51:11.188000" elapsed="0.000000"/>
</kw>
<kw name="Get text and Return" owner="Bits_Site_keyword">
<kw name="Save Current Run Web Source" owner="Self_Heaaling_Moniker">
<kw name="Get Title" owner="SeleniumLibrary">
<msg time="2025-05-03T21:51:11.188000" level="INFO">${Page_title} = Student Details - BITS Pilani</msg>
<var>${Page_title}</var>
<doc>Returns the title of the current page.</doc>
<status status="PASS" start="2025-05-03T21:51:11.188000" elapsed="0.000000"/>
</kw>
<kw name="Get Source" owner="SeleniumLibrary">
<msg time="2025-05-03T21:51:11.188000" level="INFO">${Page_Source} = &lt;html lang="en"&gt;&lt;head&gt;
    &lt;meta charset="UTF-8"&gt;
    &lt;meta name="viewport" content="width=device-width, initial-scale=1.0"&gt;
    &lt;title&gt;Student Details - BITS Pilani&lt;/title&gt;
    &lt;link rel="stylesheet"...</msg>
<var>${Page_Source}</var>
<doc>Returns the entire HTML source of the current page or frame.</doc>
<status status="PASS" start="2025-05-03T21:51:11.188000" elapsed="0.000000"/>
</kw>
<kw name="Create File" owner="OperatingSystem">
<msg time="2025-05-03T21:51:11.188000" level="INFO" html="true">Created file '&lt;a href="file://C:\Users\Microsoft\Desktop\Bits\SEM4\Current_logs\Student Details - BITS Pilani.txt"&gt;C:\Users\Microsoft\Desktop\Bits\SEM4\Current_logs\Student Details - BITS Pilani.txt&lt;/a&gt;'.</msg>
<arg>C:\\Users\\Microsoft\\Desktop\\Bits\\SEM4\\Current_logs\\${Page_title}.txt</arg>
<arg>${Page_Source}</arg>
<doc>Creates a file with the given content and encoding.</doc>
<status status="PASS" start="2025-05-03T21:51:11.188000" elapsed="0.000000"/>
</kw>
<status status="PASS" start="2025-05-03T21:51:11.188000" elapsed="0.000000"/>
</kw>
<kw name="Get Text" owner="SeleniumLibrary">
<msg time="2025-05-03T21:51:11.226912" level="INFO">${text} = Kamakshi</msg>
<var>${text}</var>
<arg>${display_field_Xpath}</arg>
<doc>Returns the text value of the element identified by ``locator``.</doc>
<status status="PASS" start="2025-05-03T21:51:11.188000" elapsed="0.038912"/>
</kw>
<return>
<value>${text}</value>
<status status="PASS" start="2025-05-03T21:51:11.227910" elapsed="0.000000"/>
</return>
<msg time="2025-05-03T21:51:11.227910" level="INFO">${Student_name} = Kamakshi</msg>
<var>${Student_name}</var>
<arg>${studentfullnamedisplay_Xpath}</arg>
<status status="PASS" start="2025-05-03T21:51:11.188000" elapsed="0.039910"/>
</kw>
<kw name="Should Be Equal As Strings" owner="BuiltIn">
<arg>${Student_name}</arg>
<arg>Kamakshi</arg>
<doc>Fails if objects are unequal after converting them to strings.</doc>
<status status="PASS" start="2025-05-03T21:51:11.227910" elapsed="0.000000"/>
</kw>
<kw name="Get text and Return" owner="Bits_Site_keyword">
<kw name="Save Current Run Web Source" owner="Self_Heaaling_Moniker">
<kw name="Get Title" owner="SeleniumLibrary">
<msg time="2025-05-03T21:51:11.232909" level="INFO">${Page_title} = Student Details - BITS Pilani</msg>
<var>${Page_title}</var>
<doc>Returns the title of the current page.</doc>
<status status="PASS" start="2025-05-03T21:51:11.228908" elapsed="0.004001"/>
</kw>
<kw name="Get Source" owner="SeleniumLibrary">
<msg time="2025-05-03T21:51:11.237177" level="INFO">${Page_Source} = &lt;html lang="en"&gt;&lt;head&gt;
    &lt;meta charset="UTF-8"&gt;
    &lt;meta name="viewport" content="width=device-width, initial-scale=1.0"&gt;
    &lt;title&gt;Student Details - BITS Pilani&lt;/title&gt;
    &lt;link rel="stylesheet"...</msg>
<var>${Page_Source}</var>
<doc>Returns the entire HTML source of the current page or frame.</doc>
<status status="PASS" start="2025-05-03T21:51:11.232909" elapsed="0.004268"/>
</kw>
<kw name="Create File" owner="OperatingSystem">
<msg time="2025-05-03T21:51:11.237177" level="INFO" html="true">Created file '&lt;a href="file://C:\Users\Microsoft\Desktop\Bits\SEM4\Current_logs\Student Details - BITS Pilani.txt"&gt;C:\Users\Microsoft\Desktop\Bits\SEM4\Current_logs\Student Details - BITS Pilani.txt&lt;/a&gt;'.</msg>
<arg>C:\\Users\\Microsoft\\Desktop\\Bits\\SEM4\\Current_logs\\${Page_title}.txt</arg>
<arg>${Page_Source}</arg>
<doc>Creates a file with the given content and encoding.</doc>
<status status="PASS" start="2025-05-03T21:51:11.237177" elapsed="0.000000"/>
</kw>
<status status="PASS" start="2025-05-03T21:51:11.228908" elapsed="0.008269"/>
</kw>
<kw name="Get Text" owner="SeleniumLibrary">
<msg time="2025-05-03T21:51:11.253537" level="INFO">${text} = Computer Science</msg>
<var>${text}</var>
<arg>${display_field_Xpath}</arg>
<doc>Returns the text value of the element identified by ``locator``.</doc>
<status status="PASS" start="2025-05-03T21:51:11.237177" elapsed="0.016360"/>
</kw>
<return>
<value>${text}</value>
<status status="PASS" start="2025-05-03T21:51:11.253537" elapsed="0.000000"/>
</return>
<msg time="2025-05-03T21:51:11.253537" level="INFO">${Student_course} = Computer Science</msg>
<var>${Student_course}</var>
<arg>${studentcoursedisplay_Xpath}</arg>
<status status="PASS" start="2025-05-03T21:51:11.228908" elapsed="0.024629"/>
</kw>
<kw name="Should Be Equal As Strings" owner="BuiltIn">
<arg>${Student_course}</arg>
<arg>Computer Science</arg>
<doc>Fails if objects are unequal after converting them to strings.</doc>
<status status="PASS" start="2025-05-03T21:51:11.253537" elapsed="0.000000"/>
</kw>
<kw name="Get text and Return" owner="Bits_Site_keyword">
<kw name="Save Current Run Web Source" owner="Self_Heaaling_Moniker">
<kw name="Get Title" owner="SeleniumLibrary">
<msg time="2025-05-03T21:51:11.253537" level="INFO">${Page_title} = Student Details - BITS Pilani</msg>
<var>${Page_title}</var>
<doc>Returns the title of the current page.</doc>
<status status="PASS" start="2025-05-03T21:51:11.253537" elapsed="0.000000"/>
</kw>
<kw name="Get Source" owner="SeleniumLibrary">
<msg time="2025-05-03T21:51:11.270213" level="INFO">${Page_Source} = &lt;html lang="en"&gt;&lt;head&gt;
    &lt;meta charset="UTF-8"&gt;
    &lt;meta name="viewport" content="width=device-width, initial-scale=1.0"&gt;
    &lt;title&gt;Student Details - BITS Pilani&lt;/title&gt;
    &lt;link rel="stylesheet"...</msg>
<var>${Page_Source}</var>
<doc>Returns the entire HTML source of the current page or frame.</doc>
<status status="PASS" start="2025-05-03T21:51:11.253537" elapsed="0.016676"/>
</kw>
<kw name="Create File" owner="OperatingSystem">
<msg time="2025-05-03T21:51:11.270213" level="INFO" html="true">Created file '&lt;a href="file://C:\Users\Microsoft\Desktop\Bits\SEM4\Current_logs\Student Details - BITS Pilani.txt"&gt;C:\Users\Microsoft\Desktop\Bits\SEM4\Current_logs\Student Details - BITS Pilani.txt&lt;/a&gt;'.</msg>
<arg>C:\\Users\\Microsoft\\Desktop\\Bits\\SEM4\\Current_logs\\${Page_title}.txt</arg>
<arg>${Page_Source}</arg>
<doc>Creates a file with the given content and encoding.</doc>
<status status="PASS" start="2025-05-03T21:51:11.270213" elapsed="0.000000"/>
</kw>
<status status="PASS" start="2025-05-03T21:51:11.253537" elapsed="0.016676"/>
</kw>
<kw name="Get Text" owner="SeleniumLibrary">
<msg time="2025-05-03T21:51:11.286931" level="INFO">${text} = 1997-02-07</msg>
<var>${text}</var>
<arg>${display_field_Xpath}</arg>
<doc>Returns the text value of the element identified by ``locator``.</doc>
<status status="PASS" start="2025-05-03T21:51:11.270213" elapsed="0.016718"/>
</kw>
<return>
<value>${text}</value>
<status status="PASS" start="2025-05-03T21:51:11.286931" elapsed="0.000000"/>
</return>
<msg time="2025-05-03T21:51:11.286931" level="INFO">${Student_DOB} = 1997-02-07</msg>
<var>${Student_DOB}</var>
<arg>${studentdobdisplay_Xpath}</arg>
<status status="PASS" start="2025-05-03T21:51:11.253537" elapsed="0.033394"/>
</kw>
<kw name="Should Be Equal As Strings" owner="BuiltIn">
<msg time="2025-05-03T21:51:11.286931" level="FAIL">1997-02-07 != 02-07-1997</msg>
<arg>${Student_DOB}</arg>
<arg>02-07-1997</arg>
<doc>Fails if objects are unequal after converting them to strings.</doc>
<status status="FAIL" start="2025-05-03T21:51:11.286931" elapsed="0.000000">1997-02-07 != 02-07-1997</status>
</kw>
<kw name="Get text and Return" owner="Bits_Site_keyword">
<var>${Student_gender}</var>
<arg>${studentgenderdisplay_Xpath}</arg>
<status status="NOT RUN" start="2025-05-03T21:51:11.286931" elapsed="0.000000"/>
</kw>
<kw name="Should Be Equal As Strings" owner="BuiltIn">
<arg>${Student_gender}</arg>
<arg>female</arg>
<doc>Fails if objects are unequal after converting them to strings.</doc>
<status status="NOT RUN" start="2025-05-03T21:51:11.286931" elapsed="0.000000"/>
</kw>
<kw name="Get text and Return" owner="Bits_Site_keyword">
<var>${Student_phone}</var>
<arg>${studentphonedisplay_Xpath}</arg>
<status status="NOT RUN" start="2025-05-03T21:51:11.286931" elapsed="0.000000"/>
</kw>
<kw name="Should Be Equal As Strings" owner="BuiltIn">
<arg>${Student_phone}</arg>
<arg>9811286701</arg>
<doc>Fails if objects are unequal after converting them to strings.</doc>
<status status="NOT RUN" start="2025-05-03T21:51:11.286931" elapsed="0.000000"/>
</kw>
<kw name="Get text and Return" owner="Bits_Site_keyword">
<var>${Student_Hoobby}</var>
<arg>${studenthobbiedisplay_Xpath}</arg>
<status status="NOT RUN" start="2025-05-03T21:51:11.286931" elapsed="0.000000"/>
</kw>
<kw name="Should Be Equal As Strings" owner="BuiltIn">
<arg>${Student_Hoobby}</arg>
<arg>sports, music</arg>
<doc>Fails if objects are unequal after converting them to strings.</doc>
<status status="NOT RUN" start="2025-05-03T21:51:11.286931" elapsed="0.000000"/>
</kw>
<status status="FAIL" start="2025-05-03T21:51:10.942486" elapsed="0.344445">1997-02-07 != 02-07-1997</status>
</kw>
<kw name="Run Keywords" owner="BuiltIn" type="TEARDOWN">
<kw name="Run Keyword If" owner="BuiltIn">
<arg>'${TEST STATUS}' == 'PASS'</arg>
<arg>Passed Teardown</arg>
<doc>Runs the given keyword with the given arguments, if ``condition`` is true.</doc>
<status status="PASS" start="2025-05-03T21:51:11.286931" elapsed="0.000000"/>
</kw>
<kw name="Run Keyword If" owner="BuiltIn">
<kw name="Run Keywords" owner="BuiltIn">
<kw name="Failed Teardown" owner="Self_Heaaling_Moniker">
<kw name="Verify Folder Exists And Is Not Empty" owner="Self_Heaaling_Moniker">
<kw name="Directory Should Exist" owner="OperatingSystem">
<msg time="2025-05-03T21:51:11.303597" level="INFO" html="true">Directory '&lt;a href="file://C:\Users\Microsoft\Desktop\Bits\SEM4\Passed_Logs"&gt;C:\Users\Microsoft\Desktop\Bits\SEM4\Passed_Logs&lt;/a&gt;' exists.</msg>
<arg>C:\\Users\\Microsoft\\Desktop\\Bits\\SEM4\\Passed_Logs</arg>
<arg>No Passed logs Found</arg>
<doc>Fails unless the given path points to an existing directory.</doc>
<status status="PASS" start="2025-05-03T21:51:11.302562" elapsed="0.001035"/>
</kw>
<kw name="List Files In Directory" owner="OperatingSystem">
<msg time="2025-05-03T21:51:11.303597" level="INFO" html="true">Listing contents of directory '&lt;a href="file://C:\Users\Microsoft\Desktop\Bits\SEM4\Passed_Logs"&gt;C:\Users\Microsoft\Desktop\Bits\SEM4\Passed_Logs&lt;/a&gt;'.</msg>
<msg time="2025-05-03T21:51:11.303597" level="INFO">5 files:
Courses - BITS Pilani.txt
Home - BITS Pilani.txt
Student Details - BITS Pilani.txt
Student Form - BITS Pilani.txt
Updates - BITS Pilani.txt</msg>
<msg time="2025-05-03T21:51:11.303597" level="INFO">${FILES} = ['Courses - BITS Pilani.txt', 'Home - BITS Pilani.txt', 'Student Details - BITS Pilani.txt', 'Student Form - BITS Pilani.txt', 'Updates - BITS Pilani.txt']</msg>
<var>${FILES}</var>
<arg>C:\\Users\\Microsoft\\Desktop\\Bits\\SEM4\\Passed_Logs</arg>
<doc>Wrapper for `List Directory` that returns only files.</doc>
<status status="PASS" start="2025-05-03T21:51:11.303597" elapsed="0.000000"/>
</kw>
<kw name="Should Not Be Empty" owner="BuiltIn">
<msg time="2025-05-03T21:51:11.303597" level="INFO">Length is 5.</msg>
<arg>${FILES}</arg>
<arg>No Passed logs Found</arg>
<doc>Verifies that the given item is not empty.</doc>
<status status="PASS" start="2025-05-03T21:51:11.303597" elapsed="0.000000"/>
</kw>
<status status="PASS" start="2025-05-03T21:51:11.286931" elapsed="0.016666"/>
</kw>
<kw name="Validate Error and Proceed" owner="Self_Heaaling_Moniker">
<kw name="Convert To Lower Case" owner="String">
<msg time="2025-05-03T21:51:11.303597" level="INFO">${error_message_lower} = 1997-02-07 != 02-07-1997</msg>
<var>${error_message_lower}</var>
<arg>${error_message}</arg>
<doc>Converts string to lower case.</doc>
<status status="PASS" start="2025-05-03T21:51:11.303597" elapsed="0.000000"/>
</kw>
<kw name="Run Keyword And Return Status" owner="BuiltIn">
<kw name="Should Contain" owner="BuiltIn">
<msg time="2025-05-03T21:51:11.303597" level="FAIL">'1997-02-07 != 02-07-1997' does not contain 'element with locator'</msg>
<arg>${error_message_lower}</arg>
<arg>element with locator</arg>
<doc>Fails if ``container`` does not contain ``item`` one or more times.</doc>
<status status="FAIL" start="2025-05-03T21:51:11.303597" elapsed="0.000000">'1997-02-07 != 02-07-1997' does not contain 'element with locator'</status>
</kw>
<msg time="2025-05-03T21:51:11.303597" level="INFO">${condition_1} = False</msg>
<var>${condition_1}</var>
<arg>Should Contain</arg>
<arg>${error_message_lower}</arg>
<arg>element with locator</arg>
<doc>Runs the given keyword with given arguments and returns the status as a Boolean value.</doc>
<status status="PASS" start="2025-05-03T21:51:11.303597" elapsed="0.000000"/>
</kw>
<kw name="Run Keyword And Return Status" owner="BuiltIn">
<kw name="Should Contain" owner="BuiltIn">
<msg time="2025-05-03T21:51:11.303597" level="FAIL">'1997-02-07 != 02-07-1997' does not contain 'element not visible'</msg>
<arg>${error_message_lower}</arg>
<arg>element not visible</arg>
<doc>Fails if ``container`` does not contain ``item`` one or more times.</doc>
<status status="FAIL" start="2025-05-03T21:51:11.303597" elapsed="0.000000">'1997-02-07 != 02-07-1997' does not contain 'element not visible'</status>
</kw>
<msg time="2025-05-03T21:51:11.303597" level="INFO">${condition_2} = False</msg>
<var>${condition_2}</var>
<arg>Should Contain</arg>
<arg>${error_message_lower}</arg>
<arg>element not visible</arg>
<doc>Runs the given keyword with given arguments and returns the status as a Boolean value.</doc>
<status status="PASS" start="2025-05-03T21:51:11.303597" elapsed="0.000000"/>
</kw>
<if>
<branch type="IF" condition="${condition_1} or ${condition_2}">
<kw name="Return From Keyword" owner="BuiltIn">
<arg>True</arg>
<doc>Returns from the enclosing user keyword.</doc>
<status status="NOT RUN" start="2025-05-03T21:51:11.303597" elapsed="0.000000"/>
</kw>
<status status="NOT RUN" start="2025-05-03T21:51:11.303597" elapsed="0.000000"/>
</branch>
<branch type="ELSE">
<kw name="Return From Keyword" owner="BuiltIn">
<msg time="2025-05-03T21:51:11.303597" level="INFO">Returning from the enclosing user keyword.</msg>
<arg>False</arg>
<doc>Returns from the enclosing user keyword.</doc>
<status status="PASS" start="2025-05-03T21:51:11.303597" elapsed="0.000000"/>
</kw>
<status status="PASS" start="2025-05-03T21:51:11.303597" elapsed="0.000000"/>
</branch>
<status status="PASS" start="2025-05-03T21:51:11.303597" elapsed="0.000000"/>
</if>
<msg time="2025-05-03T21:51:11.303597" level="INFO">${Is_self_heal_Applicable} = False</msg>
<var>${Is_self_heal_Applicable}</var>
<arg>${TEST MESSAGE}</arg>
<status status="PASS" start="2025-05-03T21:51:11.303597" elapsed="0.000000"/>
</kw>
<if>
<branch type="IF" condition="'${Is_self_heal_Applicable}'=='True'">
<kw name="Log" owner="BuiltIn">
<arg>${TEST MESSAGE}</arg>
<doc>Logs the given message with the given level.</doc>
<status status="NOT RUN" start="2025-05-03T21:51:11.303597" elapsed="0.000000"/>
</kw>
<kw name="Extract Xpath Info" owner="Self_Heaaling_py">
<var>${xpath_condition}</var>
<arg>${TEST MESSAGE}</arg>
<status status="NOT RUN" start="2025-05-03T21:51:11.303597" elapsed="0.000000"/>
</kw>
<kw name="Check_Iteration_For_Testcase" owner="Self_Heaaling_Moniker">
<var>${status}</var>
<arg>${xpath_condition}</arg>
<status status="NOT RUN" start="2025-05-03T21:51:11.303597" elapsed="0.000000"/>
</kw>
<kw name="Log" owner="BuiltIn">
<arg>${status}</arg>
<doc>Logs the given message with the given level.</doc>
<status status="NOT RUN" start="2025-05-03T21:51:11.303597" elapsed="0.000000"/>
</kw>
<if>
<branch type="IF" condition="${status} == ${False}">
<kw name="Get Title" owner="SeleniumLibrary">
<var>${Page_title}</var>
<doc>Returns the title of the current page.</doc>
<status status="NOT RUN" start="2025-05-03T21:51:11.303597" elapsed="0.000000"/>
</kw>
<kw name="Close Browser" owner="SeleniumLibrary">
<doc>Closes the current browser.</doc>
<status status="NOT RUN" start="2025-05-03T21:51:11.303597" elapsed="0.000000"/>
</kw>
<kw name="Get New Xpath and Update" owner="Self_Heaaling_Moniker">
<arg>${Page_title}</arg>
<arg>${TEST MESSAGE}</arg>
<status status="NOT RUN" start="2025-05-03T21:51:11.303597" elapsed="0.000000"/>
</kw>
<kw name="Get validator File Content" owner="Self_Heaaling_Moniker">
<var>${re_run_var}</var>
<status status="NOT RUN" start="2025-05-03T21:51:11.303597" elapsed="0.000000"/>
</kw>
<kw name="Append To File" owner="OperatingSystem">
<arg>${log to console File}</arg>
<arg>Updated Xpath ${xpath_condition} to ${Desired_Xpath}${\n}</arg>
<doc>Appends the given content to the specified file.</doc>
<status status="NOT RUN" start="2025-05-03T21:51:11.303597" elapsed="0.000000"/>
</kw>
<kw name="Get Current Date" owner="DateTime">
<var>${timestamp}</var>
<arg>result_format=%Y_%m_%d_%H_%M_%S</arg>
<doc>Returns current local or UTC time with an optional increment.</doc>
<status status="NOT RUN" start="2025-05-03T21:51:11.303597" elapsed="0.000000"/>
</kw>
<kw name="Set Variable" owner="BuiltIn">
<var>${log_folder}</var>
<arg>Re_Run_logs/${timestamp}/${TEST_NAME}</arg>
<doc>Returns the given values which can then be assigned to a variables.</doc>
<status status="NOT RUN" start="2025-05-03T21:51:11.303597" elapsed="0.000000"/>
</kw>
<kw name="Create Directory" owner="OperatingSystem">
<arg>${log_folder}</arg>
<doc>Creates the specified directory.</doc>
<status status="NOT RUN" start="2025-05-03T21:51:11.303597" elapsed="0.000000"/>
</kw>
<kw name="Get Current Running File" owner="Self_Heaaling_Moniker">
<var>${current_Suite}</var>
<status status="NOT RUN" start="2025-05-03T21:51:11.303597" elapsed="0.000000"/>
</kw>
<kw name="Run Process" owner="Process">
<var>${result}</var>
<arg>robot</arg>
<arg>--test</arg>
<arg>${TEST_NAME}</arg>
<arg>--outputdir</arg>
<arg>${log_folder}</arg>
<arg>--variable</arg>
<arg>IS_RERUN:True</arg>
<arg>${current_Suite}</arg>
<arg>stdout=STDOUT</arg>
<arg>stderr=STDERR</arg>
<doc>Runs a process and waits for it to complete.</doc>
<status status="NOT RUN" start="2025-05-03T21:51:11.303597" elapsed="0.000000"/>
</kw>
<kw name="Log" owner="BuiltIn">
<arg>${result.stdout}</arg>
<doc>Logs the given message with the given level.</doc>
<status status="NOT RUN" start="2025-05-03T21:51:11.303597" elapsed="0.000000"/>
</kw>
<kw name="Log" owner="BuiltIn">
<arg>${result.stderr}</arg>
<doc>Logs the given message with the given level.</doc>
<status status="NOT RUN" start="2025-05-03T21:51:11.303597" elapsed="0.000000"/>
</kw>
<kw name="Run Keyword If" owner="BuiltIn">
<arg>${result.rc} == 0</arg>
<arg>Append To File</arg>
<arg>${log to console File}</arg>
<arg>Test case Passed Check Re-Run Logs....${\n}</arg>
<arg>ELSE</arg>
<arg>get_stdout_error</arg>
<arg>${result.stdout}</arg>
<doc>Runs the given keyword with the given arguments, if ``condition`` is true.</doc>
<status status="NOT RUN" start="2025-05-03T21:51:11.303597" elapsed="0.000000"/>
</kw>
<status status="NOT RUN" start="2025-05-03T21:51:11.303597" elapsed="0.000000"/>
</branch>
<branch type="ELSE">
[...]
<status status="PASS" start="2025-05-03T21:51:22.550941" elapsed="0.000000"/>
</kw>
<kw name="Create File" owner="OperatingSystem">
<msg time="2025-05-03T21:51:22.550941" level="INFO" html="true">Created file '&lt;a href="file://C:\Users\Microsoft\Desktop\Bits\SEM4\Current_logs\Courses - BITS Pilani.txt"&gt;C:\Users\Microsoft\Desktop\Bits\SEM4\Current_logs\Courses - BITS Pilani.txt&lt;/a&gt;'.</msg>
<arg>C:\\Users\\Microsoft\\Desktop\\Bits\\SEM4\\Current_logs\\${Page_title}.txt</arg>
<arg>${Page_Source}</arg>
<doc>Creates a file with the given content and encoding.</doc>
<status status="PASS" start="2025-05-03T21:51:22.550941" elapsed="0.000000"/>
</kw>
<status status="PASS" start="2025-05-03T21:51:22.535314" elapsed="0.015627"/>
</kw>
<kw name="Split String" owner="String">
<msg time="2025-05-03T21:51:22.550941" level="INFO">${string_list} = ['🖥️ MBA in Digital Business Management', 'Learn **Digital Marketing, E-commerce, and AI-driven business strategies**.']</msg>
<var>${string_list}</var>
<arg>${string}</arg>
<arg>\n</arg>
<doc>Splits the ``string`` using ``separator`` as a delimiter string.</doc>
<status status="PASS" start="2025-05-03T21:51:22.550941" elapsed="0.000000"/>
</kw>
<return>
<value>${string_list}</value>
<status status="PASS" start="2025-05-03T21:51:22.550941" elapsed="0.000000"/>
</return>
<msg time="2025-05-03T21:51:22.550941" level="INFO">${Section_list} = ['🖥️ MBA in Digital Business Management', 'Learn **Digital Marketing, E-commerce, and AI-driven business strategies**.']</msg>
<var>${Section_list}</var>
<arg>${Section_deatils}</arg>
<status status="PASS" start="2025-05-03T21:51:22.535314" elapsed="0.015627"/>
</kw>
<kw name="Get your string to List" owner="Bits_Site_keyword">
<kw name="Save Current Run Web Source" owner="Self_Heaaling_Moniker">
<kw name="Get Title" owner="SeleniumLibrary">
<msg time="2025-05-03T21:51:22.550941" level="INFO">${Page_title} = Courses - BITS Pilani</msg>
<var>${Page_title}</var>
<doc>Returns the title of the current page.</doc>
<status status="PASS" start="2025-05-03T21:51:22.550941" elapsed="0.000000"/>
</kw>
<kw name="Get Source" owner="SeleniumLibrary">
<msg time="2025-05-03T21:51:22.566564" level="INFO">${Page_Source} = &lt;html lang="en"&gt;&lt;head&gt;
    &lt;meta charset="UTF-8"&gt;
    &lt;meta name="viewport" content="width=device-width, initial-scale=1.0"&gt;
    &lt;title&gt;Courses - BITS Pilani&lt;/title&gt;
    &lt;link rel="stylesheet" href="s...</msg>
<var>${Page_Source}</var>
<doc>Returns the entire HTML source of the current page or frame.</doc>
<status status="PASS" start="2025-05-03T21:51:22.550941" elapsed="0.015623"/>
</kw>
<kw name="Create File" owner="OperatingSystem">
<msg time="2025-05-03T21:51:22.566564" level="INFO" html="true">Created file '&lt;a href="file://C:\Users\Microsoft\Desktop\Bits\SEM4\Current_logs\Courses - BITS Pilani.txt"&gt;C:\Users\Microsoft\Desktop\Bits\SEM4\Current_logs\Courses - BITS Pilani.txt&lt;/a&gt;'.</msg>
<arg>C:\\Users\\Microsoft\\Desktop\\Bits\\SEM4\\Current_logs\\${Page_title}.txt</arg>
<arg>${Page_Source}</arg>
<doc>Creates a file with the given content and encoding.</doc>
<status status="PASS" start="2025-05-03T21:51:22.566564" elapsed="0.000000"/>
</kw>
<status status="PASS" start="2025-05-03T21:51:22.550941" elapsed="0.015623"/>
</kw>
<kw name="Split String" owner="String">
<msg time="2025-05-03T21:51:22.566564" level="INFO">${string_list} = ['🖥️ MBA in Digital Business Management', 'Learn **Digital Marketing, E-commerce, and AI-driven business strategies**.']</msg>
<var>${string_list}</var>
<arg>${string}</arg>
<arg>\n</arg>
<doc>Splits the ``string`` using ``separator`` as a delimiter string.</doc>
<status status="PASS" start="2025-05-03T21:51:22.566564" elapsed="0.000000"/>
</kw>
<return>
<value>${string_list}</value>
<status status="PASS" start="2025-05-03T21:51:22.566564" elapsed="0.000000"/>
</return>
<msg time="2025-05-03T21:51:22.566564" level="INFO">${validation_list} = ['🖥️ MBA in Digital Business Management', 'Learn **Digital Marketing, E-commerce, and AI-driven business strategies**.']</msg>
<var>${validation_list}</var>
<arg>${Validate_Section}</arg>
<status status="PASS" start="2025-05-03T21:51:22.550941" elapsed="0.015623"/>
</kw>
<kw name="Lists Should Be Equal" owner="Collections">
<arg>${Section_list}</arg>
<arg>${validation_list}</arg>
<doc>Fails if given lists are unequal.</doc>
<status status="PASS" start="2025-05-03T21:51:22.566564" elapsed="0.000000"/>
</kw>
<arg>${DBM_info_xpath}</arg>
<arg>🖥️ MBA in Digital Business Management\nLearn **Digital Marketing, E-commerce, and AI-driven business strategies**.</arg>
<status status="PASS" start="2025-05-03T21:51:22.504065" elapsed="0.062499"/>
</kw>
<kw name="Validate Sections" owner="Bits_Site_keyword">
<kw name="Save Current Run Web Source" owner="Self_Heaaling_Moniker">
<kw name="Get Title" owner="SeleniumLibrary">
<msg time="2025-05-03T21:51:22.566564" level="INFO">${Page_title} = Courses - BITS Pilani</msg>
<var>${Page_title}</var>
<doc>Returns the title of the current page.</doc>
<status status="PASS" start="2025-05-03T21:51:22.566564" elapsed="0.000000"/>
</kw>
<kw name="Get Source" owner="SeleniumLibrary">
<msg time="2025-05-03T21:51:22.566564" level="INFO">${Page_Source} = &lt;html lang="en"&gt;&lt;head&gt;
    &lt;meta charset="UTF-8"&gt;
    &lt;meta name="viewport" content="width=device-width, initial-scale=1.0"&gt;
    &lt;title&gt;Courses - BITS Pilani&lt;/title&gt;
    &lt;link rel="stylesheet" href="s...</msg>
<var>${Page_Source}</var>
<doc>Returns the entire HTML source of the current page or frame.</doc>
<status status="PASS" start="2025-05-03T21:51:22.566564" elapsed="0.000000"/>
</kw>
<kw name="Create File" owner="OperatingSystem">
<msg time="2025-05-03T21:51:22.566564" level="INFO" html="true">Created file '&lt;a href="file://C:\Users\Microsoft\Desktop\Bits\SEM4\Current_logs\Courses - BITS Pilani.txt"&gt;C:\Users\Microsoft\Desktop\Bits\SEM4\Current_logs\Courses - BITS Pilani.txt&lt;/a&gt;'.</msg>
<arg>C:\\Users\\Microsoft\\Desktop\\Bits\\SEM4\\Current_logs\\${Page_title}.txt</arg>
<arg>${Page_Source}</arg>
<doc>Creates a file with the given content and encoding.</doc>
<status status="PASS" start="2025-05-03T21:51:22.566564" elapsed="0.000000"/>
</kw>
<status status="PASS" start="2025-05-03T21:51:22.566564" elapsed="0.000000"/>
</kw>
<kw name="Get text and Return" owner="Bits_Site_keyword">
<kw name="Save Current Run Web Source" owner="Self_Heaaling_Moniker">
<kw name="Get Title" owner="SeleniumLibrary">
<msg time="2025-05-03T21:51:22.582194" level="INFO">${Page_title} = Courses - BITS Pilani</msg>
<var>${Page_title}</var>
<doc>Returns the title of the current page.</doc>
<status status="PASS" start="2025-05-03T21:51:22.582194" elapsed="0.000000"/>
</kw>
<kw name="Get Source" owner="SeleniumLibrary">
<msg time="2025-05-03T21:51:22.588703" level="INFO">${Page_Source} = &lt;html lang="en"&gt;&lt;head&gt;
    &lt;meta charset="UTF-8"&gt;
    &lt;meta name="viewport" content="width=device-width, initial-scale=1.0"&gt;
    &lt;title&gt;Courses - BITS Pilani&lt;/title&gt;
    &lt;link rel="stylesheet" href="s...</msg>
<var>${Page_Source}</var>
<doc>Returns the entire HTML source of the current page or frame.</doc>
<status status="PASS" start="2025-05-03T21:51:22.582194" elapsed="0.006509"/>
</kw>
<kw name="Create File" owner="OperatingSystem">
<msg time="2025-05-03T21:51:22.588703" level="INFO" html="true">Created file '&lt;a href="file://C:\Users\Microsoft\Desktop\Bits\SEM4\Current_logs\Courses - BITS Pilani.txt"&gt;C:\Users\Microsoft\Desktop\Bits\SEM4\Current_logs\Courses - BITS Pilani.txt&lt;/a&gt;'.</msg>
<arg>C:\\Users\\Microsoft\\Desktop\\Bits\\SEM4\\Current_logs\\${Page_title}.txt</arg>
<arg>${Page_Source}</arg>
<doc>Creates a file with the given content and encoding.</doc>
<status status="PASS" start="2025-05-03T21:51:22.588703" elapsed="0.000000"/>
</kw>
<status status="PASS" start="2025-05-03T21:51:22.582194" elapsed="0.006509"/>
</kw>
<kw name="Get Text" owner="SeleniumLibrary">
<msg time="2025-05-03T21:51:22.604337" level="INFO">${text} = 🧬 Ph.D. in Biotechnology
Research in **Genomics, Bioinformatics, and Advanced Drug Development**.</msg>
<var>${text}</var>
<arg>${display_field_Xpath}</arg>
<doc>Returns the text value of the element identified by ``locator``.</doc>
<status status="PASS" start="2025-05-03T21:51:22.588703" elapsed="0.015634"/>
</kw>
<return>
<value>${text}</value>
<status status="PASS" start="2025-05-03T21:51:22.604337" elapsed="0.000000"/>
</return>
<msg time="2025-05-03T21:51:22.604337" level="INFO">${Section_deatils} = 🧬 Ph.D. in Biotechnology
Research in **Genomics, Bioinformatics, and Advanced Drug Development**.</msg>
<var>${Section_deatils}</var>
<arg>${Section_Xpath}</arg>
<status status="PASS" start="2025-05-03T21:51:22.566564" elapsed="0.037773"/>
</kw>
<kw name="Get your string to List" owner="Bits_Site_keyword">
<kw name="Save Current Run Web Source" owner="Self_Heaaling_Moniker">
<kw name="Get Title" owner="SeleniumLibrary">
<msg time="2025-05-03T21:51:22.604337" level="INFO">${Page_title} = Courses - BITS Pilani</msg>
<var>${Page_title}</var>
<doc>Returns the title of the current page.</doc>
<status status="PASS" start="2025-05-03T21:51:22.604337" elapsed="0.000000"/>
</kw>
<kw name="Get Source" owner="SeleniumLibrary">
<msg time="2025-05-03T21:51:22.604337" level="INFO">${Page_Source} = &lt;html lang="en"&gt;&lt;head&gt;
    &lt;meta charset="UTF-8"&gt;
    &lt;meta name="viewport" content="width=device-width, initial-scale=1.0"&gt;
    &lt;title&gt;Courses - BITS Pilani&lt;/title&gt;
    &lt;link rel="stylesheet" href="s...</msg>
<var>${Page_Source}</var>
<doc>Returns the entire HTML source of the current page or frame.</doc>
<status status="PASS" start="2025-05-03T21:51:22.604337" elapsed="0.000000"/>
</kw>
<kw name="Create File" owner="OperatingSystem">
<msg time="2025-05-03T21:51:22.619964" level="INFO" html="true">Created file '&lt;a href="file://C:\Users\Microsoft\Desktop\Bits\SEM4\Current_logs\Courses - BITS Pilani.txt"&gt;C:\Users\Microsoft\Desktop\Bits\SEM4\Current_logs\Courses - BITS Pilani.txt&lt;/a&gt;'.</msg>
<arg>C:\\Users\\Microsoft\\Desktop\\Bits\\SEM4\\Current_logs\\${Page_title}.txt</arg>
<arg>${Page_Source}</arg>
<doc>Creates a file with the given content and encoding.</doc>
<status status="PASS" start="2025-05-03T21:51:22.604337" elapsed="0.015627"/>
</kw>
<status status="PASS" start="2025-05-03T21:51:22.604337" elapsed="0.015627"/>
</kw>
<kw name="Split String" owner="String">
<msg time="2025-05-03T21:51:22.619964" level="INFO">${string_list} = ['🧬 Ph.D. in Biotechnology', 'Research in **Genomics, Bioinformatics, and Advanced Drug Development**.']</msg>
<var>${string_list}</var>
<arg>${string}</arg>
<arg>\n</arg>
<doc>Splits the ``string`` using ``separator`` as a delimiter string.</doc>
<status status="PASS" start="2025-05-03T21:51:22.619964" elapsed="0.000000"/>
</kw>
<return>
<value>${string_list}</value>
<status status="PASS" start="2025-05-03T21:51:22.619964" elapsed="0.000000"/>
</return>
<msg time="2025-05-03T21:51:22.619964" level="INFO">${Section_list} = ['🧬 Ph.D. in Biotechnology', 'Research in **Genomics, Bioinformatics, and Advanced Drug Development**.']</msg>
<var>${Section_list}</var>
<arg>${Section_deatils}</arg>
<status status="PASS" start="2025-05-03T21:51:22.604337" elapsed="0.015627"/>
</kw>
<kw name="Get your string to List" owner="Bits_Site_keyword">
<kw name="Save Current Run Web Source" owner="Self_Heaaling_Moniker">
<kw name="Get Title" owner="SeleniumLibrary">
<msg time="2025-05-03T21:51:22.619964" level="INFO">${Page_title} = Courses - BITS Pilani</msg>
<var>${Page_title}</var>
<doc>Returns the title of the current page.</doc>
<status status="PASS" start="2025-05-03T21:51:22.619964" elapsed="0.000000"/>
</kw>
<kw name="Get Source" owner="SeleniumLibrary">
<msg time="2025-05-03T21:51:22.619964" level="INFO">${Page_Source} = &lt;html lang="en"&gt;&lt;head&gt;
    &lt;meta charset="UTF-8"&gt;
    &lt;meta name="viewport" content="width=device-width, initial-scale=1.0"&gt;
    &lt;title&gt;Courses - BITS Pilani&lt;/title&gt;
    &lt;link rel="stylesheet" href="s...</msg>
<var>${Page_Source}</var>
<doc>Returns the entire HTML source of the current page or frame.</doc>
<status status="PASS" start="2025-05-03T21:51:22.619964" elapsed="0.000000"/>
</kw>
<kw name="Create File" owner="OperatingSystem">
<msg time="2025-05-03T21:51:22.619964" level="INFO" html="true">Created file '&lt;a href="file://C:\Users\Microsoft\Desktop\Bits\SEM4\Current_logs\Courses - BITS Pilani.txt"&gt;C:\Users\Microsoft\Desktop\Bits\SEM4\Current_logs\Courses - BITS Pilani.txt&lt;/a&gt;'.</msg>
<arg>C:\\Users\\Microsoft\\Desktop\\Bits\\SEM4\\Current_logs\\${Page_title}.txt</arg>
<arg>${Page_Source}</arg>
<doc>Creates a file with the given content and encoding.</doc>
<status status="PASS" start="2025-05-03T21:51:22.619964" elapsed="0.000000"/>
</kw>
<status status="PASS" start="2025-05-03T21:51:22.619964" elapsed="0.000000"/>
</kw>
<kw name="Split String" owner="String">
<msg time="2025-05-03T21:51:22.619964" level="INFO">${string_list} = ['🧬 Ph.D. in Biotechnology', 'Research in **Genomics, Bioinformatics, and Advanced Drug Development**.']</msg>
<var>${string_list}</var>
<arg>${string}</arg>
<arg>\n</arg>
<doc>Splits the ``string`` using ``separator`` as a delimiter string.</doc>
<status status="PASS" start="2025-05-03T21:51:22.619964" elapsed="0.000000"/>
</kw>
<return>
<value>${string_list}</value>
<status status="PASS" start="2025-05-03T21:51:22.619964" elapsed="0.000000"/>
</return>
<msg time="2025-05-03T21:51:22.619964" level="INFO">${validation_list} = ['🧬 Ph.D. in Biotechnology', 'Research in **Genomics, Bioinformatics, and Advanced Drug Development**.']</msg>
<var>${validation_list}</var>
<arg>${Validate_Section}</arg>
<status status="PASS" start="2025-05-03T21:51:22.619964" elapsed="0.000000"/>
</kw>
<kw name="Lists Should Be Equal" owner="Collections">
<arg>${Section_list}</arg>
<arg>${validation_list}</arg>
<doc>Fails if given lists are unequal.</doc>
<status status="PASS" start="2025-05-03T21:51:22.619964" elapsed="0.000000"/>
</kw>
<arg>${bio_info_xpath}</arg>
<arg>🧬 Ph.D. in Biotechnology\nResearch in **Genomics, Bioinformatics, and Advanced Drug Development**.</arg>
<status status="PASS" start="2025-05-03T21:51:22.566564" elapsed="0.053400"/>
</kw>
<status status="PASS" start="2025-05-03T21:51:21.739256" elapsed="0.880708"/>
</kw>
<kw name="Run Keywords" owner="BuiltIn" type="TEARDOWN">
<kw name="Run Keyword If" owner="BuiltIn">
<kw name="Passed Teardown" owner="Self_Heaaling_Moniker">
<kw name="Get Title" owner="SeleniumLibrary">
<msg time="2025-05-03T21:51:22.635586" level="INFO">${Page_title} = Courses - BITS Pilani</msg>
<var>${Page_title}</var>
<doc>Returns the title of the current page.</doc>
<status status="PASS" start="2025-05-03T21:51:22.619964" elapsed="0.015622"/>
</kw>
<kw name="Copy Files" owner="OperatingSystem">
<msg time="2025-05-03T21:51:22.635586" level="INFO" html="true">Copied file from '&lt;a href="file://C:\Users\Microsoft\Desktop\Bits\SEM4\Current_logs\Courses - BITS Pilani.txt"&gt;C:\Users\Microsoft\Desktop\Bits\SEM4\Current_logs\Courses - BITS Pilani.txt&lt;/a&gt;' to '&lt;a href="file://C:\Users\Microsoft\Desktop\Bits\SEM4\Passed_Logs\Courses - BITS Pilani.txt"&gt;C:\Users\Microsoft\Desktop\Bits\SEM4\Passed_Logs\Courses - BITS Pilani.txt&lt;/a&gt;'.</msg>
<arg>C:\\Users\\Microsoft\\Desktop\\Bits\\SEM4\\Current_logs\\${Page_title}.txt</arg>
<arg>C:\\Users\\Microsoft\\Desktop\\Bits\\SEM4\\Passed_Logs</arg>
<doc>Copies specified files to the target directory.</doc>
<status status="PASS" start="2025-05-03T21:51:22.635586" elapsed="0.000000"/>
</kw>
<kw name="Close Browser" owner="SeleniumLibrary">
<doc>Closes the current browser.</doc>
<status status="PASS" start="2025-05-03T21:51:22.635586" elapsed="2.506972"/>
</kw>
<status status="PASS" start="2025-05-03T21:51:22.619964" elapsed="2.522594"/>
</kw>
<arg>'${TEST STATUS}' == 'PASS'</arg>
<arg>Passed Teardown</arg>
<doc>Runs the given keyword with the given arguments, if ``condition`` is true.</doc>
<status status="PASS" start="2025-05-03T21:51:22.619964" elapsed="2.522594"/>
</kw>
<kw name="Run Keyword If" owner="BuiltIn">
<arg>'${TEST STATUS}' == 'FAIL'</arg>
<arg>run keywords</arg>
<arg>Failed Teardown</arg>
<doc>Runs the given keyword with the given arguments, if ``condition`` is true.</doc>
<status status="PASS" start="2025-05-03T21:51:25.142558" elapsed="0.000000"/>
</kw>
<kw name="Print File Lines One By One" owner="Self_Heaaling_Moniker">
<kw name="Get File" owner="OperatingSystem">
<msg time="2025-05-03T21:51:25.142558" level="INFO" html="true">Getting file '&lt;a href="file://C:\Users\Microsoft\Desktop\Bits\SEM4\log_to_console_text.txt"&gt;C:\Users\Microsoft\Desktop\Bits\SEM4\log_to_console_text.txt&lt;/a&gt;'.</msg>
<msg time="2025-05-03T21:51:25.142558" level="INFO">${content} = </msg>
<var>${content}</var>
<arg>${FILE_PATH}</arg>
<doc>Returns the contents of a specified file.</doc>
<status status="PASS" start="2025-05-03T21:51:25.142558" elapsed="0.000000"/>
</kw>
<kw name="Split To Lines" owner="String">
<msg time="2025-05-03T21:51:25.142558" level="INFO">0 lines returned</msg>
<msg time="2025-05-03T21:51:25.142558" level="INFO">${lines} = []</msg>
<var>${lines}</var>
<arg>${content}</arg>
<doc>Splits the given string to lines.</doc>
<status status="PASS" start="2025-05-03T21:51:25.142558" elapsed="0.000000"/>
</kw>
<kw name="Get Length" owner="BuiltIn">
<msg time="2025-05-03T21:51:25.142558" level="INFO">Length is 0.</msg>
<msg time="2025-05-03T21:51:25.142558" level="INFO">${length} = 0</msg>
<var>${length}</var>
<arg>${lines}</arg>
<doc>Returns and logs the length of the given item as an integer.</doc>
<status status="PASS" start="2025-05-03T21:51:25.142558" elapsed="0.000000"/>
</kw>
<if>
<branch type="IF" condition="${length} == 0">
<kw name="Log" owner="BuiltIn">
<msg time="2025-05-03T21:51:25.142558" level="INFO">No content to print</msg>
<arg>No content to print</arg>
<doc>Logs the given message with the given level.</doc>
<status status="PASS" start="2025-05-03T21:51:25.142558" elapsed="0.000000"/>
</kw>
<status status="PASS" start="2025-05-03T21:51:25.142558" elapsed="0.000000"/>
</branch>
<branch type="ELSE">
<for flavor="IN">
<iter>
<kw name="Log To Console" owner="BuiltIn">
<arg>${line}</arg>
<doc>Logs the given message to the console.</doc>
<status status="NOT RUN" start="2025-05-03T21:51:25.142558" elapsed="0.000000"/>
</kw>
<var name="${line}"/>
<status status="NOT RUN" start="2025-05-03T21:51:25.142558" elapsed="0.015310"/>
</iter>
<var>${line}</var>
<value>@{lines}</value>
<status status="NOT RUN" start="2025-05-03T21:51:25.142558" elapsed="0.015310"/>
</for>
<status status="NOT RUN" start="2025-05-03T21:51:25.142558" elapsed="0.015310"/>
</branch>
<status status="PASS" start="2025-05-03T21:51:25.142558" elapsed="0.015310"/>
</if>
<arg>${log to console File}</arg>
<status status="PASS" start="2025-05-03T21:51:25.142558" elapsed="0.015310"/>
</kw>
<arg>Run Keyword If</arg>
<arg>'${TEST STATUS}' == 'PASS'</arg>
<arg>Passed Teardown</arg>
<arg>AND</arg>
<arg>Run Keyword If</arg>
<arg>'${TEST STATUS}' == 'FAIL'</arg>
<arg>run keywords</arg>
<arg>Failed Teardown</arg>
<arg>AND</arg>
<arg>Print File Lines One By One</arg>
<arg>${log to console File}</arg>
<doc>Executes all the given keywords in a sequence.</doc>
<status status="PASS" start="2025-05-03T21:51:22.619964" elapsed="2.537904"/>
</kw>
<status status="PASS" start="2025-05-03T21:51:19.408689" elapsed="5.749179"/>
</test>
<status status="FAIL" start="2025-05-03T21:50:49.307319" elapsed="35.850549"/>
</suite>
<statistics>
<total>
<stat pass="3" fail="1" skip="0">All Tests</stat>
</total>
<tag>
</tag>
<suite>
<stat name="Self Heal" id="s1" pass="3" fail="1" skip="0">Self Heal</stat>
</suite>
</statistics>
<errors>
</errors>
</robot>
