<?xml version="1.0" encoding="UTF-8"?>
<robot generator="Robot 7.2.2 (Python 3.11.0 on win32)" generated="2025-04-14T00:07:47.428229" rpa="false" schemaversion="5">
<suite id="s1" name="Self Heal" source="C:\Users\Microsoft\Desktop\Bits\SEM4\Self_Heal.robot">
<kw name="Set Screenshot Directory" owner="SeleniumLibrary" type="SETUP">
<arg>C:\\Users\\Microsoft\\Desktop\\Bits\\SEM4\\Screenshots</arg>
<doc>Sets the directory for captured screenshots.</doc>
<status status="PASS" start="2025-04-14T00:08:01.145323" elapsed="0.000000"/>
</kw>
<test id="s1-t1" name="Test3 - Verify If User Is Validate Important Details" line="24">
<kw name="Open URL" owner="Bits_Site_keyword" type="SETUP">
<kw name="Open Browser" owner="SeleniumLibrary">
<msg time="2025-04-14T00:08:01.145323" level="INFO">Opening browser 'Chrome' to base url 'file:///C:/Users/Microsoft/Desktop/Bits/Website/index.html'.</msg>
<msg time="2025-04-14T00:08:01.824336" level="WARN">The chromedriver version (133.0.6943.53) detected in PATH at C:\Driver\chromedriver.exe might not be compatible with the detected chrome version (134.0.6998.178); currently, chromedriver 134.0.6998.165 is recommended for chrome 134.*, so it is advised to delete the driver in PATH and retry</msg>
<arg>${URL}</arg>
<arg>${browser}</arg>
<arg>options=add_experimental_option("detach",True)</arg>
<doc>Opens a new browser instance to the optional ``url``.</doc>
<status status="PASS" start="2025-04-14T00:08:01.145323" elapsed="2.891611"/>
</kw>
<kw name="Maximize Browser Window" owner="SeleniumLibrary">
<doc>Maximizes current browser window.</doc>
<status status="PASS" start="2025-04-14T00:08:04.038938" elapsed="0.078577"/>
</kw>
<arg>${URL}</arg>
<arg>Chrome</arg>
<status status="PASS" start="2025-04-14T00:08:01.145323" elapsed="2.972192"/>
</kw>
<kw name="Validate Important Details" owner="Bits_Site_keyword">
<kw name="Click Element" owner="SeleniumLibrary">
<msg time="2025-04-14T00:08:04.124989" level="INFO">Clicking element '//a[@id="updates"]'.</msg>
<arg>${important_Updates_button}</arg>
<doc>Click the element identified by ``locator``.</doc>
<status status="PASS" start="2025-04-14T00:08:04.120899" elapsed="0.268992"/>
</kw>
<kw name="Validate Sections" owner="Bits_Site_keyword">
<kw name="Get text and Return" owner="Bits_Site_keyword">
<kw name="Get Text" owner="SeleniumLibrary">
<msg time="2025-04-14T00:08:04.437390" level="INFO">${text} = 🔥 Admissions Open for 2025-26
Last Date to Apply: July 15, 2025
Location: BITS Pilani, All Campuses
Apply Now</msg>
<var>${text}</var>
<arg>${display_field_Xpath}</arg>
<doc>Returns the text value of the element identified by ``locator``.</doc>
<status status="PASS" start="2025-04-14T00:08:04.390890" elapsed="0.046500"/>
</kw>
<return>
<value>${text}</value>
<status status="PASS" start="2025-04-14T00:08:04.437390" elapsed="0.000000"/>
</return>
<msg time="2025-04-14T00:08:04.437390" level="INFO">${Section_deatils} = 🔥 Admissions Open for 2025-26
Last Date to Apply: July 15, 2025
Location: BITS Pilani, All Campuses
Apply Now</msg>
<var>${Section_deatils}</var>
<arg>${Section_Xpath}</arg>
<status status="PASS" start="2025-04-14T00:08:04.390890" elapsed="0.046500"/>
</kw>
<kw name="Get your string to List" owner="Bits_Site_keyword">
<kw name="Split String" owner="String">
<msg time="2025-04-14T00:08:04.438390" level="INFO">${string_list} = ['🔥 Admissions Open for 2025-26', 'Last Date to Apply: July 15, 2025', 'Location: BITS Pilani, All Campuses', 'Apply Now']</msg>
<var>${string_list}</var>
<arg>${string}</arg>
<arg>\n</arg>
<doc>Splits the ``string`` using ``separator`` as a delimiter string.</doc>
<status status="PASS" start="2025-04-14T00:08:04.438390" elapsed="0.000000"/>
</kw>
<return>
<value>${string_list}</value>
<status status="PASS" start="2025-04-14T00:08:04.438390" elapsed="0.000000"/>
</return>
<msg time="2025-04-14T00:08:04.438390" level="INFO">${Section_list} = ['🔥 Admissions Open for 2025-26', 'Last Date to Apply: July 15, 2025', 'Location: BITS Pilani, All Campuses', 'Apply Now']</msg>
<var>${Section_list}</var>
<arg>${Section_deatils}</arg>
<status status="PASS" start="2025-04-14T00:08:04.438390" elapsed="0.000000"/>
</kw>
<kw name="Get your string to List" owner="Bits_Site_keyword">
<kw name="Split String" owner="String">
<msg time="2025-04-14T00:08:04.438390" level="INFO">${string_list} = ['🔥 Admissions Open for 2025-26', 'Last Date to Apply: July 15, 2025', 'Location: BITS Pilani, All Campuses', 'Apply Now']</msg>
<var>${string_list}</var>
<arg>${string}</arg>
<arg>\n</arg>
<doc>Splits the ``string`` using ``separator`` as a delimiter string.</doc>
<status status="PASS" start="2025-04-14T00:08:04.438390" elapsed="0.000000"/>
</kw>
<return>
<value>${string_list}</value>
<status status="PASS" start="2025-04-14T00:08:04.438390" elapsed="0.000000"/>
</return>
<msg time="2025-04-14T00:08:04.438390" level="INFO">${validation_list} = ['🔥 Admissions Open for 2025-26', 'Last Date to Apply: July 15, 2025', 'Location: BITS Pilani, All Campuses', 'Apply Now']</msg>
<var>${validation_list}</var>
<arg>${Validate_Section}</arg>
<status status="PASS" start="2025-04-14T00:08:04.438390" elapsed="0.000000"/>
</kw>
<kw name="Lists Should Be Equal" owner="Collections">
<arg>${Section_list}</arg>
<arg>${validation_list}</arg>
<doc>Fails if given lists are unequal.</doc>
<status status="PASS" start="2025-04-14T00:08:04.438390" elapsed="0.003070"/>
</kw>
<arg>${admission_Deatils_Xpath}</arg>
<arg>🔥 Admissions Open for 2025-26\nLast Date to Apply: July 15, 2025\nLocation: BITS Pilani, All Campuses\nApply Now</arg>
<status status="PASS" start="2025-04-14T00:08:04.390890" elapsed="0.050570"/>
</kw>
<kw name="Validate Sections" owner="Bits_Site_keyword">
<kw name="Get text and Return" owner="Bits_Site_keyword">
<kw name="Get Text" owner="SeleniumLibrary">
<msg time="2025-04-14T00:08:04.474080" level="INFO">${text} = 🎓 BITS Pilani Ranked Among Top 10 Universities in India!
Ranked #7 in NIRF 2025 Rankings
Recognized as a Top Global Institute for Engineering &amp; Science</msg>
<var>${text}</var>
<arg>${display_field_Xpath}</arg>
<doc>Returns the text value of the element identified by ``locator``.</doc>
<status status="PASS" start="2025-04-14T00:08:04.444632" elapsed="0.029448"/>
</kw>
<return>
<value>${text}</value>
<status status="PASS" start="2025-04-14T00:08:04.475080" elapsed="0.000000"/>
</return>
<msg time="2025-04-14T00:08:04.475080" level="INFO">${Section_deatils} = 🎓 BITS Pilani Ranked Among Top 10 Universities in India!
Ranked #7 in NIRF 2025 Rankings
Recognized as a Top Global Institute for Engineering &amp; Science</msg>
<var>${Section_deatils}</var>
<arg>${Section_Xpath}</arg>
<status status="PASS" start="2025-04-14T00:08:04.443631" elapsed="0.031449"/>
</kw>
<kw name="Get your string to List" owner="Bits_Site_keyword">
<kw name="Split String" owner="String">
<msg time="2025-04-14T00:08:04.477078" level="INFO">${string_list} = ['🎓 BITS Pilani Ranked Among Top 10 Universities in India!', 'Ranked #7 in NIRF 2025 Rankings', 'Recognized as a Top Global Institute for Engineering &amp; Science']</msg>
<var>${string_list}</var>
<arg>${string}</arg>
<arg>\n</arg>
<doc>Splits the ``string`` using ``separator`` as a delimiter string.</doc>
<status status="PASS" start="2025-04-14T00:08:04.476079" elapsed="0.000999"/>
</kw>
<return>
<value>${string_list}</value>
<status status="PASS" start="2025-04-14T00:08:04.477078" elapsed="0.000000"/>
</return>
<msg time="2025-04-14T00:08:04.477078" level="INFO">${Section_list} = ['🎓 BITS Pilani Ranked Among Top 10 Universities in India!', 'Ranked #7 in NIRF 2025 Rankings', 'Recognized as a Top Global Institute for Engineering &amp; Science']</msg>
<var>${Section_list}</var>
<arg>${Section_deatils}</arg>
<status status="PASS" start="2025-04-14T00:08:04.476079" elapsed="0.000999"/>
</kw>
<kw name="Get your string to List" owner="Bits_Site_keyword">
<kw name="Split String" owner="String">
<msg time="2025-04-14T00:08:04.477078" level="INFO">${string_list} = ['🎓 BITS Pilani Ranked Among Top 10 Universities in India!', 'Ranked #7 in NIRF 2025 Rankings', 'Recognized as a Top Global Institute for Engineering &amp; Science']</msg>
<var>${string_list}</var>
<arg>${string}</arg>
<arg>\n</arg>
<doc>Splits the ``string`` using ``separator`` as a delimiter string.</doc>
<status status="PASS" start="2025-04-14T00:08:04.477078" elapsed="0.000000"/>
</kw>
<return>
<value>${string_list}</value>
<status status="PASS" start="2025-04-14T00:08:04.477078" elapsed="0.000000"/>
</return>
<msg time="2025-04-14T00:08:04.479582" level="INFO">${validation_list} = ['🎓 BITS Pilani Ranked Among Top 10 Universities in India!', 'Ranked #7 in NIRF 2025 Rankings', 'Recognized as a Top Global Institute for Engineering &amp; Science']</msg>
<var>${validation_list}</var>
<arg>${Validate_Section}</arg>
<status status="PASS" start="2025-04-14T00:08:04.477078" elapsed="0.002504"/>
</kw>
<kw name="Lists Should Be Equal" owner="Collections">
<arg>${Section_list}</arg>
<arg>${validation_list}</arg>
<doc>Fails if given lists are unequal.</doc>
<status status="PASS" start="2025-04-14T00:08:04.479582" elapsed="0.000000"/>
</kw>
<arg>${Rank_details_Xpath}</arg>
<arg>🎓 BITS Pilani Ranked Among Top 10 Universities in India!\nRanked #7 in NIRF 2025 Rankings\nRecognized as a Top Global Institute for Engineering &amp; Science</arg>
<status status="PASS" start="2025-04-14T00:08:04.442462" elapsed="0.038308"/>
</kw>
<kw name="Validate Sections" owner="Bits_Site_keyword">
<kw name="Get text and Return" owner="Bits_Site_keyword">
<kw name="Get Text" owner="SeleniumLibrary">
<msg time="2025-04-14T00:08:04.538988" level="INFO">${text} = 📄 Placement Report 2024
Highest Package: ₹1.5 Cr PA
Average Package: ₹28 LPA
Top Recruiters: Google, Microsoft, Amazon, Tesla</msg>
<var>${text}</var>
<arg>${display_field_Xpath}</arg>
<doc>Returns the text value of the element identified by ``locator``.</doc>
<status status="PASS" start="2025-04-14T00:08:04.483907" elapsed="0.056084"/>
</kw>
<return>
<value>${text}</value>
<status status="PASS" start="2025-04-14T00:08:04.539991" elapsed="0.000000"/>
</return>
<msg time="2025-04-14T00:08:04.540608" level="INFO">${Section_deatils} = 📄 Placement Report 2024
Highest Package: ₹1.5 Cr PA
Average Package: ₹28 LPA
Top Recruiters: Google, Microsoft, Amazon, Tesla</msg>
<var>${Section_deatils}</var>
<arg>${Section_Xpath}</arg>
<status status="PASS" start="2025-04-14T00:08:04.481816" elapsed="0.058792"/>
</kw>
<kw name="Get your string to List" owner="Bits_Site_keyword">
<kw name="Split String" owner="String">
<msg time="2025-04-14T00:08:04.542622" level="INFO">${string_list} = ['📄 Placement Report 2024', 'Highest Package: ₹1.5 Cr PA', 'Average Package: ₹28 LPA', 'Top Recruiters: Google, Microsoft, Amazon, Tesla']</msg>
<var>${string_list}</var>
<arg>${string}</arg>
<arg>\n</arg>
<doc>Splits the ``string`` using ``separator`` as a delimiter string.</doc>
<status status="PASS" start="2025-04-14T00:08:04.541609" elapsed="0.001013"/>
</kw>
<return>
<value>${string_list}</value>
<status status="PASS" start="2025-04-14T00:08:04.542622" elapsed="0.000000"/>
</return>
<msg time="2025-04-14T00:08:04.544020" level="INFO">${Section_list} = ['📄 Placement Report 2024', 'Highest Package: ₹1.5 Cr PA', 'Average Package: ₹28 LPA', 'Top Recruiters: Google, Microsoft, Amazon, Tesla']</msg>
<var>${Section_list}</var>
<arg>${Section_deatils}</arg>
<status status="PASS" start="2025-04-14T00:08:04.540608" elapsed="0.003412"/>
</kw>
<kw name="Get your string to List" owner="Bits_Site_keyword">
<kw name="Split String" owner="String">
<msg time="2025-04-14T00:08:04.545016" level="INFO">${string_list} = ['📄 Placement Report 2024', 'Highest Package: ₹1.5 Cr PA', 'Average Package: ₹28 LPA', 'Top Recruiters: Google, Microsoft, Amazon, Tesla']</msg>
<var>${string_list}</var>
<arg>${string}</arg>
<arg>\n</arg>
<doc>Splits the ``string`` using ``separator`` as a delimiter string.</doc>
<status status="PASS" start="2025-04-14T00:08:04.545016" elapsed="0.000000"/>
</kw>
<return>
<value>${string_list}</value>
<status status="PASS" start="2025-04-14T00:08:04.545016" elapsed="0.000000"/>
</return>
<msg time="2025-04-14T00:08:04.545016" level="INFO">${validation_list} = ['📄 Placement Report 2024', 'Highest Package: ₹1.5 Cr PA', 'Average Package: ₹28 LPA', 'Top Recruiters: Google, Microsoft, Amazon, Tesla']</msg>
<var>${validation_list}</var>
<arg>${Validate_Section}</arg>
<status status="PASS" start="2025-04-14T00:08:04.544020" elapsed="0.000996"/>
</kw>
<kw name="Lists Should Be Equal" owner="Collections">
<arg>${Section_list}</arg>
<arg>${validation_list}</arg>
<doc>Fails if given lists are unequal.</doc>
<status status="PASS" start="2025-04-14T00:08:04.546256" elapsed="0.000000"/>
</kw>
<arg>${placemnt_details_Xpath}</arg>
<arg>📄 Placement Report 2024\nHighest Package: ₹1.5 Cr PA\nAverage Package: ₹28 LPA\nTop Recruiters: Google, Microsoft, Amazon, Tesla</arg>
<status status="PASS" start="2025-04-14T00:08:04.480770" elapsed="0.066488"/>
</kw>
<kw name="Validate Sections" owner="Bits_Site_keyword">
<kw name="Get text and Return" owner="Bits_Site_keyword">
<kw name="Get Text" owner="SeleniumLibrary">
<msg time="2025-04-14T00:08:04.579152" level="INFO">${text} = 📢 New Courses Introduced
AI &amp; Machine Learning
Cybersecurity &amp; Ethical Hacking
Blockchain &amp; FinTech</msg>
<var>${text}</var>
<arg>${display_field_Xpath}</arg>
<doc>Returns the text value of the element identified by ``locator``.</doc>
<status status="PASS" start="2025-04-14T00:08:04.547258" elapsed="0.031894"/>
</kw>
<return>
<value>${text}</value>
<status status="PASS" start="2025-04-14T00:08:04.579152" elapsed="0.001003"/>
</return>
<msg time="2025-04-14T00:08:04.580155" level="INFO">${Section_deatils} = 📢 New Courses Introduced
AI &amp; Machine Learning
Cybersecurity &amp; Ethical Hacking
Blockchain &amp; FinTech</msg>
<var>${Section_deatils}</var>
<arg>${Section_Xpath}</arg>
<status status="PASS" start="2025-04-14T00:08:04.547258" elapsed="0.032897"/>
</kw>
<kw name="Get your string to List" owner="Bits_Site_keyword">
<kw name="Split String" owner="String">
<msg time="2025-04-14T00:08:04.580155" level="INFO">${string_list} = ['📢 New Courses Introduced', 'AI &amp; Machine Learning', 'Cybersecurity &amp; Ethical Hacking', 'Blockchain &amp; FinTech']</msg>
<var>${string_list}</var>
<arg>${string}</arg>
<arg>\n</arg>
<doc>Splits the ``string`` using ``separator`` as a delimiter string.</doc>
<status status="PASS" start="2025-04-14T00:08:04.580155" elapsed="0.000000"/>
</kw>
<return>
<value>${string_list}</value>
<status status="PASS" start="2025-04-14T00:08:04.580155" elapsed="0.000000"/>
</return>
<msg time="2025-04-14T00:08:04.580155" level="INFO">${Section_list} = ['📢 New Courses Introduced', 'AI &amp; Machine Learning', 'Cybersecurity &amp; Ethical Hacking', 'Blockchain &amp; FinTech']</msg>
<var>${Section_list}</var>
<arg>${Section_deatils}</arg>
<status status="PASS" start="2025-04-14T00:08:04.580155" elapsed="0.000000"/>
</kw>
<kw name="Get your string to List" owner="Bits_Site_keyword">
<kw name="Split String" owner="String">
<msg time="2025-04-14T00:08:04.580155" level="INFO">${string_list} = ['📢 New Courses Introduced', 'AI &amp; Machine Learning', 'Cybersecurity &amp; Ethical Hacking', 'Blockchain &amp; FinTech']</msg>
<var>${string_list}</var>
<arg>${string}</arg>
<arg>\n</arg>
<doc>Splits the ``string`` using ``separator`` as a delimiter string.</doc>
<status status="PASS" start="2025-04-14T00:08:04.580155" elapsed="0.000000"/>
</kw>
<return>
<value>${string_list}</value>
<status status="PASS" start="2025-04-14T00:08:04.580155" elapsed="0.000000"/>
</return>
<msg time="2025-04-14T00:08:04.580155" level="INFO">${validation_list} = ['📢 New Courses Introduced', 'AI &amp; Machine Learning', 'Cybersecurity &amp; Ethical Hacking', 'Blockchain &amp; FinTech']</msg>
<var>${validation_list}</var>
<arg>${Validate_Section}</arg>
<status status="PASS" start="2025-04-14T00:08:04.580155" elapsed="0.000000"/>
</kw>
<kw name="Lists Should Be Equal" owner="Collections">
<arg>${Section_list}</arg>
<arg>${validation_list}</arg>
<doc>Fails if given lists are unequal.</doc>
<status status="PASS" start="2025-04-14T00:08:04.580155" elapsed="0.000000"/>
</kw>
<arg>${course_details_Xpath}</arg>
<arg>📢 New Courses Introduced\nAI &amp; Machine Learning\nCybersecurity &amp; Ethical Hacking\nBlockchain &amp; FinTech</arg>
<status status="PASS" start="2025-04-14T00:08:04.547258" elapsed="0.032897"/>
</kw>
<kw name="Validate Sections" owner="Bits_Site_keyword">
<kw name="Get text and Return" owner="Bits_Site_keyword">
<kw name="Get Text" owner="SeleniumLibrary">
<msg time="2025-04-14T00:08:04.616081" level="INFO">${text} = 🏛️ Campus Expansion
New Research Center Opening at BITS Pilani, Goa Campus
Focus Areas: Quantum Computing, Space Tech &amp; AI</msg>
<var>${text}</var>
<arg>${display_field_Xpath}</arg>
<doc>Returns the text value of the element identified by ``locator``.</doc>
<status status="PASS" start="2025-04-14T00:08:04.580155" elapsed="0.035926"/>
</kw>
<return>
<value>${text}</value>
<status status="PASS" start="2025-04-14T00:08:04.616081" elapsed="0.000000"/>
</return>
<msg time="2025-04-14T00:08:04.616081" level="INFO">${Section_deatils} = 🏛️ Campus Expansion
New Research Center Opening at BITS Pilani, Goa Campus
Focus Areas: Quantum Computing, Space Tech &amp; AI</msg>
<var>${Section_deatils}</var>
<arg>${Section_Xpath}</arg>
<status status="PASS" start="2025-04-14T00:08:04.580155" elapsed="0.035926"/>
</kw>
<kw name="Get your string to List" owner="Bits_Site_keyword">
<kw name="Split String" owner="String">
<msg time="2025-04-14T00:08:04.618081" level="INFO">${string_list} = ['🏛️ Campus Expansion', 'New Research Center Opening at BITS Pilani, Goa Campus', 'Focus Areas: Quantum Computing, Space Tech &amp; AI']</msg>
<var>${string_list}</var>
<arg>${string}</arg>
<arg>\n</arg>
<doc>Splits the ``string`` using ``separator`` as a delimiter string.</doc>
<status status="PASS" start="2025-04-14T00:08:04.617083" elapsed="0.000998"/>
</kw>
<return>
<value>${string_list}</value>
<status status="PASS" start="2025-04-14T00:08:04.618081" elapsed="0.000000"/>
</return>
<msg time="2025-04-14T00:08:04.618081" level="INFO">${Section_list} = ['🏛️ Campus Expansion', 'New Research Center Opening at BITS Pilani, Goa Campus', 'Focus Areas: Quantum Computing, Space Tech &amp; AI']</msg>
<var>${Section_list}</var>
<arg>${Section_deatils}</arg>
<status status="PASS" start="2025-04-14T00:08:04.616081" elapsed="0.002000"/>
</kw>
<kw name="Get your string to List" owner="Bits_Site_keyword">
<kw name="Split String" owner="String">
<msg time="2025-04-14T00:08:04.619083" level="INFO">${string_list} = ['🏛️ Campus Expansion', 'New Research Center Opening at BITS Pilani, Goa Campus', 'Focus Areas: Quantum Computing, Space Tech &amp; AI']</msg>
<var>${string_list}</var>
<arg>${string}</arg>
<arg>\n</arg>
<doc>Splits the ``string`` using ``separator`` as a delimiter string.</doc>
<status status="PASS" start="2025-04-14T00:08:04.619083" elapsed="0.000000"/>
</kw>
<return>
<value>${string_list}</value>
<status status="PASS" start="2025-04-14T00:08:04.619083" elapsed="0.000000"/>
</return>
<msg time="2025-04-14T00:08:04.619083" level="INFO">${validation_list} = ['🏛️ Campus Expansion', 'New Research Center Opening at BITS Pilani, Goa Campus', 'Focus Areas: Quantum Computing, Space Tech &amp; AI']</msg>
<var>${validation_list}</var>
<arg>${Validate_Section}</arg>
<status status="PASS" start="2025-04-14T00:08:04.618081" elapsed="0.001002"/>
</kw>
<kw name="Lists Should Be Equal" owner="Collections">
<arg>${Section_list}</arg>
<arg>${validation_list}</arg>
<doc>Fails if given lists are unequal.</doc>
<status status="PASS" start="2025-04-14T00:08:04.619083" elapsed="0.001135"/>
</kw>
<arg>${campus_details_xpath}</arg>
<arg>🏛️ Campus Expansion\nNew Research Center Opening at BITS Pilani, Goa Campus\nFocus Areas: Quantum Computing, Space Tech &amp; AI</arg>
<status status="PASS" start="2025-04-14T00:08:04.580155" elapsed="0.040063"/>
</kw>
<status status="PASS" start="2025-04-14T00:08:04.120899" elapsed="0.500319"/>
</kw>
<status status="PASS" start="2025-04-14T00:08:01.145323" elapsed="3.475895"/>
</test>
<status status="PASS" start="2025-04-14T00:07:47.431658" elapsed="17.192655"/>
</suite>
<statistics>
<total>
<stat pass="1" fail="0" skip="0">All Tests</stat>
</total>
<tag>
</tag>
<suite>
<stat name="Self Heal" id="s1" pass="1" fail="0" skip="0">Self Heal</stat>
</suite>
</statistics>
<errors>
<msg time="2025-04-14T00:08:01.824336" level="WARN">The chromedriver version (133.0.6943.53) detected in PATH at C:\Driver\chromedriver.exe might not be compatible with the detected chrome version (134.0.6998.178); currently, chromedriver 134.0.6998.165 is recommended for chrome 134.*, so it is advised to delete the driver in PATH and retry</msg>
</errors>
</robot>
