<?xml version="1.0" encoding="UTF-8"?>
<robot generator="Robot 7.2.2 (Python 3.11.0 on win32)" generated="2025-05-04T21:54:00.664915" rpa="false" schemaversion="5">
<suite id="s1" name="Self Heal" source="C:\Users\Microsoft\Desktop\Bits\SEM4\Self_Heal.robot">
<kw name="Suite_Setup_Keyword" owner="Self_Heaaling_Moniker" type="SETUP">
<kw name="Set Screenshot Directory" owner="SeleniumLibrary">
<arg>C:\\Users\\Microsoft\\Desktop\\Bits\\SEM4\\Screenshots</arg>
<doc>Sets the directory for captured screenshots.</doc>
<status status="PASS" start="2025-05-04T21:54:17.173900" elapsed="0.000000"/>
</kw>
<doc>Sets up the test suite by creating necessary directories and files.</doc>
<status status="PASS" start="2025-05-04T21:54:17.169897" elapsed="0.005002"/>
</kw>
<test id="s1-t1" name="Test1 - Verify Home Page Details" line="13">
<kw name="Run Keywords" owner="BuiltIn" type="SETUP">
<kw name="Test_setup_keyword" owner="Self_Heaaling_Moniker">
<kw name="Get Current Date" owner="DateTime">
<msg time="2025-05-04T21:54:17.183899" level="INFO">${timestamp} = 2025_05_04_21_54_17</msg>
<var>${timestamp}</var>
<arg>result_format=%Y_%m_%d_%H_%M_%S</arg>
<doc>Returns current local or UTC time with an optional increment.</doc>
<status status="PASS" start="2025-05-04T21:54:17.182899" elapsed="0.001000"/>
</kw>
<if>
<branch type="IF" condition="'${IS_RERUN}' == 'False'">
<kw name="Create File" owner="OperatingSystem">
<msg time="2025-05-04T21:54:17.199410" level="INFO" html="true">Created file '&lt;a href="file://C:\Users\Microsoft\Desktop\Bits\SEM4\validator.txt"&gt;C:\Users\Microsoft\Desktop\Bits\SEM4\validator.txt&lt;/a&gt;'.</msg>
<arg>${validator_file}</arg>
<arg>${timestamp}${\n}</arg>
<doc>Creates a file with the given content and encoding.</doc>
<status status="PASS" start="2025-05-04T21:54:17.185239" elapsed="0.014898"/>
</kw>
<kw name="Create Dictionary" owner="BuiltIn">
<msg time="2025-05-04T21:54:17.202128" level="INFO">${re_run_flag} = {}</msg>
<var>${re_run_flag}</var>
<doc>Creates and returns a dictionary based on the given ``items``.</doc>
<status status="PASS" start="2025-05-04T21:54:17.201320" elapsed="0.000808"/>
</kw>
<kw name="Append To File" owner="OperatingSystem">
<msg time="2025-05-04T21:54:17.204126" level="INFO" html="true">Appended to file '&lt;a href="file://C:\Users\Microsoft\Desktop\Bits\SEM4\validator.txt"&gt;C:\Users\Microsoft\Desktop\Bits\SEM4\validator.txt&lt;/a&gt;'.</msg>
<arg>${validator_file}</arg>
<arg>${re_run_flag}${\n}</arg>
<doc>Appends the given content to the specified file.</doc>
<status status="PASS" start="2025-05-04T21:54:17.203124" elapsed="0.001002"/>
</kw>
<kw name="Create List" owner="BuiltIn">
<msg time="2025-05-04T21:54:17.205129" level="INFO">${console_list} = []</msg>
<var>${console_list}</var>
<doc>Returns a list containing given items.</doc>
<status status="PASS" start="2025-05-04T21:54:17.205129" elapsed="0.000000"/>
</kw>
<kw name="Append To File" owner="OperatingSystem">
<msg time="2025-05-04T21:54:17.208126" level="INFO" html="true">Appended to file '&lt;a href="file://C:\Users\Microsoft\Desktop\Bits\SEM4\validator.txt"&gt;C:\Users\Microsoft\Desktop\Bits\SEM4\validator.txt&lt;/a&gt;'.</msg>
<arg>${validator_file}</arg>
<arg>${console_list}${\n}</arg>
<doc>Appends the given content to the specified file.</doc>
<status status="PASS" start="2025-05-04T21:54:17.206154" elapsed="0.001972"/>
</kw>
<kw name="Create File" owner="OperatingSystem">
<msg time="2025-05-04T21:54:17.216317" level="INFO" html="true">Created file '&lt;a href="file://C:\Users\Microsoft\Desktop\Bits\SEM4\log_to_console_text.txt"&gt;C:\Users\Microsoft\Desktop\Bits\SEM4\log_to_console_text.txt&lt;/a&gt;'.</msg>
<arg>${log to console File}</arg>
<doc>Creates a file with the given content and encoding.</doc>
<status status="PASS" start="2025-05-04T21:54:17.209251" elapsed="0.007066"/>
</kw>
<status status="PASS" start="2025-05-04T21:54:17.184901" elapsed="0.032241"/>
</branch>
<status status="PASS" start="2025-05-04T21:54:17.184901" elapsed="0.032241"/>
</if>
<doc>Sets up the test case by creating necessary directories and files.</doc>
<status status="PASS" start="2025-05-04T21:54:17.179902" elapsed="0.037240"/>
</kw>
<kw name="Open URL" owner="Bits_Site_keyword">
<kw name="Evaluate" owner="BuiltIn">
<msg time="2025-05-04T21:54:17.220128" level="INFO">${options} = &lt;selenium.webdriver.chrome.options.Options object at 0x0000022A260BCF10&gt;</msg>
<var>${options}</var>
<arg>sys.modules['selenium.webdriver'].ChromeOptions()</arg>
<arg>sys, selenium.webdriver</arg>
<doc>Evaluates the given expression in Python and returns the result.</doc>
<status status="PASS" start="2025-05-04T21:54:17.219355" elapsed="0.000773"/>
</kw>
<kw name="Create List" owner="BuiltIn">
<msg time="2025-05-04T21:54:17.221138" level="INFO">${switches} = ['enable-logging']</msg>
<var>${switches}</var>
<arg>enable-logging</arg>
<doc>Returns a list containing given items.</doc>
<status status="PASS" start="2025-05-04T21:54:17.220128" elapsed="0.001010"/>
</kw>
<kw name="Call Method" owner="BuiltIn">
<arg>${options}</arg>
<arg>add_experimental_option</arg>
<arg>excludeSwitches</arg>
<arg>${switches}</arg>
<doc>Calls the named method of the given object with the provided arguments.</doc>
<status status="PASS" start="2025-05-04T21:54:17.221561" elapsed="0.000563"/>
</kw>
<kw name="Call Method" owner="BuiltIn">
<arg>${options}</arg>
<arg>add_experimental_option</arg>
<arg>detach</arg>
<arg>${True}</arg>
<doc>Calls the named method of the given object with the provided arguments.</doc>
<status status="PASS" start="2025-05-04T21:54:17.223127" elapsed="0.000000"/>
</kw>
<kw name="Open Browser" owner="SeleniumLibrary">
<msg time="2025-05-04T21:54:17.226127" level="INFO">Opening browser 'Chrome' to base url 'file:///C:/Users/Microsoft/Desktop/Bits/Website/index.html'.</msg>
<arg>${URL}</arg>
<arg>${browser}</arg>
<arg>options=${options}</arg>
<doc>Opens a new browser instance to the optional ``url``.</doc>
<status status="PASS" start="2025-05-04T21:54:17.224125" elapsed="7.533082"/>
</kw>
<kw name="Maximize Browser Window" owner="SeleniumLibrary">
<doc>Maximizes current browser window.</doc>
<status status="PASS" start="2025-05-04T21:54:24.758206" elapsed="0.423344"/>
</kw>
<arg>${URL}</arg>
<arg>Chrome</arg>
<doc>Opens the specified URL in the given browser with custom options.</doc>
<status status="PASS" start="2025-05-04T21:54:17.218125" elapsed="7.963425"/>
</kw>
<arg>Test_setup_keyword</arg>
<arg>AND</arg>
<arg>Open URL</arg>
<arg>${URL}</arg>
<arg>Chrome</arg>
<doc>Executes all the given keywords in a sequence.</doc>
<status status="PASS" start="2025-05-04T21:54:17.178997" elapsed="8.002553"/>
</kw>
<kw name="Validate Home Page Details" owner="Bits_Site_keyword">
<kw name="Save Current Run Web Source" owner="Self_Heaaling_Moniker">
<kw name="Get Title" owner="SeleniumLibrary">
<msg time="2025-05-04T21:54:25.427104" level="INFO">${Page_title} = Home - BITS Pilani</msg>
<var>${Page_title}</var>
<doc>Returns the title of the current page.</doc>
<status status="PASS" start="2025-05-04T21:54:25.187638" elapsed="0.239466"/>
</kw>
<kw name="Get Source" owner="SeleniumLibrary">
<msg time="2025-05-04T21:54:25.662185" level="INFO">${Page_Source} = &lt;html lang="en"&gt;&lt;head&gt;
    &lt;meta charset="UTF-8"&gt;
    &lt;meta name="viewport" content="width=device-width, initial-scale=1.0"&gt;
    &lt;title&gt;Home - BITS Pilani&lt;/title&gt;
    &lt;link rel="stylesheet" href="styl...</msg>
<var>${Page_Source}</var>
<doc>Returns the entire HTML source of the current page or frame.</doc>
<status status="PASS" start="2025-05-04T21:54:25.427104" elapsed="0.235081"/>
</kw>
<kw name="Create File" owner="OperatingSystem">
<msg time="2025-05-04T21:54:25.665174" level="INFO" html="true">Created file '&lt;a href="file://C:\Users\Microsoft\Desktop\Bits\SEM4\Current_logs\Home - BITS Pilani.txt"&gt;C:\Users\Microsoft\Desktop\Bits\SEM4\Current_logs\Home - BITS Pilani.txt&lt;/a&gt;'.</msg>
<arg>C:\\Users\\Microsoft\\Desktop\\Bits\\SEM4\\Current_logs\\${Page_title}.txt</arg>
<arg>${Page_Source}</arg>
<doc>Creates a file with the given content and encoding.</doc>
<status status="PASS" start="2025-05-04T21:54:25.663177" elapsed="0.001997"/>
</kw>
<doc>Saves the current run web source to a file.</doc>
<status status="PASS" start="2025-05-04T21:54:25.186634" elapsed="0.479536"/>
</kw>
<kw name="Validate Text On Home Page" owner="Bits_Site_keyword">
<kw name="Save Current Run Web Source" owner="Self_Heaaling_Moniker">
<kw name="Get Title" owner="SeleniumLibrary">
<msg time="2025-05-04T21:54:25.701630" level="INFO">${Page_title} = Home - BITS Pilani</msg>
<var>${Page_title}</var>
<doc>Returns the title of the current page.</doc>
<status status="PASS" start="2025-05-04T21:54:25.669445" elapsed="0.032185"/>
</kw>
<kw name="Get Source" owner="SeleniumLibrary">
<msg time="2025-05-04T21:54:25.707631" level="INFO">${Page_Source} = &lt;html lang="en"&gt;&lt;head&gt;
    &lt;meta charset="UTF-8"&gt;
    &lt;meta name="viewport" content="width=device-width, initial-scale=1.0"&gt;
    &lt;title&gt;Home - BITS Pilani&lt;/title&gt;
    &lt;link rel="stylesheet" href="styl...</msg>
<var>${Page_Source}</var>
<doc>Returns the entire HTML source of the current page or frame.</doc>
<status status="PASS" start="2025-05-04T21:54:25.702632" elapsed="0.004999"/>
</kw>
<kw name="Create File" owner="OperatingSystem">
<msg time="2025-05-04T21:54:25.709736" level="INFO" html="true">Created file '&lt;a href="file://C:\Users\Microsoft\Desktop\Bits\SEM4\Current_logs\Home - BITS Pilani.txt"&gt;C:\Users\Microsoft\Desktop\Bits\SEM4\Current_logs\Home - BITS Pilani.txt&lt;/a&gt;'.</msg>
<arg>C:\\Users\\Microsoft\\Desktop\\Bits\\SEM4\\Current_logs\\${Page_title}.txt</arg>
<arg>${Page_Source}</arg>
<doc>Creates a file with the given content and encoding.</doc>
<status status="PASS" start="2025-05-04T21:54:25.708634" elapsed="0.002117"/>
</kw>
<doc>Saves the current run web source to a file.</doc>
<status status="PASS" start="2025-05-04T21:54:25.667317" elapsed="0.043892"/>
</kw>
<kw name="Scroll Element Into View" owner="SeleniumLibrary">
<arg>${Validation_Path}</arg>
<doc>Scrolls the element identified by ``locator`` into view.</doc>
<status status="PASS" start="2025-05-04T21:54:25.711209" elapsed="0.538369"/>
</kw>
<kw name="Get Text" owner="SeleniumLibrary">
<msg time="2025-05-04T21:54:26.365662" level="INFO">${validate_Text} = Birla Institute of Technology and Science (BITS Pilani) is a premier institute in India, excelling in education, research, and innovation since 1964.</msg>
<var>${validate_Text}</var>
<arg>${Validation_Path}</arg>
<doc>Returns the text value of the element identified by ``locator``.</doc>
<status status="PASS" start="2025-05-04T21:54:26.249578" elapsed="0.116084"/>
</kw>
<kw name="Should Be Equal As Strings" owner="BuiltIn">
<arg>${validate_Text}</arg>
<arg>${From_Validate_text}</arg>
<doc>Fails if objects are unequal after converting them to strings.</doc>
<status status="PASS" start="2025-05-04T21:54:26.366665" elapsed="0.000998"/>
</kw>
<arg>${about_bits_info_xpath}</arg>
<arg>${about_bits_text}</arg>
<doc>Validates the text of a specific element on the home page
against the expected value.</doc>
<status status="PASS" start="2025-05-04T21:54:25.666170" elapsed="0.701493"/>
</kw>
<kw name="Validate Text On Home Page" owner="Bits_Site_keyword">
<kw name="Save Current Run Web Source" owner="Self_Heaaling_Moniker">
<kw name="Get Title" owner="SeleniumLibrary">
<msg time="2025-05-04T21:54:26.379788" level="INFO">${Page_title} = Home - BITS Pilani</msg>
<var>${Page_title}</var>
<doc>Returns the title of the current page.</doc>
<status status="PASS" start="2025-05-04T21:54:26.369762" elapsed="0.010026"/>
</kw>
<kw name="Get Source" owner="SeleniumLibrary">
<msg time="2025-05-04T21:54:26.386789" level="INFO">${Page_Source} = &lt;html lang="en"&gt;&lt;head&gt;
    &lt;meta charset="UTF-8"&gt;
    &lt;meta name="viewport" content="width=device-width, initial-scale=1.0"&gt;
    &lt;title&gt;Home - BITS Pilani&lt;/title&gt;
    &lt;link rel="stylesheet" href="styl...</msg>
<var>${Page_Source}</var>
<doc>Returns the entire HTML source of the current page or frame.</doc>
<status status="PASS" start="2025-05-04T21:54:26.379788" elapsed="0.007001"/>
</kw>
<kw name="Create File" owner="OperatingSystem">
<msg time="2025-05-04T21:54:26.389313" level="INFO" html="true">Created file '&lt;a href="file://C:\Users\Microsoft\Desktop\Bits\SEM4\Current_logs\Home - BITS Pilani.txt"&gt;C:\Users\Microsoft\Desktop\Bits\SEM4\Current_logs\Home - BITS Pilani.txt&lt;/a&gt;'.</msg>
<arg>C:\\Users\\Microsoft\\Desktop\\Bits\\SEM4\\Current_logs\\${Page_title}.txt</arg>
<arg>${Page_Source}</arg>
<doc>Creates a file with the given content and encoding.</doc>
<status status="PASS" start="2025-05-04T21:54:26.386789" elapsed="0.002524"/>
</kw>
<doc>Saves the current run web source to a file.</doc>
<status status="PASS" start="2025-05-04T21:54:26.368748" elapsed="0.021567"/>
</kw>
<kw name="Scroll Element Into View" owner="SeleniumLibrary">
<arg>${Validation_Path}</arg>
<doc>Scrolls the element identified by ``locator`` into view.</doc>
<status status="PASS" start="2025-05-04T21:54:26.390315" elapsed="0.339549"/>
</kw>
<kw name="Get Text" owner="SeleniumLibrary">
<msg time="2025-05-04T21:54:26.930521" level="INFO">${validate_Text} = ✅ Ranked among India’s top private universities</msg>
<var>${validate_Text}</var>
<arg>${Validation_Path}</arg>
<doc>Returns the text value of the element identified by ``locator``.</doc>
<status status="PASS" start="2025-05-04T21:54:26.729864" elapsed="0.200657"/>
</kw>
<kw name="Should Be Equal As Strings" owner="BuiltIn">
<arg>${validate_Text}</arg>
<arg>${From_Validate_text}</arg>
<doc>Fails if objects are unequal after converting them to strings.</doc>
<status status="PASS" start="2025-05-04T21:54:26.931159" elapsed="0.000471"/>
</kw>
<arg>${Choose_Bits_reason1_xpath}</arg>
<arg>${Choose_Bits_reason1}</arg>
<doc>Validates the text of a specific element on the home page
against the expected value.</doc>
<status status="PASS" start="2025-05-04T21:54:26.367663" elapsed="0.563967"/>
</kw>
<kw name="Validate Text On Home Page" owner="Bits_Site_keyword">
<kw name="Save Current Run Web Source" owner="Self_Heaaling_Moniker">
<kw name="Get Title" owner="SeleniumLibrary">
<msg time="2025-05-04T21:54:26.980258" level="INFO">${Page_title} = Home - BITS Pilani</msg>
<var>${Page_title}</var>
<doc>Returns the title of the current page.</doc>
<status status="PASS" start="2025-05-04T21:54:26.934268" elapsed="0.045990"/>
</kw>
<kw name="Get Source" owner="SeleniumLibrary">
<msg time="2025-05-04T21:54:27.053856" level="INFO">${Page_Source} = &lt;html lang="en"&gt;&lt;head&gt;
    &lt;meta charset="UTF-8"&gt;
    &lt;meta name="viewport" content="width=device-width, initial-scale=1.0"&gt;
    &lt;title&gt;Home - BITS Pilani&lt;/title&gt;
    &lt;link rel="stylesheet" href="styl...</msg>
<var>${Page_Source}</var>
<doc>Returns the entire HTML source of the current page or frame.</doc>
<status status="PASS" start="2025-05-04T21:54:26.981258" elapsed="0.073599"/>
</kw>
<kw name="Create File" owner="OperatingSystem">
<msg time="2025-05-04T21:54:27.057923" level="INFO" html="true">Created file '&lt;a href="file://C:\Users\Microsoft\Desktop\Bits\SEM4\Current_logs\Home - BITS Pilani.txt"&gt;C:\Users\Microsoft\Desktop\Bits\SEM4\Current_logs\Home - BITS Pilani.txt&lt;/a&gt;'.</msg>
<arg>C:\\Users\\Microsoft\\Desktop\\Bits\\SEM4\\Current_logs\\${Page_title}.txt</arg>
<arg>${Page_Source}</arg>
<doc>Creates a file with the given content and encoding.</doc>
<status status="PASS" start="2025-05-04T21:54:27.055860" elapsed="0.002063"/>
</kw>
<doc>Saves the current run web source to a file.</doc>
<status status="PASS" start="2025-05-04T21:54:26.933296" elapsed="0.125222"/>
</kw>
<kw name="Scroll Element Into View" owner="SeleniumLibrary">
<arg>${Validation_Path}</arg>
<doc>Scrolls the element identified by ``locator`` into view.</doc>
<status status="PASS" start="2025-05-04T21:54:27.058518" elapsed="0.353908"/>
</kw>
<kw name="Get Text" owner="SeleniumLibrary">
<msg time="2025-05-04T21:54:27.728530" level="INFO">${validate_Text} = ✅ Flexible academic structure with research opportunities</msg>
<var>${validate_Text}</var>
<arg>${Validation_Path}</arg>
<doc>Returns the text value of the element identified by ``locator``.</doc>
<status status="PASS" start="2025-05-04T21:54:27.413425" elapsed="0.315105"/>
</kw>
<kw name="Should Be Equal As Strings" owner="BuiltIn">
<arg>${validate_Text}</arg>
<arg>${From_Validate_text}</arg>
<doc>Fails if objects are unequal after converting them to strings.</doc>
<status status="PASS" start="2025-05-04T21:54:27.729631" elapsed="0.000899"/>
</kw>
<arg>${Choose_Bits_reason2_xpath}</arg>
<arg>${Choose_Bits_reason2}</arg>
<doc>Validates the text of a specific element on the home page
against the expected value.</doc>
<status status="PASS" start="2025-05-04T21:54:26.932745" elapsed="0.797785"/>
</kw>
<kw name="Validate Text On Home Page" owner="Bits_Site_keyword">
<kw name="Save Current Run Web Source" owner="Self_Heaaling_Moniker">
<kw name="Get Title" owner="SeleniumLibrary">
<msg time="2025-05-04T21:54:27.744875" level="INFO">${Page_title} = Home - BITS Pilani</msg>
<var>${Page_title}</var>
<doc>Returns the title of the current page.</doc>
<status status="PASS" start="2025-05-04T21:54:27.733591" elapsed="0.011284"/>
</kw>
<kw name="Get Source" owner="SeleniumLibrary">
<msg time="2025-05-04T21:54:27.752517" level="INFO">${Page_Source} = &lt;html lang="en"&gt;&lt;head&gt;
    &lt;meta charset="UTF-8"&gt;
    &lt;meta name="viewport" content="width=device-width, initial-scale=1.0"&gt;
    &lt;title&gt;Home - BITS Pilani&lt;/title&gt;
    &lt;link rel="stylesheet" href="styl...</msg>
<var>${Page_Source}</var>
<doc>Returns the entire HTML source of the current page or frame.</doc>
<status status="PASS" start="2025-05-04T21:54:27.744875" elapsed="0.007642"/>
</kw>
<kw name="Create File" owner="OperatingSystem">
<msg time="2025-05-04T21:54:27.754051" level="INFO" html="true">Created file '&lt;a href="file://C:\Users\Microsoft\Desktop\Bits\SEM4\Current_logs\Home - BITS Pilani.txt"&gt;C:\Users\Microsoft\Desktop\Bits\SEM4\Current_logs\Home - BITS Pilani.txt&lt;/a&gt;'.</msg>
<arg>C:\\Users\\Microsoft\\Desktop\\Bits\\SEM4\\Current_logs\\${Page_title}.txt</arg>
<arg>${Page_Source}</arg>
<doc>Creates a file with the given content and encoding.</doc>
<status status="PASS" start="2025-05-04T21:54:27.753097" elapsed="0.001956"/>
</kw>
<doc>Saves the current run web source to a file.</doc>
<status status="PASS" start="2025-05-04T21:54:27.732579" elapsed="0.022533"/>
</kw>
<kw name="Scroll Element Into View" owner="SeleniumLibrary">
<arg>${Validation_Path}</arg>
<doc>Scrolls the element identified by ``locator`` into view.</doc>
<status status="PASS" start="2025-05-04T21:54:27.755112" elapsed="0.378615"/>
</kw>
<kw name="Get Text" owner="SeleniumLibrary">
<msg time="2025-05-04T21:54:28.277067" level="INFO">${validate_Text} = ✅ Industry collaborations with Google, Microsoft, Tesla</msg>
<var>${validate_Text}</var>
<arg>${Validation_Path}</arg>
<doc>Returns the text value of the element identified by ``locator``.</doc>
<status status="PASS" start="2025-05-04T21:54:28.134363" elapsed="0.142704"/>
</kw>
<kw name="Should Be Equal As Strings" owner="BuiltIn">
<arg>${validate_Text}</arg>
<arg>${From_Validate_text}</arg>
<doc>Fails if objects are unequal after converting them to strings.</doc>
<status status="PASS" start="2025-05-04T21:54:28.278064" elapsed="0.000000"/>
</kw>
<arg>${Choose_Bits_reason3_xpath}</arg>
<arg>${Choose_Bits_reason3}</arg>
<doc>Validates the text of a specific element on the home page
against the expected value.</doc>
<status status="PASS" start="2025-05-04T21:54:27.731562" elapsed="0.547516"/>
</kw>
<kw name="Validate Text On Home Page" owner="Bits_Site_keyword">
<kw name="Save Current Run Web Source" owner="Self_Heaaling_Moniker">
<kw name="Get Title" owner="SeleniumLibrary">
<msg time="2025-05-04T21:54:28.288779" level="INFO">${Page_title} = Home - BITS Pilani</msg>
<var>${Page_title}</var>
<doc>Returns the title of the current page.</doc>
<status status="PASS" start="2025-05-04T21:54:28.281175" elapsed="0.007604"/>
</kw>
<kw name="Get Source" owner="SeleniumLibrary">
<msg time="2025-05-04T21:54:28.299011" level="INFO">${Page_Source} = &lt;html lang="en"&gt;&lt;head&gt;
    &lt;meta charset="UTF-8"&gt;
    &lt;meta name="viewport" content="width=device-width, initial-scale=1.0"&gt;
    &lt;title&gt;Home - BITS Pilani&lt;/title&gt;
    &lt;link rel="stylesheet" href="styl...</msg>
<var>${Page_Source}</var>
<doc>Returns the entire HTML source of the current page or frame.</doc>
<status status="PASS" start="2025-05-04T21:54:28.289790" elapsed="0.009524"/>
</kw>
<kw name="Create File" owner="OperatingSystem">
<msg time="2025-05-04T21:54:28.301157" level="INFO" html="true">Created file '&lt;a href="file://C:\Users\Microsoft\Desktop\Bits\SEM4\Current_logs\Home - BITS Pilani.txt"&gt;C:\Users\Microsoft\Desktop\Bits\SEM4\Current_logs\Home - BITS Pilani.txt&lt;/a&gt;'.</msg>
<arg>C:\\Users\\Microsoft\\Desktop\\Bits\\SEM4\\Current_logs\\${Page_title}.txt</arg>
<arg>${Page_Source}</arg>
<doc>Creates a file with the given content and encoding.</doc>
<status status="PASS" start="2025-05-04T21:54:28.299314" elapsed="0.001843"/>
</kw>
<doc>Saves the current run web source to a file.</doc>
<status status="PASS" start="2025-05-04T21:54:28.280047" elapsed="0.021980"/>
</kw>
<kw name="Scroll Element Into View" owner="SeleniumLibrary">
<arg>${Validation_Path}</arg>
<doc>Scrolls the element identified by ``locator`` into view.</doc>
<status status="PASS" start="2025-05-04T21:54:28.302027" elapsed="0.317831"/>
</kw>
<kw name="Get Text" owner="SeleniumLibrary">
<msg time="2025-05-04T21:54:28.788561" level="INFO">${validate_Text} = ✅ 50,000+ Global Alumni Network</msg>
<var>${validate_Text}</var>
<arg>${Validation_Path}</arg>
<doc>Returns the text value of the element identified by ``locator``.</doc>
<status status="PASS" start="2025-05-04T21:54:28.620921" elapsed="0.167640"/>
</kw>
<kw name="Should Be Equal As Strings" owner="BuiltIn">
<arg>${validate_Text}</arg>
<arg>${From_Validate_text}</arg>
<doc>Fails if objects are unequal after converting them to strings.</doc>
<status status="PASS" start="2025-05-04T21:54:28.789565" elapsed="0.000000"/>
</kw>
<arg>${Choose_Bits_reason4_xpath}</arg>
<arg>${Choose_Bits_reason4}</arg>
<doc>Validates the text of a specific element on the home page
against the expected value.</doc>
<status status="PASS" start="2025-05-04T21:54:28.279078" elapsed="0.510487"/>
</kw>
<kw name="Validate Text On Home Page" owner="Bits_Site_keyword">
<kw name="Save Current Run Web Source" owner="Self_Heaaling_Moniker">
<kw name="Get Title" owner="SeleniumLibrary">
<msg time="2025-05-04T21:54:28.811689" level="INFO">${Page_title} = Home - BITS Pilani</msg>
<var>${Page_title}</var>
<doc>Returns the title of the current page.</doc>
<status status="PASS" start="2025-05-04T21:54:28.791796" elapsed="0.019893"/>
</kw>
<kw name="Get Source" owner="SeleniumLibrary">
<msg time="2025-05-04T21:54:28.841229" level="INFO">${Page_Source} = &lt;html lang="en"&gt;&lt;head&gt;
    &lt;meta charset="UTF-8"&gt;
    &lt;meta name="viewport" content="width=device-width, initial-scale=1.0"&gt;
    &lt;title&gt;Home - BITS Pilani&lt;/title&gt;
    &lt;link rel="stylesheet" href="styl...</msg>
<var>${Page_Source}</var>
<doc>Returns the entire HTML source of the current page or frame.</doc>
<status status="PASS" start="2025-05-04T21:54:28.811689" elapsed="0.029540"/>
</kw>
<kw name="Create File" owner="OperatingSystem">
<msg time="2025-05-04T21:54:28.845234" level="INFO" html="true">Created file '&lt;a href="file://C:\Users\Microsoft\Desktop\Bits\SEM4\Current_logs\Home - BITS Pilani.txt"&gt;C:\Users\Microsoft\Desktop\Bits\SEM4\Current_logs\Home - BITS Pilani.txt&lt;/a&gt;'.</msg>
<arg>C:\\Users\\Microsoft\\Desktop\\Bits\\SEM4\\Current_logs\\${Page_title}.txt</arg>
<arg>${Page_Source}</arg>
<doc>Creates a file with the given content and encoding.</doc>
<status status="PASS" start="2025-05-04T21:54:28.842231" elapsed="0.003003"/>
</kw>
<doc>Saves the current run web source to a file.</doc>
<status status="PASS" start="2025-05-04T21:54:28.791796" elapsed="0.054849"/>
</kw>
<kw name="Scroll Element Into View" owner="SeleniumLibrary">
<arg>${Validation_Path}</arg>
<doc>Scrolls the element identified by ``locator`` into view.</doc>
<status status="PASS" start="2025-05-04T21:54:28.846645" elapsed="0.538605"/>
</kw>
<kw name="Get Text" owner="SeleniumLibrary">
<msg time="2025-05-04T21:54:29.535181" level="INFO">${validate_Text} = 📍 Pilani (Main Campus)</msg>
<var>${validate_Text}</var>
<arg>${Validation_Path}</arg>
<doc>Returns the text value of the element identified by ``locator``.</doc>
<status status="PASS" start="2025-05-04T21:54:29.385250" elapsed="0.152169"/>
</kw>
<kw name="Should Be Equal As Strings" owner="BuiltIn">
<arg>${validate_Text}</arg>
<arg>${From_Validate_text}</arg>
<doc>Fails if objects are unequal after converting them to strings.</doc>
<status status="PASS" start="2025-05-04T21:54:29.538000" elapsed="0.000000"/>
</kw>
<arg>${campus1_xpath}</arg>
<arg>${campus1_text}</arg>
<doc>Validates the text of a specific element on the home page
against the expected value.</doc>
<status status="PASS" start="2025-05-04T21:54:28.791242" elapsed="0.747853"/>
</kw>
<kw name="Validate Text On Home Page" owner="Bits_Site_keyword">
<kw name="Save Current Run Web Source" owner="Self_Heaaling_Moniker">
<kw name="Get Title" owner="SeleniumLibrary">
<msg time="2025-05-04T21:54:29.673739" level="INFO">${Page_title} = Home - BITS Pilani</msg>
<var>${Page_title}</var>
<doc>Returns the title of the current page.</doc>
<status status="PASS" start="2025-05-04T21:54:29.542228" elapsed="0.131511"/>
</kw>
<kw name="Get Source" owner="SeleniumLibrary">
<msg time="2025-05-04T21:54:29.710977" level="INFO">${Page_Source} = &lt;html lang="en"&gt;&lt;head&gt;
    &lt;meta charset="UTF-8"&gt;
    &lt;meta name="viewport" content="width=device-width, initial-scale=1.0"&gt;
    &lt;title&gt;Home - BITS Pilani&lt;/title&gt;
    &lt;link rel="stylesheet" href="styl...</msg>
<var>${Page_Source}</var>
<doc>Returns the entire HTML source of the current page or frame.</doc>
<status status="PASS" start="2025-05-04T21:54:29.674740" elapsed="0.036845"/>
</kw>
<kw name="Create File" owner="OperatingSystem">
<msg time="2025-05-04T21:54:29.713586" level="INFO" html="true">Created file '&lt;a href="file://C:\Users\Microsoft\Desktop\Bits\SEM4\Current_logs\Home - BITS Pilani.txt"&gt;C:\Users\Microsoft\Desktop\Bits\SEM4\Current_logs\Home - BITS Pilani.txt&lt;/a&gt;'.</msg>
<arg>C:\\Users\\Microsoft\\Desktop\\Bits\\SEM4\\Current_logs\\${Page_title}.txt</arg>
<arg>${Page_Source}</arg>
<doc>Creates a file with the given content and encoding.</doc>
<status status="PASS" start="2025-05-04T21:54:29.711585" elapsed="0.002001"/>
</kw>
<doc>Saves the current run web source to a file.</doc>
<status status="PASS" start="2025-05-04T21:54:29.541210" elapsed="0.172376"/>
</kw>
<kw name="Scroll Element Into View" owner="SeleniumLibrary">
<arg>${Validation_Path}</arg>
<doc>Scrolls the element identified by ``locator`` into view.</doc>
<status status="PASS" start="2025-05-04T21:54:29.713586" elapsed="0.329788"/>
</kw>
<kw name="Get Text" owner="SeleniumLibrary">
<msg time="2025-05-04T21:54:30.326995" level="INFO">${validate_Text} = 📍 Goa Campus</msg>
<var>${validate_Text}</var>
<arg>${Validation_Path}</arg>
<doc>Returns the text value of the element identified by ``locator``.</doc>
<status status="PASS" start="2025-05-04T21:54:30.043374" elapsed="0.284621"/>
</kw>
<kw name="Should Be Equal As Strings" owner="BuiltIn">
<arg>${validate_Text}</arg>
<arg>${From_Validate_text}</arg>
<doc>Fails if objects are unequal after converting them to strings.</doc>
<status status="PASS" start="2025-05-04T21:54:30.327995" elapsed="0.001088"/>
</kw>
<arg>${campus2_xpath}</arg>
<arg>${campus2_text}</arg>
<doc>Validates the text of a specific element on the home page
against the expected value.</doc>
<status status="PASS" start="2025-05-04T21:54:29.539095" elapsed="0.789988"/>
</kw>
<kw name="Validate Text On Home Page" owner="Bits_Site_keyword">
<kw name="Save Current Run Web Source" owner="Self_Heaaling_Moniker">
<kw name="Get Title" owner="SeleniumLibrary">
<msg time="2025-05-04T21:54:30.370943" level="INFO">${Page_title} = Home - BITS Pilani</msg>
<var>${Page_title}</var>
<doc>Returns the title of the current page.</doc>
<status status="PASS" start="2025-05-04T21:54:30.333338" elapsed="0.037605"/>
</kw>
<kw name="Get Source" owner="SeleniumLibrary">
<msg time="2025-05-04T21:54:30.381783" level="INFO">${Page_Source} = &lt;html lang="en"&gt;&lt;head&gt;
    &lt;meta charset="UTF-8"&gt;
    &lt;meta name="viewport" content="width=device-width, initial-scale=1.0"&gt;
    &lt;title&gt;Home - BITS Pilani&lt;/title&gt;
    &lt;link rel="stylesheet" href="styl...</msg>
<var>${Page_Source}</var>
<doc>Returns the entire HTML source of the current page or frame.</doc>
<status status="PASS" start="2025-05-04T21:54:30.371800" elapsed="0.010946"/>
</kw>
<kw name="Create File" owner="OperatingSystem">
<msg time="2025-05-04T21:54:30.385860" level="INFO" html="true">Created file '&lt;a href="file://C:\Users\Microsoft\Desktop\Bits\SEM4\Current_logs\Home - BITS Pilani.txt"&gt;C:\Users\Microsoft\Desktop\Bits\SEM4\Current_logs\Home - BITS Pilani.txt&lt;/a&gt;'.</msg>
<arg>C:\\Users\\Microsoft\\Desktop\\Bits\\SEM4\\Current_logs\\${Page_title}.txt</arg>
<arg>${Page_Source}</arg>
<doc>Creates a file with the given content and encoding.</doc>
<status status="PASS" start="2025-05-04T21:54:30.382746" elapsed="0.003114"/>
</kw>
<doc>Saves the current run web source to a file.</doc>
<status status="PASS" start="2025-05-04T21:54:30.332173" elapsed="0.054692"/>
</kw>
<kw name="Scroll Element Into View" owner="SeleniumLibrary">
<arg>${Validation_Path}</arg>
<doc>Scrolls the element identified by ``locator`` into view.</doc>
<status status="PASS" start="2025-05-04T21:54:30.387302" elapsed="0.824447"/>
</kw>
<kw name="Get Text" owner="SeleniumLibrary">
<msg time="2025-05-04T21:54:31.305428" level="INFO">${validate_Text} = 📍 Hyderabad Campus</msg>
<var>${validate_Text}</var>
<arg>${Validation_Path}</arg>
<doc>Returns the text value of the element identified by ``locator``.</doc>
<status status="PASS" start="2025-05-04T21:54:31.211749" elapsed="0.093679"/>
</kw>
<kw name="Should Be Equal As Strings" owner="BuiltIn">
<arg>${validate_Text}</arg>
<arg>${From_Validate_text}</arg>
<doc>Fails if objects are unequal after converting them to strings.</doc>
<status status="PASS" start="2025-05-04T21:54:31.305428" elapsed="0.001001"/>
</kw>
<arg>${campus3_xpath}</arg>
<arg>${campus3_text}</arg>
<doc>Validates the text of a specific element on the home page
against the expected value.</doc>
<status status="PASS" start="2025-05-04T21:54:30.330099" elapsed="0.976330"/>
</kw>
<kw name="Validate Text On Home Page" owner="Bits_Site_keyword">
<kw name="Save Current Run Web Source" owner="Self_Heaaling_Moniker">
<kw name="Get Title" owner="SeleniumLibrary">
<msg time="2025-05-04T21:54:31.318568" level="INFO">${Page_title} = Home - BITS Pilani</msg>
<var>${Page_title}</var>
<doc>Returns the title of the current page.</doc>
<status status="PASS" start="2025-05-04T21:54:31.309547" elapsed="0.009021"/>
</kw>
<kw name="Get Source" owner="SeleniumLibrary">
<msg time="2025-05-04T21:54:31.324582" level="INFO">${Page_Source} = &lt;html lang="en"&gt;&lt;head&gt;
    &lt;meta charset="UTF-8"&gt;
    &lt;meta name="viewport" content="width=device-width, initial-scale=1.0"&gt;
    &lt;title&gt;Home - BITS Pilani&lt;/title&gt;
    &lt;link rel="stylesheet" href="styl...</msg>
<var>${Page_Source}</var>
<doc>Returns the entire HTML source of the current page or frame.</doc>
<status status="PASS" start="2025-05-04T21:54:31.319580" elapsed="0.005002"/>
</kw>
<kw name="Create File" owner="OperatingSystem">
<msg time="2025-05-04T21:54:31.326782" level="INFO" html="true">Created file '&lt;a href="file://C:\Users\Microsoft\Desktop\Bits\SEM4\Current_logs\Home - BITS Pilani.txt"&gt;C:\Users\Microsoft\Desktop\Bits\SEM4\Current_logs\Home - BITS Pilani.txt&lt;/a&gt;'.</msg>
<arg>C:\\Users\\Microsoft\\Desktop\\Bits\\SEM4\\Current_logs\\${Page_title}.txt</arg>
<arg>${Page_Source}</arg>
<doc>Creates a file with the given content and encoding.</doc>
<status status="PASS" start="2025-05-04T21:54:31.325837" elapsed="0.001946"/>
</kw>
<doc>Saves the current run web source to a file.</doc>
<status status="PASS" start="2025-05-04T21:54:31.308550" elapsed="0.019325"/>
</kw>
<kw name="Scroll Element Into View" owner="SeleniumLibrary">
<arg>${Validation_Path}</arg>
<doc>Scrolls the element identified by ``locator`` into view.</doc>
<status status="PASS" start="2025-05-04T21:54:31.328410" elapsed="0.310238"/>
</kw>
<kw name="Get Text" owner="SeleniumLibrary">
<msg time="2025-05-04T21:54:31.768501" level="INFO">${validate_Text} = 📍 Dubai Campus</msg>
<var>${validate_Text}</var>
<arg>${Validation_Path}</arg>
<doc>Returns the text value of the element identified by ``locator``.</doc>
<status status="PASS" start="2025-05-04T21:54:31.639309" elapsed="0.129192"/>
</kw>
<kw name="Should Be Equal As Strings" owner="BuiltIn">
<arg>${validate_Text}</arg>
<arg>${From_Validate_text}</arg>
<doc>Fails if objects are unequal after converting them to strings.</doc>
<status status="PASS" start="2025-05-04T21:54:31.768501" elapsed="0.001012"/>
</kw>
<arg>${campus4_xpath}</arg>
<arg>${campus4_text}</arg>
<doc>Validates the text of a specific element on the home page
against the expected value.</doc>
<status status="PASS" start="2025-05-04T21:54:31.307531" elapsed="0.461982"/>
</kw>
<kw name="Validate Text On Home Page" owner="Bits_Site_keyword">
<kw name="Save Current Run Web Source" owner="Self_Heaaling_Moniker">
<kw name="Get Title" owner="SeleniumLibrary">
<msg time="2025-05-04T21:54:31.827864" level="INFO">${Page_title} = Home - BITS Pilani</msg>
<var>${Page_title}</var>
<doc>Returns the title of the current page.</doc>
<status status="PASS" start="2025-05-04T21:54:31.772620" elapsed="0.055880"/>
</kw>
<kw name="Get Source" owner="SeleniumLibrary">
<msg time="2025-05-04T21:54:31.850307" level="INFO">${Page_Source} = &lt;html lang="en"&gt;&lt;head&gt;
    &lt;meta charset="UTF-8"&gt;
    &lt;meta name="viewport" content="width=device-width, initial-scale=1.0"&gt;
    &lt;title&gt;Home - BITS Pilani&lt;/title&gt;
    &lt;link rel="stylesheet" href="styl...</msg>
<var>${Page_Source}</var>
<doc>Returns the entire HTML source of the current page or frame.</doc>
<status status="PASS" start="2025-05-04T21:54:31.828500" elapsed="0.021807"/>
</kw>
<kw name="Create File" owner="OperatingSystem">
<msg time="2025-05-04T21:54:31.853845" level="INFO" html="true">Created file '&lt;a href="file://C:\Users\Microsoft\Desktop\Bits\SEM4\Current_logs\Home - BITS Pilani.txt"&gt;C:\Users\Microsoft\Desktop\Bits\SEM4\Current_logs\Home - BITS Pilani.txt&lt;/a&gt;'.</msg>
<arg>C:\\Users\\Microsoft\\Desktop\\Bits\\SEM4\\Current_logs\\${Page_title}.txt</arg>
<arg>${Page_Source}</arg>
<doc>Creates a file with the given content and encoding.</doc>
<status status="PASS" start="2025-05-04T21:54:31.851300" elapsed="0.003114"/>
</kw>
<doc>Saves the current run web source to a file.</doc>
<status status="PASS" start="2025-05-04T21:54:31.771513" elapsed="0.082901"/>
</kw>
<kw name="Scroll Element Into View" owner="SeleniumLibrary">
<arg>${Validation_Path}</arg>
<doc>Scrolls the element identified by ``locator`` into view.</doc>
<status status="PASS" start="2025-05-04T21:54:31.854414" elapsed="0.501335"/>
</kw>
<kw name="Get Text" owner="SeleniumLibrary">
<msg time="2025-05-04T21:54:32.405192" level="INFO">${validate_Text} = BITS Pilani offers Undergraduate, Postgraduate, and Ph.D. programs in engineering, management, and research.</msg>
<var>${validate_Text}</var>
<arg>${Validation_Path}</arg>
<doc>Returns the text value of the element identified by ``locator``.</doc>
<status status="PASS" start="2025-05-04T21:54:32.356755" elapsed="0.048437"/>
</kw>
<kw name="Should Be Equal As Strings" owner="BuiltIn">
<arg>${validate_Text}</arg>
<arg>${From_Validate_text}</arg>
<doc>Fails if objects are unequal after converting them to strings.</doc>
<status status="PASS" start="2025-05-04T21:54:32.405517" elapsed="0.000674"/>
</kw>
<arg>${academic_info_xpath}</arg>
<arg>${academic_info_text}</arg>
<doc>Validates the text of a specific element on the home page
against the expected value.</doc>
<status status="PASS" start="2025-05-04T21:54:31.770519" elapsed="0.635672"/>
</kw>
<kw name="Validate Text On Home Page" owner="Bits_Site_keyword">
<kw name="Save Current Run Web Source" owner="Self_Heaaling_Moniker">
<kw name="Get Title" owner="SeleniumLibrary">
<msg time="2025-05-04T21:54:32.423200" level="INFO">${Page_title} = Home - BITS Pilani</msg>
<var>${Page_title}</var>
<doc>Returns the title of the current page.</doc>
<status status="PASS" start="2025-05-04T21:54:32.408192" elapsed="0.015008"/>
</kw>
<kw name="Get Source" owner="SeleniumLibrary">
<msg time="2025-05-04T21:54:32.435260" level="INFO">${Page_Source} = &lt;html lang="en"&gt;&lt;head&gt;
    &lt;meta charset="UTF-8"&gt;
    &lt;meta name="viewport" content="width=device-width, initial-scale=1.0"&gt;
    &lt;title&gt;Home - BITS Pilani&lt;/title&gt;
    &lt;link rel="stylesheet" href="styl...</msg>
<var>${Page_Source}</var>
<doc>Returns the entire HTML source of the current page or frame.</doc>
<status status="PASS" start="2025-05-04T21:54:32.424203" elapsed="0.011057"/>
</kw>
<kw name="Create File" owner="OperatingSystem">
<msg time="2025-05-04T21:54:32.438260" level="INFO" html="true">Created file '&lt;a href="file://C:\Users\Microsoft\Desktop\Bits\SEM4\Current_logs\Home - BITS Pilani.txt"&gt;C:\Users\Microsoft\Desktop\Bits\SEM4\Current_logs\Home - BITS Pilani.txt&lt;/a&gt;'.</msg>
<arg>C:\\Users\\Microsoft\\Desktop\\Bits\\SEM4\\Current_logs\\${Page_title}.txt</arg>
<arg>${Page_Source}</arg>
<doc>Creates a file with the given content and encoding.</doc>
<status status="PASS" start="2025-05-04T21:54:32.436260" elapsed="0.002193"/>
</kw>
<doc>Saves the current run web source to a file.</doc>
<status status="PASS" start="2025-05-04T21:54:32.407195" elapsed="0.031258"/>
</kw>
<kw name="Scroll Element Into View" owner="SeleniumLibrary">
<arg>${Validation_Path}</arg>
<doc>Scrolls the element identified by ``locator`` into view.</doc>
<status status="PASS" start="2025-05-04T21:54:32.438453" elapsed="0.329502"/>
</kw>
<kw name="Get Text" owner="SeleniumLibrary">
<msg time="2025-05-04T21:54:32.833704" level="INFO">${validate_Text} = Our students are placed in top companies like Google, Microsoft, Amazon, Tesla, and many more.</msg>
<var>${validate_Text}</var>
<arg>${Validation_Path}</arg>
<doc>Returns the text value of the element identified by ``locator``.</doc>
<status status="PASS" start="2025-05-04T21:54:32.767955" elapsed="0.065749"/>
</kw>
<kw name="Should Be Equal As Strings" owner="BuiltIn">
<arg>${validate_Text}</arg>
<arg>${From_Validate_text}</arg>
<doc>Fails if objects are unequal after converting them to strings.</doc>
<status status="PASS" start="2025-05-04T21:54:32.833704" elapsed="0.000998"/>
</kw>
<arg>${placement_info_xpath}</arg>
<arg>${placement_info_text}</arg>
<doc>Validates the text of a specific element on the home page
against the expected value.</doc>
<status status="PASS" start="2025-05-04T21:54:32.406191" elapsed="0.429843"/>
</kw>
<doc>Validates the text on the home page against expected values.</doc>
<status status="PASS" start="2025-05-04T21:54:25.185818" elapsed="7.650216"/>
</kw>
<kw name="Run Keywords" owner="BuiltIn" type="TEARDOWN">
<kw name="Run Keyword If" owner="BuiltIn">
<kw name="Passed Teardown" owner="Self_Heaaling_Moniker">
<kw name="Get Title" owner="SeleniumLibrary">
<msg time="2025-05-04T21:54:32.918286" level="INFO">${Page_title} = Home - BITS Pilani</msg>
<var>${Page_title}</var>
<doc>Returns the title of the current page.</doc>
<status status="PASS" start="2025-05-04T21:54:32.841760" elapsed="0.076526"/>
</kw>
<kw name="Copy Files" owner="OperatingSystem">
<msg time="2025-05-04T21:54:32.930260" level="INFO" html="true">Copied file from '&lt;a href="file://C:\Users\Microsoft\Desktop\Bits\SEM4\Current_logs\Home - BITS Pilani.txt"&gt;C:\Users\Microsoft\Desktop\Bits\SEM4\Current_logs\Home - BITS Pilani.txt&lt;/a&gt;' to '&lt;a href="file://C:\Users\Microsoft\Desktop\Bits\SEM4\Passed_Logs\Home - BITS Pilani.txt"&gt;C:\Users\Microsoft\Desktop\Bits\SEM4\Passed_Logs\Home - BITS Pilani.txt&lt;/a&gt;'.</msg>
<arg>C:\\Users\\Microsoft\\Desktop\\Bits\\SEM4\\Current_logs\\${Page_title}.txt</arg>
<arg>C:\\Users\\Microsoft\\Desktop\\Bits\\SEM4\\Passed_Logs</arg>
<doc>Copies specified files to the target directory.</doc>
<status status="PASS" start="2025-05-04T21:54:32.918286" elapsed="0.011974"/>
</kw>
<kw name="Close Browser" owner="SeleniumLibrary">
<doc>Closes the current browser.</doc>
<status status="PASS" start="2025-05-04T21:54:32.931313" elapsed="3.486611"/>
</kw>
<doc>Handles the actions to be performed when the test case passes.</doc>
<status status="PASS" start="2025-05-04T21:54:32.840761" elapsed="3.579210"/>
</kw>
<arg>'${TEST STATUS}' == 'PASS'</arg>
<arg>Passed Teardown</arg>
<doc>Runs the given keyword with the given arguments, if ``condition`` is true.</doc>
<status status="PASS" start="2025-05-04T21:54:32.839762" elapsed="3.581383"/>
</kw>
<kw name="Run Keyword If" owner="BuiltIn">
<arg>'${TEST STATUS}' == 'FAIL'</arg>
<arg>run keywords</arg>
<arg>Failed Teardown</arg>
<doc>Runs the given keyword with the given arguments, if ``condition`` is true.</doc>
<status status="PASS" start="2025-05-04T21:54:36.423930" elapsed="0.001001"/>
</kw>
<kw name="Print File Lines One By One" owner="Self_Heaaling_Moniker">
<kw name="Get File" owner="OperatingSystem">
<msg time="2025-05-04T21:54:36.431655" level="INFO" html="true">Getting file '&lt;a href="file://C:\Users\Microsoft\Desktop\Bits\SEM4\log_to_console_text.txt"&gt;C:\Users\Microsoft\Desktop\Bits\SEM4\log_to_console_text.txt&lt;/a&gt;'.</msg>
<msg time="2025-05-04T21:54:36.433659" level="INFO">${content} = </msg>
<var>${content}</var>
<arg>${FILE_PATH}</arg>
<doc>Returns the contents of a specified file.</doc>
<status status="PASS" start="2025-05-04T21:54:36.430663" elapsed="0.002996"/>
</kw>
<kw name="Split To Lines" owner="String">
<msg time="2025-05-04T21:54:36.436694" level="INFO">0 lines returned</msg>
<msg time="2025-05-04T21:54:36.437659" level="INFO">${lines} = []</msg>
<var>${lines}</var>
<arg>${content}</arg>
<doc>Splits the given string to lines.</doc>
<status status="PASS" start="2025-05-04T21:54:36.435261" elapsed="0.002398"/>
</kw>
<kw name="Get Length" owner="BuiltIn">
<msg time="2025-05-04T21:54:36.439788" level="INFO">Length is 0.</msg>
<msg time="2025-05-04T21:54:36.441352" level="INFO">${length} = 0</msg>
<var>${length}</var>
<arg>${lines}</arg>
<doc>Returns and logs the length of the given item as an integer.</doc>
<status status="PASS" start="2025-05-04T21:54:36.438760" elapsed="0.002592"/>
</kw>
<if>
<branch type="IF" condition="${length} == 0">
<kw name="Log" owner="BuiltIn">
<msg time="2025-05-04T21:54:36.444787" level="INFO">No content to print</msg>
<arg>No content to print</arg>
<doc>Logs the given message with the given level.</doc>
<status status="PASS" start="2025-05-04T21:54:36.443789" elapsed="0.000998"/>
</kw>
<status status="PASS" start="2025-05-04T21:54:36.441789" elapsed="0.002998"/>
</branch>
<branch type="ELSE">
<for flavor="IN">
<iter>
<kw name="Log To Console" owner="BuiltIn">
<arg>${line}</arg>
<doc>Logs the given message to the console.</doc>
<status status="NOT RUN" start="2025-05-04T21:54:36.449492" elapsed="0.000442"/>
</kw>
<var name="${line}"/>
<status status="NOT RUN" start="2025-05-04T21:54:36.447964" elapsed="0.001970"/>
</iter>
<var>${line}</var>
<value>@{lines}</value>
<status status="NOT RUN" start="2025-05-04T21:54:36.446788" elapsed="0.005144"/>
</for>
<status status="NOT RUN" start="2025-05-04T21:54:36.445788" elapsed="0.006144"/>
</branch>
<status status="PASS" start="2025-05-04T21:54:36.441789" elapsed="0.011145"/>
</if>
<arg>${log to console File}</arg>
<doc>Prints the lines of a file one by one to the console.</doc>
<status status="PASS" start="2025-05-04T21:54:36.427928" elapsed="0.025006"/>
</kw>
<arg>Run Keyword If</arg>
<arg>'${TEST STATUS}' == 'PASS'</arg>
<arg>Passed Teardown</arg>
<arg>AND</arg>
<arg>Run Keyword If</arg>
<arg>'${TEST STATUS}' == 'FAIL'</arg>
<arg>run keywords</arg>
<arg>Failed Teardown</arg>
<arg>AND</arg>
<arg>Print File Lines One By One</arg>
<arg>${log to console File}</arg>
<doc>Executes all the given keywords in a sequence.</doc>
<status status="PASS" start="2025-05-04T21:54:32.839762" elapsed="3.614176"/>
</kw>
<doc>Verify the home page details of the BITS site</doc>
<status status="PASS" start="2025-05-04T21:54:17.174899" elapsed="19.342853"/>
</test>
<test id="s1-t2" name="Test2 - Verify If User Is Able To Fill Student Info And Validate It" line="20">
<kw name="Run Keywords" owner="BuiltIn" type="SETUP">
<kw name="Test_setup_keyword" owner="Self_Heaaling_Moniker">
<kw name="Get Current Date" owner="DateTime">
<msg time="2025-05-04T21:54:36.598447" level="INFO">${timestamp} = 2025_05_04_21_54_36</msg>
<var>${timestamp}</var>
<arg>result_format=%Y_%m_%d_%H_%M_%S</arg>
<doc>Returns current local or UTC time with an optional increment.</doc>
<status status="PASS" start="2025-05-04T21:54:36.598328" elapsed="0.000119"/>
</kw>
<if>
<branch type="IF" condition="'${IS_RERUN}' == 'False'">
<kw name="Create File" owner="OperatingSystem">
<msg time="2025-05-04T21:54:36.617809" level="INFO" html="true">Created file '&lt;a href="file://C:\Users\Microsoft\Desktop\Bits\SEM4\validator.txt"&gt;C:\Users\Microsoft\Desktop\Bits\SEM4\validator.txt&lt;/a&gt;'.</msg>
<arg>${validator_file}</arg>
<arg>${timestamp}${\n}</arg>
<doc>Creates a file with the given content and encoding.</doc>
<status status="PASS" start="2025-05-04T21:54:36.610262" elapsed="0.007547"/>
</kw>
<kw name="Create Dictionary" owner="BuiltIn">
<msg time="2025-05-04T21:54:36.621491" level="INFO">${re_run_flag} = {}</msg>
<var>${re_run_flag}</var>
<doc>Creates and returns a dictionary based on the given ``items``.</doc>
<status status="PASS" start="2025-05-04T21:54:36.618686" elapsed="0.002805"/>
</kw>
<kw name="Append To File" owner="OperatingSystem">
<msg time="2025-05-04T21:54:36.631158" level="INFO" html="true">Appended to file '&lt;a href="file://C:\Users\Microsoft\Desktop\Bits\SEM4\validator.txt"&gt;C:\Users\Microsoft\Desktop\Bits\SEM4\validator.txt&lt;/a&gt;'.</msg>
<arg>${validator_file}</arg>
<arg>${re_run_flag}${\n}</arg>
<doc>Appends the given content to the specified file.</doc>
<status status="PASS" start="2025-05-04T21:54:36.622332" elapsed="0.008826"/>
</kw>
<kw name="Create List" owner="BuiltIn">
<msg time="2025-05-04T21:54:36.633043" level="INFO">${console_list} = []</msg>
<var>${console_list}</var>
<doc>Returns a list containing given items.</doc>
<status status="PASS" start="2025-05-04T21:54:36.632279" elapsed="0.000764"/>
</kw>
<kw name="Append To File" owner="OperatingSystem">
<msg time="2025-05-04T21:54:36.651519" level="INFO" html="true">Appended to file '&lt;a href="file://C:\Users\Microsoft\Desktop\Bits\SEM4\validator.txt"&gt;C:\Users\Microsoft\Desktop\Bits\SEM4\validator.txt&lt;/a&gt;'.</msg>
<arg>${validator_file}</arg>
<arg>${console_list}${\n}</arg>
<doc>Appends the given content to the specified file.</doc>
<status status="PASS" start="2025-05-04T21:54:36.633919" elapsed="0.017600"/>
</kw>
<kw name="Create File" owner="OperatingSystem">
<msg time="2025-05-04T21:54:36.654517" level="INFO" html="true">Created file '&lt;a href="file://C:\Users\Microsoft\Desktop\Bits\SEM4\log_to_console_text.txt"&gt;C:\Users\Microsoft\Desktop\Bits\SEM4\log_to_console_text.txt&lt;/a&gt;'.</msg>
<arg>${log to console File}</arg>
<doc>Creates a file with the given content and encoding.</doc>
<status status="PASS" start="2025-05-04T21:54:36.652518" elapsed="0.001999"/>
</kw>
<status status="PASS" start="2025-05-04T21:54:36.599478" elapsed="0.055039"/>
</branch>
<status status="PASS" start="2025-05-04T21:54:36.599478" elapsed="0.056041"/>
</if>
<doc>Sets up the test case by creating necessary directories and files.</doc>
<status status="PASS" start="2025-05-04T21:54:36.596327" elapsed="0.059278"/>
</kw>
<kw name="Open URL" owner="Bits_Site_keyword">
<kw name="Evaluate" owner="BuiltIn">
<msg time="2025-05-04T21:54:36.658353" level="INFO">${options} = &lt;selenium.webdriver.chrome.options.Options object at 0x0000022A260C4890&gt;</msg>
<var>${options}</var>
<arg>sys.modules['selenium.webdriver'].ChromeOptions()</arg>
<arg>sys, selenium.webdriver</arg>
<doc>Evaluates the given expression in Python and returns the result.</doc>
<status status="PASS" start="2025-05-04T21:54:36.656525" elapsed="0.001828"/>
</kw>
<kw name="Create List" owner="BuiltIn">
<msg time="2025-05-04T21:54:36.661075" level="INFO">${switches} = ['enable-logging']</msg>
<var>${switches}</var>
<arg>enable-logging</arg>
<doc>Returns a list containing given items.</doc>
<status status="PASS" start="2025-05-04T21:54:36.660046" elapsed="0.001477"/>
</kw>
<kw name="Call Method" owner="BuiltIn">
<arg>${options}</arg>
<arg>add_experimental_option</arg>
<arg>excludeSwitches</arg>
<arg>${switches}</arg>
<doc>Calls the named method of the given object with the provided arguments.</doc>
<status status="PASS" start="2025-05-04T21:54:36.665048" elapsed="0.000000"/>
</kw>
<kw name="Call Method" owner="BuiltIn">
<arg>${options}</arg>
<arg>add_experimental_option</arg>
<arg>detach</arg>
<arg>${True}</arg>
<doc>Calls the named method of the given object with the provided arguments.</doc>
<status status="PASS" start="2025-05-04T21:54:36.666047" elapsed="0.000000"/>
</kw>
<kw name="Open Browser" owner="SeleniumLibrary">
<msg time="2025-05-04T21:54:36.668087" level="INFO">Opening browser 'Chrome' to base url 'file:///C:/Users/Microsoft/Desktop/Bits/Website/index.html'.</msg>
<arg>${URL}</arg>
<arg>${browser}</arg>
<arg>options=${options}</arg>
<doc>Opens a new browser instance to the optional ``url``.</doc>
<status status="PASS" start="2025-05-04T21:54:36.667091" elapsed="3.619891"/>
</kw>
<kw name="Maximize Browser Window" owner="SeleniumLibrary">
<doc>Maximizes current browser window.</doc>
<status status="PASS" start="2025-05-04T21:54:40.287981" elapsed="0.411361"/>
</kw>
<arg>${URL}</arg>
<arg>Chrome</arg>
<doc>Opens the specified URL in the given browser with custom options.</doc>
<status status="PASS" start="2025-05-04T21:54:36.655605" elapsed="4.043737"/>
</kw>
<arg>Test_setup_keyword</arg>
<arg>AND</arg>
<arg>Open URL</arg>
<arg>${URL}</arg>
<arg>Chrome</arg>
<doc>Executes all the given keywords in a sequence.</doc>
<status status="PASS" start="2025-05-04T21:54:36.596038" elapsed="4.103304"/>
</kw>
<kw name="Fill Student From" owner="Bits_Site_keyword">
<kw name="Click Element" owner="SeleniumLibrary">
<msg time="2025-05-04T21:54:40.706767" level="INFO">Clicking element '//li/a[@id='Form']'.</msg>
<arg>${student_Form_Button}</arg>
<doc>Click the element identified by ``locator``.</doc>
<status status="PASS" start="2025-05-04T21:54:40.706222" elapsed="0.983713"/>
</kw>
<kw name="Save Current Run Web Source" owner="Self_Heaaling_Moniker">
<kw name="Get Title" owner="SeleniumLibrary">
<msg time="2025-05-04T21:54:41.738445" level="INFO">${Page_title} = Student Form - BITS Pilani</msg>
<var>${Page_title}</var>
<doc>Returns the title of the current page.</doc>
<status status="PASS" start="2025-05-04T21:54:41.694977" elapsed="0.043468"/>
</kw>
<kw name="Get Source" owner="SeleniumLibrary">
<msg time="2025-05-04T21:54:41.761009" level="INFO">${Page_Source} = &lt;html lang="en"&gt;&lt;head&gt;
    &lt;meta charset="UTF-8"&gt;
    &lt;meta name="viewport" content="width=device-width, initial-scale=1.0"&gt;
    &lt;title&gt;Student Form - BITS Pilani&lt;/title&gt;
    &lt;link rel="stylesheet" hr...</msg>
<var>${Page_Source}</var>
<doc>Returns the entire HTML source of the current page or frame.</doc>
<status status="PASS" start="2025-05-04T21:54:41.739875" elapsed="0.021858"/>
</kw>
<kw name="Create File" owner="OperatingSystem">
<msg time="2025-05-04T21:54:41.763733" level="INFO" html="true">Created file '&lt;a href="file://C:\Users\Microsoft\Desktop\Bits\SEM4\Current_logs\Student Form - BITS Pilani.txt"&gt;C:\Users\Microsoft\Desktop\Bits\SEM4\Current_logs\Student Form - BITS Pilani.txt&lt;/a&gt;'.</msg>
<arg>C:\\Users\\Microsoft\\Desktop\\Bits\\SEM4\\Current_logs\\${Page_title}.txt</arg>
<arg>${Page_Source}</arg>
<doc>Creates a file with the given content and encoding.</doc>
<status status="PASS" start="2025-05-04T21:54:41.761733" elapsed="0.002000"/>
</kw>
<doc>Saves the current run web source to a file.</doc>
<status status="PASS" start="2025-05-04T21:54:41.690955" elapsed="0.073053"/>
</kw>
<kw name="Input Text" owner="SeleniumLibrary">
<msg time="2025-05-04T21:54:41.764731" level="INFO">Typing text 'Kamakshi' into text field '//input[@id='fullName']'.</msg>
<arg>${Name_Xpath}</arg>
<arg>Kamakshi</arg>
<doc>Types the given ``text`` into the text field identified by ``locator``.</doc>
<status status="PASS" start="2025-05-04T21:54:41.764008" elapsed="0.409765"/>
</kw>
<kw name="Input Text" owner="SeleniumLibrary">
<msg time="2025-05-04T21:54:42.174768" level="INFO">Typing text '02-07-1997' into text field '//input[@id='dob']'.</msg>
<arg>${DOB_Xpath}</arg>
<arg>02-07-1997</arg>
<doc>Types the given ``text`` into the text field identified by ``locator``.</doc>
<status status="PASS" start="2025-05-04T21:54:42.174768" elapsed="0.192603"/>
</kw>
<kw name="Select from dropdown" owner="Bits_Site_keyword">
<kw name="Select From List By Value" owner="SeleniumLibrary">
<msg time="2025-05-04T21:54:42.369474" level="INFO">Selecting options from selection list '//select[@id='gender']' by value female.</msg>
<arg>${dropdown_Xpath}</arg>
<arg>${Select_from_dropdown}</arg>
<doc>Selects options from selection list ``locator`` by ``values``.</doc>
<status status="PASS" start="2025-05-04T21:54:42.368465" elapsed="0.173376"/>
</kw>
<arg>${gender_Xpath}</arg>
<arg>female</arg>
<doc>Selects an option from a dropdown list based on the provided XPath and value.</doc>
<status status="PASS" start="2025-05-04T21:54:42.367371" elapsed="0.175469"/>
</kw>
<kw name="Input Text" owner="SeleniumLibrary">
<msg time="2025-05-04T21:54:42.544077" level="INFO">Typing text '2023mt932170@gmail.com' into text field '//input[@id='email']'.</msg>
<arg>${email_Xpath}</arg>
<arg>2023mt932170@gmail.com</arg>
<doc>Types the given ``text`` into the text field identified by ``locator``.</doc>
<status status="PASS" start="2025-05-04T21:54:42.543534" elapsed="0.234758"/>
</kw>
<kw name="Input Text" owner="SeleniumLibrary">
<msg time="2025-05-04T21:54:42.782809" level="INFO">Typing text '9811286701' into text field '//input[@id='phone']'.</msg>
<arg>${phone_xpath}</arg>
<arg>9811286701</arg>
<doc>Types the given ``text`` into the text field identified by ``locator``.</doc>
<status status="PASS" start="2025-05-04T21:54:42.781882" elapsed="0.202393"/>
</kw>
<kw name="Select from dropdown" owner="Bits_Site_keyword">
<kw name="Select From List By Value" owner="SeleniumLibrary">
<msg time="2025-05-04T21:54:42.987364" level="INFO">Selecting options from selection list '//select[@id='department']' by value Computer Science.</msg>
<arg>${dropdown_Xpath}</arg>
<arg>${Select_from_dropdown}</arg>
<doc>Selects options from selection list ``locator`` by ``values``.</doc>
<status status="PASS" start="2025-05-04T21:54:42.986273" elapsed="0.141420"/>
</kw>
<arg>${Department_Xpath}</arg>
<arg>Computer Science</arg>
<doc>Selects an option from a dropdown list based on the provided XPath and value.</doc>
<status status="PASS" start="2025-05-04T21:54:42.985285" elapsed="0.143410"/>
</kw>
<kw name="Input Text" owner="SeleniumLibrary">
<msg time="2025-05-04T21:54:43.129696" level="INFO">Typing text 'Rohini sector -9' into text field '//textarea[@id='address']'.</msg>
<arg>${address_xpath}</arg>
<arg>Rohini sector -9</arg>
<doc>Types the given ``text`` into the text field identified by ``locator``.</doc>
<status status="PASS" start="2025-05-04T21:54:43.128695" elapsed="0.260426"/>
</kw>
<kw name="Input Text" owner="SeleniumLibrary">
<msg time="2025-05-04T21:54:43.390119" level="INFO">Typing text '235mt57654' into text field '//input[@id='studentID']'.</msg>
<arg>${Student_ID_Xpath}</arg>
<arg>235mt57654</arg>
<doc>Types the given ``text`` into the text field identified by ``locator``.</doc>
<status status="PASS" start="2025-05-04T21:54:43.389181" elapsed="0.278665"/>
</kw>
<kw name="Click Element" owner="SeleniumLibrary">
<msg time="2025-05-04T21:54:43.668937" level="INFO">Clicking element '//input[@id='sports']'.</msg>
<arg>${Sports_Xpath}</arg>
<doc>Click the element identified by ``locator``.</doc>
<status status="PASS" start="2025-05-04T21:54:43.668937" elapsed="0.150501"/>
</kw>
<kw name="Click Element" owner="SeleniumLibrary">
<msg time="2025-05-04T21:54:43.820566" level="INFO">Clicking element '//input[@id='music']'.</msg>
<arg>${Music_Xpath}</arg>
<doc>Click the element identified by ``locator``.</doc>
<status status="PASS" start="2025-05-04T21:54:43.819438" elapsed="0.180063"/>
</kw>
<kw name="Click Element" owner="SeleniumLibrary">
<msg time="2025-05-04T21:54:44.000496" level="INFO">Clicking element '//input[@type='submit']'.</msg>
<arg>${Register_Button}</arg>
<doc>Click the element identified by ``locator``.</doc>
<status status="PASS" start="2025-05-04T21:54:43.999501" elapsed="0.181903"/>
</kw>
<kw name="Handle Alert" owner="SeleniumLibrary">
<msg time="2025-05-04T21:54:44.182295" level="INFO">HANDLE::&lt;class 'NoneType'&gt;::None</msg>
<arg>action=ACCEPT</arg>
<doc>Handles the current alert and returns its message.</doc>
<status status="PASS" start="2025-05-04T21:54:44.182295" elapsed="0.017554"/>
</kw>
<doc>Fills the student form with provided details and validates the form submission.</doc>
<status status="PASS" start="2025-05-04T21:54:40.705224" elapsed="3.494625"/>
</kw>
<kw name="Validate Form Details" owner="Bits_Site_keyword">
<kw name="Click Element" owner="SeleniumLibrary">
<msg time="2025-05-04T21:54:44.202996" level="INFO">Clicking element '//a[@id='details']'.</msg>
<arg>${student_detail_button}</arg>
<doc>Click the element identified by ``locator``.</doc>
<status status="PASS" start="2025-05-04T21:54:44.201932" elapsed="0.345342"/>
</kw>
<kw name="Save Current Run Web Source" owner="Self_Heaaling_Moniker">
<kw name="Get Title" owner="SeleniumLibrary">
<msg time="2025-05-04T21:54:44.577003" level="INFO">${Page_title} = Student Details - BITS Pilani</msg>
<var>${Page_title}</var>
<doc>Returns the title of the current page.</doc>
<status status="PASS" start="2025-05-04T21:54:44.549377" elapsed="0.027626"/>
</kw>
<kw name="Get Source" owner="SeleniumLibrary">
<msg time="2025-05-04T21:54:44.616134" level="INFO">${Page_Source} = &lt;html lang="en"&gt;&lt;head&gt;
    &lt;meta charset="UTF-8"&gt;
    &lt;meta name="viewport" content="width=device-width, initial-scale=1.0"&gt;
    &lt;title&gt;Student Details - BITS Pilani&lt;/title&gt;
    &lt;link rel="stylesheet"...</msg>
<var>${Page_Source}</var>
<doc>Returns the entire HTML source of the current page or frame.</doc>
<status status="PASS" start="2025-05-04T21:54:44.578001" elapsed="0.038314"/>
</kw>
<kw name="Create File" owner="OperatingSystem">
<msg time="2025-05-04T21:54:44.619428" level="INFO" html="true">Created file '&lt;a href="file://C:\Users\Microsoft\Desktop\Bits\SEM4\Current_logs\Student Details - BITS Pilani.txt"&gt;C:\Users\Microsoft\Desktop\Bits\SEM4\Current_logs\Student Details - BITS Pilani.txt&lt;/a&gt;'.</msg>
<arg>C:\\Users\\Microsoft\\Desktop\\Bits\\SEM4\\Current_logs\\${Page_title}.txt</arg>
<arg>${Page_Source}</arg>
<doc>Creates a file with the given content and encoding.</doc>
<status status="PASS" start="2025-05-04T21:54:44.616315" elapsed="0.003113"/>
</kw>
<doc>Saves the current run web source to a file.</doc>
<status status="PASS" start="2025-05-04T21:54:44.548324" elapsed="0.071908"/>
</kw>
<kw name="Get text and Return" owner="Bits_Site_keyword">
<kw name="Save Current Run Web Source" owner="Self_Heaaling_Moniker">
<kw name="Get Title" owner="SeleniumLibrary">
<msg time="2025-05-04T21:54:44.642245" level="INFO">${Page_title} = Student Details - BITS Pilani</msg>
<var>${Page_title}</var>
<doc>Returns the title of the current page.</doc>
<status status="PASS" start="2025-05-04T21:54:44.622714" elapsed="0.019531"/>
</kw>
<kw name="Get Source" owner="SeleniumLibrary">
<msg time="2025-05-04T21:54:44.656701" level="INFO">${Page_Source} = &lt;html lang="en"&gt;&lt;head&gt;
    &lt;meta charset="UTF-8"&gt;
    &lt;meta name="viewport" content="width=device-width, initial-scale=1.0"&gt;
    &lt;title&gt;Student Details - BITS Pilani&lt;/title&gt;
    &lt;link rel="stylesheet"...</msg>
<var>${Page_Source}</var>
<doc>Returns the entire HTML source of the current page or frame.</doc>
<status status="PASS" start="2025-05-04T21:54:44.643400" elapsed="0.013301"/>
</kw>
<kw name="Create File" owner="OperatingSystem">
<msg time="2025-05-04T21:54:44.658700" level="INFO" html="true">Created file '&lt;a href="file://C:\Users\Microsoft\Desktop\Bits\SEM4\Current_logs\Student Details - BITS Pilani.txt"&gt;C:\Users\Microsoft\Desktop\Bits\SEM4\Current_logs\Student Details - BITS Pilani.txt&lt;/a&gt;'.</msg>
<arg>C:\\Users\\Microsoft\\Desktop\\Bits\\SEM4\\Current_logs\\${Page_title}.txt</arg>
<arg>${Page_Source}</arg>
<doc>Creates a file with the given content and encoding.</doc>
<status status="PASS" start="2025-05-04T21:54:44.656701" elapsed="0.001999"/>
</kw>
<doc>Saves the current run web source to a file.</doc>
<status status="PASS" start="2025-05-04T21:54:44.621230" elapsed="0.038475"/>
</kw>
<kw name="Get Text" owner="SeleniumLibrary">
<msg time="2025-05-04T21:54:44.762331" level="INFO">${text} = 235mt57654</msg>
<var>${text}</var>
<arg>${display_field_Xpath}</arg>
<doc>Returns the text value of the element identified by ``locator``.</doc>
<status status="PASS" start="2025-05-04T21:54:44.659705" elapsed="0.102626"/>
</kw>
<return>
<value>${text}</value>
<status status="PASS" start="2025-05-04T21:54:44.763400" elapsed="0.000000"/>
</return>
<msg time="2025-05-04T21:54:44.763400" level="INFO">${Student_id} = 235mt57654</msg>
<var>${Student_id}</var>
<arg>${studentiddisplay_Xpath}</arg>
<doc>Retrieves the text from a specified element and returns it.</doc>
<status status="PASS" start="2025-05-04T21:54:44.620232" elapsed="0.143168"/>
</kw>
<kw name="Should Be Equal As Strings" owner="BuiltIn">
<arg>${Student_id}</arg>
<arg>235mt57654</arg>
<doc>Fails if objects are unequal after converting them to strings.</doc>
<status status="PASS" start="2025-05-04T21:54:44.764411" elapsed="0.001000"/>
</kw>
<kw name="Get text and Return" owner="Bits_Site_keyword">
<kw name="Save Current Run Web Source" owner="Self_Heaaling_Moniker">
<kw name="Get Title" owner="SeleniumLibrary">
<msg time="2025-05-04T21:54:44.780414" level="INFO">${Page_title} = Student Details - BITS Pilani</msg>
<var>${Page_title}</var>
<doc>Returns the title of the current page.</doc>
<status status="PASS" start="2025-05-04T21:54:44.768515" elapsed="0.011899"/>
</kw>
<kw name="Get Source" owner="SeleniumLibrary">
<msg time="2025-05-04T21:54:44.787622" level="INFO">${Page_Source} = &lt;html lang="en"&gt;&lt;head&gt;
    &lt;meta charset="UTF-8"&gt;
    &lt;meta name="viewport" content="width=device-width, initial-scale=1.0"&gt;
    &lt;title&gt;Student Details - BITS Pilani&lt;/title&gt;
    &lt;link rel="stylesheet"...</msg>
<var>${Page_Source}</var>
<doc>Returns the entire HTML source of the current page or frame.</doc>
<status status="PASS" start="2025-05-04T21:54:44.781413" elapsed="0.006209"/>
</kw>
<kw name="Create File" owner="OperatingSystem">
<msg time="2025-05-04T21:54:44.791236" level="INFO" html="true">Created file '&lt;a href="file://C:\Users\Microsoft\Desktop\Bits\SEM4\Current_logs\Student Details - BITS Pilani.txt"&gt;C:\Users\Microsoft\Desktop\Bits\SEM4\Current_logs\Student Details - BITS Pilani.txt&lt;/a&gt;'.</msg>
<arg>C:\\Users\\Microsoft\\Desktop\\Bits\\SEM4\\Current_logs\\${Page_title}.txt</arg>
<arg>${Page_Source}</arg>
<doc>Creates a file with the given content and encoding.</doc>
<status status="PASS" start="2025-05-04T21:54:44.789182" elapsed="0.002054"/>
</kw>
<doc>Saves the current run web source to a file.</doc>
<status status="PASS" start="2025-05-04T21:54:44.767514" elapsed="0.023722"/>
</kw>
<kw name="Get Text" owner="SeleniumLibrary">
<msg time="2025-05-04T21:54:44.831055" level="INFO">${text} = Kamakshi</msg>
<var>${text}</var>
<arg>${display_field_Xpath}</arg>
<doc>Returns the text value of the element identified by ``locator``.</doc>
<status status="PASS" start="2025-05-04T21:54:44.792358" elapsed="0.038697"/>
</kw>
<return>
<value>${text}</value>
<status status="PASS" start="2025-05-04T21:54:44.831055" elapsed="0.000000"/>
</return>
<msg time="2025-05-04T21:54:44.832178" level="INFO">${Student_name} = Kamakshi</msg>
<var>${Student_name}</var>
<arg>${studentfullnamedisplay_Xpath}</arg>
<doc>Retrieves the text from a specified element and returns it.</doc>
<status status="PASS" start="2025-05-04T21:54:44.765497" elapsed="0.066681"/>
</kw>
<kw name="Should Be Equal As Strings" owner="BuiltIn">
<arg>${Student_name}</arg>
<arg>Kamakshi</arg>
<doc>Fails if objects are unequal after converting them to strings.</doc>
<status status="PASS" start="2025-05-04T21:54:44.832178" elapsed="0.000879"/>
</kw>
<kw name="Get text and Return" owner="Bits_Site_keyword">
<kw name="Save Current Run Web Source" owner="Self_Heaaling_Moniker">
<kw name="Get Title" owner="SeleniumLibrary">
<msg time="2025-05-04T21:54:44.842057" level="INFO">${Page_title} = Student Details - BITS Pilani</msg>
<var>${Page_title}</var>
<doc>Returns the title of the current page.</doc>
<status status="PASS" start="2025-05-04T21:54:44.835058" elapsed="0.006999"/>
</kw>
<kw name="Get Source" owner="SeleniumLibrary">
<msg time="2025-05-04T21:54:44.850206" level="INFO">${Page_Source} = &lt;html lang="en"&gt;&lt;head&gt;
    &lt;meta charset="UTF-8"&gt;
    &lt;meta name="viewport" content="width=device-width, initial-scale=1.0"&gt;
    &lt;title&gt;Student Details - BITS Pilani&lt;/title&gt;
    &lt;link rel="stylesheet"...</msg>
<var>${Page_Source}</var>
<doc>Returns the entire HTML source of the current page or frame.</doc>
<status status="PASS" start="2025-05-04T21:54:44.843064" elapsed="0.007142"/>
</kw>
<kw name="Create File" owner="OperatingSystem">
<msg time="2025-05-04T21:54:44.853185" level="INFO" html="true">Created file '&lt;a href="file://C:\Users\Microsoft\Desktop\Bits\SEM4\Current_logs\Student Details - BITS Pilani.txt"&gt;C:\Users\Microsoft\Desktop\Bits\SEM4\Current_logs\Student Details - BITS Pilani.txt&lt;/a&gt;'.</msg>
<arg>C:\\Users\\Microsoft\\Desktop\\Bits\\SEM4\\Current_logs\\${Page_title}.txt</arg>
<arg>${Page_Source}</arg>
<doc>Creates a file with the given content and encoding.</doc>
<status status="PASS" start="2025-05-04T21:54:44.850643" elapsed="0.002542"/>
</kw>
<doc>Saves the current run web source to a file.</doc>
<status status="PASS" start="2025-05-04T21:54:44.834351" elapsed="0.019840"/>
</kw>
<kw name="Get Text" owner="SeleniumLibrary">
<msg time="2025-05-04T21:54:44.904018" level="INFO">${text} = Computer Science</msg>
<var>${text}</var>
<arg>${display_field_Xpath}</arg>
<doc>Returns the text value of the element identified by ``locator``.</doc>
<status status="PASS" start="2025-05-04T21:54:44.855188" elapsed="0.048830"/>
</kw>
<return>
<value>${text}</value>
<status status="PASS" start="2025-05-04T21:54:44.904018" elapsed="0.001006"/>
</return>
<msg time="2025-05-04T21:54:44.905024" level="INFO">${Student_course} = Computer Science</msg>
<var>${Student_course}</var>
<arg>${studentcoursedisplay_Xpath}</arg>
<doc>Retrieves the text from a specified element and returns it.</doc>
<status status="PASS" start="2025-05-04T21:54:44.833057" elapsed="0.073072"/>
</kw>
<kw name="Should Be Equal As Strings" owner="BuiltIn">
<arg>${Student_course}</arg>
<arg>Computer Science</arg>
<doc>Fails if objects are unequal after converting them to strings.</doc>
<status status="PASS" start="2025-05-04T21:54:44.906654" elapsed="0.000000"/>
</kw>
<kw name="Get text and Return" owner="Bits_Site_keyword">
<kw name="Save Current Run Web Source" owner="Self_Heaaling_Moniker">
<kw name="Get Title" owner="SeleniumLibrary">
<msg time="2025-05-04T21:54:44.918224" level="INFO">${Page_title} = Student Details - BITS Pilani</msg>
<var>${Page_title}</var>
<doc>Returns the title of the current page.</doc>
<status status="PASS" start="2025-05-04T21:54:44.909231" elapsed="0.008993"/>
</kw>
<kw name="Get Source" owner="SeleniumLibrary">
<msg time="2025-05-04T21:54:44.924208" level="INFO">${Page_Source} = &lt;html lang="en"&gt;&lt;head&gt;
    &lt;meta charset="UTF-8"&gt;
    &lt;meta name="viewport" content="width=device-width, initial-scale=1.0"&gt;
    &lt;title&gt;Student Details - BITS Pilani&lt;/title&gt;
    &lt;link rel="stylesheet"...</msg>
<var>${Page_Source}</var>
<doc>Returns the entire HTML source of the current page or frame.</doc>
<status status="PASS" start="2025-05-04T21:54:44.918224" elapsed="0.007061"/>
</kw>
<kw name="Create File" owner="OperatingSystem">
<msg time="2025-05-04T21:54:44.927583" level="INFO" html="true">Created file '&lt;a href="file://C:\Users\Microsoft\Desktop\Bits\SEM4\Current_logs\Student Details - BITS Pilani.txt"&gt;C:\Users\Microsoft\Desktop\Bits\SEM4\Current_logs\Student Details - BITS Pilani.txt&lt;/a&gt;'.</msg>
<arg>C:\\Users\\Microsoft\\Desktop\\Bits\\SEM4\\Current_logs\\${Page_title}.txt</arg>
<arg>${Page_Source}</arg>
<doc>Creates a file with the given content and encoding.</doc>
<status status="PASS" start="2025-05-04T21:54:44.925285" elapsed="0.002924"/>
</kw>
<doc>Saves the current run web source to a file.</doc>
<status status="PASS" start="2025-05-04T21:54:44.908355" elapsed="0.019854"/>
</kw>
<kw name="Get Text" owner="SeleniumLibrary">
<msg time="2025-05-04T21:54:44.974672" level="INFO">${text} = 1997-02-07</msg>
<var>${text}</var>
<arg>${display_field_Xpath}</arg>
<doc>Returns the text value of the element identified by ``locator``.</doc>
<status status="PASS" start="2025-05-04T21:54:44.929121" elapsed="0.045551"/>
</kw>
<return>
<value>${text}</value>
<status status="PASS" start="2025-05-04T21:54:44.975676" elapsed="0.000379"/>
</return>
<msg time="2025-05-04T21:54:44.976055" level="INFO">${Student_DOB} = 1997-02-07</msg>
<var>${Student_DOB}</var>
<arg>${studentdobdisplay_Xpath}</arg>
<doc>Retrieves the text from a specified element and returns it.</doc>
<status status="PASS" start="2025-05-04T21:54:44.907651" elapsed="0.068404"/>
</kw>
<kw name="Should Be Equal As Strings" owner="BuiltIn">
<msg time="2025-05-04T21:54:44.977578" level="FAIL">1997-02-07 != 02-07-1997</msg>
<arg>${Student_DOB}</arg>
<arg>02-07-1997</arg>
<doc>Fails if objects are unequal after converting them to strings.</doc>
<status status="FAIL" start="2025-05-04T21:54:44.976606" elapsed="0.001589">1997-02-07 != 02-07-1997</status>
</kw>
<kw name="Get text and Return" owner="Bits_Site_keyword">
<var>${Student_gender}</var>
<arg>${studentgenderdisplay_Xpath}</arg>
<doc>Retrieves the text from a specified element and returns it.</doc>
<status status="NOT RUN" start="2025-05-04T21:54:44.978734" elapsed="0.000000"/>
</kw>
<kw name="Should Be Equal As Strings" owner="BuiltIn">
<arg>${Student_gender}</arg>
<arg>female</arg>
<doc>Fails if objects are unequal after converting them to strings.</doc>
<status status="NOT RUN" start="2025-05-04T21:54:44.979719" elapsed="0.000000"/>
</kw>
<kw name="Get text and Return" owner="Bits_Site_keyword">
<var>${Student_phone}</var>
<arg>${studentphonedisplay_Xpath}</arg>
<doc>Retrieves the text from a specified element and returns it.</doc>
<status status="NOT RUN" start="2025-05-04T21:54:44.980231" elapsed="0.000000"/>
</kw>
<kw name="Should Be Equal As Strings" owner="BuiltIn">
<arg>${Student_phone}</arg>
<arg>9811286701</arg>
<doc>Fails if objects are unequal after converting them to strings.</doc>
<status status="NOT RUN" start="2025-05-04T21:54:44.980718" elapsed="0.000464"/>
</kw>
<kw name="Get text and Return" owner="Bits_Site_keyword">
<var>${Student_Hoobby}</var>
<arg>${studenthobbiedisplay_Xpath}</arg>
<doc>Retrieves the text from a specified element and returns it.</doc>
<status status="NOT RUN" start="2025-05-04T21:54:44.981726" elapsed="0.000000"/>
</kw>
<kw name="Should Be Equal As Strings" owner="BuiltIn">
<arg>${Student_Hoobby}</arg>
<arg>sports, music</arg>
<doc>Fails if objects are unequal after converting them to strings.</doc>
<status status="NOT RUN" start="2025-05-04T21:54:44.981726" elapsed="0.000000"/>
</kw>
<doc>Validates the details of the student form submission.</doc>
<status status="FAIL" start="2025-05-04T21:54:44.200921" elapsed="0.782816">1997-02-07 != 02-07-1997</status>
</kw>
<kw name="Run Keywords" owner="BuiltIn" type="TEARDOWN">
<kw name="Run Keyword If" owner="BuiltIn">
<arg>'${TEST STATUS}' == 'PASS'</arg>
<arg>Passed Teardown</arg>
<doc>Runs the given keyword with the given arguments, if ``condition`` is true.</doc>
<status status="PASS" start="2025-05-04T21:54:44.991844" elapsed="0.000835"/>
</kw>
<kw name="Run Keyword If" owner="BuiltIn">
<kw name="Run Keywords" owner="BuiltIn">
<kw name="Failed Teardown" owner="Self_Heaaling_Moniker">
<kw name="Verify Folder Exists And Is Not Empty" owner="Self_Heaaling_Moniker">
<kw name="Directory Should Exist" owner="OperatingSystem">
<msg time="2025-05-04T21:54:45.002970" level="INFO" html="true">Directory '&lt;a href="file://C:\Users\Microsoft\Desktop\Bits\SEM4\Passed_Logs"&gt;C:\Users\Microsoft\Desktop\Bits\SEM4\Passed_Logs&lt;/a&gt;' exists.</msg>
<arg>C:\\Users\\Microsoft\\Desktop\\Bits\\SEM4\\Passed_Logs</arg>
<arg>No Passed logs Found</arg>
<doc>Fails unless the given path points to an existing directory.</doc>
<status status="PASS" start="2025-05-04T21:54:45.001813" elapsed="0.001997"/>
</kw>
<kw name="List Files In Directory" owner="OperatingSystem">
<msg time="2025-05-04T21:54:45.004811" level="INFO" html="true">Listing contents of directory '&lt;a href="file://C:\Users\Microsoft\Desktop\Bits\SEM4\Passed_Logs"&gt;C:\Users\Microsoft\Desktop\Bits\SEM4\Passed_Logs&lt;/a&gt;'.</msg>
<msg time="2025-05-04T21:54:45.007108" level="INFO">5 files:
Courses - BITS Pilani.txt
Home - BITS Pilani.txt
Student Details - BITS Pilani.txt
Student Form - BITS Pilani.txt
Updates - BITS Pilani.txt</msg>
<msg time="2025-05-04T21:54:45.007108" level="INFO">${FILES} = ['Courses - BITS Pilani.txt', 'Home - BITS Pilani.txt', 'Student Details - BITS Pilani.txt', 'Student Form - BITS Pilani.txt', 'Updates - BITS Pilani.txt']</msg>
<var>${FILES}</var>
<arg>C:\\Users\\Microsoft\\Desktop\\Bits\\SEM4\\Passed_Logs</arg>
<doc>Wrapper for `List Directory` that returns only files.</doc>
<status status="PASS" start="2025-05-04T21:54:45.003810" elapsed="0.003298"/>
</kw>
<kw name="Should Not Be Empty" owner="BuiltIn">
<msg time="2025-05-04T21:54:45.008170" level="INFO">Length is 5.</msg>
<arg>${FILES}</arg>
<arg>No Passed logs Found</arg>
<doc>Verifies that the given item is not empty.</doc>
<status status="PASS" start="2025-05-04T21:54:45.008170" elapsed="0.000000"/>
</kw>
<doc>Verifies if the specified folder exists and is not empty.</doc>
<status status="PASS" start="2025-05-04T21:54:45.000837" elapsed="0.008629"/>
</kw>
<kw name="Validate Error and Proceed" owner="Self_Heaaling_Moniker">
<kw name="Convert To Lower Case" owner="String">
<msg time="2025-05-04T21:54:45.013743" level="INFO">${error_message_lower} = 1997-02-07 != 02-07-1997</msg>
<var>${error_message_lower}</var>
<arg>${error_message}</arg>
<doc>Converts string to lower case.</doc>
<status status="PASS" start="2025-05-04T21:54:45.012481" elapsed="0.001262"/>
</kw>
<kw name="Run Keyword And Return Status" owner="BuiltIn">
<kw name="Should Contain" owner="BuiltIn">
<msg time="2025-05-04T21:54:45.016484" level="FAIL">'1997-02-07 != 02-07-1997' does not contain 'element with locator'</msg>
<arg>${error_message_lower}</arg>
<arg>element with locator</arg>
<doc>Fails if ``container`` does not contain ``item`` one or more times.</doc>
<status status="FAIL" start="2025-05-04T21:54:45.015479" elapsed="0.002004">'1997-02-07 != 02-07-1997' does not contain 'element with locator'</status>
</kw>
<msg time="2025-05-04T21:54:45.019842" level="INFO">${condition_1} = False</msg>
<var>${condition_1}</var>
<arg>Should Contain</arg>
<arg>${error_message_lower}</arg>
<arg>element with locator</arg>
<doc>Runs the given keyword with given arguments and returns the status as a Boolean value.</doc>
<status status="PASS" start="2025-05-04T21:54:45.014485" elapsed="0.006375"/>
</kw>
<kw name="Run Keyword And Return Status" owner="BuiltIn">
<kw name="Should Contain" owner="BuiltIn">
<msg time="2025-05-04T21:54:45.024838" level="FAIL">'1997-02-07 != 02-07-1997' does not contain 'element not visible'</msg>
<arg>${error_message_lower}</arg>
<arg>element not visible</arg>
<doc>Fails if ``container`` does not contain ``item`` one or more times.</doc>
<status status="FAIL" start="2025-05-04T21:54:45.023895" elapsed="0.000943">'1997-02-07 != 02-07-1997' does not contain 'element not visible'</status>
</kw>
<msg time="2025-05-04T21:54:45.026070" level="INFO">${condition_2} = False</msg>
<var>${condition_2}</var>
<arg>Should Contain</arg>
<arg>${error_message_lower}</arg>
<arg>element not visible</arg>
<doc>Runs the given keyword with given arguments and returns the status as a Boolean value.</doc>
<status status="PASS" start="2025-05-04T21:54:45.022857" elapsed="0.003213"/>
</kw>
<if>
<branch type="IF" condition="${condition_1} or ${condition_2}">
<kw name="Return From Keyword" owner="BuiltIn">
<arg>True</arg>
<doc>Returns from the enclosing user keyword.</doc>
<status status="NOT RUN" start="2025-05-04T21:54:45.026839" elapsed="0.000000"/>
</kw>
<status status="NOT RUN" start="2025-05-04T21:54:45.026070" elapsed="0.000769"/>
</branch>
<branch type="ELSE">
<kw name="Return From Keyword" owner="BuiltIn">
<msg time="2025-05-04T21:54:45.028489" level="INFO">Returning from the enclosing user keyword.</msg>
<arg>False</arg>
<doc>Returns from the enclosing user keyword.</doc>
<status status="PASS" start="2025-05-04T21:54:45.027841" elapsed="0.000648"/>
</kw>
<status status="PASS" start="2025-05-04T21:54:45.026839" elapsed="0.001650"/>
</branch>
<status status="PASS" start="2025-05-04T21:54:45.026070" elapsed="0.002419"/>
</if>
<msg time="2025-05-04T21:54:45.029396" level="INFO">${Is_self_heal_Applicable} = False</msg>
<var>${Is_self_heal_Applicable}</var>
<arg>${TEST MESSAGE}</arg>
<doc>Validates the error message and checks if it contains specific keywords.</doc>
<status status="PASS" start="2025-05-04T21:54:45.010480" elapsed="0.018916"/>
</kw>
<if>
<branch type="IF" condition="'${Is_self_heal_Applicable}'=='True'">
<kw name="Log" owner="BuiltIn">
<arg>${TEST MESSAGE}</arg>
<doc>Logs the given message with the given level.</doc>
<status status="NOT RUN" start="2025-05-04T21:54:45.031271" elapsed="0.000999"/>
</kw>
<kw name="Extract Xpath Info" owner="Self_Heaaling_py">
<var>${xpath_condition}</var>
<arg>${TEST MESSAGE}</arg>
<status status="NOT RUN" start="2025-05-04T21:54:45.032270" elapsed="0.000000"/>
</kw>
<kw name="Check_Iteration_For_Testcase" owner="Self_Heaaling_Moniker">
<var>${status}</var>
<arg>${xpath_condition}</arg>
[...]
<var>${string_list}</var>
<arg>${string}</arg>
<arg>\n</arg>
<doc>Splits the ``string`` using ``separator`` as a delimiter string.</doc>
<status status="PASS" start="2025-05-04T21:55:02.908261" elapsed="0.000000"/>
</kw>
<return>
<value>${string_list}</value>
<status status="PASS" start="2025-05-04T21:55:02.909197" elapsed="0.000000"/>
</return>
<msg time="2025-05-04T21:55:02.909197" level="INFO">${Section_list} = ['🖥️ MBA in Digital Business Management', 'Learn **Digital Marketing, E-commerce, and AI-driven business strategies**.']</msg>
<var>${Section_list}</var>
<arg>${Section_deatils}</arg>
<doc>Converts a string into a list by splitting it at newline characters.</doc>
<status status="PASS" start="2025-05-04T21:55:02.886039" elapsed="0.023158"/>
</kw>
<kw name="Get your string to List" owner="Bits_Site_keyword">
<kw name="Save Current Run Web Source" owner="Self_Heaaling_Moniker">
<kw name="Get Title" owner="SeleniumLibrary">
<msg time="2025-05-04T21:55:02.920894" level="INFO">${Page_title} = Courses - BITS Pilani</msg>
<var>${Page_title}</var>
<doc>Returns the title of the current page.</doc>
<status status="PASS" start="2025-05-04T21:55:02.912102" elapsed="0.008792"/>
</kw>
<kw name="Get Source" owner="SeleniumLibrary">
<msg time="2025-05-04T21:55:02.926039" level="INFO">${Page_Source} = &lt;html lang="en"&gt;&lt;head&gt;
    &lt;meta charset="UTF-8"&gt;
    &lt;meta name="viewport" content="width=device-width, initial-scale=1.0"&gt;
    &lt;title&gt;Courses - BITS Pilani&lt;/title&gt;
    &lt;link rel="stylesheet" href="s...</msg>
<var>${Page_Source}</var>
<doc>Returns the entire HTML source of the current page or frame.</doc>
<status status="PASS" start="2025-05-04T21:55:02.920894" elapsed="0.005145"/>
</kw>
<kw name="Create File" owner="OperatingSystem">
<msg time="2025-05-04T21:55:02.927895" level="INFO" html="true">Created file '&lt;a href="file://C:\Users\Microsoft\Desktop\Bits\SEM4\Current_logs\Courses - BITS Pilani.txt"&gt;C:\Users\Microsoft\Desktop\Bits\SEM4\Current_logs\Courses - BITS Pilani.txt&lt;/a&gt;'.</msg>
<arg>C:\\Users\\Microsoft\\Desktop\\Bits\\SEM4\\Current_logs\\${Page_title}.txt</arg>
<arg>${Page_Source}</arg>
<doc>Creates a file with the given content and encoding.</doc>
<status status="PASS" start="2025-05-04T21:55:02.926039" elapsed="0.001856"/>
</kw>
<doc>Saves the current run web source to a file.</doc>
<status status="PASS" start="2025-05-04T21:55:02.911200" elapsed="0.017697"/>
</kw>
<kw name="Split String" owner="String">
<msg time="2025-05-04T21:55:02.929894" level="INFO">${string_list} = ['🖥️ MBA in Digital Business Management', 'Learn **Digital Marketing, E-commerce, and AI-driven business strategies**.']</msg>
<var>${string_list}</var>
<arg>${string}</arg>
<arg>\n</arg>
<doc>Splits the ``string`` using ``separator`` as a delimiter string.</doc>
<status status="PASS" start="2025-05-04T21:55:02.929464" elapsed="0.000430"/>
</kw>
<return>
<value>${string_list}</value>
<status status="PASS" start="2025-05-04T21:55:02.929894" elapsed="0.000000"/>
</return>
<msg time="2025-05-04T21:55:02.929894" level="INFO">${validation_list} = ['🖥️ MBA in Digital Business Management', 'Learn **Digital Marketing, E-commerce, and AI-driven business strategies**.']</msg>
<var>${validation_list}</var>
<arg>${Validate_Section}</arg>
<doc>Converts a string into a list by splitting it at newline characters.</doc>
<status status="PASS" start="2025-05-04T21:55:02.910096" elapsed="0.019798"/>
</kw>
<kw name="Lists Should Be Equal" owner="Collections">
<arg>${Section_list}</arg>
<arg>${validation_list}</arg>
<doc>Fails if given lists are unequal.</doc>
<status status="PASS" start="2025-05-04T21:55:02.931190" elapsed="0.000000"/>
</kw>
<arg>${DBM_info_xpath}</arg>
<arg>🖥️ MBA in Digital Business Management\nLearn **Digital Marketing, E-commerce, and AI-driven business strategies**.</arg>
<status status="PASS" start="2025-05-04T21:55:02.812170" elapsed="0.119020"/>
</kw>
<kw name="Validate Sections" owner="Bits_Site_keyword">
<kw name="Save Current Run Web Source" owner="Self_Heaaling_Moniker">
<kw name="Get Title" owner="SeleniumLibrary">
<msg time="2025-05-04T21:55:02.940898" level="INFO">${Page_title} = Courses - BITS Pilani</msg>
<var>${Page_title}</var>
<doc>Returns the title of the current page.</doc>
<status status="PASS" start="2025-05-04T21:55:02.933899" elapsed="0.006999"/>
</kw>
<kw name="Get Source" owner="SeleniumLibrary">
<msg time="2025-05-04T21:55:02.945893" level="INFO">${Page_Source} = &lt;html lang="en"&gt;&lt;head&gt;
    &lt;meta charset="UTF-8"&gt;
    &lt;meta name="viewport" content="width=device-width, initial-scale=1.0"&gt;
    &lt;title&gt;Courses - BITS Pilani&lt;/title&gt;
    &lt;link rel="stylesheet" href="s...</msg>
<var>${Page_Source}</var>
<doc>Returns the entire HTML source of the current page or frame.</doc>
<status status="PASS" start="2025-05-04T21:55:02.940898" elapsed="0.004995"/>
</kw>
<kw name="Create File" owner="OperatingSystem">
<msg time="2025-05-04T21:55:02.947933" level="INFO" html="true">Created file '&lt;a href="file://C:\Users\Microsoft\Desktop\Bits\SEM4\Current_logs\Courses - BITS Pilani.txt"&gt;C:\Users\Microsoft\Desktop\Bits\SEM4\Current_logs\Courses - BITS Pilani.txt&lt;/a&gt;'.</msg>
<arg>C:\\Users\\Microsoft\\Desktop\\Bits\\SEM4\\Current_logs\\${Page_title}.txt</arg>
<arg>${Page_Source}</arg>
<doc>Creates a file with the given content and encoding.</doc>
<status status="PASS" start="2025-05-04T21:55:02.945893" elapsed="0.002040"/>
</kw>
<doc>Saves the current run web source to a file.</doc>
<status status="PASS" start="2025-05-04T21:55:02.932899" elapsed="0.016049"/>
</kw>
<kw name="Get text and Return" owner="Bits_Site_keyword">
<kw name="Save Current Run Web Source" owner="Self_Heaaling_Moniker">
<kw name="Get Title" owner="SeleniumLibrary">
<msg time="2025-05-04T21:55:02.963951" level="INFO">${Page_title} = Courses - BITS Pilani</msg>
<var>${Page_title}</var>
<doc>Returns the title of the current page.</doc>
<status status="PASS" start="2025-05-04T21:55:02.951211" elapsed="0.013737"/>
</kw>
<kw name="Get Source" owner="SeleniumLibrary">
<msg time="2025-05-04T21:55:02.973234" level="INFO">${Page_Source} = &lt;html lang="en"&gt;&lt;head&gt;
    &lt;meta charset="UTF-8"&gt;
    &lt;meta name="viewport" content="width=device-width, initial-scale=1.0"&gt;
    &lt;title&gt;Courses - BITS Pilani&lt;/title&gt;
    &lt;link rel="stylesheet" href="s...</msg>
<var>${Page_Source}</var>
<doc>Returns the entire HTML source of the current page or frame.</doc>
<status status="PASS" start="2025-05-04T21:55:02.964948" elapsed="0.008286"/>
</kw>
<kw name="Create File" owner="OperatingSystem">
<msg time="2025-05-04T21:55:02.976246" level="INFO" html="true">Created file '&lt;a href="file://C:\Users\Microsoft\Desktop\Bits\SEM4\Current_logs\Courses - BITS Pilani.txt"&gt;C:\Users\Microsoft\Desktop\Bits\SEM4\Current_logs\Courses - BITS Pilani.txt&lt;/a&gt;'.</msg>
<arg>C:\\Users\\Microsoft\\Desktop\\Bits\\SEM4\\Current_logs\\${Page_title}.txt</arg>
<arg>${Page_Source}</arg>
<doc>Creates a file with the given content and encoding.</doc>
<status status="PASS" start="2025-05-04T21:55:02.974233" elapsed="0.003001"/>
</kw>
<doc>Saves the current run web source to a file.</doc>
<status status="PASS" start="2025-05-04T21:55:02.949947" elapsed="0.027548"/>
</kw>
<kw name="Get Text" owner="SeleniumLibrary">
<msg time="2025-05-04T21:55:03.028478" level="INFO">${text} = 🧬 Ph.D. in Biotechnology
Research in **Genomics, Bioinformatics, and Advanced Drug Development**.</msg>
<var>${text}</var>
<arg>${display_field_Xpath}</arg>
<doc>Returns the text value of the element identified by ``locator``.</doc>
<status status="PASS" start="2025-05-04T21:55:02.978037" elapsed="0.050441"/>
</kw>
<return>
<value>${text}</value>
<status status="PASS" start="2025-05-04T21:55:03.028478" elapsed="0.001023"/>
</return>
<msg time="2025-05-04T21:55:03.030514" level="INFO">${Section_deatils} = 🧬 Ph.D. in Biotechnology
Research in **Genomics, Bioinformatics, and Advanced Drug Development**.</msg>
<var>${Section_deatils}</var>
<arg>${Section_Xpath}</arg>
<doc>Retrieves the text from a specified element and returns it.</doc>
<status status="PASS" start="2025-05-04T21:55:02.949284" elapsed="0.081230"/>
</kw>
<kw name="Get your string to List" owner="Bits_Site_keyword">
<kw name="Save Current Run Web Source" owner="Self_Heaaling_Moniker">
<kw name="Get Title" owner="SeleniumLibrary">
<msg time="2025-05-04T21:55:03.055020" level="INFO">${Page_title} = Courses - BITS Pilani</msg>
<var>${Page_title}</var>
<doc>Returns the title of the current page.</doc>
<status status="PASS" start="2025-05-04T21:55:03.034497" elapsed="0.020523"/>
</kw>
<kw name="Get Source" owner="SeleniumLibrary">
<msg time="2025-05-04T21:55:03.062018" level="INFO">${Page_Source} = &lt;html lang="en"&gt;&lt;head&gt;
    &lt;meta charset="UTF-8"&gt;
    &lt;meta name="viewport" content="width=device-width, initial-scale=1.0"&gt;
    &lt;title&gt;Courses - BITS Pilani&lt;/title&gt;
    &lt;link rel="stylesheet" href="s...</msg>
<var>${Page_Source}</var>
<doc>Returns the entire HTML source of the current page or frame.</doc>
<status status="PASS" start="2025-05-04T21:55:03.056064" elapsed="0.006958"/>
</kw>
<kw name="Create File" owner="OperatingSystem">
<msg time="2025-05-04T21:55:03.066017" level="INFO" html="true">Created file '&lt;a href="file://C:\Users\Microsoft\Desktop\Bits\SEM4\Current_logs\Courses - BITS Pilani.txt"&gt;C:\Users\Microsoft\Desktop\Bits\SEM4\Current_logs\Courses - BITS Pilani.txt&lt;/a&gt;'.</msg>
<arg>C:\\Users\\Microsoft\\Desktop\\Bits\\SEM4\\Current_logs\\${Page_title}.txt</arg>
<arg>${Page_Source}</arg>
<doc>Creates a file with the given content and encoding.</doc>
<status status="PASS" start="2025-05-04T21:55:03.064021" elapsed="0.001996"/>
</kw>
<doc>Saves the current run web source to a file.</doc>
<status status="PASS" start="2025-05-04T21:55:03.033500" elapsed="0.033520"/>
</kw>
<kw name="Split String" owner="String">
<msg time="2025-05-04T21:55:03.068113" level="INFO">${string_list} = ['🧬 Ph.D. in Biotechnology', 'Research in **Genomics, Bioinformatics, and Advanced Drug Development**.']</msg>
<var>${string_list}</var>
<arg>${string}</arg>
<arg>\n</arg>
<doc>Splits the ``string`` using ``separator`` as a delimiter string.</doc>
<status status="PASS" start="2025-05-04T21:55:03.067020" elapsed="0.001093"/>
</kw>
<return>
<value>${string_list}</value>
<status status="PASS" start="2025-05-04T21:55:03.068113" elapsed="0.001014"/>
</return>
<msg time="2025-05-04T21:55:03.069127" level="INFO">${Section_list} = ['🧬 Ph.D. in Biotechnology', 'Research in **Genomics, Bioinformatics, and Advanced Drug Development**.']</msg>
<var>${Section_list}</var>
<arg>${Section_deatils}</arg>
<doc>Converts a string into a list by splitting it at newline characters.</doc>
<status status="PASS" start="2025-05-04T21:55:03.031563" elapsed="0.037564"/>
</kw>
<kw name="Get your string to List" owner="Bits_Site_keyword">
<kw name="Save Current Run Web Source" owner="Self_Heaaling_Moniker">
<kw name="Get Title" owner="SeleniumLibrary">
<msg time="2025-05-04T21:55:03.083129" level="INFO">${Page_title} = Courses - BITS Pilani</msg>
<var>${Page_title}</var>
<doc>Returns the title of the current page.</doc>
<status status="PASS" start="2025-05-04T21:55:03.073135" elapsed="0.009994"/>
</kw>
<kw name="Get Source" owner="SeleniumLibrary">
<msg time="2025-05-04T21:55:03.093978" level="INFO">${Page_Source} = &lt;html lang="en"&gt;&lt;head&gt;
    &lt;meta charset="UTF-8"&gt;
    &lt;meta name="viewport" content="width=device-width, initial-scale=1.0"&gt;
    &lt;title&gt;Courses - BITS Pilani&lt;/title&gt;
    &lt;link rel="stylesheet" href="s...</msg>
<var>${Page_Source}</var>
<doc>Returns the entire HTML source of the current page or frame.</doc>
<status status="PASS" start="2025-05-04T21:55:03.084128" elapsed="0.009850"/>
</kw>
<kw name="Create File" owner="OperatingSystem">
<msg time="2025-05-04T21:55:03.096653" level="INFO" html="true">Created file '&lt;a href="file://C:\Users\Microsoft\Desktop\Bits\SEM4\Current_logs\Courses - BITS Pilani.txt"&gt;C:\Users\Microsoft\Desktop\Bits\SEM4\Current_logs\Courses - BITS Pilani.txt&lt;/a&gt;'.</msg>
<arg>C:\\Users\\Microsoft\\Desktop\\Bits\\SEM4\\Current_logs\\${Page_title}.txt</arg>
<arg>${Page_Source}</arg>
<doc>Creates a file with the given content and encoding.</doc>
<status status="PASS" start="2025-05-04T21:55:03.094653" elapsed="0.002000"/>
</kw>
<doc>Saves the current run web source to a file.</doc>
<status status="PASS" start="2025-05-04T21:55:03.072130" elapsed="0.024523"/>
</kw>
<kw name="Split String" owner="String">
<msg time="2025-05-04T21:55:03.098312" level="INFO">${string_list} = ['🧬 Ph.D. in Biotechnology', 'Research in **Genomics, Bioinformatics, and Advanced Drug Development**.']</msg>
<var>${string_list}</var>
<arg>${string}</arg>
<arg>\n</arg>
<doc>Splits the ``string`` using ``separator`` as a delimiter string.</doc>
<status status="PASS" start="2025-05-04T21:55:03.098312" elapsed="0.000000"/>
</kw>
<return>
<value>${string_list}</value>
<status status="PASS" start="2025-05-04T21:55:03.098312" elapsed="0.000941"/>
</return>
<msg time="2025-05-04T21:55:03.099549" level="INFO">${validation_list} = ['🧬 Ph.D. in Biotechnology', 'Research in **Genomics, Bioinformatics, and Advanced Drug Development**.']</msg>
<var>${validation_list}</var>
<arg>${Validate_Section}</arg>
<doc>Converts a string into a list by splitting it at newline characters.</doc>
<status status="PASS" start="2025-05-04T21:55:03.070130" elapsed="0.029419"/>
</kw>
<kw name="Lists Should Be Equal" owner="Collections">
<arg>${Section_list}</arg>
<arg>${validation_list}</arg>
<doc>Fails if given lists are unequal.</doc>
<status status="PASS" start="2025-05-04T21:55:03.100254" elapsed="0.000000"/>
</kw>
<arg>${bio_info_xpath}</arg>
<arg>🧬 Ph.D. in Biotechnology\nResearch in **Genomics, Bioinformatics, and Advanced Drug Development**.</arg>
<status status="PASS" start="2025-05-04T21:55:02.931895" elapsed="0.168359"/>
</kw>
<doc>Validates the course details on the page.</doc>
<status status="PASS" start="2025-05-04T21:55:01.069879" elapsed="2.030375"/>
</kw>
<kw name="Run Keywords" owner="BuiltIn" type="TEARDOWN">
<kw name="Run Keyword If" owner="BuiltIn">
<kw name="Passed Teardown" owner="Self_Heaaling_Moniker">
<kw name="Get Title" owner="SeleniumLibrary">
<msg time="2025-05-04T21:55:03.115150" level="INFO">${Page_title} = Courses - BITS Pilani</msg>
<var>${Page_title}</var>
<doc>Returns the title of the current page.</doc>
<status status="PASS" start="2025-05-04T21:55:03.105254" elapsed="0.010891"/>
</kw>
<kw name="Copy Files" owner="OperatingSystem">
<msg time="2025-05-04T21:55:03.129405" level="INFO" html="true">Copied file from '&lt;a href="file://C:\Users\Microsoft\Desktop\Bits\SEM4\Current_logs\Courses - BITS Pilani.txt"&gt;C:\Users\Microsoft\Desktop\Bits\SEM4\Current_logs\Courses - BITS Pilani.txt&lt;/a&gt;' to '&lt;a href="file://C:\Users\Microsoft\Desktop\Bits\SEM4\Passed_Logs\Courses - BITS Pilani.txt"&gt;C:\Users\Microsoft\Desktop\Bits\SEM4\Passed_Logs\Courses - BITS Pilani.txt&lt;/a&gt;'.</msg>
<arg>C:\\Users\\Microsoft\\Desktop\\Bits\\SEM4\\Current_logs\\${Page_title}.txt</arg>
<arg>C:\\Users\\Microsoft\\Desktop\\Bits\\SEM4\\Passed_Logs</arg>
<doc>Copies specified files to the target directory.</doc>
<status status="PASS" start="2025-05-04T21:55:03.116145" elapsed="0.013260"/>
</kw>
<kw name="Close Browser" owner="SeleniumLibrary">
<doc>Closes the current browser.</doc>
<status status="PASS" start="2025-05-04T21:55:03.130148" elapsed="3.291386"/>
</kw>
<doc>Handles the actions to be performed when the test case passes.</doc>
<status status="PASS" start="2025-05-04T21:55:03.104255" elapsed="3.318145"/>
</kw>
<arg>'${TEST STATUS}' == 'PASS'</arg>
<arg>Passed Teardown</arg>
<doc>Runs the given keyword with the given arguments, if ``condition`` is true.</doc>
<status status="PASS" start="2025-05-04T21:55:03.102255" elapsed="3.320145"/>
</kw>
<kw name="Run Keyword If" owner="BuiltIn">
<arg>'${TEST STATUS}' == 'FAIL'</arg>
<arg>run keywords</arg>
<arg>Failed Teardown</arg>
<doc>Runs the given keyword with the given arguments, if ``condition`` is true.</doc>
<status status="PASS" start="2025-05-04T21:55:06.423398" elapsed="0.000998"/>
</kw>
<kw name="Print File Lines One By One" owner="Self_Heaaling_Moniker">
<kw name="Get File" owner="OperatingSystem">
<msg time="2025-05-04T21:55:06.428756" level="INFO" html="true">Getting file '&lt;a href="file://C:\Users\Microsoft\Desktop\Bits\SEM4\log_to_console_text.txt"&gt;C:\Users\Microsoft\Desktop\Bits\SEM4\log_to_console_text.txt&lt;/a&gt;'.</msg>
<msg time="2025-05-04T21:55:06.429776" level="INFO">${content} = </msg>
<var>${content}</var>
<arg>${FILE_PATH}</arg>
<doc>Returns the contents of a specified file.</doc>
<status status="PASS" start="2025-05-04T21:55:06.427396" elapsed="0.002380"/>
</kw>
<kw name="Split To Lines" owner="String">
<msg time="2025-05-04T21:55:06.431777" level="INFO">0 lines returned</msg>
<msg time="2025-05-04T21:55:06.431777" level="INFO">${lines} = []</msg>
<var>${lines}</var>
<arg>${content}</arg>
<doc>Splits the given string to lines.</doc>
<status status="PASS" start="2025-05-04T21:55:06.430774" elapsed="0.001854"/>
</kw>
<kw name="Get Length" owner="BuiltIn">
<msg time="2025-05-04T21:55:06.433841" level="INFO">Length is 0.</msg>
<msg time="2025-05-04T21:55:06.433841" level="INFO">${length} = 0</msg>
<var>${length}</var>
<arg>${lines}</arg>
<doc>Returns and logs the length of the given item as an integer.</doc>
<status status="PASS" start="2025-05-04T21:55:06.433436" elapsed="0.000405"/>
</kw>
<if>
<branch type="IF" condition="${length} == 0">
<kw name="Log" owner="BuiltIn">
<msg time="2025-05-04T21:55:06.435775" level="INFO">No content to print</msg>
<arg>No content to print</arg>
<doc>Logs the given message with the given level.</doc>
<status status="PASS" start="2025-05-04T21:55:06.435775" elapsed="0.000997"/>
</kw>
<status status="PASS" start="2025-05-04T21:55:06.434777" elapsed="0.002999"/>
</branch>
<branch type="ELSE">
<for flavor="IN">
<iter>
<kw name="Log To Console" owner="BuiltIn">
<arg>${line}</arg>
<doc>Logs the given message to the console.</doc>
<status status="NOT RUN" start="2025-05-04T21:55:06.438778" elapsed="0.001068"/>
</kw>
<var name="${line}"/>
<status status="NOT RUN" start="2025-05-04T21:55:06.438778" elapsed="0.001068"/>
</iter>
<var>${line}</var>
<value>@{lines}</value>
<status status="NOT RUN" start="2025-05-04T21:55:06.437776" elapsed="0.002070"/>
</for>
<status status="NOT RUN" start="2025-05-04T21:55:06.437776" elapsed="0.002070"/>
</branch>
<status status="PASS" start="2025-05-04T21:55:06.434777" elapsed="0.005069"/>
</if>
<arg>${log to console File}</arg>
<doc>Prints the lines of a file one by one to the console.</doc>
<status status="PASS" start="2025-05-04T21:55:06.426397" elapsed="0.014469"/>
</kw>
<arg>Run Keyword If</arg>
<arg>'${TEST STATUS}' == 'PASS'</arg>
<arg>Passed Teardown</arg>
<arg>AND</arg>
<arg>Run Keyword If</arg>
<arg>'${TEST STATUS}' == 'FAIL'</arg>
<arg>run keywords</arg>
<arg>Failed Teardown</arg>
<arg>AND</arg>
<arg>Print File Lines One By One</arg>
<arg>${log to console File}</arg>
<doc>Executes all the given keywords in a sequence.</doc>
<status status="PASS" start="2025-05-04T21:55:03.101252" elapsed="3.339958"/>
</kw>
<doc>Verify the course details of the BITS site</doc>
<status status="PASS" start="2025-05-04T21:54:57.509619" elapsed="8.940263"/>
</test>
<status status="FAIL" start="2025-05-04T21:54:00.667835" elapsed="65.789053"/>
</suite>
<statistics>
<total>
<stat pass="3" fail="1" skip="0">All Tests</stat>
</total>
<tag>
</tag>
<suite>
<stat name="Self Heal" id="s1" pass="3" fail="1" skip="0">Self Heal</stat>
</suite>
</statistics>
<errors>
</errors>
</robot>
