<?xml version="1.0" encoding="UTF-8"?>
<robot generator="Robot 7.2.2 (Python 3.11.0 on win32)" generated="2025-05-03T21:37:16.897277" rpa="false" schemaversion="5">
<suite id="s1" name="Self Heal" source="C:\Users\Microsoft\Desktop\Bits\SEM4\Self_Heal.robot">
<kw name="Suite_Setup_Keyword" owner="Self_Heaaling_Moniker" type="SETUP">
<kw name="Set Screenshot Directory" owner="SeleniumLibrary">
<arg>C:\\Users\\Microsoft\\Desktop\\Bits\\SEM4\\Screenshots</arg>
<doc>Sets the directory for captured screenshots.</doc>
<status status="PASS" start="2025-05-03T21:37:26.315621" elapsed="0.000000"/>
</kw>
<status status="PASS" start="2025-05-03T21:37:26.315621" elapsed="0.000000"/>
</kw>
<test id="s1-t1" name="Test4 - Verify Course Details" line="32">
<kw name="Run Keywords" owner="BuiltIn" type="SETUP">
<kw name="Test_setup_keyword" owner="Self_Heaaling_Moniker">
<kw name="Get Current Date" owner="DateTime">
<msg time="2025-05-03T21:37:26.315621" level="INFO">${timestamp} = 2025_05_03_21_37_26</msg>
<var>${timestamp}</var>
<arg>result_format=%Y_%m_%d_%H_%M_%S</arg>
<doc>Returns current local or UTC time with an optional increment.</doc>
<status status="PASS" start="2025-05-03T21:37:26.315621" elapsed="0.000000"/>
</kw>
<if>
<branch type="IF" condition="'${IS_RERUN}' == 'False'">
<kw name="Create File" owner="OperatingSystem">
<arg>${validator_file}</arg>
<arg>${timestamp}${\n}</arg>
<doc>Creates a file with the given content and encoding.</doc>
<status status="NOT RUN" start="2025-05-03T21:37:26.315621" elapsed="0.000000"/>
</kw>
<kw name="Create Dictionary" owner="BuiltIn">
<var>${re_run_flag}</var>
<doc>Creates and returns a dictionary based on the given ``items``.</doc>
<status status="NOT RUN" start="2025-05-03T21:37:26.315621" elapsed="0.000000"/>
</kw>
<kw name="Append To File" owner="OperatingSystem">
<arg>${validator_file}</arg>
<arg>${re_run_flag}${\n}</arg>
<doc>Appends the given content to the specified file.</doc>
<status status="NOT RUN" start="2025-05-03T21:37:26.315621" elapsed="0.000000"/>
</kw>
<kw name="Create List" owner="BuiltIn">
<var>${console_list}</var>
<doc>Returns a list containing given items.</doc>
<status status="NOT RUN" start="2025-05-03T21:37:26.315621" elapsed="0.000000"/>
</kw>
<kw name="Append To File" owner="OperatingSystem">
<arg>${validator_file}</arg>
<arg>${console_list}${\n}</arg>
<doc>Appends the given content to the specified file.</doc>
<status status="NOT RUN" start="2025-05-03T21:37:26.315621" elapsed="0.000000"/>
</kw>
<kw name="Create File" owner="OperatingSystem">
<arg>${log to console File}</arg>
<doc>Creates a file with the given content and encoding.</doc>
<status status="NOT RUN" start="2025-05-03T21:37:26.315621" elapsed="0.000000"/>
</kw>
<status status="NOT RUN" start="2025-05-03T21:37:26.315621" elapsed="0.000000"/>
</branch>
<status status="PASS" start="2025-05-03T21:37:26.315621" elapsed="0.000000"/>
</if>
<status status="PASS" start="2025-05-03T21:37:26.315621" elapsed="0.000000"/>
</kw>
<kw name="Open URL" owner="Bits_Site_keyword">
<kw name="Evaluate" owner="BuiltIn">
<msg time="2025-05-03T21:37:26.315621" level="INFO">${options} = &lt;selenium.webdriver.chrome.options.Options object at 0x0000015610507A10&gt;</msg>
<var>${options}</var>
<arg>sys.modules['selenium.webdriver'].ChromeOptions()</arg>
<arg>sys, selenium.webdriver</arg>
<doc>Evaluates the given expression in Python and returns the result.</doc>
<status status="PASS" start="2025-05-03T21:37:26.315621" elapsed="0.000000"/>
</kw>
<kw name="Create List" owner="BuiltIn">
<msg time="2025-05-03T21:37:26.315621" level="INFO">${switches} = ['enable-logging']</msg>
<var>${switches}</var>
<arg>enable-logging</arg>
<doc>Returns a list containing given items.</doc>
<status status="PASS" start="2025-05-03T21:37:26.315621" elapsed="0.000000"/>
</kw>
<kw name="Call Method" owner="BuiltIn">
<arg>${options}</arg>
<arg>add_experimental_option</arg>
<arg>excludeSwitches</arg>
<arg>${switches}</arg>
<doc>Calls the named method of the given object with the provided arguments.</doc>
<status status="PASS" start="2025-05-03T21:37:26.315621" elapsed="0.000000"/>
</kw>
<kw name="Call Method" owner="BuiltIn">
<arg>${options}</arg>
<arg>add_experimental_option</arg>
<arg>detach</arg>
<arg>${True}</arg>
<doc>Calls the named method of the given object with the provided arguments.</doc>
<status status="PASS" start="2025-05-03T21:37:26.315621" elapsed="0.000000"/>
</kw>
<kw name="Open Browser" owner="SeleniumLibrary">
<msg time="2025-05-03T21:37:26.315621" level="INFO">Opening browser 'Chrome' to base url 'file:///C:/Users/Microsoft/Desktop/Bits/Website/index.html'.</msg>
<arg>${URL}</arg>
<arg>${browser}</arg>
<arg>options=${options}</arg>
<doc>Opens a new browser instance to the optional ``url``.</doc>
<status status="PASS" start="2025-05-03T21:37:26.315621" elapsed="1.904490"/>
</kw>
<kw name="Maximize Browser Window" owner="SeleniumLibrary">
<doc>Maximizes current browser window.</doc>
<status status="PASS" start="2025-05-03T21:37:28.220111" elapsed="0.160091"/>
</kw>
<arg>${URL}</arg>
<arg>Chrome</arg>
<status status="PASS" start="2025-05-03T21:37:26.315621" elapsed="2.064581"/>
</kw>
<arg>Test_setup_keyword</arg>
<arg>AND</arg>
<arg>Open URL</arg>
<arg>${URL}</arg>
<arg>Chrome</arg>
<doc>Executes all the given keywords in a sequence.</doc>
<status status="PASS" start="2025-05-03T21:37:26.315621" elapsed="2.064581"/>
</kw>
<kw name="Validate Course Deatils" owner="Bits_Site_keyword">
<kw name="Click Element" owner="SeleniumLibrary">
<msg time="2025-05-03T21:37:28.382275" level="INFO">Clicking element '//a[@id='courses']'.</msg>
<arg>${course_button}</arg>
<doc>Click the element identified by ``locator``.</doc>
<status status="PASS" start="2025-05-03T21:37:28.382275" elapsed="0.202991"/>
</kw>
<kw name="Save Current Run Web Source" owner="Self_Heaaling_Moniker">
<kw name="Get Title" owner="SeleniumLibrary">
<msg time="2025-05-03T21:37:28.605429" level="INFO">${Page_title} = Courses - BITS Pilani</msg>
<var>${Page_title}</var>
<doc>Returns the title of the current page.</doc>
<status status="PASS" start="2025-05-03T21:37:28.585266" elapsed="0.020163"/>
</kw>
<kw name="Get Source" owner="SeleniumLibrary">
<msg time="2025-05-03T21:37:28.605429" level="INFO">${Page_Source} = &lt;html lang="en"&gt;&lt;head&gt;
    &lt;meta charset="UTF-8"&gt;
    &lt;meta name="viewport" content="width=device-width, initial-scale=1.0"&gt;
    &lt;title&gt;Courses - BITS Pilani&lt;/title&gt;
    &lt;link rel="stylesheet" href="s...</msg>
<var>${Page_Source}</var>
<doc>Returns the entire HTML source of the current page or frame.</doc>
<status status="PASS" start="2025-05-03T21:37:28.605429" elapsed="0.000000"/>
</kw>
<kw name="Create File" owner="OperatingSystem">
<msg time="2025-05-03T21:37:28.613522" level="INFO" html="true">Created file '&lt;a href="file://C:\Users\Microsoft\Desktop\Bits\SEM4\Current_logs\Courses - BITS Pilani.txt"&gt;C:\Users\Microsoft\Desktop\Bits\SEM4\Current_logs\Courses - BITS Pilani.txt&lt;/a&gt;'.</msg>
<arg>C:\\Users\\Microsoft\\Desktop\\Bits\\SEM4\\Current_logs\\${Page_title}.txt</arg>
<arg>${Page_Source}</arg>
<doc>Creates a file with the given content and encoding.</doc>
<status status="PASS" start="2025-05-03T21:37:28.613522" elapsed="0.000000"/>
</kw>
<status status="PASS" start="2025-05-03T21:37:28.585266" elapsed="0.028256"/>
</kw>
<kw name="Validate Sections" owner="Bits_Site_keyword">
<kw name="Save Current Run Web Source" owner="Self_Heaaling_Moniker">
<kw name="Get Title" owner="SeleniumLibrary">
<msg time="2025-05-03T21:37:28.615561" level="INFO">${Page_title} = Courses - BITS Pilani</msg>
<var>${Page_title}</var>
<doc>Returns the title of the current page.</doc>
<status status="PASS" start="2025-05-03T21:37:28.615561" elapsed="0.000000"/>
</kw>
<kw name="Get Source" owner="SeleniumLibrary">
<msg time="2025-05-03T21:37:28.625624" level="INFO">${Page_Source} = &lt;html lang="en"&gt;&lt;head&gt;
    &lt;meta charset="UTF-8"&gt;
    &lt;meta name="viewport" content="width=device-width, initial-scale=1.0"&gt;
    &lt;title&gt;Courses - BITS Pilani&lt;/title&gt;
    &lt;link rel="stylesheet" href="s...</msg>
<var>${Page_Source}</var>
<doc>Returns the entire HTML source of the current page or frame.</doc>
<status status="PASS" start="2025-05-03T21:37:28.623595" elapsed="0.002029"/>
</kw>
<kw name="Create File" owner="OperatingSystem">
<msg time="2025-05-03T21:37:28.625624" level="INFO" html="true">Created file '&lt;a href="file://C:\Users\Microsoft\Desktop\Bits\SEM4\Current_logs\Courses - BITS Pilani.txt"&gt;C:\Users\Microsoft\Desktop\Bits\SEM4\Current_logs\Courses - BITS Pilani.txt&lt;/a&gt;'.</msg>
<arg>C:\\Users\\Microsoft\\Desktop\\Bits\\SEM4\\Current_logs\\${Page_title}.txt</arg>
<arg>${Page_Source}</arg>
<doc>Creates a file with the given content and encoding.</doc>
<status status="PASS" start="2025-05-03T21:37:28.625624" elapsed="0.000000"/>
</kw>
<status status="PASS" start="2025-05-03T21:37:28.615561" elapsed="0.010063"/>
</kw>
<kw name="Get text and Return" owner="Bits_Site_keyword">
<kw name="Save Current Run Web Source" owner="Self_Heaaling_Moniker">
<kw name="Get Title" owner="SeleniumLibrary">
<msg time="2025-05-03T21:37:28.635722" level="INFO">${Page_title} = Courses - BITS Pilani</msg>
<var>${Page_title}</var>
<doc>Returns the title of the current page.</doc>
<status status="PASS" start="2025-05-03T21:37:28.625624" elapsed="0.010098"/>
</kw>
<kw name="Get Source" owner="SeleniumLibrary">
<msg time="2025-05-03T21:37:28.635722" level="INFO">${Page_Source} = &lt;html lang="en"&gt;&lt;head&gt;
    &lt;meta charset="UTF-8"&gt;
    &lt;meta name="viewport" content="width=device-width, initial-scale=1.0"&gt;
    &lt;title&gt;Courses - BITS Pilani&lt;/title&gt;
    &lt;link rel="stylesheet" href="s...</msg>
<var>${Page_Source}</var>
<doc>Returns the entire HTML source of the current page or frame.</doc>
<status status="PASS" start="2025-05-03T21:37:28.635722" elapsed="0.000000"/>
</kw>
<kw name="Create File" owner="OperatingSystem">
<msg time="2025-05-03T21:37:28.635722" level="INFO" html="true">Created file '&lt;a href="file://C:\Users\Microsoft\Desktop\Bits\SEM4\Current_logs\Courses - BITS Pilani.txt"&gt;C:\Users\Microsoft\Desktop\Bits\SEM4\Current_logs\Courses - BITS Pilani.txt&lt;/a&gt;'.</msg>
<arg>C:\\Users\\Microsoft\\Desktop\\Bits\\SEM4\\Current_logs\\${Page_title}.txt</arg>
<arg>${Page_Source}</arg>
<doc>Creates a file with the given content and encoding.</doc>
<status status="PASS" start="2025-05-03T21:37:28.635722" elapsed="0.000000"/>
</kw>
<status status="PASS" start="2025-05-03T21:37:28.625624" elapsed="0.010098"/>
</kw>
<kw name="Get Text" owner="SeleniumLibrary">
<msg time="2025-05-03T21:37:28.734165" level="INFO">${text} = 💻 B.Tech in Computer Science &amp; Engineering
Learn cutting-edge technologies like **AI, Machine Learning, Cloud Computing, and Cybersecurity**.</msg>
<var>${text}</var>
<arg>${display_field_Xpath}</arg>
<doc>Returns the text value of the element identified by ``locator``.</doc>
<status status="PASS" start="2025-05-03T21:37:28.635722" elapsed="0.098443"/>
</kw>
<return>
<value>${text}</value>
<status status="PASS" start="2025-05-03T21:37:28.734165" elapsed="0.000000"/>
</return>
<msg time="2025-05-03T21:37:28.734165" level="INFO">${Section_deatils} = 💻 B.Tech in Computer Science &amp; Engineering
Learn cutting-edge technologies like **AI, Machine Learning, Cloud Computing, and Cybersecurity**.</msg>
<var>${Section_deatils}</var>
<arg>${Section_Xpath}</arg>
<status status="PASS" start="2025-05-03T21:37:28.625624" elapsed="0.108541"/>
</kw>
<kw name="Get your string to List" owner="Bits_Site_keyword">
<kw name="Save Current Run Web Source" owner="Self_Heaaling_Moniker">
<kw name="Get Title" owner="SeleniumLibrary">
<msg time="2025-05-03T21:37:28.747056" level="INFO">${Page_title} = Courses - BITS Pilani</msg>
<var>${Page_title}</var>
<doc>Returns the title of the current page.</doc>
<status status="PASS" start="2025-05-03T21:37:28.736616" elapsed="0.010440"/>
</kw>
<kw name="Get Source" owner="SeleniumLibrary">
<msg time="2025-05-03T21:37:28.752153" level="INFO">${Page_Source} = &lt;html lang="en"&gt;&lt;head&gt;
    &lt;meta charset="UTF-8"&gt;
    &lt;meta name="viewport" content="width=device-width, initial-scale=1.0"&gt;
    &lt;title&gt;Courses - BITS Pilani&lt;/title&gt;
    &lt;link rel="stylesheet" href="s...</msg>
<var>${Page_Source}</var>
<doc>Returns the entire HTML source of the current page or frame.</doc>
<status status="PASS" start="2025-05-03T21:37:28.747056" elapsed="0.005097"/>
</kw>
<kw name="Create File" owner="OperatingSystem">
<msg time="2025-05-03T21:37:28.753181" level="INFO" html="true">Created file '&lt;a href="file://C:\Users\Microsoft\Desktop\Bits\SEM4\Current_logs\Courses - BITS Pilani.txt"&gt;C:\Users\Microsoft\Desktop\Bits\SEM4\Current_logs\Courses - BITS Pilani.txt&lt;/a&gt;'.</msg>
<arg>C:\\Users\\Microsoft\\Desktop\\Bits\\SEM4\\Current_logs\\${Page_title}.txt</arg>
<arg>${Page_Source}</arg>
<doc>Creates a file with the given content and encoding.</doc>
<status status="PASS" start="2025-05-03T21:37:28.752153" elapsed="0.001028"/>
</kw>
<status status="PASS" start="2025-05-03T21:37:28.736616" elapsed="0.017587"/>
</kw>
<kw name="Split String" owner="String">
<msg time="2025-05-03T21:37:28.754734" level="INFO">${string_list} = ['💻 B.Tech in Computer Science &amp; Engineering', 'Learn cutting-edge technologies like **AI, Machine Learning, Cloud Computing, and Cybersecurity**.']</msg>
<var>${string_list}</var>
<arg>${string}</arg>
<arg>\n</arg>
<doc>Splits the ``string`` using ``separator`` as a delimiter string.</doc>
<status status="PASS" start="2025-05-03T21:37:28.754203" elapsed="0.000531"/>
</kw>
<return>
<value>${string_list}</value>
<status status="PASS" start="2025-05-03T21:37:28.755259" elapsed="0.000000"/>
</return>
<msg time="2025-05-03T21:37:28.755259" level="INFO">${Section_list} = ['💻 B.Tech in Computer Science &amp; Engineering', 'Learn cutting-edge technologies like **AI, Machine Learning, Cloud Computing, and Cybersecurity**.']</msg>
<var>${Section_list}</var>
<arg>${Section_deatils}</arg>
<status status="PASS" start="2025-05-03T21:37:28.736616" elapsed="0.018643"/>
</kw>
<kw name="Get your string to List" owner="Bits_Site_keyword">
<kw name="Save Current Run Web Source" owner="Self_Heaaling_Moniker">
<kw name="Get Title" owner="SeleniumLibrary">
<msg time="2025-05-03T21:37:28.761442" level="INFO">${Page_title} = Courses - BITS Pilani</msg>
<var>${Page_title}</var>
<doc>Returns the title of the current page.</doc>
<status status="PASS" start="2025-05-03T21:37:28.758343" elapsed="0.003099"/>
</kw>
<kw name="Get Source" owner="SeleniumLibrary">
<msg time="2025-05-03T21:37:28.764949" level="INFO">${Page_Source} = &lt;html lang="en"&gt;&lt;head&gt;
    &lt;meta charset="UTF-8"&gt;
    &lt;meta name="viewport" content="width=device-width, initial-scale=1.0"&gt;
    &lt;title&gt;Courses - BITS Pilani&lt;/title&gt;
    &lt;link rel="stylesheet" href="s...</msg>
<var>${Page_Source}</var>
<doc>Returns the entire HTML source of the current page or frame.</doc>
<status status="PASS" start="2025-05-03T21:37:28.761442" elapsed="0.003507"/>
</kw>
<kw name="Create File" owner="OperatingSystem">
<msg time="2025-05-03T21:37:28.764949" level="INFO" html="true">Created file '&lt;a href="file://C:\Users\Microsoft\Desktop\Bits\SEM4\Current_logs\Courses - BITS Pilani.txt"&gt;C:\Users\Microsoft\Desktop\Bits\SEM4\Current_logs\Courses - BITS Pilani.txt&lt;/a&gt;'.</msg>
<arg>C:\\Users\\Microsoft\\Desktop\\Bits\\SEM4\\Current_logs\\${Page_title}.txt</arg>
<arg>${Page_Source}</arg>
<doc>Creates a file with the given content and encoding.</doc>
<status status="PASS" start="2025-05-03T21:37:28.764949" elapsed="0.000000"/>
</kw>
<status status="PASS" start="2025-05-03T21:37:28.757326" elapsed="0.007623"/>
</kw>
<kw name="Split String" owner="String">
<msg time="2025-05-03T21:37:28.764949" level="INFO">${string_list} = ['💻 B.Tech in Computer Science &amp; Engineering', 'Learn cutting-edge technologies like **AI, Machine Learning, Cloud Computing, and Cybersecurity**.']</msg>
<var>${string_list}</var>
<arg>${string}</arg>
<arg>\n</arg>
<doc>Splits the ``string`` using ``separator`` as a delimiter string.</doc>
<status status="PASS" start="2025-05-03T21:37:28.764949" elapsed="0.000000"/>
</kw>
<return>
<value>${string_list}</value>
<status status="PASS" start="2025-05-03T21:37:28.764949" elapsed="0.000000"/>
</return>
<msg time="2025-05-03T21:37:28.764949" level="INFO">${validation_list} = ['💻 B.Tech in Computer Science &amp; Engineering', 'Learn cutting-edge technologies like **AI, Machine Learning, Cloud Computing, and Cybersecurity**.']</msg>
<var>${validation_list}</var>
<arg>${Validate_Section}</arg>
<status status="PASS" start="2025-05-03T21:37:28.756277" elapsed="0.008672"/>
</kw>
<kw name="Lists Should Be Equal" owner="Collections">
<arg>${Section_list}</arg>
<arg>${validation_list}</arg>
<doc>Fails if given lists are unequal.</doc>
<status status="PASS" start="2025-05-03T21:37:28.764949" elapsed="0.000000"/>
</kw>
<arg>${cs_info_xpath}</arg>
<arg>💻 B.Tech in Computer Science &amp; Engineering\nLearn cutting-edge technologies like **AI, Machine Learning, Cloud Computing, and Cybersecurity**.</arg>
<status status="PASS" start="2025-05-03T21:37:28.615561" elapsed="0.149388"/>
</kw>
<kw name="Validate Sections" owner="Bits_Site_keyword">
<kw name="Save Current Run Web Source" owner="Self_Heaaling_Moniker">
<kw name="Get Title" owner="SeleniumLibrary">
<msg time="2025-05-03T21:37:28.764949" level="INFO">${Page_title} = Courses - BITS Pilani</msg>
<var>${Page_title}</var>
<doc>Returns the title of the current page.</doc>
<status status="PASS" start="2025-05-03T21:37:28.764949" elapsed="0.000000"/>
</kw>
<kw name="Get Source" owner="SeleniumLibrary">
<msg time="2025-05-03T21:37:28.780597" level="INFO">${Page_Source} = &lt;html lang="en"&gt;&lt;head&gt;
    &lt;meta charset="UTF-8"&gt;
    &lt;meta name="viewport" content="width=device-width, initial-scale=1.0"&gt;
    &lt;title&gt;Courses - BITS Pilani&lt;/title&gt;
    &lt;link rel="stylesheet" href="s...</msg>
<var>${Page_Source}</var>
<doc>Returns the entire HTML source of the current page or frame.</doc>
<status status="PASS" start="2025-05-03T21:37:28.764949" elapsed="0.015648"/>
</kw>
<kw name="Create File" owner="OperatingSystem">
<msg time="2025-05-03T21:37:28.780597" level="INFO" html="true">Created file '&lt;a href="file://C:\Users\Microsoft\Desktop\Bits\SEM4\Current_logs\Courses - BITS Pilani.txt"&gt;C:\Users\Microsoft\Desktop\Bits\SEM4\Current_logs\Courses - BITS Pilani.txt&lt;/a&gt;'.</msg>
<arg>C:\\Users\\Microsoft\\Desktop\\Bits\\SEM4\\Current_logs\\${Page_title}.txt</arg>
<arg>${Page_Source}</arg>
<doc>Creates a file with the given content and encoding.</doc>
<status status="PASS" start="2025-05-03T21:37:28.780597" elapsed="0.000000"/>
</kw>
<status status="PASS" start="2025-05-03T21:37:28.764949" elapsed="0.015648"/>
</kw>
<kw name="Get text and Return" owner="Bits_Site_keyword">
<kw name="Save Current Run Web Source" owner="Self_Heaaling_Moniker">
<kw name="Get Title" owner="SeleniumLibrary">
<msg time="2025-05-03T21:37:28.795175" level="INFO">${Page_title} = Courses - BITS Pilani</msg>
<var>${Page_title}</var>
<doc>Returns the title of the current page.</doc>
<status status="PASS" start="2025-05-03T21:37:28.780597" elapsed="0.014578"/>
</kw>
<kw name="Get Source" owner="SeleniumLibrary">
<msg time="2025-05-03T21:37:28.801169" level="INFO">${Page_Source} = &lt;html lang="en"&gt;&lt;head&gt;
    &lt;meta charset="UTF-8"&gt;
    &lt;meta name="viewport" content="width=device-width, initial-scale=1.0"&gt;
    &lt;title&gt;Courses - BITS Pilani&lt;/title&gt;
    &lt;link rel="stylesheet" href="s...</msg>
<var>${Page_Source}</var>
<doc>Returns the entire HTML source of the current page or frame.</doc>
<status status="PASS" start="2025-05-03T21:37:28.796164" elapsed="0.005005"/>
</kw>
<kw name="Create File" owner="OperatingSystem">
<msg time="2025-05-03T21:37:28.804169" level="INFO" html="true">Created file '&lt;a href="file://C:\Users\Microsoft\Desktop\Bits\SEM4\Current_logs\Courses - BITS Pilani.txt"&gt;C:\Users\Microsoft\Desktop\Bits\SEM4\Current_logs\Courses - BITS Pilani.txt&lt;/a&gt;'.</msg>
<arg>C:\\Users\\Microsoft\\Desktop\\Bits\\SEM4\\Current_logs\\${Page_title}.txt</arg>
<arg>${Page_Source}</arg>
<doc>Creates a file with the given content and encoding.</doc>
<status status="PASS" start="2025-05-03T21:37:28.801169" elapsed="0.003996"/>
</kw>
<status status="PASS" start="2025-05-03T21:37:28.780597" elapsed="0.025839"/>
</kw>
<kw name="Get Text" owner="SeleniumLibrary">
<msg time="2025-05-03T21:37:28.838574" level="INFO">${text} = 📡 B.Tech in Electronics &amp; Communication Engineering
Specialize in **VLSI Design, Embedded Systems, and IoT** for a career in **semiconductors and telecommunications**.</msg>
<var>${text}</var>
<arg>${display_field_Xpath}</arg>
<doc>Returns the text value of the element identified by ``locator``.</doc>
<status status="PASS" start="2025-05-03T21:37:28.806573" elapsed="0.032001"/>
</kw>
<return>
<value>${text}</value>
<status status="PASS" start="2025-05-03T21:37:28.838574" elapsed="0.000000"/>
</return>
<msg time="2025-05-03T21:37:28.838574" level="INFO">${Section_deatils} = 📡 B.Tech in Electronics &amp; Communication Engineering
Specialize in **VLSI Design, Embedded Systems, and IoT** for a career in **semiconductors and telecommunications**.</msg>
<var>${Section_deatils}</var>
<arg>${Section_Xpath}</arg>
<status status="PASS" start="2025-05-03T21:37:28.780597" elapsed="0.057977"/>
</kw>
<kw name="Get your string to List" owner="Bits_Site_keyword">
<kw name="Save Current Run Web Source" owner="Self_Heaaling_Moniker">
<kw name="Get Title" owner="SeleniumLibrary">
<msg time="2025-05-03T21:37:28.838574" level="INFO">${Page_title} = Courses - BITS Pilani</msg>
<var>${Page_title}</var>
<doc>Returns the title of the current page.</doc>
<status status="PASS" start="2025-05-03T21:37:28.838574" elapsed="0.000000"/>
</kw>
<kw name="Get Source" owner="SeleniumLibrary">
<msg time="2025-05-03T21:37:28.854196" level="INFO">${Page_Source} = &lt;html lang="en"&gt;&lt;head&gt;
    &lt;meta charset="UTF-8"&gt;
    &lt;meta name="viewport" content="width=device-width, initial-scale=1.0"&gt;
    &lt;title&gt;Courses - BITS Pilani&lt;/title&gt;
    &lt;link rel="stylesheet" href="s...</msg>
<var>${Page_Source}</var>
<doc>Returns the entire HTML source of the current page or frame.</doc>
<status status="PASS" start="2025-05-03T21:37:28.838574" elapsed="0.015622"/>
</kw>
<kw name="Create File" owner="OperatingSystem">
<msg time="2025-05-03T21:37:28.854196" level="INFO" html="true">Created file '&lt;a href="file://C:\Users\Microsoft\Desktop\Bits\SEM4\Current_logs\Courses - BITS Pilani.txt"&gt;C:\Users\Microsoft\Desktop\Bits\SEM4\Current_logs\Courses - BITS Pilani.txt&lt;/a&gt;'.</msg>
<arg>C:\\Users\\Microsoft\\Desktop\\Bits\\SEM4\\Current_logs\\${Page_title}.txt</arg>
<arg>${Page_Source}</arg>
<doc>Creates a file with the given content and encoding.</doc>
<status status="PASS" start="2025-05-03T21:37:28.854196" elapsed="0.000000"/>
</kw>
<status status="PASS" start="2025-05-03T21:37:28.838574" elapsed="0.015622"/>
</kw>
<kw name="Split String" owner="String">
<msg time="2025-05-03T21:37:28.854196" level="INFO">${string_list} = ['📡 B.Tech in Electronics &amp; Communication Engineering', 'Specialize in **VLSI Design, Embedded Systems, and IoT** for a career in **semiconductors and telecommunications**.']</msg>
<var>${string_list}</var>
<arg>${string}</arg>
<arg>\n</arg>
<doc>Splits the ``string`` using ``separator`` as a delimiter string.</doc>
<status status="PASS" start="2025-05-03T21:37:28.854196" elapsed="0.000000"/>
</kw>
<return>
<value>${string_list}</value>
<status status="PASS" start="2025-05-03T21:37:28.854196" elapsed="0.000000"/>
</return>
<msg time="2025-05-03T21:37:28.854196" level="INFO">${Section_list} = ['📡 B.Tech in Electronics &amp; Communication Engineering', 'Specialize in **VLSI Design, Embedded Systems, and IoT** for a career in **semiconductors and telecommunications**.']</msg>
<var>${Section_list}</var>
<arg>${Section_deatils}</arg>
<status status="PASS" start="2025-05-03T21:37:28.838574" elapsed="0.015622"/>
</kw>
<kw name="Get your string to List" owner="Bits_Site_keyword">
<kw name="Save Current Run Web Source" owner="Self_Heaaling_Moniker">
<kw name="Get Title" owner="SeleniumLibrary">
<msg time="2025-05-03T21:37:28.865210" level="INFO">${Page_title} = Courses - BITS Pilani</msg>
<var>${Page_title}</var>
<doc>Returns the title of the current page.</doc>
<status status="PASS" start="2025-05-03T21:37:28.854196" elapsed="0.011014"/>
</kw>
<kw name="Get Source" owner="SeleniumLibrary">
<msg time="2025-05-03T21:37:28.865210" level="INFO">${Page_Source} = &lt;html lang="en"&gt;&lt;head&gt;
    &lt;meta charset="UTF-8"&gt;
    &lt;meta name="viewport" content="width=device-width, initial-scale=1.0"&gt;
    &lt;title&gt;Courses - BITS Pilani&lt;/title&gt;
    &lt;link rel="stylesheet" href="s...</msg>
<var>${Page_Source}</var>
<doc>Returns the entire HTML source of the current page or frame.</doc>
<status status="PASS" start="2025-05-03T21:37:28.865210" elapsed="0.000000"/>
</kw>
<kw name="Create File" owner="OperatingSystem">
<msg time="2025-05-03T21:37:28.865210" level="INFO" html="true">Created file '&lt;a href="file://C:\Users\Microsoft\Desktop\Bits\SEM4\Current_logs\Courses - BITS Pilani.txt"&gt;C:\Users\Microsoft\Desktop\Bits\SEM4\Current_logs\Courses - BITS Pilani.txt&lt;/a&gt;'.</msg>
<arg>C:\\Users\\Microsoft\\Desktop\\Bits\\SEM4\\Current_logs\\${Page_title}.txt</arg>
<arg>${Page_Source}</arg>
<doc>Creates a file with the given content and encoding.</doc>
<status status="PASS" start="2025-05-03T21:37:28.865210" elapsed="0.000000"/>
</kw>
<status status="PASS" start="2025-05-03T21:37:28.854196" elapsed="0.011014"/>
</kw>
<kw name="Split String" owner="String">
<msg time="2025-05-03T21:37:28.865210" level="INFO">${string_list} = ['📡 B.Tech in Electronics &amp; Communication Engineering', 'Specialize in **VLSI Design, Embedded Systems, and IoT** for a career in **semiconductors and telecommunications**.']</msg>
<var>${string_list}</var>
<arg>${string}</arg>
<arg>\n</arg>
<doc>Splits the ``string`` using ``separator`` as a delimiter string.</doc>
<status status="PASS" start="2025-05-03T21:37:28.865210" elapsed="0.000000"/>
</kw>
<return>
<value>${string_list}</value>
<status status="PASS" start="2025-05-03T21:37:28.865210" elapsed="0.000000"/>
</return>
<msg time="2025-05-03T21:37:28.865210" level="INFO">${validation_list} = ['📡 B.Tech in Electronics &amp; Communication Engineering', 'Specialize in **VLSI Design, Embedded Systems, and IoT** for a career in **semiconductors and telecommunications**.']</msg>
<var>${validation_list}</var>
<arg>${Validate_Section}</arg>
<status status="PASS" start="2025-05-03T21:37:28.854196" elapsed="0.011014"/>
</kw>
<kw name="Lists Should Be Equal" owner="Collections">
<arg>${Section_list}</arg>
<arg>${validation_list}</arg>
<doc>Fails if given lists are unequal.</doc>
<status status="PASS" start="2025-05-03T21:37:28.865210" elapsed="0.000000"/>
</kw>
<arg>${ECE_info_xpath}</arg>
<arg>📡 B.Tech in Electronics &amp; Communication Engineering\nSpecialize in **VLSI Design, Embedded Systems, and IoT** for a career in **semiconductors and telecommunications**.</arg>
<status status="PASS" start="2025-05-03T21:37:28.764949" elapsed="0.100261"/>
</kw>
<kw name="Validate Sections" owner="Bits_Site_keyword">
<kw name="Save Current Run Web Source" owner="Self_Heaaling_Moniker">
<kw name="Get Title" owner="SeleniumLibrary">
<msg time="2025-05-03T21:37:28.880848" level="INFO">${Page_title} = Courses - BITS Pilani</msg>
<var>${Page_title}</var>
<doc>Returns the title of the current page.</doc>
<status status="PASS" start="2025-05-03T21:37:28.865210" elapsed="0.015638"/>
</kw>
<kw name="Get Source" owner="SeleniumLibrary">
<msg time="2025-05-03T21:37:28.880848" level="INFO">${Page_Source} = &lt;html lang="en"&gt;&lt;head&gt;
    &lt;meta charset="UTF-8"&gt;
    &lt;meta name="viewport" content="width=device-width, initial-scale=1.0"&gt;
    &lt;title&gt;Courses - BITS Pilani&lt;/title&gt;
    &lt;link rel="stylesheet" href="s...</msg>
<var>${Page_Source}</var>
<doc>Returns the entire HTML source of the current page or frame.</doc>
<status status="PASS" start="2025-05-03T21:37:28.880848" elapsed="0.000000"/>
</kw>
<kw name="Create File" owner="OperatingSystem">
<msg time="2025-05-03T21:37:28.880848" level="INFO" html="true">Created file '&lt;a href="file://C:\Users\Microsoft\Desktop\Bits\SEM4\Current_logs\Courses - BITS Pilani.txt"&gt;C:\Users\Microsoft\Desktop\Bits\SEM4\Current_logs\Courses - BITS Pilani.txt&lt;/a&gt;'.</msg>
<arg>C:\\Users\\Microsoft\\Desktop\\Bits\\SEM4\\Current_logs\\${Page_title}.txt</arg>
<arg>${Page_Source}</arg>
<doc>Creates a file with the given content and encoding.</doc>
<status status="PASS" start="2025-05-03T21:37:28.880848" elapsed="0.000000"/>
</kw>
<status status="PASS" start="2025-05-03T21:37:28.865210" elapsed="0.015638"/>
</kw>
<kw name="Get text and Return" owner="Bits_Site_keyword">
<kw name="Save Current Run Web Source" owner="Self_Heaaling_Moniker">
<kw name="Get Title" owner="SeleniumLibrary">
<msg time="2025-05-03T21:37:28.880848" level="INFO">${Page_title} = Courses - BITS Pilani</msg>
<var>${Page_title}</var>
<doc>Returns the title of the current page.</doc>
<status status="PASS" start="2025-05-03T21:37:28.880848" elapsed="0.000000"/>
</kw>
<kw name="Get Source" owner="SeleniumLibrary">
<msg time="2025-05-03T21:37:28.880848" level="INFO">${Page_Source} = &lt;html lang="en"&gt;&lt;head&gt;
    &lt;meta charset="UTF-8"&gt;
    &lt;meta name="viewport" content="width=device-width, initial-scale=1.0"&gt;
    &lt;title&gt;Courses - BITS Pilani&lt;/title&gt;
    &lt;link rel="stylesheet" href="s...</msg>
<var>${Page_Source}</var>
<doc>Returns the entire HTML source of the current page or frame.</doc>
<status status="PASS" start="2025-05-03T21:37:28.880848" elapsed="0.000000"/>
</kw>
<kw name="Create File" owner="OperatingSystem">
<msg time="2025-05-03T21:37:28.896472" level="INFO" html="true">Created file '&lt;a href="file://C:\Users\Microsoft\Desktop\Bits\SEM4\Current_logs\Courses - BITS Pilani.txt"&gt;C:\Users\Microsoft\Desktop\Bits\SEM4\Current_logs\Courses - BITS Pilani.txt&lt;/a&gt;'.</msg>
<arg>C:\\Users\\Microsoft\\Desktop\\Bits\\SEM4\\Current_logs\\${Page_title}.txt</arg>
<arg>${Page_Source}</arg>
<doc>Creates a file with the given content and encoding.</doc>
<status status="PASS" start="2025-05-03T21:37:28.880848" elapsed="0.015624"/>
</kw>
<status status="PASS" start="2025-05-03T21:37:28.880848" elapsed="0.015624"/>
</kw>
<kw name="Get Text" owner="SeleniumLibrary">
<msg time="2025-05-03T21:37:28.912097" level="INFO">${text} = ⚙️ B.Tech in Mechanical Engineering
Master **robotics, automotive engineering, and product design** with industry-relevant projects.</msg>
<var>${text}</var>
<arg>${display_field_Xpath}</arg>
<doc>Returns the text value of the element identified by ``locator``.</doc>
<status status="PASS" start="2025-05-03T21:37:28.896472" elapsed="0.015625"/>
</kw>
<return>
<value>${text}</value>
<status status="PASS" start="2025-05-03T21:37:28.912097" elapsed="0.000000"/>
</return>
<msg time="2025-05-03T21:37:28.912097" level="INFO">${Section_deatils} = ⚙️ B.Tech in Mechanical Engineering
Master **robotics, automotive engineering, and product design** with industry-relevant projects.</msg>
<var>${Section_deatils}</var>
<arg>${Section_Xpath}</arg>
<status status="PASS" start="2025-05-03T21:37:28.880848" elapsed="0.031249"/>
</kw>
<kw name="Get your string to List" owner="Bits_Site_keyword">
<kw name="Save Current Run Web Source" owner="Self_Heaaling_Moniker">
<kw name="Get Title" owner="SeleniumLibrary">
<msg time="2025-05-03T21:37:28.912097" level="INFO">${Page_title} = Courses - BITS Pilani</msg>
<var>${Page_title}</var>
<doc>Returns the title of the current page.</doc>
<status status="PASS" start="2025-05-03T21:37:28.912097" elapsed="0.000000"/>
</kw>
<kw name="Get Source" owner="SeleniumLibrary">
<msg time="2025-05-03T21:37:28.912097" level="INFO">${Page_Source} = &lt;html lang="en"&gt;&lt;head&gt;
    &lt;meta charset="UTF-8"&gt;
    &lt;meta name="viewport" content="width=device-width, initial-scale=1.0"&gt;
    &lt;title&gt;Courses - BITS Pilani&lt;/title&gt;
    &lt;link rel="stylesheet" href="s...</msg>
<var>${Page_Source}</var>
<doc>Returns the entire HTML source of the current page or frame.</doc>
<status status="PASS" start="2025-05-03T21:37:28.912097" elapsed="0.000000"/>
</kw>
<kw name="Create File" owner="OperatingSystem">
<msg time="2025-05-03T21:37:28.912097" level="INFO" html="true">Created file '&lt;a href="file://C:\Users\Microsoft\Desktop\Bits\SEM4\Current_logs\Courses - BITS Pilani.txt"&gt;C:\Users\Microsoft\Desktop\Bits\SEM4\Current_logs\Courses - BITS Pilani.txt&lt;/a&gt;'.</msg>
<arg>C:\\Users\\Microsoft\\Desktop\\Bits\\SEM4\\Current_logs\\${Page_title}.txt</arg>
<arg>${Page_Source}</arg>
<doc>Creates a file with the given content and encoding.</doc>
<status status="PASS" start="2025-05-03T21:37:28.912097" elapsed="0.000000"/>
</kw>
<status status="PASS" start="2025-05-03T21:37:28.912097" elapsed="0.000000"/>
</kw>
<kw name="Split String" owner="String">
<msg time="2025-05-03T21:37:28.912097" level="INFO">${string_list} = ['⚙️ B.Tech in Mechanical Engineering', 'Master **robotics, automotive engineering, and product design** with industry-relevant projects.']</msg>
<var>${string_list}</var>
<arg>${string}</arg>
<arg>\n</arg>
<doc>Splits the ``string`` using ``separator`` as a delimiter string.</doc>
<status status="PASS" start="2025-05-03T21:37:28.912097" elapsed="0.000000"/>
</kw>
<return>
<value>${string_list}</value>
<status status="PASS" start="2025-05-03T21:37:28.912097" elapsed="0.000000"/>
</return>
<msg time="2025-05-03T21:37:28.912097" level="INFO">${Section_list} = ['⚙️ B.Tech in Mechanical Engineering', 'Master **robotics, automotive engineering, and product design** with industry-relevant projects.']</msg>
<var>${Section_list}</var>
<arg>${Section_deatils}</arg>
<status status="PASS" start="2025-05-03T21:37:28.912097" elapsed="0.000000"/>
</kw>
<kw name="Get your string to List" owner="Bits_Site_keyword">
<kw name="Save Current Run Web Source" owner="Self_Heaaling_Moniker">
<kw name="Get Title" owner="SeleniumLibrary">
<msg time="2025-05-03T21:37:28.927722" level="INFO">${Page_title} = Courses - BITS Pilani</msg>
<var>${Page_title}</var>
<doc>Returns the title of the current page.</doc>
<status status="PASS" start="2025-05-03T21:37:28.912097" elapsed="0.015625"/>
</kw>
<kw name="Get Source" owner="SeleniumLibrary">
<msg time="2025-05-03T21:37:28.927722" level="INFO">${Page_Source} = &lt;html lang="en"&gt;&lt;head&gt;
    &lt;meta charset="UTF-8"&gt;
    &lt;meta name="viewport" content="width=device-width, initial-scale=1.0"&gt;
    &lt;title&gt;Courses - BITS Pilani&lt;/title&gt;
    &lt;link rel="stylesheet" href="s...</msg>
<var>${Page_Source}</var>
<doc>Returns the entire HTML source of the current page or frame.</doc>
<status status="PASS" start="2025-05-03T21:37:28.927722" elapsed="0.000000"/>
</kw>
<kw name="Create File" owner="OperatingSystem">
<msg time="2025-05-03T21:37:28.927722" level="INFO" html="true">Created file '&lt;a href="file://C:\Users\Microsoft\Desktop\Bits\SEM4\Current_logs\Courses - BITS Pilani.txt"&gt;C:\Users\Microsoft\Desktop\Bits\SEM4\Current_logs\Courses - BITS Pilani.txt&lt;/a&gt;'.</msg>
<arg>C:\\Users\\Microsoft\\Desktop\\Bits\\SEM4\\Current_logs\\${Page_title}.txt</arg>
<arg>${Page_Source}</arg>
<doc>Creates a file with the given content and encoding.</doc>
<status status="PASS" start="2025-05-03T21:37:28.927722" elapsed="0.000000"/>
</kw>
<status status="PASS" start="2025-05-03T21:37:28.912097" elapsed="0.015625"/>
</kw>
<kw name="Split String" owner="String">
<msg time="2025-05-03T21:37:28.927722" level="INFO">${string_list} = ['⚙️ B.Tech in Mechanical Engineering', 'Master **robotics, automotive engineering, and product design** with industry-relevant projects.']</msg>
<var>${string_list}</var>
<arg>${string}</arg>
<arg>\n</arg>
<doc>Splits the ``string`` using ``separator`` as a delimiter string.</doc>
<status status="PASS" start="2025-05-03T21:37:28.927722" elapsed="0.000000"/>
</kw>
<return>
<value>${string_list}</value>
<status status="PASS" start="2025-05-03T21:37:28.927722" elapsed="0.000000"/>
</return>
<msg time="2025-05-03T21:37:28.927722" level="INFO">${validation_list} = ['⚙️ B.Tech in Mechanical Engineering', 'Master **robotics, automotive engineering, and product design** with industry-relevant projects.']</msg>
<var>${validation_list}</var>
<arg>${Validate_Section}</arg>
<status status="PASS" start="2025-05-03T21:37:28.912097" elapsed="0.015625"/>
</kw>
<kw name="Lists Should Be Equal" owner="Collections">
<arg>${Section_list}</arg>
<arg>${validation_list}</arg>
<doc>Fails if given lists are unequal.</doc>
<status status="PASS" start="2025-05-03T21:37:28.927722" elapsed="0.000000"/>
</kw>
<arg>${ME_info_xpath}</arg>
<arg>⚙️ B.Tech in Mechanical Engineering\nMaster **robotics, automotive engineering, and product design** with industry-relevant projects.</arg>
<status status="PASS" start="2025-05-03T21:37:28.865210" elapsed="0.062512"/>
</kw>
<kw name="Validate Sections" owner="Bits_Site_keyword">
<kw name="Save Current Run Web Source" owner="Self_Heaaling_Moniker">
<kw name="Get Title" owner="SeleniumLibrary">
<msg time="2025-05-03T21:37:28.927722" level="INFO">${Page_title} = Courses - BITS Pilani</msg>
<var>${Page_title}</var>
<doc>Returns the title of the current page.</doc>
<status status="PASS" start="2025-05-03T21:37:28.927722" elapsed="0.000000"/>
</kw>
<kw name="Get Source" owner="SeleniumLibrary">
<msg time="2025-05-03T21:37:28.927722" level="INFO">${Page_Source} = &lt;html lang="en"&gt;&lt;head&gt;
    &lt;meta charset="UTF-8"&gt;
    &lt;meta name="viewport" content="width=device-width, initial-scale=1.0"&gt;
    &lt;title&gt;Courses - BITS Pilani&lt;/title&gt;
    &lt;link rel="stylesheet" href="s...</msg>
<var>${Page_Source}</var>
<doc>Returns the entire HTML source of the current page or frame.</doc>
<status status="PASS" start="2025-05-03T21:37:28.927722" elapsed="0.000000"/>
</kw>
<kw name="Create File" owner="OperatingSystem">
<msg time="2025-05-03T21:37:28.943345" level="INFO" html="true">Created file '&lt;a href="file://C:\Users\Microsoft\Desktop\Bits\SEM4\Current_logs\Courses - BITS Pilani.txt"&gt;C:\Users\Microsoft\Desktop\Bits\SEM4\Current_logs\Courses - BITS Pilani.txt&lt;/a&gt;'.</msg>
<arg>C:\\Users\\Microsoft\\Desktop\\Bits\\SEM4\\Current_logs\\${Page_title}.txt</arg>
<arg>${Page_Source}</arg>
<doc>Creates a file with the given content and encoding.</doc>
<status status="PASS" start="2025-05-03T21:37:28.927722" elapsed="0.015623"/>
</kw>
<status status="PASS" start="2025-05-03T21:37:28.927722" elapsed="0.015623"/>
</kw>
<kw name="Get text and Return" owner="Bits_Site_keyword">
<kw name="Save Current Run Web Source" owner="Self_Heaaling_Moniker">
<kw name="Get Title" owner="SeleniumLibrary">
<msg time="2025-05-03T21:37:28.943345" level="INFO">${Page_title} = Courses - BITS Pilani</msg>
<var>${Page_title}</var>
<doc>Returns the title of the current page.</doc>
<status status="PASS" start="2025-05-03T21:37:28.943345" elapsed="0.000000"/>
</kw>
<kw name="Get Source" owner="SeleniumLibrary">
<msg time="2025-05-03T21:37:28.943345" level="INFO">${Page_Source} = &lt;html lang="en"&gt;&lt;head&gt;
    &lt;meta charset="UTF-8"&gt;
    &lt;meta name="viewport" content="width=device-width, initial-scale=1.0"&gt;
    &lt;title&gt;Courses - BITS Pilani&lt;/title&gt;
    &lt;link rel="stylesheet" href="s...</msg>
<var>${Page_Source}</var>
<doc>Returns the entire HTML source of the current page or frame.</doc>
<status status="PASS" start="2025-05-03T21:37:28.943345" elapsed="0.000000"/>
</kw>
<kw name="Create File" owner="OperatingSystem">
<msg time="2025-05-03T21:37:28.943345" level="INFO" html="true">Created file '&lt;a href="file://C:\Users\Microsoft\Desktop\Bits\SEM4\Current_logs\Courses - BITS Pilani.txt"&gt;C:\Users\Microsoft\Desktop\Bits\SEM4\Current_logs\Courses - BITS Pilani.txt&lt;/a&gt;'.</msg>
<arg>C:\\Users\\Microsoft\\Desktop\\Bits\\SEM4\\Current_logs\\${Page_title}.txt</arg>
<arg>${Page_Source}</arg>
<doc>Creates a file with the given content and encoding.</doc>
<status status="PASS" start="2025-05-03T21:37:28.943345" elapsed="0.000000"/>
</kw>
<status status="PASS" start="2025-05-03T21:37:28.943345" elapsed="0.000000"/>
</kw>
<kw name="Get Text" owner="SeleniumLibrary">
<msg time="2025-05-03T21:37:28.965483" level="INFO">${text} = 🏗️ B.Tech in Civil Engineering
Gain expertise in **structural engineering, smart cities, and sustainable construction**.</msg>
<var>${text}</var>
<arg>${display_field_Xpath}</arg>
<doc>Returns the text value of the element identified by ``locator``.</doc>
<status status="PASS" start="2025-05-03T21:37:28.943345" elapsed="0.022138"/>
</kw>
<return>
<value>${text}</value>
<status status="PASS" start="2025-05-03T21:37:28.965483" elapsed="0.000000"/>
</return>
<msg time="2025-05-03T21:37:28.965483" level="INFO">${Section_deatils} = 🏗️ B.Tech in Civil Engineering
Gain expertise in **structural engineering, smart cities, and sustainable construction**.</msg>
<var>${Section_deatils}</var>
<arg>${Section_Xpath}</arg>
<status status="PASS" start="2025-05-03T21:37:28.943345" elapsed="0.022138"/>
</kw>
<kw name="Get your string to List" owner="Bits_Site_keyword">
<kw name="Save Current Run Web Source" owner="Self_Heaaling_Moniker">
<kw name="Get Title" owner="SeleniumLibrary">
<msg time="2025-05-03T21:37:28.965483" level="INFO">${Page_title} = Courses - BITS Pilani</msg>
<var>${Page_title}</var>
<doc>Returns the title of the current page.</doc>
<status status="PASS" start="2025-05-03T21:37:28.965483" elapsed="0.000000"/>
</kw>
<kw name="Get Source" owner="SeleniumLibrary">
<msg time="2025-05-03T21:37:28.965483" level="INFO">${Page_Source} = &lt;html lang="en"&gt;&lt;head&gt;
    &lt;meta charset="UTF-8"&gt;
    &lt;meta name="viewport" content="width=device-width, initial-scale=1.0"&gt;
    &lt;title&gt;Courses - BITS Pilani&lt;/title&gt;
    &lt;link rel="stylesheet" href="s...</msg>
<var>${Page_Source}</var>
<doc>Returns the entire HTML source of the current page or frame.</doc>
<status status="PASS" start="2025-05-03T21:37:28.965483" elapsed="0.000000"/>
</kw>
<kw name="Create File" owner="OperatingSystem">
<msg time="2025-05-03T21:37:28.965483" level="INFO" html="true">Created file '&lt;a href="file://C:\Users\Microsoft\Desktop\Bits\SEM4\Current_logs\Courses - BITS Pilani.txt"&gt;C:\Users\Microsoft\Desktop\Bits\SEM4\Current_logs\Courses - BITS Pilani.txt&lt;/a&gt;'.</msg>
<arg>C:\\Users\\Microsoft\\Desktop\\Bits\\SEM4\\Current_logs\\${Page_title}.txt</arg>
<arg>${Page_Source}</arg>
<doc>Creates a file with the given content and encoding.</doc>
<status status="PASS" start="2025-05-03T21:37:28.965483" elapsed="0.000000"/>
</kw>
<status status="PASS" start="2025-05-03T21:37:28.965483" elapsed="0.015636"/>
</kw>
<kw name="Split String" owner="String">
<msg time="2025-05-03T21:37:28.981119" level="INFO">${string_list} = ['🏗️ B.Tech in Civil Engineering', 'Gain expertise in **structural engineering, smart cities, and sustainable construction**.']</msg>
<var>${string_list}</var>
<arg>${string}</arg>
<arg>\n</arg>
<doc>Splits the ``string`` using ``separator`` as a delimiter string.</doc>
<status status="PASS" start="2025-05-03T21:37:28.981119" elapsed="0.000000"/>
</kw>
<return>
<value>${string_list}</value>
<status status="PASS" start="2025-05-03T21:37:28.981119" elapsed="0.000000"/>
</return>
<msg time="2025-05-03T21:37:28.981119" level="INFO">${Section_list} = ['🏗️ B.Tech in Civil Engineering', 'Gain expertise in **structural engineering, smart cities, and sustainable construction**.']</msg>
<var>${Section_list}</var>
<arg>${Section_deatils}</arg>
<status status="PASS" start="2025-05-03T21:37:28.965483" elapsed="0.015636"/>
</kw>
<kw name="Get your string to List" owner="Bits_Site_keyword">
<kw name="Save Current Run Web Source" owner="Self_Heaaling_Moniker">
<kw name="Get Title" owner="SeleniumLibrary">
<msg time="2025-05-03T21:37:28.981119" level="INFO">${Page_title} = Courses - BITS Pilani</msg>
<var>${Page_title}</var>
<doc>Returns the title of the current page.</doc>
<status status="PASS" start="2025-05-03T21:37:28.981119" elapsed="0.000000"/>
</kw>
<kw name="Get Source" owner="SeleniumLibrary">
<msg time="2025-05-03T21:37:28.981119" level="INFO">${Page_Source} = &lt;html lang="en"&gt;&lt;head&gt;
    &lt;meta charset="UTF-8"&gt;
    &lt;meta name="viewport" content="width=device-width, initial-scale=1.0"&gt;
    &lt;title&gt;Courses - BITS Pilani&lt;/title&gt;
    &lt;link rel="stylesheet" href="s...</msg>
<var>${Page_Source}</var>
<doc>Returns the entire HTML source of the current page or frame.</doc>
<status status="PASS" start="2025-05-03T21:37:28.981119" elapsed="0.000000"/>
</kw>
<kw name="Create File" owner="OperatingSystem">
<msg time="2025-05-03T21:37:28.981119" level="INFO" html="true">Created file '&lt;a href="file://C:\Users\Microsoft\Desktop\Bits\SEM4\Current_logs\Courses - BITS Pilani.txt"&gt;C:\Users\Microsoft\Desktop\Bits\SEM4\Current_logs\Courses - BITS Pilani.txt&lt;/a&gt;'.</msg>
<arg>C:\\Users\\Microsoft\\Desktop\\Bits\\SEM4\\Current_logs\\${Page_title}.txt</arg>
<arg>${Page_Source}</arg>
<doc>Creates a file with the given content and encoding.</doc>
<status status="PASS" start="2025-05-03T21:37:28.981119" elapsed="0.000000"/>
</kw>
<status status="PASS" start="2025-05-03T21:37:28.981119" elapsed="0.000000"/>
</kw>
<kw name="Split String" owner="String">
<msg time="2025-05-03T21:37:28.981119" level="INFO">${string_list} = ['🏗️ B.Tech in Civil Engineering', 'Gain expertise in **structural engineering, smart cities, and sustainable construction**.']</msg>
<var>${string_list}</var>
<arg>${string}</arg>
<arg>\n</arg>
<doc>Splits the ``string`` using ``separator`` as a delimiter string.</doc>
<status status="PASS" start="2025-05-03T21:37:28.981119" elapsed="0.000000"/>
</kw>
<return>
<value>${string_list}</value>
<status status="PASS" start="2025-05-03T21:37:28.981119" elapsed="0.000000"/>
</return>
<msg time="2025-05-03T21:37:28.981119" level="INFO">${validation_list} = ['🏗️ B.Tech in Civil Engineering', 'Gain expertise in **structural engineering, smart cities, and sustainable construction**.']</msg>
<var>${validation_list}</var>
<arg>${Validate_Section}</arg>
<status status="PASS" start="2025-05-03T21:37:28.981119" elapsed="0.000000"/>
</kw>
<kw name="Lists Should Be Equal" owner="Collections">
<arg>${Section_list}</arg>
<arg>${validation_list}</arg>
<doc>Fails if given lists are unequal.</doc>
<status status="PASS" start="2025-05-03T21:37:28.981119" elapsed="0.000000"/>
</kw>
<arg>${CE_info_xpath}</arg>
<arg>🏗️ B.Tech in Civil Engineering\nGain expertise in **structural engineering, smart cities, and sustainable construction**.</arg>
<status status="PASS" start="2025-05-03T21:37:28.927722" elapsed="0.053397"/>
</kw>
<kw name="Validate Sections" owner="Bits_Site_keyword">
<kw name="Save Current Run Web Source" owner="Self_Heaaling_Moniker">
<kw name="Get Title" owner="SeleniumLibrary">
<msg time="2025-05-03T21:37:28.996743" level="INFO">${Page_title} = Courses - BITS Pilani</msg>
<var>${Page_title}</var>
<doc>Returns the title of the current page.</doc>
<status status="PASS" start="2025-05-03T21:37:28.981119" elapsed="0.015624"/>
</kw>
<kw name="Get Source" owner="SeleniumLibrary">
<msg time="2025-05-03T21:37:28.996743" level="INFO">${Page_Source} = &lt;html lang="en"&gt;&lt;head&gt;
    &lt;meta charset="UTF-8"&gt;
    &lt;meta name="viewport" content="width=device-width, initial-scale=1.0"&gt;
    &lt;title&gt;Courses - BITS Pilani&lt;/title&gt;
    &lt;link rel="stylesheet" href="s...</msg>
<var>${Page_Source}</var>
<doc>Returns the entire HTML source of the current page or frame.</doc>
<status status="PASS" start="2025-05-03T21:37:28.996743" elapsed="0.000000"/>
</kw>
<kw name="Create File" owner="OperatingSystem">
<msg time="2025-05-03T21:37:28.996743" level="INFO" html="true">Created file '&lt;a href="file://C:\Users\Microsoft\Desktop\Bits\SEM4\Current_logs\Courses - BITS Pilani.txt"&gt;C:\Users\Microsoft\Desktop\Bits\SEM4\Current_logs\Courses - BITS Pilani.txt&lt;/a&gt;'.</msg>
<arg>C:\\Users\\Microsoft\\Desktop\\Bits\\SEM4\\Current_logs\\${Page_title}.txt</arg>
<arg>${Page_Source}</arg>
<doc>Creates a file with the given content and encoding.</doc>
<status status="PASS" start="2025-05-03T21:37:28.996743" elapsed="0.000000"/>
</kw>
<status status="PASS" start="2025-05-03T21:37:28.981119" elapsed="0.015624"/>
</kw>
<kw name="Get text and Return" owner="Bits_Site_keyword">
<kw name="Save Current Run Web Source" owner="Self_Heaaling_Moniker">
<kw name="Get Title" owner="SeleniumLibrary">
<msg time="2025-05-03T21:37:28.996743" level="INFO">${Page_title} = Courses - BITS Pilani</msg>
<var>${Page_title}</var>
<doc>Returns the title of the current page.</doc>
<status status="PASS" start="2025-05-03T21:37:28.996743" elapsed="0.000000"/>
</kw>
<kw name="Get Source" owner="SeleniumLibrary">
<msg time="2025-05-03T21:37:28.996743" level="INFO">${Page_Source} = &lt;html lang="en"&gt;&lt;head&gt;
    &lt;meta charset="UTF-8"&gt;
    &lt;meta name="viewport" content="width=device-width, initial-scale=1.0"&gt;
    &lt;title&gt;Courses - BITS Pilani&lt;/title&gt;
    &lt;link rel="stylesheet" href="s...</msg>
<var>${Page_Source}</var>
<doc>Returns the entire HTML source of the current page or frame.</doc>
<status status="PASS" start="2025-05-03T21:37:28.996743" elapsed="0.000000"/>
</kw>
<kw name="Create File" owner="OperatingSystem">
<msg time="2025-05-03T21:37:28.996743" level="INFO" html="true">Created file '&lt;a href="file://C:\Users\Microsoft\Desktop\Bits\SEM4\Current_logs\Courses - BITS Pilani.txt"&gt;C:\Users\Microsoft\Desktop\Bits\SEM4\Current_logs\Courses - BITS Pilani.txt&lt;/a&gt;'.</msg>
<arg>C:\\Users\\Microsoft\\Desktop\\Bits\\SEM4\\Current_logs\\${Page_title}.txt</arg>
<arg>${Page_Source}</arg>
<doc>Creates a file with the given content and encoding.</doc>
<status status="PASS" start="2025-05-03T21:37:28.996743" elapsed="0.000000"/>
</kw>
<status status="PASS" start="2025-05-03T21:37:28.996743" elapsed="0.000000"/>
</kw>
<kw name="Get Text" owner="SeleniumLibrary">
<msg time="2025-05-03T21:37:29.027994" level="INFO">${text} = 🔬 M.Sc. in Physics
Deep dive into **Quantum Mechanics, Nanotechnology, and Astrophysics** with research-driven learning.</msg>
<var>${text}</var>
<arg>${display_field_Xpath}</arg>
<doc>Returns the text value of the element identified by ``locator``.</doc>
<status status="PASS" start="2025-05-03T21:37:29.012371" elapsed="0.015623"/>
</kw>
<return>
<value>${text}</value>
<status status="PASS" start="2025-05-03T21:37:29.027994" elapsed="0.000000"/>
</return>
<msg time="2025-05-03T21:37:29.027994" level="INFO">${Section_deatils} = 🔬 M.Sc. in Physics
Deep dive into **Quantum Mechanics, Nanotechnology, and Astrophysics** with research-driven learning.</msg>
<var>${Section_deatils}</var>
<arg>${Section_Xpath}</arg>
<status status="PASS" start="2025-05-03T21:37:28.996743" elapsed="0.031251"/>
</kw>
<kw name="Get your string to List" owner="Bits_Site_keyword">
<kw name="Save Current Run Web Source" owner="Self_Heaaling_Moniker">
<kw name="Get Title" owner="SeleniumLibrary">
<msg time="2025-05-03T21:37:29.027994" level="INFO">${Page_title} = Courses - BITS Pilani</msg>
<var>${Page_title}</var>
<doc>Returns the title of the current page.</doc>
<status status="PASS" start="2025-05-03T21:37:29.027994" elapsed="0.000000"/>
</kw>
<kw name="Get Source" owner="SeleniumLibrary">
<msg time="2025-05-03T21:37:29.027994" level="INFO">${Page_Source} = &lt;html lang="en"&gt;&lt;head&gt;
    &lt;meta charset="UTF-8"&gt;
    &lt;meta name="viewport" content="width=device-width, initial-scale=1.0"&gt;
    &lt;title&gt;Courses - BITS Pilani&lt;/title&gt;
    &lt;link rel="stylesheet" href="s...</msg>
<var>${Page_Source}</var>
<doc>Returns the entire HTML source of the current page or frame.</doc>
<status status="PASS" start="2025-05-03T21:37:29.027994" elapsed="0.000000"/>
</kw>
<kw name="Create File" owner="OperatingSystem">
<msg time="2025-05-03T21:37:29.027994" level="INFO" html="true">Created file '&lt;a href="file://C:\Users\Microsoft\Desktop\Bits\SEM4\Current_logs\Courses - BITS Pilani.txt"&gt;C:\Users\Microsoft\Desktop\Bits\SEM4\Current_logs\Courses - BITS Pilani.txt&lt;/a&gt;'.</msg>
<arg>C:\\Users\\Microsoft\\Desktop\\Bits\\SEM4\\Current_logs\\${Page_title}.txt</arg>
<arg>${Page_Source}</arg>
<doc>Creates a file with the given content and encoding.</doc>
<status status="PASS" start="2025-05-03T21:37:29.027994" elapsed="0.000000"/>
</kw>
<status status="PASS" start="2025-05-03T21:37:29.027994" elapsed="0.000000"/>
</kw>
<kw name="Split String" owner="String">
<msg time="2025-05-03T21:37:29.027994" level="INFO">${string_list} = ['🔬 M.Sc. in Physics', 'Deep dive into **Quantum Mechanics, Nanotechnology, and Astrophysics** with research-driven learning.']</msg>
<var>${string_list}</var>
<arg>${string}</arg>
<arg>\n</arg>
<doc>Splits the ``string`` using ``separator`` as a delimiter string.</doc>
<status status="PASS" start="2025-05-03T21:37:29.027994" elapsed="0.000000"/>
</kw>
<return>
<value>${string_list}</value>
<status status="PASS" start="2025-05-03T21:37:29.027994" elapsed="0.000000"/>
</return>
<msg time="2025-05-03T21:37:29.027994" level="INFO">${Section_list} = ['🔬 M.Sc. in Physics', 'Deep dive into **Quantum Mechanics, Nanotechnology, and Astrophysics** with research-driven learning.']</msg>
<var>${Section_list}</var>
<arg>${Section_deatils}</arg>
<status status="PASS" start="2025-05-03T21:37:29.027994" elapsed="0.000000"/>
</kw>
<kw name="Get your string to List" owner="Bits_Site_keyword">
<kw name="Save Current Run Web Source" owner="Self_Heaaling_Moniker">
<kw name="Get Title" owner="SeleniumLibrary">
<msg time="2025-05-03T21:37:29.043622" level="INFO">${Page_title} = Courses - BITS Pilani</msg>
<var>${Page_title}</var>
<doc>Returns the title of the current page.</doc>
<status status="PASS" start="2025-05-03T21:37:29.027994" elapsed="0.015628"/>
</kw>
<kw name="Get Source" owner="SeleniumLibrary">
<msg time="2025-05-03T21:37:29.043622" level="INFO">${Page_Source} = &lt;html lang="en"&gt;&lt;head&gt;
    &lt;meta charset="UTF-8"&gt;
    &lt;meta name="viewport" content="width=device-width, initial-scale=1.0"&gt;
    &lt;title&gt;Courses - BITS Pilani&lt;/title&gt;
    &lt;link rel="stylesheet" href="s...</msg>
<var>${Page_Source}</var>
<doc>Returns the entire HTML source of the current page or frame.</doc>
<status status="PASS" start="2025-05-03T21:37:29.043622" elapsed="0.000000"/>
</kw>
<kw name="Create File" owner="OperatingSystem">
<msg time="2025-05-03T21:37:29.043622" level="INFO" html="true">Created file '&lt;a href="file://C:\Users\Microsoft\Desktop\Bits\SEM4\Current_logs\Courses - BITS Pilani.txt"&gt;C:\Users\Microsoft\Desktop\Bits\SEM4\Current_logs\Courses - BITS Pilani.txt&lt;/a&gt;'.</msg>
<arg>C:\\Users\\Microsoft\\Desktop\\Bits\\SEM4\\Current_logs\\${Page_title}.txt</arg>
<arg>${Page_Source}</arg>
<doc>Creates a file with the given content and encoding.</doc>
<status status="PASS" start="2025-05-03T21:37:29.043622" elapsed="0.000000"/>
</kw>
<status status="PASS" start="2025-05-03T21:37:29.027994" elapsed="0.015628"/>
</kw>
<kw name="Split String" owner="String">
<msg time="2025-05-03T21:37:29.043622" level="INFO">${string_list} = ['🔬 M.Sc. in Physics', 'Deep dive into **Quantum Mechanics, Nanotechnology, and Astrophysics** with research-driven learning.']</msg>
<var>${string_list}</var>
<arg>${string}</arg>
<arg>\n</arg>
<doc>Splits the ``string`` using ``separator`` as a delimiter string.</doc>
<status status="PASS" start="2025-05-03T21:37:29.043622" elapsed="0.000000"/>
</kw>
<return>
<value>${string_list}</value>
<status status="PASS" start="2025-05-03T21:37:29.043622" elapsed="0.000000"/>
</return>
<msg time="2025-05-03T21:37:29.043622" level="INFO">${validation_list} = ['🔬 M.Sc. in Physics', 'Deep dive into **Quantum Mechanics, Nanotechnology, and Astrophysics** with research-driven learning.']</msg>
<var>${validation_list}</var>
<arg>${Validate_Section}</arg>
<status status="PASS" start="2025-05-03T21:37:29.027994" elapsed="0.015628"/>
</kw>
<kw name="Lists Should Be Equal" owner="Collections">
<arg>${Section_list}</arg>
<arg>${validation_list}</arg>
<doc>Fails if given lists are unequal.</doc>
<status status="PASS" start="2025-05-03T21:37:29.043622" elapsed="0.000000"/>
</kw>
<arg>${Qntum_info_xpath}</arg>
<arg>🔬 M.Sc. in Physics\nDeep dive into **Quantum Mechanics, Nanotechnology, and Astrophysics** with research-driven learning.</arg>
<status status="PASS" start="2025-05-03T21:37:28.981119" elapsed="0.062503"/>
</kw>
<kw name="Validate Sections" owner="Bits_Site_keyword">
<kw name="Save Current Run Web Source" owner="Self_Heaaling_Moniker">
<kw name="Get Title" owner="SeleniumLibrary">
<msg time="2025-05-03T21:37:29.043622" level="INFO">${Page_title} = Courses - BITS Pilani</msg>
<var>${Page_title}</var>
<doc>Returns the title of the current page.</doc>
<status status="PASS" start="2025-05-03T21:37:29.043622" elapsed="0.000000"/>
</kw>
<kw name="Get Source" owner="SeleniumLibrary">
<msg time="2025-05-03T21:37:29.059244" level="INFO">${Page_Source} = &lt;html lang="en"&gt;&lt;head&gt;
    &lt;meta charset="UTF-8"&gt;
    &lt;meta name="viewport" content="width=device-width, initial-scale=1.0"&gt;
    &lt;title&gt;Courses - BITS Pilani&lt;/title&gt;
    &lt;link rel="stylesheet" href="s...</msg>
<var>${Page_Source}</var>
<doc>Returns the entire HTML source of the current page or frame.</doc>
<status status="PASS" start="2025-05-03T21:37:29.043622" elapsed="0.015622"/>
</kw>
<kw name="Create File" owner="OperatingSystem">
<msg time="2025-05-03T21:37:29.059244" level="INFO" html="true">Created file '&lt;a href="file://C:\Users\Microsoft\Desktop\Bits\SEM4\Current_logs\Courses - BITS Pilani.txt"&gt;C:\Users\Microsoft\Desktop\Bits\SEM4\Current_logs\Courses - BITS Pilani.txt&lt;/a&gt;'.</msg>
<arg>C:\\Users\\Microsoft\\Desktop\\Bits\\SEM4\\Current_logs\\${Page_title}.txt</arg>
<arg>${Page_Source}</arg>
<doc>Creates a file with the given content and encoding.</doc>
<status status="PASS" start="2025-05-03T21:37:29.059244" elapsed="0.000000"/>
</kw>
<status status="PASS" start="2025-05-03T21:37:29.043622" elapsed="0.015622"/>
</kw>
<kw name="Get text and Return" owner="Bits_Site_keyword">
<kw name="Save Current Run Web Source" owner="Self_Heaaling_Moniker">
<kw name="Get Title" owner="SeleniumLibrary">
<msg time="2025-05-03T21:37:29.065753" level="INFO">${Page_title} = Courses - BITS Pilani</msg>
<var>${Page_title}</var>
<doc>Returns the title of the current page.</doc>
<status status="PASS" start="2025-05-03T21:37:29.059244" elapsed="0.006509"/>
</kw>
<kw name="Get Source" owner="SeleniumLibrary">
<msg time="2025-05-03T21:37:29.065753" level="INFO">${Page_Source} = &lt;html lang="en"&gt;&lt;head&gt;
    &lt;meta charset="UTF-8"&gt;
    &lt;meta name="viewport" content="width=device-width, initial-scale=1.0"&gt;
    &lt;title&gt;Courses - BITS Pilani&lt;/title&gt;
    &lt;link rel="stylesheet" href="s...</msg>
<var>${Page_Source}</var>
<doc>Returns the entire HTML source of the current page or frame.</doc>
<status status="PASS" start="2025-05-03T21:37:29.065753" elapsed="0.000000"/>
</kw>
<kw name="Create File" owner="OperatingSystem">
<msg time="2025-05-03T21:37:29.065753" level="INFO" html="true">Created file '&lt;a href="file://C:\Users\Microsoft\Desktop\Bits\SEM4\Current_logs\Courses - BITS Pilani.txt"&gt;C:\Users\Microsoft\Desktop\Bits\SEM4\Current_logs\Courses - BITS Pilani.txt&lt;/a&gt;'.</msg>
<arg>C:\\Users\\Microsoft\\Desktop\\Bits\\SEM4\\Current_logs\\${Page_title}.txt</arg>
<arg>${Page_Source}</arg>
<doc>Creates a file with the given content and encoding.</doc>
<status status="PASS" start="2025-05-03T21:37:29.065753" elapsed="0.000000"/>
</kw>
<status status="PASS" start="2025-05-03T21:37:29.059244" elapsed="0.006509"/>
</kw>
<kw name="Get Text" owner="SeleniumLibrary">
<msg time="2025-05-03T21:37:29.081392" level="INFO">${text} = 📊 M.Sc. in Data Science &amp; Analytics
Specialize in **Big Data, Machine Learning, and Artificial Intelligence** with real-world applications.</msg>
<var>${text}</var>
<arg>${display_field_Xpath}</arg>
<doc>Returns the text value of the element identified by ``locator``.</doc>
<status status="PASS" start="2025-05-03T21:37:29.065753" elapsed="0.015639"/>
</kw>
<return>
<value>${text}</value>
<status status="PASS" start="2025-05-03T21:37:29.081392" elapsed="0.000000"/>
</return>
<msg time="2025-05-03T21:37:29.081392" level="INFO">${Section_deatils} = 📊 M.Sc. in Data Science &amp; Analytics
Specialize in **Big Data, Machine Learning, and Artificial Intelligence** with real-world applications.</msg>
<var>${Section_deatils}</var>
<arg>${Section_Xpath}</arg>
<status status="PASS" start="2025-05-03T21:37:29.059244" elapsed="0.022148"/>
</kw>
<kw name="Get your string to List" owner="Bits_Site_keyword">
<kw name="Save Current Run Web Source" owner="Self_Heaaling_Moniker">
<kw name="Get Title" owner="SeleniumLibrary">
<msg time="2025-05-03T21:37:29.097014" level="INFO">${Page_title} = Courses - BITS Pilani</msg>
<var>${Page_title}</var>
<doc>Returns the title of the current page.</doc>
<status status="PASS" start="2025-05-03T21:37:29.081392" elapsed="0.015622"/>
</kw>
<kw name="Get Source" owner="SeleniumLibrary">
<msg time="2025-05-03T21:37:29.097014" level="INFO">${Page_Source} = &lt;html lang="en"&gt;&lt;head&gt;
    &lt;meta charset="UTF-8"&gt;
    &lt;meta name="viewport" content="width=device-width, initial-scale=1.0"&gt;
    &lt;title&gt;Courses - BITS Pilani&lt;/title&gt;
    &lt;link rel="stylesheet" href="s...</msg>
<var>${Page_Source}</var>
<doc>Returns the entire HTML source of the current page or frame.</doc>
<status status="PASS" start="2025-05-03T21:37:29.097014" elapsed="0.000000"/>
</kw>
<kw name="Create File" owner="OperatingSystem">
<msg time="2025-05-03T21:37:29.097014" level="INFO" html="true">Created file '&lt;a href="file://C:\Users\Microsoft\Desktop\Bits\SEM4\Current_logs\Courses - BITS Pilani.txt"&gt;C:\Users\Microsoft\Desktop\Bits\SEM4\Current_logs\Courses - BITS Pilani.txt&lt;/a&gt;'.</msg>
<arg>C:\\Users\\Microsoft\\Desktop\\Bits\\SEM4\\Current_logs\\${Page_title}.txt</arg>
<arg>${Page_Source}</arg>
<doc>Creates a file with the given content and encoding.</doc>
<status status="PASS" start="2025-05-03T21:37:29.097014" elapsed="0.000000"/>
</kw>
<status status="PASS" start="2025-05-03T21:37:29.081392" elapsed="0.015622"/>
</kw>
<kw name="Split String" owner="String">
<msg time="2025-05-03T21:37:29.097014" level="INFO">${string_list} = ['📊 M.Sc. in Data Science &amp; Analytics', 'Specialize in **Big Data, Machine Learning, and Artificial Intelligence** with real-world applications.']</msg>
<var>${string_list}</var>
<arg>${string}</arg>
<arg>\n</arg>
<doc>Splits the ``string`` using ``separator`` as a delimiter string.</doc>
<status status="PASS" start="2025-05-03T21:37:29.097014" elapsed="0.000000"/>
</kw>
<return>
<value>${string_list}</value>
<status status="PASS" start="2025-05-03T21:37:29.097014" elapsed="0.000000"/>
</return>
<msg time="2025-05-03T21:37:29.097014" level="INFO">${Section_list} = ['📊 M.Sc. in Data Science &amp; Analytics', 'Specialize in **Big Data, Machine Learning, and Artificial Intelligence** with real-world applications.']</msg>
<var>${Section_list}</var>
<arg>${Section_deatils}</arg>
<status status="PASS" start="2025-05-03T21:37:29.081392" elapsed="0.015622"/>
</kw>
<kw name="Get your string to List" owner="Bits_Site_keyword">
<kw name="Save Current Run Web Source" owner="Self_Heaaling_Moniker">
<kw name="Get Title" owner="SeleniumLibrary">
<msg time="2025-05-03T21:37:29.097014" level="INFO">${Page_title} = Courses - BITS Pilani</msg>
<var>${Page_title}</var>
<doc>Returns the title of the current page.</doc>
<status status="PASS" start="2025-05-03T21:37:29.097014" elapsed="0.000000"/>
</kw>
<kw name="Get Source" owner="SeleniumLibrary">
<msg time="2025-05-03T21:37:29.112641" level="INFO">${Page_Source} = &lt;html lang="en"&gt;&lt;head&gt;
    &lt;meta charset="UTF-8"&gt;
    &lt;meta name="viewport" content="width=device-width, initial-scale=1.0"&gt;
    &lt;title&gt;Courses - BITS Pilani&lt;/title&gt;
    &lt;link rel="stylesheet" href="s...</msg>
<var>${Page_Source}</var>
<doc>Returns the entire HTML source of the current page or frame.</doc>
<status status="PASS" start="2025-05-03T21:37:29.097014" elapsed="0.015627"/>
</kw>
<kw name="Create File" owner="OperatingSystem">
<msg time="2025-05-03T21:37:29.112641" level="INFO" html="true">Created file '&lt;a href="file://C:\Users\Microsoft\Desktop\Bits\SEM4\Current_logs\Courses - BITS Pilani.txt"&gt;C:\Users\Microsoft\Desktop\Bits\SEM4\Current_logs\Courses - BITS Pilani.txt&lt;/a&gt;'.</msg>
<arg>C:\\Users\\Microsoft\\Desktop\\Bits\\SEM4\\Current_logs\\${Page_title}.txt</arg>
<arg>${Page_Source}</arg>
<doc>Creates a file with the given content and encoding.</doc>
<status status="PASS" start="2025-05-03T21:37:29.112641" elapsed="0.000000"/>
</kw>
<status status="PASS" start="2025-05-03T21:37:29.097014" elapsed="0.015627"/>
</kw>
<kw name="Split String" owner="String">
<msg time="2025-05-03T21:37:29.112641" level="INFO">${string_list} = ['📊 M.Sc. in Data Science &amp; Analytics', 'Specialize in **Big Data, Machine Learning, and Artificial Intelligence** with real-world applications.']</msg>
<var>${string_list}</var>
<arg>${string}</arg>
<arg>\n</arg>
<doc>Splits the ``string`` using ``separator`` as a delimiter string.</doc>
<status status="PASS" start="2025-05-03T21:37:29.112641" elapsed="0.000000"/>
</kw>
<return>
<value>${string_list}</value>
<status status="PASS" start="2025-05-03T21:37:29.112641" elapsed="0.000000"/>
</return>
<msg time="2025-05-03T21:37:29.112641" level="INFO">${validation_list} = ['📊 M.Sc. in Data Science &amp; Analytics', 'Specialize in **Big Data, Machine Learning, and Artificial Intelligence** with real-world applications.']</msg>
<var>${validation_list}</var>
<arg>${Validate_Section}</arg>
<status status="PASS" start="2025-05-03T21:37:29.097014" elapsed="0.015627"/>
</kw>
<kw name="Lists Should Be Equal" owner="Collections">
<arg>${Section_list}</arg>
<arg>${validation_list}</arg>
<doc>Fails if given lists are unequal.</doc>
<status status="PASS" start="2025-05-03T21:37:29.112641" elapsed="0.000000"/>
</kw>
<arg>${DSA_info_xpath}</arg>
<arg>📊 M.Sc. in Data Science &amp; Analytics\nSpecialize in **Big Data, Machine Learning, and Artificial Intelligence** with real-world applications.</arg>
<status status="PASS" start="2025-05-03T21:37:29.043622" elapsed="0.069019"/>
</kw>
<kw name="Validate Sections" owner="Bits_Site_keyword">
<kw name="Save Current Run Web Source" owner="Self_Heaaling_Moniker">
<kw name="Get Title" owner="SeleniumLibrary">
<msg time="2025-05-03T21:37:29.112641" level="INFO">${Page_title} = Courses - BITS Pilani</msg>
<var>${Page_title}</var>
<doc>Returns the title of the current page.</doc>
<status status="PASS" start="2025-05-03T21:37:29.112641" elapsed="0.000000"/>
</kw>
<kw name="Get Source" owner="SeleniumLibrary">
<msg time="2025-05-03T21:37:29.112641" level="INFO">${Page_Source} = &lt;html lang="en"&gt;&lt;head&gt;
    &lt;meta charset="UTF-8"&gt;
    &lt;meta name="viewport" content="width=device-width, initial-scale=1.0"&gt;
    &lt;title&gt;Courses - BITS Pilani&lt;/title&gt;
    &lt;link rel="stylesheet" href="s...</msg>
<var>${Page_Source}</var>
<doc>Returns the entire HTML source of the current page or frame.</doc>
<status status="PASS" start="2025-05-03T21:37:29.112641" elapsed="0.000000"/>
</kw>
<kw name="Create File" owner="OperatingSystem">
<msg time="2025-05-03T21:37:29.112641" level="INFO" html="true">Created file '&lt;a href="file://C:\Users\Microsoft\Desktop\Bits\SEM4\Current_logs\Courses - BITS Pilani.txt"&gt;C:\Users\Microsoft\Desktop\Bits\SEM4\Current_logs\Courses - BITS Pilani.txt&lt;/a&gt;'.</msg>
<arg>C:\\Users\\Microsoft\\Desktop\\Bits\\SEM4\\Current_logs\\${Page_title}.txt</arg>
<arg>${Page_Source}</arg>
<doc>Creates a file with the given content and encoding.</doc>
<status status="PASS" start="2025-05-03T21:37:29.112641" elapsed="0.000000"/>
</kw>
<status status="PASS" start="2025-05-03T21:37:29.112641" elapsed="0.000000"/>
</kw>
<kw name="Get text and Return" owner="Bits_Site_keyword">
<kw name="Save Current Run Web Source" owner="Self_Heaaling_Moniker">
<kw name="Get Title" owner="SeleniumLibrary">
<msg time="2025-05-03T21:37:29.128266" level="INFO">${Page_title} = Courses - BITS Pilani</msg>
<var>${Page_title}</var>
<doc>Returns the title of the current page.</doc>
<status status="PASS" start="2025-05-03T21:37:29.112641" elapsed="0.015625"/>
</kw>
<kw name="Get Source" owner="SeleniumLibrary">
<msg time="2025-05-03T21:37:29.128266" level="INFO">${Page_Source} = &lt;html lang="en"&gt;&lt;head&gt;
    &lt;meta charset="UTF-8"&gt;
    &lt;meta name="viewport" content="width=device-width, initial-scale=1.0"&gt;
    &lt;title&gt;Courses - BITS Pilani&lt;/title&gt;
    &lt;link rel="stylesheet" href="s...</msg>
<var>${Page_Source}</var>
<doc>Returns the entire HTML source of the current page or frame.</doc>
<status status="PASS" start="2025-05-03T21:37:29.128266" elapsed="0.000000"/>
</kw>
<kw name="Create File" owner="OperatingSystem">
<msg time="2025-05-03T21:37:29.128266" level="INFO" html="true">Created file '&lt;a href="file://C:\Users\Microsoft\Desktop\Bits\SEM4\Current_logs\Courses - BITS Pilani.txt"&gt;C:\Users\Microsoft\Desktop\Bits\SEM4\Current_logs\Courses - BITS Pilani.txt&lt;/a&gt;'.</msg>
<arg>C:\\Users\\Microsoft\\Desktop\\Bits\\SEM4\\Current_logs\\${Page_title}.txt</arg>
<arg>${Page_Source}</arg>
<doc>Creates a file with the given content and encoding.</doc>
<status status="PASS" start="2025-05-03T21:37:29.128266" elapsed="0.000000"/>
</kw>
<status status="PASS" start="2025-05-03T21:37:29.112641" elapsed="0.015625"/>
</kw>
<kw name="Get Text" owner="SeleniumLibrary">
<msg time="2025-05-03T21:37:29.143890" level="INFO">${text} = 🖥️ MBA in Digital Business Management
Learn **Digital Marketing, E-commerce, and AI-driven business strategies**.</msg>
<var>${text}</var>
<arg>${display_field_Xpath}</arg>
<doc>Returns the text value of the element identified by ``locator``.</doc>
<status status="PASS" start="2025-05-03T21:37:29.128266" elapsed="0.015624"/>
</kw>
<return>
<value>${text}</value>
<status status="PASS" start="2025-05-03T21:37:29.143890" elapsed="0.000000"/>
</return>
<msg time="2025-05-03T21:37:29.143890" level="INFO">${Section_deatils} = 🖥️ MBA in Digital Business Management
Learn **Digital Marketing, E-commerce, and AI-driven business strategies**.</msg>
<var>${Section_deatils}</var>
<arg>${Section_Xpath}</arg>
<status status="PASS" start="2025-05-03T21:37:29.112641" elapsed="0.031249"/>
</kw>
<kw name="Get your string to List" owner="Bits_Site_keyword">
<kw name="Save Current Run Web Source" owner="Self_Heaaling_Moniker">
<kw name="Get Title" owner="SeleniumLibrary">
<msg time="2025-05-03T21:37:29.159515" level="INFO">${Page_title} = Courses - BITS Pilani</msg>
<var>${Page_title}</var>
<doc>Returns the title of the current page.</doc>
<status status="PASS" start="2025-05-03T21:37:29.143890" elapsed="0.015625"/>
</kw>
<kw name="Get Source" owner="SeleniumLibrary">
<msg time="2025-05-03T21:37:29.159515" level="INFO">${Page_Source} = &lt;html lang="en"&gt;&lt;head&gt;
    &lt;meta charset="UTF-8"&gt;
    &lt;meta name="viewport" content="width=device-width, initial-scale=1.0"&gt;
    &lt;title&gt;Courses - BITS Pilani&lt;/title&gt;
    &lt;link rel="stylesheet" href="s...</msg>
<var>${Page_Source}</var>
<doc>Returns the entire HTML source of the current page or frame.</doc>
<status status="PASS" start="2025-05-03T21:37:29.159515" elapsed="0.000000"/>
</kw>
<kw name="Create File" owner="OperatingSystem">
<msg time="2025-05-03T21:37:29.166023" level="INFO" html="true">Created file '&lt;a href="file://C:\Users\Microsoft\Desktop\Bits\SEM4\Current_logs\Courses - BITS Pilani.txt"&gt;C:\Users\Microsoft\Desktop\Bits\SEM4\Current_logs\Courses - BITS Pilani.txt&lt;/a&gt;'.</msg>
<arg>C:\\Users\\Microsoft\\Desktop\\Bits\\SEM4\\Current_logs\\${Page_title}.txt</arg>
<arg>${Page_Source}</arg>
<doc>Creates a file with the given content and encoding.</doc>
<status status="PASS" start="2025-05-03T21:37:29.159515" elapsed="0.006508"/>
</kw>
<status status="PASS" start="2025-05-03T21:37:29.143890" elapsed="0.022133"/>
</kw>
<kw name="Split String" owner="String">
<msg time="2025-05-03T21:37:29.166023" level="INFO">${string_list} = ['🖥️ MBA in Digital Business Management', 'Learn **Digital Marketing, E-commerce, and AI-driven business strategies**.']</msg>
<var>${string_list}</var>
<arg>${string}</arg>
<arg>\n</arg>
<doc>Splits the ``string`` using ``separator`` as a delimiter string.</doc>
<status status="PASS" start="2025-05-03T21:37:29.166023" elapsed="0.000000"/>
</kw>
<return>
<value>${string_list}</value>
<status status="PASS" start="2025-05-03T21:37:29.166023" elapsed="0.000000"/>
</return>
<msg time="2025-05-03T21:37:29.166023" level="INFO">${Section_list} = ['🖥️ MBA in Digital Business Management', 'Learn **Digital Marketing, E-commerce, and AI-driven business strategies**.']</msg>
<var>${Section_list}</var>
<arg>${Section_deatils}</arg>
<status status="PASS" start="2025-05-03T21:37:29.143890" elapsed="0.022133"/>
</kw>
<kw name="Get your string to List" owner="Bits_Site_keyword">
<kw name="Save Current Run Web Source" owner="Self_Heaaling_Moniker">
<kw name="Get Title" owner="SeleniumLibrary">
<msg time="2025-05-03T21:37:29.166023" level="INFO">${Page_title} = Courses - BITS Pilani</msg>
<var>${Page_title}</var>
<doc>Returns the title of the current page.</doc>
<status status="PASS" start="2025-05-03T21:37:29.166023" elapsed="0.000000"/>
</kw>
<kw name="Get Source" owner="SeleniumLibrary">
<msg time="2025-05-03T21:37:29.166023" level="INFO">${Page_Source} = &lt;html lang="en"&gt;&lt;head&gt;
    &lt;meta charset="UTF-8"&gt;
    &lt;meta name="viewport" content="width=device-width, initial-scale=1.0"&gt;
    &lt;title&gt;Courses - BITS Pilani&lt;/title&gt;
    &lt;link rel="stylesheet" href="s...</msg>
<var>${Page_Source}</var>
<doc>Returns the entire HTML source of the current page or frame.</doc>
<status status="PASS" start="2025-05-03T21:37:29.166023" elapsed="0.000000"/>
</kw>
<kw name="Create File" owner="OperatingSystem">
<msg time="2025-05-03T21:37:29.166023" level="INFO" html="true">Created file '&lt;a href="file://C:\Users\Microsoft\Desktop\Bits\SEM4\Current_logs\Courses - BITS Pilani.txt"&gt;C:\Users\Microsoft\Desktop\Bits\SEM4\Current_logs\Courses - BITS Pilani.txt&lt;/a&gt;'.</msg>
<arg>C:\\Users\\Microsoft\\Desktop\\Bits\\SEM4\\Current_logs\\${Page_title}.txt</arg>
<arg>${Page_Source}</arg>
<doc>Creates a file with the given content and encoding.</doc>
<status status="PASS" start="2025-05-03T21:37:29.166023" elapsed="0.000000"/>
</kw>
<status status="PASS" start="2025-05-03T21:37:29.166023" elapsed="0.000000"/>
</kw>
<kw name="Split String" owner="String">
<msg time="2025-05-03T21:37:29.166023" level="INFO">${string_list} = ['🖥️ MBA in Digital Business Management', 'Learn **Digital Marketing, E-commerce, and AI-driven business strategies**.']</msg>
<var>${string_list}</var>
<arg>${string}</arg>
<arg>\n</arg>
<doc>Splits the ``string`` using ``separator`` as a delimiter string.</doc>
<status status="PASS" start="2025-05-03T21:37:29.166023" elapsed="0.000000"/>
</kw>
<return>
<value>${string_list}</value>
<status status="PASS" start="2025-05-03T21:37:29.166023" elapsed="0.000000"/>
</return>
<msg time="2025-05-03T21:37:29.166023" level="INFO">${validation_list} = ['🖥️ MBA in Digital Business Management', 'Learn **Digital Marketing, E-commerce, and AI-driven business strategies**.']</msg>
<var>${validation_list}</var>
<arg>${Validate_Section}</arg>
<status status="PASS" start="2025-05-03T21:37:29.166023" elapsed="0.000000"/>
</kw>
<kw name="Lists Should Be Equal" owner="Collections">
<arg>${Section_list}</arg>
<arg>${validation_list}</arg>
<doc>Fails if given lists are unequal.</doc>
<status status="PASS" start="2025-05-03T21:37:29.166023" elapsed="0.000000"/>
</kw>
<arg>${DBM_info_xpath}</arg>
<arg>🖥️ MBA in Digital Business Management\nLearn **Digital Marketing, E-commerce, and AI-driven business strategies**.</arg>
<status status="PASS" start="2025-05-03T21:37:29.112641" elapsed="0.053382"/>
</kw>
<kw name="Validate Sections" owner="Bits_Site_keyword">
<kw name="Save Current Run Web Source" owner="Self_Heaaling_Moniker">
<kw name="Get Title" owner="SeleniumLibrary">
<msg time="2025-05-03T21:37:29.181658" level="INFO">${Page_title} = Courses - BITS Pilani</msg>
<var>${Page_title}</var>
<doc>Returns the title of the current page.</doc>
<status status="PASS" start="2025-05-03T21:37:29.166023" elapsed="0.015635"/>
</kw>
<kw name="Get Source" owner="SeleniumLibrary">
<msg time="2025-05-03T21:37:29.181658" level="INFO">${Page_Source} = &lt;html lang="en"&gt;&lt;head&gt;
    &lt;meta charset="UTF-8"&gt;
    &lt;meta name="viewport" content="width=device-width, initial-scale=1.0"&gt;
    &lt;title&gt;Courses - BITS Pilani&lt;/title&gt;
    &lt;link rel="stylesheet" href="s...</msg>
<var>${Page_Source}</var>
<doc>Returns the entire HTML source of the current page or frame.</doc>
<status status="PASS" start="2025-05-03T21:37:29.181658" elapsed="0.000000"/>
</kw>
<kw name="Create File" owner="OperatingSystem">
<msg time="2025-05-03T21:37:29.181658" level="INFO" html="true">Created file '&lt;a href="file://C:\Users\Microsoft\Desktop\Bits\SEM4\Current_logs\Courses - BITS Pilani.txt"&gt;C:\Users\Microsoft\Desktop\Bits\SEM4\Current_logs\Courses - BITS Pilani.txt&lt;/a&gt;'.</msg>
<arg>C:\\Users\\Microsoft\\Desktop\\Bits\\SEM4\\Current_logs\\${Page_title}.txt</arg>
<arg>${Page_Source}</arg>
<doc>Creates a file with the given content and encoding.</doc>
<status status="PASS" start="2025-05-03T21:37:29.181658" elapsed="0.000000"/>
</kw>
<status status="PASS" start="2025-05-03T21:37:29.166023" elapsed="0.015635"/>
</kw>
<kw name="Get text and Return" owner="Bits_Site_keyword">
[...]
<msg time="2025-05-03T21:37:31.920226" level="INFO">Load pretrained SentenceTransformer: all-MiniLM-L6-v2</msg>
<msg time="2025-05-03T21:37:36.732873" level="INFO">Batches:   0%|          | 0/3 [00:00&lt;?, ?it/s]Batches:  33%|###3      | 1/3 [00:00&lt;00:00,  2.60it/s]Batches:  67%|######6   | 2/3 [00:00&lt;00:00,  3.95it/s]Batches: 100%|##########| 3/3 [00:00&lt;00:00,  5.19it/s]</msg>
<msg time="2025-05-03T21:37:36.740926" level="INFO">${Similarity_And_Check} = ['&lt;div id="bio_info_id" class="update-box"&gt;', 96.67171239852905]</msg>
<var>${Similarity_And_Check}</var>
<arg>${Changes_Tag_Line}</arg>
<arg>C:\\Users\\Microsoft\\Desktop\\Bits\\SEM4\\Current_logs\\${File_Name}.txt</arg>
<status status="PASS" start="2025-05-03T21:37:31.904781" elapsed="4.836145"/>
</kw>
<kw name="Log" owner="BuiltIn">
<msg time="2025-05-03T21:37:36.740926" level="INFO">['&lt;div id="bio_info_id" class="update-box"&gt;', 96.67171239852905]</msg>
<arg>${Similarity_And_Check}</arg>
<doc>Logs the given message with the given level.</doc>
<status status="PASS" start="2025-05-03T21:37:36.740926" elapsed="0.000000"/>
</kw>
<kw name="Log" owner="BuiltIn">
<msg time="2025-05-03T21:37:36.742960" level="INFO">&lt;div id="bio_info_id" class="update-box"&gt;</msg>
<arg>${Similarity_And_Check[0]}</arg>
<doc>Logs the given message with the given level.</doc>
<status status="PASS" start="2025-05-03T21:37:36.740926" elapsed="0.002034"/>
</kw>
<kw name="Log" owner="BuiltIn">
<msg time="2025-05-03T21:37:36.742960" level="INFO">96.67171239852905</msg>
<arg>${Similarity_And_Check[1]}</arg>
<doc>Logs the given message with the given level.</doc>
<status status="PASS" start="2025-05-03T21:37:36.742960" elapsed="0.000000"/>
</kw>
<if>
<branch type="IF" condition="${Similarity_And_Check[1]}&lt;= 95">
<kw name="Get Desired Change Path" owner="Self_Heaaling_Moniker">
<var>${Desired_Xpath}</var>
<arg>${Changes_Tag_Line}</arg>
<arg>${File_Name}</arg>
<status status="NOT RUN" start="2025-05-03T21:37:36.742960" elapsed="0.000000"/>
</kw>
<status status="NOT RUN" start="2025-05-03T21:37:36.742960" elapsed="0.000000"/>
</branch>
<branch type="ELSE">
<kw name="Generate Xpath" owner="Self_Heaaling_py">
<msg time="2025-05-03T21:37:36.742960" level="INFO">${Desired_Xpath} = //div[@id='bio_info_id' and @class='update-box']</msg>
<var>${Desired_Xpath}</var>
<arg>${Similarity_And_Check[0]}</arg>
<status status="PASS" start="2025-05-03T21:37:36.742960" elapsed="0.000000"/>
</kw>
<kw name="Get Regexp Matches" owner="String">
<msg time="2025-05-03T21:37:36.751037" level="INFO">${Current_Xpath} = ["//div[@id='bio_info_id2' and @class='update-box']"]</msg>
<var>${Current_Xpath}</var>
<arg>${TEST MESSAGE}</arg>
<arg>(//.*?])</arg>
<doc>Returns a list of all non-overlapping matches in the given string.</doc>
<status status="PASS" start="2025-05-03T21:37:36.742960" elapsed="0.008077"/>
</kw>
<kw name="Set Test Variable" owner="BuiltIn">
<msg time="2025-05-03T21:37:36.751037" level="INFO">${Desired_Xpath} = //div[@id='bio_info_id' and @class='update-box']</msg>
<arg>${Desired_Xpath}</arg>
<doc>Makes a variable available everywhere within the scope of the current test.</doc>
<status status="PASS" start="2025-05-03T21:37:36.751037" elapsed="0.000000"/>
</kw>
<kw name="Find And Replace Text" owner="Self_Heaaling_py">
<msg time="2025-05-03T21:37:36.803466" level="INFO">re.compile("(\\${\\w+}\\s+)//div\\[@id='bio_info_id2'\\ and\\ @class='update\\-box'\\]")
Updated file: C:\Users\Microsoft\Desktop\Bits\SEM4\Bits_Site_Variable.robot</msg>
<arg>C:\\Users\\Microsoft\\Desktop\\Bits\\SEM4</arg>
<arg>${Current_Xpath[0]}</arg>
<arg>${Desired_Xpath}</arg>
<status status="PASS" start="2025-05-03T21:37:36.751037" elapsed="0.052429"/>
</kw>
<status status="PASS" start="2025-05-03T21:37:36.742960" elapsed="0.060506"/>
</branch>
<status status="PASS" start="2025-05-03T21:37:36.742960" elapsed="0.060506"/>
</if>
<arg>${Page_title}</arg>
<arg>${TEST MESSAGE}</arg>
<status status="PASS" start="2025-05-03T21:37:31.904781" elapsed="4.898685"/>
</kw>
<kw name="Get validator File Content" owner="Self_Heaaling_Moniker">
<kw name="Get Last Block As Clean List" owner="Self_Heaaling_Moniker">
<kw name="Get File" owner="OperatingSystem">
<msg time="2025-05-03T21:37:36.803466" level="INFO" html="true">Getting file '&lt;a href="file://C:\Users\Microsoft\Desktop\Bits\SEM4\validator.txt"&gt;C:\Users\Microsoft\Desktop\Bits\SEM4\validator.txt&lt;/a&gt;'.</msg>
<msg time="2025-05-03T21:37:36.811531" level="INFO">${content} = 2025_05_03_21_37_05
{'&lt;div_id="DBM_info_id1" class="update-box"&gt;': '1', '&lt;div_id="bio_info_id2" class="update-box"&gt;': '1'}
[]</msg>
<var>${content}</var>
<arg>${file}</arg>
<doc>Returns the contents of a specified file.</doc>
<status status="PASS" start="2025-05-03T21:37:36.803466" elapsed="0.008065"/>
</kw>
<kw name="Split To Lines" owner="String">
<msg time="2025-05-03T21:37:36.811531" level="INFO">3 lines returned</msg>
<msg time="2025-05-03T21:37:36.811531" level="INFO">${lines} = ['2025_05_03_21_37_05', '{\'&lt;div_id="DBM_info_id1" class="update-box"&gt;\': \'1\', \'&lt;div_id="bio_info_id2" class="update-box"&gt;\': \'1\'}', '[]']</msg>
<var>${lines}</var>
<arg>${content}</arg>
<doc>Splits the given string to lines.</doc>
<status status="PASS" start="2025-05-03T21:37:36.811531" elapsed="0.000000"/>
</kw>
<kw name="Evaluate" owner="BuiltIn">
<msg time="2025-05-03T21:37:36.811531" level="INFO">${cleaned} = ['2025_05_03_21_37_05', '{\'&lt;div_id="DBM_info_id1" class="update-box"&gt;\': \'1\', \'&lt;div_id="bio_info_id2" class="update-box"&gt;\': \'1\'}', '[]']</msg>
<var>${cleaned}</var>
<arg>[line for line in ${lines} if line.strip() != '']</arg>
<doc>Evaluates the given expression in Python and returns the result.</doc>
<status status="PASS" start="2025-05-03T21:37:36.811531" elapsed="0.000000"/>
</kw>
<return>
<value>${cleaned}</value>
<status status="PASS" start="2025-05-03T21:37:36.811531" elapsed="0.000000"/>
</return>
<msg time="2025-05-03T21:37:36.813594" level="INFO">${re_run_var} = ['2025_05_03_21_37_05', '{\'&lt;div_id="DBM_info_id1" class="update-box"&gt;\': \'1\', \'&lt;div_id="bio_info_id2" class="update-box"&gt;\': \'1\'}', '[]']</msg>
<var>${re_run_var}</var>
<arg>${validator_file}</arg>
<status status="PASS" start="2025-05-03T21:37:36.803466" elapsed="0.010128"/>
</kw>
<return>
<value>${re_run_var}</value>
<status status="PASS" start="2025-05-03T21:37:36.813594" elapsed="0.000000"/>
</return>
<msg time="2025-05-03T21:37:36.813594" level="INFO">${re_run_var} = ['2025_05_03_21_37_05', '{\'&lt;div_id="DBM_info_id1" class="update-box"&gt;\': \'1\', \'&lt;div_id="bio_info_id2" class="update-box"&gt;\': \'1\'}', '[]']</msg>
<var>${re_run_var}</var>
<status status="PASS" start="2025-05-03T21:37:36.803466" elapsed="0.010128"/>
</kw>
<kw name="Append To File" owner="OperatingSystem">
<msg time="2025-05-03T21:37:36.813594" level="INFO" html="true">Appended to file '&lt;a href="file://C:\Users\Microsoft\Desktop\Bits\SEM4\log_to_console_text.txt"&gt;C:\Users\Microsoft\Desktop\Bits\SEM4\log_to_console_text.txt&lt;/a&gt;'.</msg>
<arg>${log to console File}</arg>
<arg>Updated Xpath ${xpath_condition} to ${Desired_Xpath}${\n}</arg>
<doc>Appends the given content to the specified file.</doc>
<status status="PASS" start="2025-05-03T21:37:36.813594" elapsed="0.000000"/>
</kw>
<kw name="Get Current Date" owner="DateTime">
<msg time="2025-05-03T21:37:36.813594" level="INFO">${timestamp} = 2025_05_03_21_37_36</msg>
<var>${timestamp}</var>
<arg>result_format=%Y_%m_%d_%H_%M_%S</arg>
<doc>Returns current local or UTC time with an optional increment.</doc>
<status status="PASS" start="2025-05-03T21:37:36.813594" elapsed="0.000000"/>
</kw>
<kw name="Set Variable" owner="BuiltIn">
<msg time="2025-05-03T21:37:36.813594" level="INFO">${log_folder} = Re_Run_logs/2025_05_03_21_37_36/Test4 - Verify Course Details</msg>
<var>${log_folder}</var>
<arg>Re_Run_logs/${timestamp}/${TEST_NAME}</arg>
<doc>Returns the given values which can then be assigned to a variables.</doc>
<status status="PASS" start="2025-05-03T21:37:36.813594" elapsed="0.000000"/>
</kw>
<kw name="Create Directory" owner="OperatingSystem">
<msg time="2025-05-03T21:37:36.813594" level="INFO" html="true">Created directory '&lt;a href="file://C:\Users\Microsoft\Desktop\Bits\SEM4\Re_Run_logs\2025_05_03_21_37_36\Test4 - Verify Course Details"&gt;C:\Users\Microsoft\Desktop\Bits\SEM4\Re_Run_logs\2025_05_03_21_37_36\Test4 - Verify Course Details&lt;/a&gt;'.</msg>
<arg>${log_folder}</arg>
<doc>Creates the specified directory.</doc>
<status status="PASS" start="2025-05-03T21:37:36.813594" elapsed="0.000000"/>
</kw>
<kw name="Get Current Running File" owner="Self_Heaaling_Moniker">
<kw name="Get Variable Value" owner="BuiltIn">
<msg time="2025-05-03T21:37:36.813594" level="INFO">${path} = C:\Users\Microsoft\Desktop\Bits\SEM4\Self_Heal.robot</msg>
<var>${path}</var>
<arg>${SUITE SOURCE}</arg>
<doc>Returns variable value or ``default`` if the variable does not exist.</doc>
<status status="PASS" start="2025-05-03T21:37:36.813594" elapsed="0.000000"/>
</kw>
<kw name="Split String From Right" owner="String">
<msg time="2025-05-03T21:37:36.813594" level="INFO">${filename} = ['C:\\Users\\Microsoft\\Desktop\\Bits\\SEM4', 'Self_Heal.robot']</msg>
<var>${filename}</var>
<arg>${path}</arg>
<arg>\\</arg>
<arg>1</arg>
<doc>Splits the ``string`` using ``separator`` starting from right.</doc>
<status status="PASS" start="2025-05-03T21:37:36.813594" elapsed="0.000000"/>
</kw>
<return>
<value>${filename[1]}</value>
<status status="PASS" start="2025-05-03T21:37:36.813594" elapsed="0.000000"/>
</return>
<msg time="2025-05-03T21:37:36.821648" level="INFO">${current_Suite} = Self_Heal.robot</msg>
<var>${current_Suite}</var>
<status status="PASS" start="2025-05-03T21:37:36.813594" elapsed="0.008054"/>
</kw>
<kw name="Run Process" owner="Process">
<msg time="2025-05-03T21:37:36.821648" level="INFO">Starting process:
robot --test "Test4 - Verify Course Details" --outputdir "Re_Run_logs/2025_05_03_21_37_36/Test4 - Verify Course Details" --variable IS_RERUN:True Self_Heal.robot</msg>
<msg time="2025-05-03T21:37:36.821648" level="INFO">Waiting for process to complete.</msg>
<msg time="2025-05-03T21:37:57.185487" level="INFO">Process completed.</msg>
<msg time="2025-05-03T21:37:57.185487" level="INFO">${result} = &lt;result object with rc 0&gt;</msg>
<var>${result}</var>
<arg>robot</arg>
<arg>--test</arg>
<arg>${TEST_NAME}</arg>
<arg>--outputdir</arg>
<arg>${log_folder}</arg>
<arg>--variable</arg>
<arg>IS_RERUN:True</arg>
<arg>${current_Suite}</arg>
<arg>stdout=STDOUT</arg>
<arg>stderr=STDERR</arg>
<doc>Runs a process and waits for it to complete.</doc>
<status status="PASS" start="2025-05-03T21:37:36.821648" elapsed="20.363839"/>
</kw>
<kw name="Log" owner="BuiltIn">
<msg time="2025-05-03T21:37:57.195540" level="INFO">==============================================================================
Self Heal                                                                     
==============================================================================
Test4 - Verify Course Details                                         Updated Xpath id="DBM_info_id1" to //div[@id='DBM_info_id' and @class='update-box']
Updated Xpath id="bio_info_id2" to //div[@id='bio_info_id' and @class='update-box']
| PASS |
------------------------------------------------------------------------------
Self Heal                                                             | PASS |
1 test, 1 passed, 0 failed
==============================================================================
Output:  C:\Users\Microsoft\Desktop\Bits\SEM4\Re_Run_logs\2025_05_03_21_37_36\Test4 - Verify Course Details\output.xml
Log:     C:\Users\Microsoft\Desktop\Bits\SEM4\Re_Run_logs\2025_05_03_21_37_36\Test4 - Verify Course Details\log.html
Report:  C:\Users\Microsoft\Desktop\Bits\SEM4\Re_Run_logs\2025_05_03_21_37_36\Test4 - Verify Course Details\report.html</msg>
<arg>${result.stdout}</arg>
<doc>Logs the given message with the given level.</doc>
<status status="PASS" start="2025-05-03T21:37:57.185487" elapsed="0.010053"/>
</kw>
<kw name="Log" owner="BuiltIn">
<msg time="2025-05-03T21:37:57.195540" level="INFO"/>
<arg>${result.stderr}</arg>
<doc>Logs the given message with the given level.</doc>
<status status="PASS" start="2025-05-03T21:37:57.195540" elapsed="0.000000"/>
</kw>
<kw name="Run Keyword If" owner="BuiltIn">
<kw name="Append To File" owner="OperatingSystem">
<msg time="2025-05-03T21:37:57.195540" level="INFO" html="true">Appended to file '&lt;a href="file://C:\Users\Microsoft\Desktop\Bits\SEM4\log_to_console_text.txt"&gt;C:\Users\Microsoft\Desktop\Bits\SEM4\log_to_console_text.txt&lt;/a&gt;'.</msg>
<arg>${log to console File}</arg>
<arg>Test case Passed Check Re-Run Logs....${\n}</arg>
<doc>Appends the given content to the specified file.</doc>
<status status="PASS" start="2025-05-03T21:37:57.195540" elapsed="0.000000"/>
</kw>
<arg>${result.rc} == 0</arg>
<arg>Append To File</arg>
<arg>${log to console File}</arg>
<arg>Test case Passed Check Re-Run Logs....${\n}</arg>
<arg>ELSE</arg>
<arg>get_stdout_error</arg>
<arg>${result.stdout}</arg>
<doc>Runs the given keyword with the given arguments, if ``condition`` is true.</doc>
<status status="PASS" start="2025-05-03T21:37:57.195540" elapsed="0.000000"/>
</kw>
<status status="PASS" start="2025-05-03T21:37:29.574358" elapsed="27.621182"/>
</branch>
<branch type="ELSE">
<kw name="Fail" owner="BuiltIn">
<arg>Manuel Intervention Required.</arg>
<doc>Fails the test with the given message and optionally alters its tags.</doc>
<status status="NOT RUN" start="2025-05-03T21:37:57.195540" elapsed="0.000000"/>
</kw>
<status status="NOT RUN" start="2025-05-03T21:37:57.195540" elapsed="0.000000"/>
</branch>
<status status="PASS" start="2025-05-03T21:37:29.574358" elapsed="27.621182"/>
</if>
<status status="PASS" start="2025-05-03T21:37:29.543933" elapsed="27.651607"/>
</branch>
<branch type="ELSE">
<kw name="Fail" owner="BuiltIn">
<arg>Potienial Error Found</arg>
<doc>Fails the test with the given message and optionally alters its tags.</doc>
<status status="NOT RUN" start="2025-05-03T21:37:57.195540" elapsed="0.000000"/>
</kw>
<status status="NOT RUN" start="2025-05-03T21:37:57.195540" elapsed="0.000000"/>
</branch>
<status status="PASS" start="2025-05-03T21:37:29.543933" elapsed="27.651607"/>
</if>
<status status="PASS" start="2025-05-03T21:37:29.537962" elapsed="27.657578"/>
</kw>
<arg>Failed Teardown</arg>
<doc>Executes all the given keywords in a sequence.</doc>
<status status="PASS" start="2025-05-03T21:37:29.536962" elapsed="27.658578"/>
</kw>
<arg>'${TEST STATUS}' == 'FAIL'</arg>
<arg>run keywords</arg>
<arg>Failed Teardown</arg>
<doc>Runs the given keyword with the given arguments, if ``condition`` is true.</doc>
<status status="PASS" start="2025-05-03T21:37:29.536962" elapsed="27.658578"/>
</kw>
<kw name="Print File Lines One By One" owner="Self_Heaaling_Moniker">
<kw name="Get File" owner="OperatingSystem">
<msg time="2025-05-03T21:37:57.195540" level="INFO" html="true">Getting file '&lt;a href="file://C:\Users\Microsoft\Desktop\Bits\SEM4\log_to_console_text.txt"&gt;C:\Users\Microsoft\Desktop\Bits\SEM4\log_to_console_text.txt&lt;/a&gt;'.</msg>
<msg time="2025-05-03T21:37:57.195540" level="INFO">${content} = Updated Xpath id="DBM_info_id1" to //div[@id='DBM_info_id' and @class='update-box']
Updated Xpath id="bio_info_id2" to //div[@id='bio_info_id' and @class='update-box']
Test case Passed Check Re-Run ...</msg>
<var>${content}</var>
<arg>${FILE_PATH}</arg>
<doc>Returns the contents of a specified file.</doc>
<status status="PASS" start="2025-05-03T21:37:57.195540" elapsed="0.000000"/>
</kw>
<kw name="Split To Lines" owner="String">
<msg time="2025-05-03T21:37:57.195540" level="INFO">3 lines returned</msg>
<msg time="2025-05-03T21:37:57.195540" level="INFO">${lines} = ['Updated Xpath id="DBM_info_id1" to //div[@id=\'DBM_info_id\' and @class=\'update-box\']', 'Updated Xpath id="bio_info_id2" to //div[@id=\'bio_info_id\' and @class=\'update-box\']', 'Test case Passed...</msg>
<var>${lines}</var>
<arg>${content}</arg>
<doc>Splits the given string to lines.</doc>
<status status="PASS" start="2025-05-03T21:37:57.195540" elapsed="0.000000"/>
</kw>
<kw name="Get Length" owner="BuiltIn">
<msg time="2025-05-03T21:37:57.195540" level="INFO">Length is 3.</msg>
<msg time="2025-05-03T21:37:57.195540" level="INFO">${length} = 3</msg>
<var>${length}</var>
<arg>${lines}</arg>
<doc>Returns and logs the length of the given item as an integer.</doc>
<status status="PASS" start="2025-05-03T21:37:57.195540" elapsed="0.000000"/>
</kw>
<if>
<branch type="IF" condition="${length} == 0">
<kw name="Log" owner="BuiltIn">
<arg>No content to print</arg>
<doc>Logs the given message with the given level.</doc>
<status status="NOT RUN" start="2025-05-03T21:37:57.195540" elapsed="0.000000"/>
</kw>
<status status="NOT RUN" start="2025-05-03T21:37:57.195540" elapsed="0.000000"/>
</branch>
<branch type="ELSE">
<for flavor="IN">
<iter>
<kw name="Log To Console" owner="BuiltIn">
<arg>${line}</arg>
<doc>Logs the given message to the console.</doc>
<status status="PASS" start="2025-05-03T21:37:57.195540" elapsed="0.000000"/>
</kw>
<var name="${line}">Updated Xpath id="DBM_info_id1" to //div[@id='DBM_info_id' and @class='update-box']</var>
<status status="PASS" start="2025-05-03T21:37:57.195540" elapsed="0.000000"/>
</iter>
<iter>
<kw name="Log To Console" owner="BuiltIn">
<arg>${line}</arg>
<doc>Logs the given message to the console.</doc>
<status status="PASS" start="2025-05-03T21:37:57.195540" elapsed="0.000000"/>
</kw>
<var name="${line}">Updated Xpath id="bio_info_id2" to //div[@id='bio_info_id' and @class='update-box']</var>
<status status="PASS" start="2025-05-03T21:37:57.195540" elapsed="0.000000"/>
</iter>
<iter>
<kw name="Log To Console" owner="BuiltIn">
<arg>${line}</arg>
<doc>Logs the given message to the console.</doc>
<status status="PASS" start="2025-05-03T21:37:57.211183" elapsed="0.000000"/>
</kw>
<var name="${line}">Test case Passed Check Re-Run Logs....</var>
<status status="PASS" start="2025-05-03T21:37:57.195540" elapsed="0.015643"/>
</iter>
<var>${line}</var>
<value>@{lines}</value>
<status status="PASS" start="2025-05-03T21:37:57.195540" elapsed="0.015643"/>
</for>
<status status="PASS" start="2025-05-03T21:37:57.195540" elapsed="0.015643"/>
</branch>
<status status="PASS" start="2025-05-03T21:37:57.195540" elapsed="0.015643"/>
</if>
<arg>${log to console File}</arg>
<status status="PASS" start="2025-05-03T21:37:57.195540" elapsed="0.015643"/>
</kw>
<arg>Run Keyword If</arg>
<arg>'${TEST STATUS}' == 'PASS'</arg>
<arg>Passed Teardown</arg>
<arg>AND</arg>
<arg>Run Keyword If</arg>
<arg>'${TEST STATUS}' == 'FAIL'</arg>
<arg>run keywords</arg>
<arg>Failed Teardown</arg>
<arg>AND</arg>
<arg>Print File Lines One By One</arg>
<arg>${log to console File}</arg>
<doc>Executes all the given keywords in a sequence.</doc>
<status status="PASS" start="2025-05-03T21:37:29.535963" elapsed="27.675220"/>
</kw>
<status status="FAIL" start="2025-05-03T21:37:26.315621" elapsed="30.895562">Element with locator '//div[@id='bio_info_id2' and @class='update-box']' not found.</status>
</test>
<status status="FAIL" start="2025-05-03T21:37:16.897277" elapsed="40.313906"/>
</suite>
<statistics>
<total>
<stat pass="0" fail="1" skip="0">All Tests</stat>
</total>
<tag>
</tag>
<suite>
<stat name="Self Heal" id="s1" pass="0" fail="1" skip="0">Self Heal</stat>
</suite>
</statistics>
<errors>
</errors>
</robot>
